2026-01-21 20:06:06,407 [INFO] Activator:176 - 


2026-01-21 20:06:06,412 [INFO] Activator:177 - !SESSION log4j initialized
2026-01-21 20:06:14,537 [INFO] LogOutputStream:77 - [STDOUT_REDIRECT] 
2026-01-21 20:06:16,918 [INFO] ApplicationProperties:184 - Using Application install path: C:\ST\STM32CubeIDE_1.19.0\STM32CubeIDE\plugins\com.st.stm32cube.common.mx_6.15.0.202507011659
2026-01-21 20:06:16,938 [INFO] DbMcusXml:78 - Set database path to: C:\ST\STM32CubeIDE_1.19.0\STM32CubeIDE\plugins\com.st.stm32cube.common.mx_6.15.0.202507011659\\db\/mcu/
2026-01-21 20:06:16,938 [INFO] ApiDb:274 - Set plugin database path to: C:\ST\STM32CubeIDE_1.19.0\STM32CubeIDE\plugins\com.st.stm32cube.common.mx_6.15.0.202507011659\\db\/plugins/boardmanager/
2026-01-21 20:06:16,939 [WARN] ApiDb:259 - Overriding images path with different value:  => C:\ST\STM32CubeIDE_1.19.0\STM32CubeIDE\plugins\com.st.stm32cube.common.mx_6.15.0.202507011659\\db\/plugins/mcufinder/images/
2026-01-21 20:06:16,946 [INFO] ApiDb:250 - Set database path to: C:\Users\user\.stmcufinder\plugins\mcufinder//mcu/
2026-01-21 20:06:16,947 [INFO] DbMcusAds:125 - Set database path to: C:\Users\user\.stmcufinder\plugins\mcufinder//mcu/
2026-01-21 20:06:16,949 [INFO] CrossReferenceDbSqlite:203 - Set database path to: C:\Users\user\.stmcufinder\plugins\mcufinder//mcu/cs/
2026-01-21 20:06:17,063 [INFO] RulesReader:64 - Compatibility file has been processed (317 Rules)
2026-01-21 20:06:17,146 [INFO] DbMcusXml:78 - Set database path to: C:\ST\STM32CubeIDE_1.19.0\STM32CubeIDE\plugins\com.st.stm32cube.common.mx_6.15.0.202507011659\\db\/mcu/
2026-01-21 20:06:17,146 [INFO] ApiDb:274 - Set plugin database path to: C:\ST\STM32CubeIDE_1.19.0\STM32CubeIDE\plugins\com.st.stm32cube.common.mx_6.15.0.202507011659\\db\/plugins/boardmanager/
2026-01-21 20:06:17,146 [INFO] ApiDb:261 - Set plugin images path to: C:\ST\STM32CubeIDE_1.19.0\STM32CubeIDE\plugins\com.st.stm32cube.common.mx_6.15.0.202507011659\\db\/plugins/mcufinder/images/
2026-01-21 20:06:17,146 [WARN] DbFile:41 - Overriding database path with different value: C:\Users\user\.stmcufinder\plugins\mcufinder/ => C:\Users\user\.stmcufinder\plugins\mcufinder
2026-01-21 20:06:17,147 [INFO] ApiDb:250 - Set database path to: C:\Users\user\.stmcufinder\plugins\mcufinder//mcu/
2026-01-21 20:06:17,147 [WARN] DbFile:41 - Overriding database path with different value: C:\Users\user\.stmcufinder\plugins\mcufinder/ => C:\Users\user\.stmcufinder\plugins\mcufinder
2026-01-21 20:06:17,147 [INFO] DbMcusAds:125 - Set database path to: C:\Users\user\.stmcufinder\plugins\mcufinder//mcu/
2026-01-21 20:06:17,147 [WARN] DbFile:41 - Overriding database path with different value: C:\Users\user\.stmcufinder\plugins\mcufinder/ => C:\Users\user\.stmcufinder\plugins\mcufinder
2026-01-21 20:06:17,147 [WARN] DbFile:41 - Overriding database path with different value: C:\Users\user\.stmcufinder\plugins\mcufinder/ => C:\Users\user\.stmcufinder\plugins\mcufinder
2026-01-21 20:06:17,147 [INFO] CrossReferenceDbSqlite:203 - Set database path to: C:\Users\user\.stmcufinder\plugins\mcufinder//mcu/cs/
2026-01-21 20:06:17,219 [INFO] MainPanel:274 - HeapMemory: 268435456
2026-01-21 20:06:17,324 [INFO] DbMcusXml:78 - Set database path to: C:\ST\STM32CubeIDE_1.19.0\STM32CubeIDE\plugins\com.st.stm32cube.common.mx_6.15.0.202507011659\\db\/mcu/
2026-01-21 20:06:17,324 [INFO] ApiDb:274 - Set plugin database path to: C:\ST\STM32CubeIDE_1.19.0\STM32CubeIDE\plugins\com.st.stm32cube.common.mx_6.15.0.202507011659\\db\/plugins/boardmanager/
2026-01-21 20:06:17,325 [INFO] ApiDb:261 - Set plugin images path to: C:\ST\STM32CubeIDE_1.19.0\STM32CubeIDE\plugins\com.st.stm32cube.common.mx_6.15.0.202507011659\\db\/plugins/mcufinder/images/
2026-01-21 20:06:17,325 [WARN] DbFile:41 - Overriding database path with different value: C:\Users\user\.stmcufinder\plugins\mcufinder/ => C:\Users\user\.stmcufinder\plugins\mcufinder
2026-01-21 20:06:17,325 [INFO] ApiDb:250 - Set database path to: C:\Users\user\.stmcufinder\plugins\mcufinder//mcu/
2026-01-21 20:06:17,325 [WARN] DbFile:41 - Overriding database path with different value: C:\Users\user\.stmcufinder\plugins\mcufinder/ => C:\Users\user\.stmcufinder\plugins\mcufinder
2026-01-21 20:06:17,325 [INFO] DbMcusAds:125 - Set database path to: C:\Users\user\.stmcufinder\plugins\mcufinder//mcu/
2026-01-21 20:06:17,325 [WARN] DbFile:41 - Overriding database path with different value: C:\Users\user\.stmcufinder\plugins\mcufinder/ => C:\Users\user\.stmcufinder\plugins\mcufinder
2026-01-21 20:06:17,325 [WARN] DbFile:41 - Overriding database path with different value: C:\Users\user\.stmcufinder\plugins\mcufinder/ => C:\Users\user\.stmcufinder\plugins\mcufinder
2026-01-21 20:06:17,325 [INFO] CrossReferenceDbSqlite:203 - Set database path to: C:\Users\user\.stmcufinder\plugins\mcufinder//mcu/cs/
2026-01-21 20:06:17,343 [INFO] ApplicationProperties:184 - Using Application install path: C:\ST\STM32CubeIDE_1.19.0\STM32CubeIDE\plugins\com.st.stm32cube.common.mx_6.15.0.202507011659
2026-01-21 20:06:17,344 [INFO] PluginManage:196 - Search for loadable plugins [exclusion list=, ]
2026-01-21 20:06:17,345 [INFO] PluginManage:310 - Check plugin analytics
2026-01-21 20:06:17,520 [INFO] AnalyticsPlugin:253 - Accepted Software Licenses: 
2026-01-21 20:06:17,520 [INFO] AnalyticsPlugin:255 - Accepted CMSIS Pack Licenses: 
2026-01-21 20:06:17,520 [INFO] AnalyticsPlugin:257 - Accepted Firmware Licenses: 
2026-01-21 20:06:17,522 [INFO] PluginManage:359 - Loaded plugin analytics (category:tool,tabindex:-1)
2026-01-21 20:06:17,522 [INFO] PluginManage:310 - Check plugin cadmodel
2026-01-21 20:06:17,541 [INFO] CADModel:105 - Init CAD model plugin
2026-01-21 20:06:17,541 [INFO] PluginManage:359 - Loaded plugin cadmodel (category:power,tabindex:5)
2026-01-21 20:06:17,541 [INFO] PluginManage:310 - Check plugin clock
2026-01-21 20:06:17,564 [INFO] PluginManage:359 - Loaded plugin clock (category:base,tabindex:2)
2026-01-21 20:06:17,564 [INFO] PluginManage:310 - Check plugin ddr
2026-01-21 20:06:17,566 [INFO] PluginManage:359 - Loaded plugin ddr (category:tool,tabindex:6)
2026-01-21 20:06:17,566 [INFO] PluginManage:310 - Check plugin filemanager
2026-01-21 20:06:17,696 [INFO] PluginManage:359 - Loaded plugin filemanager (category:base,tabindex:10)
2026-01-21 20:06:17,696 [INFO] PluginManage:310 - Check plugin ipmanager
2026-01-21 20:06:17,703 [INFO] PluginManage:359 - Loaded plugin ipmanager (category:base,tabindex:5)
2026-01-21 20:06:17,704 [INFO] PluginManage:310 - Check plugin lpbam
2026-01-21 20:06:17,722 [INFO] PluginManage:359 - Loaded plugin lpbam (category:base,tabindex:0)
2026-01-21 20:06:17,722 [INFO] PluginManage:310 - Check plugin memorymap
2026-01-21 20:06:17,749 [INFO] PluginManage:359 - Loaded plugin memorymap (category:base,tabindex:4)
2026-01-21 20:06:17,750 [INFO] PluginManage:310 - Check plugin pinoutandconfiguration
2026-01-21 20:06:17,773 [INFO] PluginManage:359 - Loaded plugin pinoutandconfiguration (category:base,tabindex:1)
2026-01-21 20:06:17,773 [INFO] PluginManage:310 - Check plugin pinoutconfig
2026-01-21 20:06:17,878 [WARN] SupportedApi:132 - Cannot load RTOS API schema: s4s-elt-must-match.1: The content of 'definitions' must match (annotation?, (simpleType | complexType)?, (unique | key | keyref)*)). A problem was found starting at: attribute.
2026-01-21 20:06:18,008 [INFO] PluginManage:359 - Loaded plugin pinoutconfig (category:base,tabindex:0)
2026-01-21 20:06:18,008 [INFO] PluginManage:310 - Check plugin power
2026-01-21 20:06:18,033 [INFO] PluginManage:359 - Loaded plugin power (category:power,tabindex:4)
2026-01-21 20:06:18,033 [INFO] PluginManage:310 - Check plugin projectmanager
2026-01-21 20:06:18,049 [INFO] PluginManage:359 - Loaded plugin projectmanager (category:projectmanager,tabindex:4)
2026-01-21 20:06:18,049 [INFO] PluginManage:310 - Check plugin rif
2026-01-21 20:06:18,071 [INFO] PluginManage:359 - Loaded plugin rif (category:base,tabindex:3)
2026-01-21 20:06:18,071 [INFO] PluginManage:310 - Check plugin thirdparty
2026-01-21 20:06:18,385 [INFO] PluginManage:359 - Loaded plugin thirdparty (category:base,tabindex:-1)
2026-01-21 20:06:18,385 [WARN] IntegrityCheckThread:84 - waiting for thirdparty lock release [integrity check]
2026-01-21 20:06:18,386 [INFO] PluginManage:310 - Check plugin tools
2026-01-21 20:06:18,386 [INFO] IntegrityCheckThread:86 - entering critical section [integrity check]
2026-01-21 20:06:18,386 [INFO] ThirdPartyUpdaterWithRetryManager:70 - Updater plugin not ready yet. [1/15]
2026-01-21 20:06:18,422 [INFO] PluginManage:359 - Loaded plugin tools (category:base,tabindex:7)
2026-01-21 20:06:18,423 [INFO] PluginManage:310 - Check plugin tutovideos
2026-01-21 20:06:18,614 [INFO] PluginManage:359 - Loaded plugin tutovideos (category:base,tabindex:-1)
2026-01-21 20:06:18,614 [INFO] PluginManage:310 - Check plugin updater
2026-01-21 20:06:18,633 [INFO] PluginManage:359 - Loaded plugin updater (category:base,tabindex:12)
2026-01-21 20:06:18,633 [INFO] PluginManage:310 - Check plugin userauth
2026-01-21 20:06:18,637 [INFO] UserAuth:118 - Init User Auth plugin
2026-01-21 20:06:18,637 [INFO] PluginManage:359 - Loaded plugin userauth (category:base,tabindex:14)
2026-01-21 20:06:18,638 [INFO] PluginManage:283 - PluginManage : Loaded plugins [18]
2026-01-21 20:06:18,838 [INFO] PinOutPanel:1589 - setPackage(No Configuration,No Configuration)
2026-01-21 20:06:18,920 [INFO] CADModel:165 - CPN selected for project level
2026-01-21 20:06:18,920 [INFO] CADModel:114 - Register for checkConnection events
2026-01-21 20:06:18,949 [INFO] IPUIPlugin:80 - create IPUIPlugin
2026-01-21 20:06:18,949 [INFO] PluginManager:220 - loadIPPluginJar : add adc
2026-01-21 20:06:18,995 [INFO] IPUIPlugin:80 - create IPUIPlugin
2026-01-21 20:06:18,995 [INFO] PluginManager:220 - loadIPPluginJar : add aes
2026-01-21 20:06:19,045 [INFO] IPUIPlugin:80 - create IPUIPlugin
2026-01-21 20:06:19,046 [INFO] PluginManager:220 - loadIPPluginJar : add can
2026-01-21 20:06:19,074 [INFO] IPUIPlugin:80 - create IPUIPlugin
2026-01-21 20:06:19,074 [INFO] PluginManager:220 - loadIPPluginJar : add comp
2026-01-21 20:06:19,111 [INFO] IPUIPlugin:80 - create IPUIPlugin
2026-01-21 20:06:19,112 [INFO] PluginManager:220 - loadIPPluginJar : add cryp
2026-01-21 20:06:19,127 [INFO] IPUIPlugin:80 - create IPUIPlugin
2026-01-21 20:06:19,127 [INFO] PluginManager:220 - loadIPPluginJar : add ddr_ctrl_phy
2026-01-21 20:06:19,159 [INFO] IPUIPlugin:80 - create IPUIPlugin
2026-01-21 20:06:19,159 [INFO] PluginManager:220 - loadIPPluginJar : add dfsdm
2026-01-21 20:06:19,174 [INFO] IPUIPlugin:80 - create IPUIPlugin
2026-01-21 20:06:19,174 [INFO] PluginManager:220 - loadIPPluginJar : add dma
2026-01-21 20:06:19,214 [INFO] IPUIPlugin:80 - create IPUIPlugin
2026-01-21 20:06:19,214 [INFO] PluginManager:220 - loadIPPluginJar : add dma3
2026-01-21 20:06:19,257 [INFO] IPUIPlugin:80 - create IPUIPlugin
2026-01-21 20:06:19,257 [INFO] PluginManager:220 - loadIPPluginJar : add extmemmanager
2026-01-21 20:06:19,282 [INFO] IPUIPlugin:80 - create IPUIPlugin
2026-01-21 20:06:19,282 [INFO] PluginManager:220 - loadIPPluginJar : add fatfs
2026-01-21 20:06:19,332 [INFO] IPUIPlugin:80 - create IPUIPlugin
2026-01-21 20:06:19,332 [INFO] PluginManager:220 - loadIPPluginJar : add fmc
2026-01-21 20:06:19,350 [INFO] IPUIPlugin:80 - create IPUIPlugin
2026-01-21 20:06:19,350 [INFO] PluginManager:220 - loadIPPluginJar : add freertos
2026-01-21 20:06:19,377 [INFO] IPUIPlugin:80 - create IPUIPlugin
2026-01-21 20:06:19,378 [INFO] PluginManager:220 - loadIPPluginJar : add genericplugin
2026-01-21 20:06:19,468 [INFO] IPUIPlugin:80 - create IPUIPlugin
2026-01-21 20:06:19,468 [INFO] PluginManager:220 - loadIPPluginJar : add gfxmmu
2026-01-21 20:06:19,589 [INFO] IPUIPlugin:80 - create IPUIPlugin
2026-01-21 20:06:19,589 [INFO] PluginManager:220 - loadIPPluginJar : add gic
2026-01-21 20:06:19,603 [INFO] IPUIPlugin:80 - create IPUIPlugin
2026-01-21 20:06:19,603 [INFO] PluginManager:220 - loadIPPluginJar : add gpio
2026-01-21 20:06:19,695 [INFO] IPUIPlugin:80 - create IPUIPlugin
2026-01-21 20:06:19,695 [INFO] PluginManager:220 - loadIPPluginJar : add gtzc
2026-01-21 20:06:19,730 [INFO] IPUIPlugin:80 - create IPUIPlugin
2026-01-21 20:06:19,730 [INFO] PluginManager:220 - loadIPPluginJar : add hash
2026-01-21 20:06:19,783 [INFO] IPUIPlugin:80 - create IPUIPlugin
2026-01-21 20:06:19,783 [INFO] PluginManager:220 - loadIPPluginJar : add i2c
2026-01-21 20:06:19,826 [INFO] IPUIPlugin:80 - create IPUIPlugin
2026-01-21 20:06:19,826 [INFO] PluginManager:220 - loadIPPluginJar : add i2s
2026-01-21 20:06:19,867 [INFO] IPUIPlugin:80 - create IPUIPlugin
2026-01-21 20:06:19,867 [INFO] PluginManager:220 - loadIPPluginJar : add i3c
2026-01-21 20:06:19,968 [INFO] IPUIPlugin:80 - create IPUIPlugin
2026-01-21 20:06:19,969 [INFO] PluginManager:220 - loadIPPluginJar : add ipddr
2026-01-21 20:06:20,055 [INFO] IPUIPlugin:80 - create IPUIPlugin
2026-01-21 20:06:20,056 [INFO] PluginManager:220 - loadIPPluginJar : add linkedlist
2026-01-21 20:06:20,093 [INFO] IPUIPlugin:80 - create IPUIPlugin
2026-01-21 20:06:20,093 [INFO] PluginManager:220 - loadIPPluginJar : add lorawan
2026-01-21 20:06:20,131 [INFO] IPUIPlugin:80 - create IPUIPlugin
2026-01-21 20:06:20,131 [INFO] PluginManager:220 - loadIPPluginJar : add ltdc
2026-01-21 20:06:20,145 [INFO] IPUIPlugin:80 - create IPUIPlugin
2026-01-21 20:06:20,145 [INFO] PluginManager:220 - loadIPPluginJar : add mdma
2026-01-21 20:06:20,160 [INFO] IPUIPlugin:80 - create IPUIPlugin
2026-01-21 20:06:20,160 [INFO] PluginManager:220 - loadIPPluginJar : add nvic
2026-01-21 20:06:20,202 [INFO] IPUIPlugin:80 - create IPUIPlugin
2026-01-21 20:06:20,202 [INFO] PluginManager:220 - loadIPPluginJar : add opamp
2026-01-21 20:06:20,262 [INFO] IPUIPlugin:80 - create IPUIPlugin
2026-01-21 20:06:20,263 [INFO] PluginManager:220 - loadIPPluginJar : add openamp
2026-01-21 20:06:20,308 [INFO] IPUIPlugin:80 - create IPUIPlugin
2026-01-21 20:06:20,308 [INFO] PluginManager:220 - loadIPPluginJar : add pdm2pcm
2026-01-21 20:06:20,324 [INFO] IPUIPlugin:80 - create IPUIPlugin
2026-01-21 20:06:20,326 [INFO] PluginManager:220 - loadIPPluginJar : add plateformsettings
2026-01-21 20:06:20,356 [INFO] IPUIPlugin:80 - create IPUIPlugin
2026-01-21 20:06:20,356 [INFO] PluginManager:220 - loadIPPluginJar : add quadspi
2026-01-21 20:06:20,383 [INFO] IPUIPlugin:80 - create IPUIPlugin
2026-01-21 20:06:20,384 [INFO] PluginManager:220 - loadIPPluginJar : add radio
2026-01-21 20:06:20,399 [INFO] IPUIPlugin:80 - create IPUIPlugin
2026-01-21 20:06:20,399 [INFO] PluginManager:220 - loadIPPluginJar : add resmgrutility
2026-01-21 20:06:20,446 [INFO] IPUIPlugin:80 - create IPUIPlugin
2026-01-21 20:06:20,446 [INFO] PluginManager:220 - loadIPPluginJar : add sai
2026-01-21 20:06:20,489 [INFO] IPUIPlugin:80 - create IPUIPlugin
2026-01-21 20:06:20,489 [INFO] PluginManager:220 - loadIPPluginJar : add spi
2026-01-21 20:06:20,566 [INFO] IPUIPlugin:80 - create IPUIPlugin
2026-01-21 20:06:20,566 [INFO] PluginManager:220 - loadIPPluginJar : add stm32_wpan
2026-01-21 20:06:20,594 [INFO] IPUIPlugin:80 - create IPUIPlugin
2026-01-21 20:06:20,594 [INFO] PluginManager:220 - loadIPPluginJar : add tim
2026-01-21 20:06:20,653 [INFO] IPUIPlugin:80 - create IPUIPlugin
2026-01-21 20:06:20,654 [INFO] PluginManager:220 - loadIPPluginJar : add touchsensing
2026-01-21 20:06:20,679 [INFO] IPUIPlugin:80 - create IPUIPlugin
2026-01-21 20:06:20,679 [INFO] PluginManager:220 - loadIPPluginJar : add tracer_emb
2026-01-21 20:06:20,706 [INFO] IPUIPlugin:80 - create IPUIPlugin
2026-01-21 20:06:20,706 [INFO] PluginManager:220 - loadIPPluginJar : add ts
2026-01-21 20:06:20,732 [INFO] IPUIPlugin:80 - create IPUIPlugin
2026-01-21 20:06:20,732 [INFO] PluginManager:220 - loadIPPluginJar : add tsc
2026-01-21 20:06:20,755 [INFO] IPUIPlugin:80 - create IPUIPlugin
2026-01-21 20:06:20,755 [INFO] PluginManager:220 - loadIPPluginJar : add ucpd
2026-01-21 20:06:20,801 [INFO] IPUIPlugin:80 - create IPUIPlugin
2026-01-21 20:06:20,801 [INFO] PluginManager:220 - loadIPPluginJar : add usart
2026-01-21 20:06:20,850 [INFO] IPUIPlugin:80 - create IPUIPlugin
2026-01-21 20:06:20,850 [INFO] PluginManager:220 - loadIPPluginJar : add usbx
2026-01-21 20:06:20,971 [FATAL] Updater:351 - Updater called before beeing initialized
2026-01-21 20:06:20,992 [INFO] RulesReader:64 - Compatibility file has been processed (317 Rules)
2026-01-21 20:06:21,002 [INFO] RulesReader:64 - Compatibility file has been processed (317 Rules)
2026-01-21 20:06:21,010 [INFO] CADModel:165 - CPN selected for project level
2026-01-21 20:06:21,010 [INFO] CADModel:114 - Register for checkConnection events
2026-01-21 20:06:21,010 [FATAL] Updater:351 - Updater called before beeing initialized
2026-01-21 20:06:21,010 [ERROR] CADModel:125 - Updater not yet initialized, retry later 
2026-01-21 20:06:21,154 [FATAL] Updater:351 - Updater called before beeing initialized
2026-01-21 20:06:21,157 [INFO] CADModel:165 - CPN selected for project level
2026-01-21 20:06:21,157 [INFO] CADModel:114 - Register for checkConnection events
2026-01-21 20:06:21,157 [FATAL] Updater:351 - Updater called before beeing initialized
2026-01-21 20:06:21,157 [ERROR] CADModel:125 - Updater not yet initialized, retry later 
2026-01-21 20:06:21,161 [FATAL] Updater:351 - Updater called before beeing initialized
2026-01-21 20:06:21,246 [FATAL] Updater:351 - Updater called before beeing initialized
2026-01-21 20:06:21,258 [INFO] DbMcusAds:53 - JSON generation date=Thu Jan 08 21:26:32 IST 2026 (1767887792457)
2026-01-21 20:06:21,258 [FATAL] Updater:351 - Updater called before beeing initialized
2026-01-21 20:06:21,291 [WARN] DetailPanel:346 - Failed to get advertising image, set to default
2026-01-21 20:06:21,388 [INFO] ThirdPartyUpdaterWithRetryManager:70 - Updater plugin not ready yet. [2/15]
2026-01-21 20:06:21,404 [FATAL] Updater:351 - Updater called before beeing initialized
2026-01-21 20:06:21,406 [FATAL] Updater:351 - Updater called before beeing initialized
2026-01-21 20:06:21,406 [FATAL] Updater:351 - Updater called before beeing initialized
2026-01-21 20:06:21,407 [WARN] DetailPanel:346 - Failed to get advertising image, set to default
2026-01-21 20:06:21,407 [FATAL] Updater:351 - Updater called before beeing initialized
2026-01-21 20:06:21,468 [ERROR] Updater:1198 - MainUpdater not yet initialized. External WinMGr cannot be set.
2026-01-21 20:06:21,478 [INFO] Updater:1134 - Updater Version found : 6.15.0
2026-01-21 20:06:21,492 [INFO] ApplicationProperties:184 - Using Application install path: C:\ST\STM32CubeIDE_1.19.0\STM32CubeIDE\plugins\com.st.stm32cube.common.mx_6.15.0.202507011659
2026-01-21 20:06:21,800 [INFO] MainUpdater:2872 - connection check result : 10
2026-01-21 20:06:21,800 [INFO] MainUpdater:289 - Updater Check For Update Now.
2026-01-21 20:06:21,800 [INFO] MicroXplorer:498 - Change Database Version : DB.6.0.150
2026-01-21 20:06:21,818 [INFO] McuFinderGlobals:63 - Set McuFinder mode to 2 (CubeIDE integrated)
2026-01-21 20:06:21,819 [INFO] UserAuth:171 - activating auth plugin
2026-01-21 20:06:21,822 [INFO] UserAuth:487 - Internet connection configuration mode: 1
2026-01-21 20:06:21,860 [INFO] JxBrowserEngine:152 - Initiate JxBrowser Engine with user profile folder
2026-01-21 20:06:22,020 [INFO] CheckServerUpdateThread:120 - End of CheckServer Thread
2026-01-21 20:06:23,353 [INFO] WebApp:169 - Instantiating new browser for Auth
2026-01-21 20:06:24,097 [INFO] WebApp:463 - Apply proxy settings
2026-01-21 20:06:24,098 [INFO] WebApp:548 - Chromium requires no authentication
2026-01-21 20:06:24,107 [INFO] WebApp:491 - Direct internet connection detected
2026-01-21 20:06:24,131 [INFO] WebApp:900 - Register for checkConnection events
2026-01-21 20:06:24,131 [INFO] WebApp:463 - Apply proxy settings
2026-01-21 20:06:24,132 [INFO] WebApp:548 - Chromium requires no authentication
2026-01-21 20:06:24,132 [INFO] WebApp:491 - Direct internet connection detected
2026-01-21 20:06:24,293 [INFO] WebApp:225 - Starting web application
2026-01-21 20:06:24,293 [INFO] WebApp:593 - Web application path used C:\ST\STM32CubeIDE_1.19.0\STM32CubeIDE\plugins\com.st.stm32cube.common.mx_6.15.0.202507011659\db\plugins\mcufinder\reactClient1\index.html
2026-01-21 20:06:24,516 [INFO] WebApp:191 - Connection restablished
2026-01-21 20:06:24,682 [WARN] PackLoader:240 - Cannot read IP mode file for STMicroelectronics.FP-SNS-MOTENVWB1.1.4.0
2026-01-21 20:06:24,715 [WARN] PackLoader:240 - Cannot read IP mode file for STMicroelectronics.FP-ATR-ASTRA1.2.0.2
2026-01-21 20:06:24,744 [WARN] PackLoader:240 - Cannot read IP mode file for STMicroelectronics.X-CUBE-SMBUS.2.1.0
2026-01-21 20:06:24,821 [WARN] PackLoader:240 - Cannot read IP mode file for STMicroelectronics.X-CUBE-AZRTOS-F7.1.1.0
2026-01-21 20:06:24,862 [WARN] PackLoader:240 - Cannot read IP mode file for STMicroelectronics.X-CUBE-DISPLAY.3.0.0
2026-01-21 20:06:24,907 [WARN] PackLoader:240 - Cannot read IP mode file for STMicroelectronics.X-CUBE-NFC10.1.0.0
2026-01-21 20:06:24,939 [WARN] PackLoader:240 - Cannot read IP mode file for STMicroelectronics.FP-SNS-SMARTAG2.1.2.0
2026-01-21 20:06:24,965 [WARN] PackLoader:240 - Cannot read IP mode file for STMicroelectronics.FP-SNS-FLIGHT1.5.1.0
2026-01-21 20:06:25,004 [INFO] LogOutputStream:77 - [STDOUT_REDIRECT] 1 : Invalid condition id : UX_CORESTACK_Condition cause : null
2026-01-21 20:06:25,005 [INFO] LogOutputStream:77 - [STDOUT_REDIRECT] 1 : Invalid condition id : UX_CORESTACK_Condition cause : null
2026-01-21 20:06:25,008 [INFO] LogOutputStream:77 - [STDOUT_REDIRECT] 1 : Invalid condition id : UX_CORESTACK_Condition cause : null
2026-01-21 20:06:25,009 [INFO] LogOutputStream:77 - [STDOUT_REDIRECT] 1 : Invalid condition id : UX_CORESTACK_Condition cause : null
2026-01-21 20:06:25,011 [INFO] LogOutputStream:77 - [STDOUT_REDIRECT] 1 : Invalid condition id : UX_CORESTACK_Condition cause : null
2026-01-21 20:06:25,016 [WARN] PackLoader:240 - Cannot read IP mode file for STMicroelectronics.X-CUBE-AZRTOS-WL.2.0.0
2026-01-21 20:06:25,048 [WARN] PackLoader:240 - Cannot read IP mode file for STMicroelectronics.X-CUBE-BLE2.3.3.0
2026-01-21 20:06:25,072 [WARN] PackLoader:240 - Cannot read IP mode file for STMicroelectronics.X-CUBE-NFC9.1.0.0
2026-01-21 20:06:25,097 [WARN] PackLoader:240 - Cannot read IP mode file for STMicroelectronics.X-CUBE-BLE1.7.1.0
2026-01-21 20:06:25,135 [WARN] PackLoader:240 - Cannot read IP mode file for STMicroelectronics.X-CUBE-AZRTOS-G0.1.1.0
2026-01-21 20:06:25,165 [WARN] PackLoader:240 - Cannot read IP mode file for STMicroelectronics.X-CUBE-NFC4.3.0.0
2026-01-21 20:06:25,200 [WARN] PackLoader:240 - Cannot read IP mode file for STMicroelectronics.X-CUBE-WB05N.2.0.0
2026-01-21 20:06:25,232 [WARN] PackLoader:240 - Cannot read IP mode file for STMicroelectronics.X-CUBE-TCPP.4.2.0
2026-01-21 20:06:25,258 [WARN] PackLoader:240 - Cannot read IP mode file for RealThread.X-CUBE-RT-Thread_Nano.4.1.1
2026-01-21 20:06:25,284 [WARN] PackLoader:240 - Cannot read IP mode file for STMicroelectronics.FP-ATR-SIGFOX1.3.2.0
2026-01-21 20:06:25,341 [WARN] PackLoader:240 - Cannot read IP mode file for SEGGER.I-CUBE-embOS.1.3.1
2026-01-21 20:06:25,415 [WARN] PackLoader:240 - Cannot read IP mode file for STMicroelectronics.X-CUBE-ALGOBUILD.1.4.0
2026-01-21 20:06:25,439 [WARN] PackLoader:240 - Cannot read IP mode file for STMicroelectronics.X-CUBE-PM33A1.1.0.0
2026-01-21 20:06:25,495 [WARN] PackLoader:240 - Cannot read IP mode file for STMicroelectronics.X-CUBE-AZRTOS-F4.1.1.0
2026-01-21 20:06:25,524 [WARN] PackLoader:240 - Cannot read IP mode file for STMicroelectronics.X-CUBE-ISPU.2.1.0
2026-01-21 20:06:25,570 [WARN] PackLoader:240 - Cannot read IP mode file for STMicroelectronics.X-CUBE-AZRTOS-L5.2.0.0
2026-01-21 20:06:25,597 [WARN] PackLoader:240 - Cannot read IP mode file for STMicroelectronics.X-CUBE-NFC6.3.1.0
2026-01-21 20:06:25,626 [WARN] PackLoader:240 - Cannot read IP mode file for STMicroelectronics.X-CUBE-DPower.1.3.0
2026-01-21 20:06:25,668 [WARN] ConditionMgr:438 - getConditionDescription Invalid condition id : LAN8742 Phy interface Condition cause : null
2026-01-21 20:06:25,668 [WARN] PackLoader:240 - Cannot read IP mode file for STMicroelectronics.X-CUBE-AZRTOS-L4.2.0.0
2026-01-21 20:06:25,670 [WARN] ConditionMgr:1044 - genDependencies : Invalid condition id : LAN8742 Phy interface Condition cause : null
2026-01-21 20:06:25,670 [WARN] ConditionMgr:1044 - genDependencies : Invalid condition id : LAN8742 Phy interface Condition cause : null
2026-01-21 20:06:25,671 [WARN] ConditionMgr:1044 - genDependencies : Invalid condition id : LAN8742 Phy interface Condition cause : null
2026-01-21 20:06:25,698 [WARN] PackLoader:240 - Cannot read IP mode file for STMicroelectronics.X-CUBE-SFXS2LP1.4.0.0
2026-01-21 20:06:25,752 [WARN] ConditionMgr:438 - getConditionDescription Invalid condition id : UX DEVICE CLASS RTOS Condition cause : null
2026-01-21 20:06:25,752 [WARN] ConditionMgr:438 - getConditionDescription Invalid condition id : UX DEVICE CLASS RTOS Condition cause : null
2026-01-21 20:06:25,755 [WARN] PackLoader:240 - Cannot read IP mode file for STMicroelectronics.X-CUBE-AZRTOS-WB.2.0.0
2026-01-21 20:06:25,755 [WARN] ConditionMgr:1044 - genDependencies : Invalid condition id : UX DEVICE CLASS RTOS Condition cause : null
2026-01-21 20:06:25,756 [WARN] ConditionMgr:1044 - genDependencies : Invalid condition id : UX DEVICE CLASS RTOS Condition cause : null
2026-01-21 20:06:25,756 [WARN] ConditionMgr:1044 - genDependencies : Invalid condition id : UX DEVICE CLASS RTOS Condition cause : null
2026-01-21 20:06:25,756 [WARN] ConditionMgr:1044 - genDependencies : Invalid condition id : UX DEVICE CLASS RTOS Condition cause : null
2026-01-21 20:06:25,757 [WARN] ConditionMgr:1044 - genDependencies : Invalid condition id : UX DEVICE CLASS RTOS Condition cause : null
2026-01-21 20:06:25,790 [WARN] PackLoader:240 - Cannot read IP mode file for STMicroelectronics.X-CUBE-SUBG2.5.0.0
2026-01-21 20:06:25,833 [WARN] PackLoader:240 - Cannot read IP mode file for STMicroelectronics.X-CUBE-AZRTOS-G4.2.0.0
2026-01-21 20:06:25,858 [WARN] PackLoader:240 - Cannot read IP mode file for STMicroelectronics.X-CUBE-NFC7.2.0.0
2026-01-21 20:06:25,882 [WARN] PackLoader:240 - Cannot read IP mode file for STMicroelectronics.X-CUBE-ALS.1.0.2
2026-01-21 20:06:25,915 [WARN] PackLoader:240 - Cannot read IP mode file for STMicroelectronics.X-CUBE-TOF1.3.4.3
2026-01-21 20:06:25,928 [INFO] ThirdParty:978 - Integrity check success = true
2026-01-21 20:06:25,929 [INFO] IntegrityCheckThread:100 - exiting critical section [integrity check]
2026-01-21 20:06:25,929 [INFO] IntegrityCheckThread:103 - End integrity checks thread
2026-01-21 22:23:49,827 [ERROR] LogOutputStream:75 - [STDERR_REDIRECT] 
