2026-01-18 19:09:05,484 [INFO] Activator:176 - 


2026-01-18 19:09:05,490 [INFO] Activator:177 - !SESSION log4j initialized
2026-01-18 19:09:12,839 [INFO] LogOutputStream:77 - [STDOUT_REDIRECT] 
2026-01-18 19:09:14,887 [INFO] ApplicationProperties:184 - Using Application install path: C:\ST\STM32CubeIDE_1.19.0\STM32CubeIDE\plugins\com.st.stm32cube.common.mx_6.15.0.202507011659
2026-01-18 19:09:14,914 [INFO] DbMcusXml:78 - Set database path to: C:\ST\STM32CubeIDE_1.19.0\STM32CubeIDE\plugins\com.st.stm32cube.common.mx_6.15.0.202507011659\\db\/mcu/
2026-01-18 19:09:14,914 [INFO] ApiDb:274 - Set plugin database path to: C:\ST\STM32CubeIDE_1.19.0\STM32CubeIDE\plugins\com.st.stm32cube.common.mx_6.15.0.202507011659\\db\/plugins/boardmanager/
2026-01-18 19:09:14,915 [WARN] ApiDb:259 - Overriding images path with different value:  => C:\ST\STM32CubeIDE_1.19.0\STM32CubeIDE\plugins\com.st.stm32cube.common.mx_6.15.0.202507011659\\db\/plugins/mcufinder/images/
2026-01-18 19:09:14,929 [INFO] ApiDb:250 - Set database path to: C:\Users\user\.stmcufinder\plugins\mcufinder//mcu/
2026-01-18 19:09:14,931 [INFO] DbMcusAds:125 - Set database path to: C:\Users\user\.stmcufinder\plugins\mcufinder//mcu/
2026-01-18 19:09:14,935 [INFO] CrossReferenceDbSqlite:203 - Set database path to: C:\Users\user\.stmcufinder\plugins\mcufinder//mcu/cs/
2026-01-18 19:09:15,101 [INFO] RulesReader:64 - Compatibility file has been processed (317 Rules)
2026-01-18 19:09:15,236 [INFO] DbMcusXml:78 - Set database path to: C:\ST\STM32CubeIDE_1.19.0\STM32CubeIDE\plugins\com.st.stm32cube.common.mx_6.15.0.202507011659\\db\/mcu/
2026-01-18 19:09:15,236 [INFO] ApiDb:274 - Set plugin database path to: C:\ST\STM32CubeIDE_1.19.0\STM32CubeIDE\plugins\com.st.stm32cube.common.mx_6.15.0.202507011659\\db\/plugins/boardmanager/
2026-01-18 19:09:15,236 [INFO] ApiDb:261 - Set plugin images path to: C:\ST\STM32CubeIDE_1.19.0\STM32CubeIDE\plugins\com.st.stm32cube.common.mx_6.15.0.202507011659\\db\/plugins/mcufinder/images/
2026-01-18 19:09:15,237 [WARN] DbFile:41 - Overriding database path with different value: C:\Users\user\.stmcufinder\plugins\mcufinder/ => C:\Users\user\.stmcufinder\plugins\mcufinder
2026-01-18 19:09:15,237 [INFO] ApiDb:250 - Set database path to: C:\Users\user\.stmcufinder\plugins\mcufinder//mcu/
2026-01-18 19:09:15,237 [WARN] DbFile:41 - Overriding database path with different value: C:\Users\user\.stmcufinder\plugins\mcufinder/ => C:\Users\user\.stmcufinder\plugins\mcufinder
2026-01-18 19:09:15,237 [INFO] DbMcusAds:125 - Set database path to: C:\Users\user\.stmcufinder\plugins\mcufinder//mcu/
2026-01-18 19:09:15,237 [WARN] DbFile:41 - Overriding database path with different value: C:\Users\user\.stmcufinder\plugins\mcufinder/ => C:\Users\user\.stmcufinder\plugins\mcufinder
2026-01-18 19:09:15,237 [WARN] DbFile:41 - Overriding database path with different value: C:\Users\user\.stmcufinder\plugins\mcufinder/ => C:\Users\user\.stmcufinder\plugins\mcufinder
2026-01-18 19:09:15,237 [INFO] CrossReferenceDbSqlite:203 - Set database path to: C:\Users\user\.stmcufinder\plugins\mcufinder//mcu/cs/
2026-01-18 19:09:15,345 [INFO] MainPanel:274 - HeapMemory: 268435456
2026-01-18 19:09:15,497 [INFO] DbMcusXml:78 - Set database path to: C:\ST\STM32CubeIDE_1.19.0\STM32CubeIDE\plugins\com.st.stm32cube.common.mx_6.15.0.202507011659\\db\/mcu/
2026-01-18 19:09:15,497 [INFO] ApiDb:274 - Set plugin database path to: C:\ST\STM32CubeIDE_1.19.0\STM32CubeIDE\plugins\com.st.stm32cube.common.mx_6.15.0.202507011659\\db\/plugins/boardmanager/
2026-01-18 19:09:15,497 [INFO] ApiDb:261 - Set plugin images path to: C:\ST\STM32CubeIDE_1.19.0\STM32CubeIDE\plugins\com.st.stm32cube.common.mx_6.15.0.202507011659\\db\/plugins/mcufinder/images/
2026-01-18 19:09:15,498 [WARN] DbFile:41 - Overriding database path with different value: C:\Users\user\.stmcufinder\plugins\mcufinder/ => C:\Users\user\.stmcufinder\plugins\mcufinder
2026-01-18 19:09:15,498 [INFO] ApiDb:250 - Set database path to: C:\Users\user\.stmcufinder\plugins\mcufinder//mcu/
2026-01-18 19:09:15,498 [WARN] DbFile:41 - Overriding database path with different value: C:\Users\user\.stmcufinder\plugins\mcufinder/ => C:\Users\user\.stmcufinder\plugins\mcufinder
2026-01-18 19:09:15,498 [INFO] DbMcusAds:125 - Set database path to: C:\Users\user\.stmcufinder\plugins\mcufinder//mcu/
2026-01-18 19:09:15,498 [WARN] DbFile:41 - Overriding database path with different value: C:\Users\user\.stmcufinder\plugins\mcufinder/ => C:\Users\user\.stmcufinder\plugins\mcufinder
2026-01-18 19:09:15,498 [WARN] DbFile:41 - Overriding database path with different value: C:\Users\user\.stmcufinder\plugins\mcufinder/ => C:\Users\user\.stmcufinder\plugins\mcufinder
2026-01-18 19:09:15,499 [INFO] CrossReferenceDbSqlite:203 - Set database path to: C:\Users\user\.stmcufinder\plugins\mcufinder//mcu/cs/
2026-01-18 19:09:15,524 [INFO] ApplicationProperties:184 - Using Application install path: C:\ST\STM32CubeIDE_1.19.0\STM32CubeIDE\plugins\com.st.stm32cube.common.mx_6.15.0.202507011659
2026-01-18 19:09:15,525 [INFO] PluginManage:196 - Search for loadable plugins [exclusion list=, ]
2026-01-18 19:09:15,527 [INFO] PluginManage:310 - Check plugin analytics
2026-01-18 19:09:15,816 [INFO] AnalyticsPlugin:253 - Accepted Software Licenses: 
2026-01-18 19:09:15,816 [INFO] AnalyticsPlugin:255 - Accepted CMSIS Pack Licenses: 
2026-01-18 19:09:15,816 [INFO] AnalyticsPlugin:257 - Accepted Firmware Licenses: 
2026-01-18 19:09:15,819 [INFO] PluginManage:359 - Loaded plugin analytics (category:tool,tabindex:-1)
2026-01-18 19:09:15,823 [INFO] PluginManage:310 - Check plugin cadmodel
2026-01-18 19:09:15,856 [INFO] CADModel:105 - Init CAD model plugin
2026-01-18 19:09:15,856 [INFO] PluginManage:359 - Loaded plugin cadmodel (category:power,tabindex:5)
2026-01-18 19:09:15,857 [INFO] PluginManage:310 - Check plugin clock
2026-01-18 19:09:15,893 [INFO] PluginManage:359 - Loaded plugin clock (category:base,tabindex:2)
2026-01-18 19:09:15,893 [INFO] PluginManage:310 - Check plugin ddr
2026-01-18 19:09:15,898 [INFO] PluginManage:359 - Loaded plugin ddr (category:tool,tabindex:6)
2026-01-18 19:09:15,898 [INFO] PluginManage:310 - Check plugin filemanager
2026-01-18 19:09:16,104 [INFO] PluginManage:359 - Loaded plugin filemanager (category:base,tabindex:10)
2026-01-18 19:09:16,104 [INFO] PluginManage:310 - Check plugin ipmanager
2026-01-18 19:09:16,113 [INFO] PluginManage:359 - Loaded plugin ipmanager (category:base,tabindex:5)
2026-01-18 19:09:16,113 [INFO] PluginManage:310 - Check plugin lpbam
2026-01-18 19:09:16,142 [INFO] PluginManage:359 - Loaded plugin lpbam (category:base,tabindex:0)
2026-01-18 19:09:16,143 [INFO] PluginManage:310 - Check plugin memorymap
2026-01-18 19:09:16,182 [INFO] PluginManage:359 - Loaded plugin memorymap (category:base,tabindex:4)
2026-01-18 19:09:16,182 [INFO] PluginManage:310 - Check plugin pinoutandconfiguration
2026-01-18 19:09:16,212 [INFO] PluginManage:359 - Loaded plugin pinoutandconfiguration (category:base,tabindex:1)
2026-01-18 19:09:16,212 [INFO] PluginManage:310 - Check plugin pinoutconfig
2026-01-18 19:09:16,335 [WARN] SupportedApi:132 - Cannot load RTOS API schema: s4s-elt-must-match.1: The content of 'definitions' must match (annotation?, (simpleType | complexType)?, (unique | key | keyref)*)). A problem was found starting at: attribute.
2026-01-18 19:09:16,505 [INFO] PluginManage:359 - Loaded plugin pinoutconfig (category:base,tabindex:0)
2026-01-18 19:09:16,505 [INFO] PluginManage:310 - Check plugin power
2026-01-18 19:09:16,540 [INFO] PluginManage:359 - Loaded plugin power (category:power,tabindex:4)
2026-01-18 19:09:16,540 [INFO] PluginManage:310 - Check plugin projectmanager
2026-01-18 19:09:16,560 [INFO] PluginManage:359 - Loaded plugin projectmanager (category:projectmanager,tabindex:4)
2026-01-18 19:09:16,560 [INFO] PluginManage:310 - Check plugin rif
2026-01-18 19:09:16,592 [INFO] PluginManage:359 - Loaded plugin rif (category:base,tabindex:3)
2026-01-18 19:09:16,592 [INFO] PluginManage:310 - Check plugin thirdparty
2026-01-18 19:09:17,041 [INFO] PluginManage:359 - Loaded plugin thirdparty (category:base,tabindex:-1)
2026-01-18 19:09:17,041 [WARN] IntegrityCheckThread:84 - waiting for thirdparty lock release [integrity check]
2026-01-18 19:09:17,041 [INFO] PluginManage:310 - Check plugin tools
2026-01-18 19:09:17,041 [INFO] IntegrityCheckThread:86 - entering critical section [integrity check]
2026-01-18 19:09:17,042 [INFO] ThirdPartyUpdaterWithRetryManager:70 - Updater plugin not ready yet. [1/15]
2026-01-18 19:09:17,092 [INFO] PluginManage:359 - Loaded plugin tools (category:base,tabindex:7)
2026-01-18 19:09:17,092 [INFO] PluginManage:310 - Check plugin tutovideos
2026-01-18 19:09:17,407 [INFO] PluginManage:359 - Loaded plugin tutovideos (category:base,tabindex:-1)
2026-01-18 19:09:17,408 [INFO] PluginManage:310 - Check plugin updater
2026-01-18 19:09:17,433 [INFO] PluginManage:359 - Loaded plugin updater (category:base,tabindex:12)
2026-01-18 19:09:17,433 [INFO] PluginManage:310 - Check plugin userauth
2026-01-18 19:09:17,438 [INFO] UserAuth:118 - Init User Auth plugin
2026-01-18 19:09:17,438 [INFO] PluginManage:359 - Loaded plugin userauth (category:base,tabindex:14)
2026-01-18 19:09:17,438 [INFO] PluginManage:283 - PluginManage : Loaded plugins [18]
2026-01-18 19:09:17,688 [INFO] PinOutPanel:1589 - setPackage(No Configuration,No Configuration)
2026-01-18 19:09:17,785 [INFO] CADModel:165 - CPN selected for project level
2026-01-18 19:09:17,786 [INFO] CADModel:114 - Register for checkConnection events
2026-01-18 19:09:17,824 [INFO] IPUIPlugin:80 - create IPUIPlugin
2026-01-18 19:09:17,825 [INFO] PluginManager:220 - loadIPPluginJar : add adc
2026-01-18 19:09:17,879 [INFO] IPUIPlugin:80 - create IPUIPlugin
2026-01-18 19:09:17,879 [INFO] PluginManager:220 - loadIPPluginJar : add aes
2026-01-18 19:09:17,953 [INFO] IPUIPlugin:80 - create IPUIPlugin
2026-01-18 19:09:17,953 [INFO] PluginManager:220 - loadIPPluginJar : add can
2026-01-18 19:09:17,990 [INFO] IPUIPlugin:80 - create IPUIPlugin
2026-01-18 19:09:17,990 [INFO] PluginManager:220 - loadIPPluginJar : add comp
2026-01-18 19:09:18,028 [INFO] IPUIPlugin:80 - create IPUIPlugin
2026-01-18 19:09:18,029 [INFO] PluginManager:220 - loadIPPluginJar : add cryp
2026-01-18 19:09:18,063 [INFO] IPUIPlugin:80 - create IPUIPlugin
2026-01-18 19:09:18,063 [INFO] PluginManager:220 - loadIPPluginJar : add ddr_ctrl_phy
2026-01-18 19:09:18,096 [INFO] IPUIPlugin:80 - create IPUIPlugin
2026-01-18 19:09:18,096 [INFO] PluginManager:220 - loadIPPluginJar : add dfsdm
2026-01-18 19:09:18,113 [INFO] IPUIPlugin:80 - create IPUIPlugin
2026-01-18 19:09:18,114 [INFO] PluginManager:220 - loadIPPluginJar : add dma
2026-01-18 19:09:18,160 [INFO] IPUIPlugin:80 - create IPUIPlugin
2026-01-18 19:09:18,160 [INFO] PluginManager:220 - loadIPPluginJar : add dma3
2026-01-18 19:09:18,224 [INFO] IPUIPlugin:80 - create IPUIPlugin
2026-01-18 19:09:18,225 [INFO] PluginManager:220 - loadIPPluginJar : add extmemmanager
2026-01-18 19:09:18,267 [INFO] IPUIPlugin:80 - create IPUIPlugin
2026-01-18 19:09:18,267 [INFO] PluginManager:220 - loadIPPluginJar : add fatfs
2026-01-18 19:09:18,319 [INFO] IPUIPlugin:80 - create IPUIPlugin
2026-01-18 19:09:18,319 [INFO] PluginManager:220 - loadIPPluginJar : add fmc
2026-01-18 19:09:18,356 [INFO] IPUIPlugin:80 - create IPUIPlugin
2026-01-18 19:09:18,356 [INFO] PluginManager:220 - loadIPPluginJar : add freertos
2026-01-18 19:09:18,384 [INFO] IPUIPlugin:80 - create IPUIPlugin
2026-01-18 19:09:18,384 [INFO] PluginManager:220 - loadIPPluginJar : add genericplugin
2026-01-18 19:09:18,477 [INFO] IPUIPlugin:80 - create IPUIPlugin
2026-01-18 19:09:18,477 [INFO] PluginManager:220 - loadIPPluginJar : add gfxmmu
2026-01-18 19:09:18,650 [INFO] IPUIPlugin:80 - create IPUIPlugin
2026-01-18 19:09:18,650 [INFO] PluginManager:220 - loadIPPluginJar : add gic
2026-01-18 19:09:18,665 [INFO] IPUIPlugin:80 - create IPUIPlugin
2026-01-18 19:09:18,666 [INFO] PluginManager:220 - loadIPPluginJar : add gpio
2026-01-18 19:09:18,781 [INFO] IPUIPlugin:80 - create IPUIPlugin
2026-01-18 19:09:18,781 [INFO] PluginManager:220 - loadIPPluginJar : add gtzc
2026-01-18 19:09:18,816 [INFO] IPUIPlugin:80 - create IPUIPlugin
2026-01-18 19:09:18,816 [INFO] PluginManager:220 - loadIPPluginJar : add hash
2026-01-18 19:09:18,879 [INFO] IPUIPlugin:80 - create IPUIPlugin
2026-01-18 19:09:18,879 [INFO] PluginManager:220 - loadIPPluginJar : add i2c
2026-01-18 19:09:18,939 [INFO] IPUIPlugin:80 - create IPUIPlugin
2026-01-18 19:09:18,939 [INFO] PluginManager:220 - loadIPPluginJar : add i2s
2026-01-18 19:09:18,984 [INFO] IPUIPlugin:80 - create IPUIPlugin
2026-01-18 19:09:18,984 [INFO] PluginManager:220 - loadIPPluginJar : add i3c
2026-01-18 19:09:19,106 [INFO] IPUIPlugin:80 - create IPUIPlugin
2026-01-18 19:09:19,106 [INFO] PluginManager:220 - loadIPPluginJar : add ipddr
2026-01-18 19:09:19,212 [INFO] IPUIPlugin:80 - create IPUIPlugin
2026-01-18 19:09:19,213 [INFO] PluginManager:220 - loadIPPluginJar : add linkedlist
2026-01-18 19:09:19,273 [INFO] IPUIPlugin:80 - create IPUIPlugin
2026-01-18 19:09:19,273 [INFO] PluginManager:220 - loadIPPluginJar : add lorawan
2026-01-18 19:09:19,316 [INFO] IPUIPlugin:80 - create IPUIPlugin
2026-01-18 19:09:19,316 [INFO] PluginManager:220 - loadIPPluginJar : add ltdc
2026-01-18 19:09:19,333 [INFO] IPUIPlugin:80 - create IPUIPlugin
2026-01-18 19:09:19,333 [INFO] PluginManager:220 - loadIPPluginJar : add mdma
2026-01-18 19:09:19,352 [INFO] IPUIPlugin:80 - create IPUIPlugin
2026-01-18 19:09:19,352 [INFO] PluginManager:220 - loadIPPluginJar : add nvic
2026-01-18 19:09:19,398 [INFO] IPUIPlugin:80 - create IPUIPlugin
2026-01-18 19:09:19,398 [INFO] PluginManager:220 - loadIPPluginJar : add opamp
2026-01-18 19:09:19,480 [INFO] IPUIPlugin:80 - create IPUIPlugin
2026-01-18 19:09:19,481 [INFO] PluginManager:220 - loadIPPluginJar : add openamp
2026-01-18 19:09:19,563 [INFO] IPUIPlugin:80 - create IPUIPlugin
2026-01-18 19:09:19,563 [INFO] PluginManager:220 - loadIPPluginJar : add pdm2pcm
2026-01-18 19:09:19,582 [INFO] IPUIPlugin:80 - create IPUIPlugin
2026-01-18 19:09:19,584 [INFO] PluginManager:220 - loadIPPluginJar : add plateformsettings
2026-01-18 19:09:19,613 [INFO] IPUIPlugin:80 - create IPUIPlugin
2026-01-18 19:09:19,614 [INFO] PluginManager:220 - loadIPPluginJar : add quadspi
2026-01-18 19:09:19,644 [INFO] IPUIPlugin:80 - create IPUIPlugin
2026-01-18 19:09:19,644 [INFO] PluginManager:220 - loadIPPluginJar : add radio
2026-01-18 19:09:19,664 [INFO] IPUIPlugin:80 - create IPUIPlugin
2026-01-18 19:09:19,665 [INFO] PluginManager:220 - loadIPPluginJar : add resmgrutility
2026-01-18 19:09:19,728 [INFO] IPUIPlugin:80 - create IPUIPlugin
2026-01-18 19:09:19,728 [INFO] PluginManager:220 - loadIPPluginJar : add sai
2026-01-18 19:09:19,804 [INFO] IPUIPlugin:80 - create IPUIPlugin
2026-01-18 19:09:19,804 [INFO] PluginManager:220 - loadIPPluginJar : add spi
2026-01-18 19:09:19,938 [INFO] IPUIPlugin:80 - create IPUIPlugin
2026-01-18 19:09:19,938 [INFO] PluginManager:220 - loadIPPluginJar : add stm32_wpan
2026-01-18 19:09:19,968 [INFO] IPUIPlugin:80 - create IPUIPlugin
2026-01-18 19:09:19,968 [INFO] PluginManager:220 - loadIPPluginJar : add tim
2026-01-18 19:09:20,030 [INFO] IPUIPlugin:80 - create IPUIPlugin
2026-01-18 19:09:20,030 [INFO] PluginManager:220 - loadIPPluginJar : add touchsensing
2026-01-18 19:09:20,043 [INFO] ThirdPartyUpdaterWithRetryManager:70 - Updater plugin not ready yet. [2/15]
2026-01-18 19:09:20,073 [INFO] IPUIPlugin:80 - create IPUIPlugin
2026-01-18 19:09:20,073 [INFO] PluginManager:220 - loadIPPluginJar : add tracer_emb
2026-01-18 19:09:20,109 [INFO] IPUIPlugin:80 - create IPUIPlugin
2026-01-18 19:09:20,110 [INFO] PluginManager:220 - loadIPPluginJar : add ts
2026-01-18 19:09:20,136 [INFO] IPUIPlugin:80 - create IPUIPlugin
2026-01-18 19:09:20,136 [INFO] PluginManager:220 - loadIPPluginJar : add tsc
2026-01-18 19:09:20,162 [INFO] IPUIPlugin:80 - create IPUIPlugin
2026-01-18 19:09:20,162 [INFO] PluginManager:220 - loadIPPluginJar : add ucpd
2026-01-18 19:09:20,209 [INFO] IPUIPlugin:80 - create IPUIPlugin
2026-01-18 19:09:20,209 [INFO] PluginManager:220 - loadIPPluginJar : add usart
2026-01-18 19:09:20,276 [INFO] IPUIPlugin:80 - create IPUIPlugin
2026-01-18 19:09:20,276 [INFO] PluginManager:220 - loadIPPluginJar : add usbx
2026-01-18 19:09:20,421 [FATAL] Updater:351 - Updater called before beeing initialized
2026-01-18 19:09:20,469 [INFO] RulesReader:64 - Compatibility file has been processed (317 Rules)
2026-01-18 19:09:20,484 [INFO] RulesReader:64 - Compatibility file has been processed (317 Rules)
2026-01-18 19:09:20,494 [INFO] CADModel:165 - CPN selected for project level
2026-01-18 19:09:20,494 [INFO] CADModel:114 - Register for checkConnection events
2026-01-18 19:09:20,494 [FATAL] Updater:351 - Updater called before beeing initialized
2026-01-18 19:09:20,494 [ERROR] CADModel:125 - Updater not yet initialized, retry later 
2026-01-18 19:09:20,680 [FATAL] Updater:351 - Updater called before beeing initialized
2026-01-18 19:09:20,683 [INFO] CADModel:165 - CPN selected for project level
2026-01-18 19:09:20,683 [INFO] CADModel:114 - Register for checkConnection events
2026-01-18 19:09:20,683 [FATAL] Updater:351 - Updater called before beeing initialized
2026-01-18 19:09:20,683 [ERROR] CADModel:125 - Updater not yet initialized, retry later 
2026-01-18 19:09:20,686 [FATAL] Updater:351 - Updater called before beeing initialized
2026-01-18 19:09:20,819 [FATAL] Updater:351 - Updater called before beeing initialized
2026-01-18 19:09:20,834 [INFO] DbMcusAds:53 - JSON generation date=Thu Jan 08 21:26:32 IST 2026 (1767887792457)
2026-01-18 19:09:20,834 [FATAL] Updater:351 - Updater called before beeing initialized
2026-01-18 19:09:20,879 [WARN] DetailPanel:346 - Failed to get advertising image, set to default
2026-01-18 19:09:20,967 [FATAL] Updater:351 - Updater called before beeing initialized
2026-01-18 19:09:20,969 [FATAL] Updater:351 - Updater called before beeing initialized
2026-01-18 19:09:20,969 [FATAL] Updater:351 - Updater called before beeing initialized
2026-01-18 19:09:20,969 [WARN] DetailPanel:346 - Failed to get advertising image, set to default
2026-01-18 19:09:20,971 [FATAL] Updater:351 - Updater called before beeing initialized
2026-01-18 19:09:21,046 [ERROR] Updater:1198 - MainUpdater not yet initialized. External WinMGr cannot be set.
2026-01-18 19:09:21,061 [INFO] Updater:1134 - Updater Version found : 6.15.0
2026-01-18 19:09:21,082 [INFO] ApplicationProperties:184 - Using Application install path: C:\ST\STM32CubeIDE_1.19.0\STM32CubeIDE\plugins\com.st.stm32cube.common.mx_6.15.0.202507011659
2026-01-18 19:09:21,510 [INFO] MainUpdater:2872 - connection check result : 10
2026-01-18 19:09:21,511 [INFO] MainUpdater:289 - Updater Check For Update Now.
2026-01-18 19:09:21,511 [INFO] MicroXplorer:498 - Change Database Version : DB.6.0.150
2026-01-18 19:09:21,561 [INFO] McuFinderGlobals:63 - Set McuFinder mode to 2 (CubeIDE integrated)
2026-01-18 19:09:21,561 [INFO] UserAuth:171 - activating auth plugin
2026-01-18 19:09:21,564 [INFO] UserAuth:487 - Internet connection configuration mode: 1
2026-01-18 19:09:21,613 [INFO] JxBrowserEngine:152 - Initiate JxBrowser Engine with user profile folder
2026-01-18 19:09:21,794 [INFO] CheckServerUpdateThread:120 - End of CheckServer Thread
2026-01-18 19:09:23,366 [WARN] PackLoader:240 - Cannot read IP mode file for STMicroelectronics.FP-SNS-MOTENVWB1.1.4.0
2026-01-18 19:09:23,393 [WARN] PackLoader:240 - Cannot read IP mode file for STMicroelectronics.FP-ATR-ASTRA1.2.0.2
2026-01-18 19:09:23,421 [WARN] PackLoader:240 - Cannot read IP mode file for STMicroelectronics.X-CUBE-SMBUS.2.1.0
2026-01-18 19:09:23,481 [WARN] PackLoader:240 - Cannot read IP mode file for STMicroelectronics.X-CUBE-AZRTOS-F7.1.1.0
2026-01-18 19:09:23,511 [WARN] PackLoader:240 - Cannot read IP mode file for STMicroelectronics.X-CUBE-DISPLAY.3.0.0
2026-01-18 19:09:23,543 [WARN] PackLoader:240 - Cannot read IP mode file for STMicroelectronics.X-CUBE-NFC10.1.0.0
2026-01-18 19:09:23,553 [INFO] WebApp:169 - Instantiating new browser for Auth
2026-01-18 19:09:23,573 [WARN] PackLoader:240 - Cannot read IP mode file for STMicroelectronics.FP-SNS-SMARTAG2.1.2.0
2026-01-18 19:09:23,614 [WARN] PackLoader:240 - Cannot read IP mode file for STMicroelectronics.FP-SNS-FLIGHT1.5.1.0
2026-01-18 19:09:23,642 [INFO] LogOutputStream:77 - [STDOUT_REDIRECT] 1 : Invalid condition id : UX_CORESTACK_Condition cause : null
2026-01-18 19:09:23,643 [INFO] LogOutputStream:77 - [STDOUT_REDIRECT] 1 : Invalid condition id : UX_CORESTACK_Condition cause : null
2026-01-18 19:09:23,644 [INFO] LogOutputStream:77 - [STDOUT_REDIRECT] 1 : Invalid condition id : UX_CORESTACK_Condition cause : null
2026-01-18 19:09:23,645 [INFO] LogOutputStream:77 - [STDOUT_REDIRECT] 1 : Invalid condition id : UX_CORESTACK_Condition cause : null
2026-01-18 19:09:23,646 [INFO] LogOutputStream:77 - [STDOUT_REDIRECT] 1 : Invalid condition id : UX_CORESTACK_Condition cause : null
2026-01-18 19:09:23,649 [WARN] PackLoader:240 - Cannot read IP mode file for STMicroelectronics.X-CUBE-AZRTOS-WL.2.0.0
2026-01-18 19:09:23,673 [WARN] PackLoader:240 - Cannot read IP mode file for STMicroelectronics.X-CUBE-BLE2.3.3.0
2026-01-18 19:09:23,694 [WARN] PackLoader:240 - Cannot read IP mode file for STMicroelectronics.X-CUBE-NFC9.1.0.0
2026-01-18 19:09:23,713 [WARN] PackLoader:240 - Cannot read IP mode file for STMicroelectronics.X-CUBE-BLE1.7.1.0
2026-01-18 19:09:23,745 [WARN] PackLoader:240 - Cannot read IP mode file for STMicroelectronics.X-CUBE-AZRTOS-G0.1.1.0
2026-01-18 19:09:23,769 [WARN] PackLoader:240 - Cannot read IP mode file for STMicroelectronics.X-CUBE-NFC4.3.0.0
2026-01-18 19:09:23,792 [WARN] PackLoader:240 - Cannot read IP mode file for STMicroelectronics.X-CUBE-WB05N.2.0.0
2026-01-18 19:09:23,815 [WARN] PackLoader:240 - Cannot read IP mode file for STMicroelectronics.X-CUBE-TCPP.4.2.0
2026-01-18 19:09:23,833 [WARN] PackLoader:240 - Cannot read IP mode file for RealThread.X-CUBE-RT-Thread_Nano.4.1.1
2026-01-18 19:09:23,851 [WARN] PackLoader:240 - Cannot read IP mode file for STMicroelectronics.FP-ATR-SIGFOX1.3.2.0
2026-01-18 19:09:23,898 [WARN] PackLoader:240 - Cannot read IP mode file for SEGGER.I-CUBE-embOS.1.3.1
2026-01-18 19:09:23,977 [WARN] PackLoader:240 - Cannot read IP mode file for STMicroelectronics.X-CUBE-ALGOBUILD.1.4.0
2026-01-18 19:09:24,013 [WARN] PackLoader:240 - Cannot read IP mode file for STMicroelectronics.X-CUBE-PM33A1.1.0.0
2026-01-18 19:09:24,057 [WARN] PackLoader:240 - Cannot read IP mode file for STMicroelectronics.X-CUBE-AZRTOS-F4.1.1.0
2026-01-18 19:09:24,083 [WARN] PackLoader:240 - Cannot read IP mode file for STMicroelectronics.X-CUBE-ISPU.2.1.0
2026-01-18 19:09:24,115 [WARN] PackLoader:240 - Cannot read IP mode file for STMicroelectronics.X-CUBE-AZRTOS-L5.2.0.0
2026-01-18 19:09:24,144 [WARN] PackLoader:240 - Cannot read IP mode file for STMicroelectronics.X-CUBE-NFC6.3.1.0
2026-01-18 19:09:24,166 [WARN] PackLoader:240 - Cannot read IP mode file for STMicroelectronics.X-CUBE-DPower.1.3.0
2026-01-18 19:09:24,205 [WARN] ConditionMgr:438 - getConditionDescription Invalid condition id : LAN8742 Phy interface Condition cause : null
2026-01-18 19:09:24,205 [WARN] PackLoader:240 - Cannot read IP mode file for STMicroelectronics.X-CUBE-AZRTOS-L4.2.0.0
2026-01-18 19:09:24,206 [WARN] ConditionMgr:1044 - genDependencies : Invalid condition id : LAN8742 Phy interface Condition cause : null
2026-01-18 19:09:24,207 [WARN] ConditionMgr:1044 - genDependencies : Invalid condition id : LAN8742 Phy interface Condition cause : null
2026-01-18 19:09:24,207 [WARN] ConditionMgr:1044 - genDependencies : Invalid condition id : LAN8742 Phy interface Condition cause : null
2026-01-18 19:09:24,230 [WARN] PackLoader:240 - Cannot read IP mode file for STMicroelectronics.X-CUBE-SFXS2LP1.4.0.0
2026-01-18 19:09:24,257 [WARN] ConditionMgr:438 - getConditionDescription Invalid condition id : UX DEVICE CLASS RTOS Condition cause : null
2026-01-18 19:09:24,257 [WARN] ConditionMgr:438 - getConditionDescription Invalid condition id : UX DEVICE CLASS RTOS Condition cause : null
2026-01-18 19:09:24,258 [WARN] PackLoader:240 - Cannot read IP mode file for STMicroelectronics.X-CUBE-AZRTOS-WB.2.0.0
2026-01-18 19:09:24,258 [WARN] ConditionMgr:1044 - genDependencies : Invalid condition id : UX DEVICE CLASS RTOS Condition cause : null
2026-01-18 19:09:24,258 [WARN] ConditionMgr:1044 - genDependencies : Invalid condition id : UX DEVICE CLASS RTOS Condition cause : null
2026-01-18 19:09:24,259 [WARN] ConditionMgr:1044 - genDependencies : Invalid condition id : UX DEVICE CLASS RTOS Condition cause : null
2026-01-18 19:09:24,259 [WARN] ConditionMgr:1044 - genDependencies : Invalid condition id : UX DEVICE CLASS RTOS Condition cause : null
2026-01-18 19:09:24,259 [WARN] ConditionMgr:1044 - genDependencies : Invalid condition id : UX DEVICE CLASS RTOS Condition cause : null
2026-01-18 19:09:24,279 [WARN] PackLoader:240 - Cannot read IP mode file for STMicroelectronics.X-CUBE-SUBG2.5.0.0
2026-01-18 19:09:24,310 [WARN] PackLoader:240 - Cannot read IP mode file for STMicroelectronics.X-CUBE-AZRTOS-G4.2.0.0
2026-01-18 19:09:24,329 [WARN] PackLoader:240 - Cannot read IP mode file for STMicroelectronics.X-CUBE-NFC7.2.0.0
2026-01-18 19:09:24,345 [WARN] PackLoader:240 - Cannot read IP mode file for STMicroelectronics.X-CUBE-ALS.1.0.2
2026-01-18 19:09:24,374 [WARN] PackLoader:240 - Cannot read IP mode file for STMicroelectronics.X-CUBE-TOF1.3.4.3
2026-01-18 19:09:24,385 [INFO] ThirdParty:978 - Integrity check success = true
2026-01-18 19:09:24,385 [INFO] IntegrityCheckThread:100 - exiting critical section [integrity check]
2026-01-18 19:09:24,385 [INFO] IntegrityCheckThread:103 - End integrity checks thread
2026-01-18 19:09:24,568 [INFO] WebApp:463 - Apply proxy settings
2026-01-18 19:09:24,569 [INFO] WebApp:548 - Chromium requires no authentication
2026-01-18 19:09:24,586 [INFO] WebApp:491 - Direct internet connection detected
2026-01-18 19:09:24,615 [INFO] WebApp:900 - Register for checkConnection events
2026-01-18 19:09:24,616 [INFO] WebApp:463 - Apply proxy settings
2026-01-18 19:09:24,616 [INFO] WebApp:548 - Chromium requires no authentication
2026-01-18 19:09:24,617 [INFO] WebApp:491 - Direct internet connection detected
2026-01-18 19:09:24,798 [INFO] WebApp:225 - Starting web application
2026-01-18 19:09:24,799 [INFO] WebApp:593 - Web application path used C:\ST\STM32CubeIDE_1.19.0\STM32CubeIDE\plugins\com.st.stm32cube.common.mx_6.15.0.202507011659\db\plugins\mcufinder\reactClient1\index.html
2026-01-18 19:09:24,959 [INFO] WebApp:191 - Connection restablished
2026-01-18 21:47:38,418 [ERROR] LogOutputStream:75 - [STDERR_REDIRECT] 
