2026-01-22 20:16:05,450 [INFO] Activator:176 - 


2026-01-22 20:16:05,455 [INFO] Activator:177 - !SESSION log4j initialized
2026-01-22 20:16:11,200 [INFO] LogOutputStream:77 - [STDOUT_REDIRECT] 
2026-01-22 20:16:12,458 [INFO] ApplicationProperties:184 - Using Application install path: C:\ST\STM32CubeIDE_1.19.0\STM32CubeIDE\plugins\com.st.stm32cube.common.mx_6.15.0.202507011659
2026-01-22 20:16:12,484 [INFO] DbMcusXml:78 - Set database path to: C:\ST\STM32CubeIDE_1.19.0\STM32CubeIDE\plugins\com.st.stm32cube.common.mx_6.15.0.202507011659\\db\/mcu/
2026-01-22 20:16:12,484 [INFO] ApiDb:274 - Set plugin database path to: C:\ST\STM32CubeIDE_1.19.0\STM32CubeIDE\plugins\com.st.stm32cube.common.mx_6.15.0.202507011659\\db\/plugins/boardmanager/
2026-01-22 20:16:12,484 [WARN] ApiDb:259 - Overriding images path with different value:  => C:\ST\STM32CubeIDE_1.19.0\STM32CubeIDE\plugins\com.st.stm32cube.common.mx_6.15.0.202507011659\\db\/plugins/mcufinder/images/
2026-01-22 20:16:12,494 [INFO] ApiDb:250 - Set database path to: C:\Users\user\.stmcufinder\plugins\mcufinder//mcu/
2026-01-22 20:16:12,496 [INFO] DbMcusAds:125 - Set database path to: C:\Users\user\.stmcufinder\plugins\mcufinder//mcu/
2026-01-22 20:16:12,498 [INFO] CrossReferenceDbSqlite:203 - Set database path to: C:\Users\user\.stmcufinder\plugins\mcufinder//mcu/cs/
2026-01-22 20:16:12,605 [INFO] RulesReader:64 - Compatibility file has been processed (317 Rules)
2026-01-22 20:16:12,675 [INFO] DbMcusXml:78 - Set database path to: C:\ST\STM32CubeIDE_1.19.0\STM32CubeIDE\plugins\com.st.stm32cube.common.mx_6.15.0.202507011659\\db\/mcu/
2026-01-22 20:16:12,675 [INFO] ApiDb:274 - Set plugin database path to: C:\ST\STM32CubeIDE_1.19.0\STM32CubeIDE\plugins\com.st.stm32cube.common.mx_6.15.0.202507011659\\db\/plugins/boardmanager/
2026-01-22 20:16:12,675 [INFO] ApiDb:261 - Set plugin images path to: C:\ST\STM32CubeIDE_1.19.0\STM32CubeIDE\plugins\com.st.stm32cube.common.mx_6.15.0.202507011659\\db\/plugins/mcufinder/images/
2026-01-22 20:16:12,675 [WARN] DbFile:41 - Overriding database path with different value: C:\Users\user\.stmcufinder\plugins\mcufinder/ => C:\Users\user\.stmcufinder\plugins\mcufinder
2026-01-22 20:16:12,675 [INFO] ApiDb:250 - Set database path to: C:\Users\user\.stmcufinder\plugins\mcufinder//mcu/
2026-01-22 20:16:12,675 [WARN] DbFile:41 - Overriding database path with different value: C:\Users\user\.stmcufinder\plugins\mcufinder/ => C:\Users\user\.stmcufinder\plugins\mcufinder
2026-01-22 20:16:12,675 [INFO] DbMcusAds:125 - Set database path to: C:\Users\user\.stmcufinder\plugins\mcufinder//mcu/
2026-01-22 20:16:12,676 [WARN] DbFile:41 - Overriding database path with different value: C:\Users\user\.stmcufinder\plugins\mcufinder/ => C:\Users\user\.stmcufinder\plugins\mcufinder
2026-01-22 20:16:12,676 [WARN] DbFile:41 - Overriding database path with different value: C:\Users\user\.stmcufinder\plugins\mcufinder/ => C:\Users\user\.stmcufinder\plugins\mcufinder
2026-01-22 20:16:12,676 [INFO] CrossReferenceDbSqlite:203 - Set database path to: C:\Users\user\.stmcufinder\plugins\mcufinder//mcu/cs/
2026-01-22 20:16:12,746 [INFO] MainPanel:274 - HeapMemory: 268435456
2026-01-22 20:16:12,853 [INFO] DbMcusXml:78 - Set database path to: C:\ST\STM32CubeIDE_1.19.0\STM32CubeIDE\plugins\com.st.stm32cube.common.mx_6.15.0.202507011659\\db\/mcu/
2026-01-22 20:16:12,853 [INFO] ApiDb:274 - Set plugin database path to: C:\ST\STM32CubeIDE_1.19.0\STM32CubeIDE\plugins\com.st.stm32cube.common.mx_6.15.0.202507011659\\db\/plugins/boardmanager/
2026-01-22 20:16:12,853 [INFO] ApiDb:261 - Set plugin images path to: C:\ST\STM32CubeIDE_1.19.0\STM32CubeIDE\plugins\com.st.stm32cube.common.mx_6.15.0.202507011659\\db\/plugins/mcufinder/images/
2026-01-22 20:16:12,853 [WARN] DbFile:41 - Overriding database path with different value: C:\Users\user\.stmcufinder\plugins\mcufinder/ => C:\Users\user\.stmcufinder\plugins\mcufinder
2026-01-22 20:16:12,853 [INFO] ApiDb:250 - Set database path to: C:\Users\user\.stmcufinder\plugins\mcufinder//mcu/
2026-01-22 20:16:12,853 [WARN] DbFile:41 - Overriding database path with different value: C:\Users\user\.stmcufinder\plugins\mcufinder/ => C:\Users\user\.stmcufinder\plugins\mcufinder
2026-01-22 20:16:12,855 [INFO] DbMcusAds:125 - Set database path to: C:\Users\user\.stmcufinder\plugins\mcufinder//mcu/
2026-01-22 20:16:12,855 [WARN] DbFile:41 - Overriding database path with different value: C:\Users\user\.stmcufinder\plugins\mcufinder/ => C:\Users\user\.stmcufinder\plugins\mcufinder
2026-01-22 20:16:12,855 [WARN] DbFile:41 - Overriding database path with different value: C:\Users\user\.stmcufinder\plugins\mcufinder/ => C:\Users\user\.stmcufinder\plugins\mcufinder
2026-01-22 20:16:12,855 [INFO] CrossReferenceDbSqlite:203 - Set database path to: C:\Users\user\.stmcufinder\plugins\mcufinder//mcu/cs/
2026-01-22 20:16:12,871 [INFO] ApplicationProperties:184 - Using Application install path: C:\ST\STM32CubeIDE_1.19.0\STM32CubeIDE\plugins\com.st.stm32cube.common.mx_6.15.0.202507011659
2026-01-22 20:16:12,872 [INFO] PluginManage:196 - Search for loadable plugins [exclusion list=, ]
2026-01-22 20:16:12,874 [INFO] PluginManage:310 - Check plugin analytics
2026-01-22 20:16:13,040 [INFO] AnalyticsPlugin:253 - Accepted Software Licenses: 
2026-01-22 20:16:13,041 [INFO] AnalyticsPlugin:255 - Accepted CMSIS Pack Licenses: 
2026-01-22 20:16:13,041 [INFO] AnalyticsPlugin:257 - Accepted Firmware Licenses: 
2026-01-22 20:16:13,043 [INFO] PluginManage:359 - Loaded plugin analytics (category:tool,tabindex:-1)
2026-01-22 20:16:13,043 [INFO] PluginManage:310 - Check plugin cadmodel
2026-01-22 20:16:13,063 [INFO] CADModel:105 - Init CAD model plugin
2026-01-22 20:16:13,063 [INFO] PluginManage:359 - Loaded plugin cadmodel (category:power,tabindex:5)
2026-01-22 20:16:13,063 [INFO] PluginManage:310 - Check plugin clock
2026-01-22 20:16:13,084 [INFO] PluginManage:359 - Loaded plugin clock (category:base,tabindex:2)
2026-01-22 20:16:13,084 [INFO] PluginManage:310 - Check plugin ddr
2026-01-22 20:16:13,086 [INFO] PluginManage:359 - Loaded plugin ddr (category:tool,tabindex:6)
2026-01-22 20:16:13,086 [INFO] PluginManage:310 - Check plugin filemanager
2026-01-22 20:16:13,202 [INFO] PluginManage:359 - Loaded plugin filemanager (category:base,tabindex:10)
2026-01-22 20:16:13,203 [INFO] PluginManage:310 - Check plugin ipmanager
2026-01-22 20:16:13,208 [INFO] PluginManage:359 - Loaded plugin ipmanager (category:base,tabindex:5)
2026-01-22 20:16:13,209 [INFO] PluginManage:310 - Check plugin lpbam
2026-01-22 20:16:13,229 [INFO] PluginManage:359 - Loaded plugin lpbam (category:base,tabindex:0)
2026-01-22 20:16:13,229 [INFO] PluginManage:310 - Check plugin memorymap
2026-01-22 20:16:13,254 [INFO] PluginManage:359 - Loaded plugin memorymap (category:base,tabindex:4)
2026-01-22 20:16:13,255 [INFO] PluginManage:310 - Check plugin pinoutandconfiguration
2026-01-22 20:16:13,274 [INFO] PluginManage:359 - Loaded plugin pinoutandconfiguration (category:base,tabindex:1)
2026-01-22 20:16:13,275 [INFO] PluginManage:310 - Check plugin pinoutconfig
2026-01-22 20:16:13,363 [WARN] SupportedApi:132 - Cannot load RTOS API schema: s4s-elt-must-match.1: The content of 'definitions' must match (annotation?, (simpleType | complexType)?, (unique | key | keyref)*)). A problem was found starting at: attribute.
2026-01-22 20:16:13,484 [INFO] PluginManage:359 - Loaded plugin pinoutconfig (category:base,tabindex:0)
2026-01-22 20:16:13,484 [INFO] PluginManage:310 - Check plugin power
2026-01-22 20:16:13,510 [INFO] PluginManage:359 - Loaded plugin power (category:power,tabindex:4)
2026-01-22 20:16:13,510 [INFO] PluginManage:310 - Check plugin projectmanager
2026-01-22 20:16:13,526 [INFO] PluginManage:359 - Loaded plugin projectmanager (category:projectmanager,tabindex:4)
2026-01-22 20:16:13,527 [INFO] PluginManage:310 - Check plugin rif
2026-01-22 20:16:13,550 [INFO] PluginManage:359 - Loaded plugin rif (category:base,tabindex:3)
2026-01-22 20:16:13,550 [INFO] PluginManage:310 - Check plugin thirdparty
2026-01-22 20:16:13,772 [INFO] PluginManage:359 - Loaded plugin thirdparty (category:base,tabindex:-1)
2026-01-22 20:16:13,771 [WARN] IntegrityCheckThread:84 - waiting for thirdparty lock release [integrity check]
2026-01-22 20:16:13,772 [INFO] IntegrityCheckThread:86 - entering critical section [integrity check]
2026-01-22 20:16:13,772 [INFO] PluginManage:310 - Check plugin tools
2026-01-22 20:16:13,772 [INFO] ThirdPartyUpdaterWithRetryManager:70 - Updater plugin not ready yet. [1/15]
2026-01-22 20:16:13,775 [INFO] PluginManage:359 - Loaded plugin tools (category:base,tabindex:7)
2026-01-22 20:16:13,775 [INFO] PluginManage:310 - Check plugin tutovideos
2026-01-22 20:16:13,968 [INFO] PluginManage:359 - Loaded plugin tutovideos (category:base,tabindex:-1)
2026-01-22 20:16:13,968 [INFO] PluginManage:310 - Check plugin updater
2026-01-22 20:16:13,987 [INFO] PluginManage:359 - Loaded plugin updater (category:base,tabindex:12)
2026-01-22 20:16:13,987 [INFO] PluginManage:310 - Check plugin userauth
2026-01-22 20:16:13,991 [INFO] UserAuth:118 - Init User Auth plugin
2026-01-22 20:16:13,992 [INFO] PluginManage:359 - Loaded plugin userauth (category:base,tabindex:14)
2026-01-22 20:16:13,992 [INFO] PluginManage:283 - PluginManage : Loaded plugins [18]
2026-01-22 20:16:14,184 [INFO] PinOutPanel:1589 - setPackage(No Configuration,No Configuration)
2026-01-22 20:16:14,257 [INFO] CADModel:165 - CPN selected for project level
2026-01-22 20:16:14,257 [INFO] CADModel:114 - Register for checkConnection events
2026-01-22 20:16:14,288 [INFO] IPUIPlugin:80 - create IPUIPlugin
2026-01-22 20:16:14,288 [INFO] PluginManager:220 - loadIPPluginJar : add adc
2026-01-22 20:16:14,331 [INFO] IPUIPlugin:80 - create IPUIPlugin
2026-01-22 20:16:14,331 [INFO] PluginManager:220 - loadIPPluginJar : add aes
2026-01-22 20:16:14,377 [INFO] IPUIPlugin:80 - create IPUIPlugin
2026-01-22 20:16:14,377 [INFO] PluginManager:220 - loadIPPluginJar : add can
2026-01-22 20:16:14,380 [INFO] IPUIPlugin:80 - create IPUIPlugin
2026-01-22 20:16:14,380 [INFO] PluginManager:220 - loadIPPluginJar : add comp
2026-01-22 20:16:14,416 [INFO] IPUIPlugin:80 - create IPUIPlugin
2026-01-22 20:16:14,416 [INFO] PluginManager:220 - loadIPPluginJar : add cryp
2026-01-22 20:16:14,431 [INFO] IPUIPlugin:80 - create IPUIPlugin
2026-01-22 20:16:14,431 [INFO] PluginManager:220 - loadIPPluginJar : add ddr_ctrl_phy
2026-01-22 20:16:14,460 [INFO] IPUIPlugin:80 - create IPUIPlugin
2026-01-22 20:16:14,460 [INFO] PluginManager:220 - loadIPPluginJar : add dfsdm
2026-01-22 20:16:14,475 [INFO] IPUIPlugin:80 - create IPUIPlugin
2026-01-22 20:16:14,476 [INFO] PluginManager:220 - loadIPPluginJar : add dma
2026-01-22 20:16:14,514 [INFO] IPUIPlugin:80 - create IPUIPlugin
2026-01-22 20:16:14,514 [INFO] PluginManager:220 - loadIPPluginJar : add dma3
2026-01-22 20:16:14,558 [INFO] IPUIPlugin:80 - create IPUIPlugin
2026-01-22 20:16:14,558 [INFO] PluginManager:220 - loadIPPluginJar : add extmemmanager
2026-01-22 20:16:14,561 [INFO] IPUIPlugin:80 - create IPUIPlugin
2026-01-22 20:16:14,561 [INFO] PluginManager:220 - loadIPPluginJar : add fatfs
2026-01-22 20:16:14,607 [INFO] IPUIPlugin:80 - create IPUIPlugin
2026-01-22 20:16:14,608 [INFO] PluginManager:220 - loadIPPluginJar : add fmc
2026-01-22 20:16:14,626 [INFO] IPUIPlugin:80 - create IPUIPlugin
2026-01-22 20:16:14,626 [INFO] PluginManager:220 - loadIPPluginJar : add freertos
2026-01-22 20:16:14,629 [INFO] IPUIPlugin:80 - create IPUIPlugin
2026-01-22 20:16:14,629 [INFO] PluginManager:220 - loadIPPluginJar : add genericplugin
2026-01-22 20:16:14,712 [INFO] IPUIPlugin:80 - create IPUIPlugin
2026-01-22 20:16:14,712 [INFO] PluginManager:220 - loadIPPluginJar : add gfxmmu
2026-01-22 20:16:14,827 [INFO] IPUIPlugin:80 - create IPUIPlugin
2026-01-22 20:16:14,828 [INFO] PluginManager:220 - loadIPPluginJar : add gic
2026-01-22 20:16:14,842 [INFO] IPUIPlugin:80 - create IPUIPlugin
2026-01-22 20:16:14,842 [INFO] PluginManager:220 - loadIPPluginJar : add gpio
2026-01-22 20:16:14,926 [INFO] IPUIPlugin:80 - create IPUIPlugin
2026-01-22 20:16:14,926 [INFO] PluginManager:220 - loadIPPluginJar : add gtzc
2026-01-22 20:16:14,929 [INFO] IPUIPlugin:80 - create IPUIPlugin
2026-01-22 20:16:14,929 [INFO] PluginManager:220 - loadIPPluginJar : add hash
2026-01-22 20:16:14,980 [INFO] IPUIPlugin:80 - create IPUIPlugin
2026-01-22 20:16:14,980 [INFO] PluginManager:220 - loadIPPluginJar : add i2c
2026-01-22 20:16:15,018 [INFO] IPUIPlugin:80 - create IPUIPlugin
2026-01-22 20:16:15,018 [INFO] PluginManager:220 - loadIPPluginJar : add i2s
2026-01-22 20:16:15,060 [INFO] IPUIPlugin:80 - create IPUIPlugin
2026-01-22 20:16:15,060 [INFO] PluginManager:220 - loadIPPluginJar : add i3c
2026-01-22 20:16:15,157 [INFO] IPUIPlugin:80 - create IPUIPlugin
2026-01-22 20:16:15,157 [INFO] PluginManager:220 - loadIPPluginJar : add ipddr
2026-01-22 20:16:15,238 [INFO] IPUIPlugin:80 - create IPUIPlugin
2026-01-22 20:16:15,239 [INFO] PluginManager:220 - loadIPPluginJar : add linkedlist
2026-01-22 20:16:15,241 [INFO] IPUIPlugin:80 - create IPUIPlugin
2026-01-22 20:16:15,241 [INFO] PluginManager:220 - loadIPPluginJar : add lorawan
2026-01-22 20:16:15,278 [INFO] IPUIPlugin:80 - create IPUIPlugin
2026-01-22 20:16:15,278 [INFO] PluginManager:220 - loadIPPluginJar : add ltdc
2026-01-22 20:16:15,294 [INFO] IPUIPlugin:80 - create IPUIPlugin
2026-01-22 20:16:15,294 [INFO] PluginManager:220 - loadIPPluginJar : add mdma
2026-01-22 20:16:15,307 [INFO] IPUIPlugin:80 - create IPUIPlugin
2026-01-22 20:16:15,307 [INFO] PluginManager:220 - loadIPPluginJar : add nvic
2026-01-22 20:16:15,347 [INFO] IPUIPlugin:80 - create IPUIPlugin
2026-01-22 20:16:15,347 [INFO] PluginManager:220 - loadIPPluginJar : add opamp
2026-01-22 20:16:15,405 [INFO] IPUIPlugin:80 - create IPUIPlugin
2026-01-22 20:16:15,405 [INFO] PluginManager:220 - loadIPPluginJar : add openamp
2026-01-22 20:16:15,447 [INFO] IPUIPlugin:80 - create IPUIPlugin
2026-01-22 20:16:15,447 [INFO] PluginManager:220 - loadIPPluginJar : add pdm2pcm
2026-01-22 20:16:15,462 [INFO] IPUIPlugin:80 - create IPUIPlugin
2026-01-22 20:16:15,464 [INFO] PluginManager:220 - loadIPPluginJar : add plateformsettings
2026-01-22 20:16:15,467 [INFO] IPUIPlugin:80 - create IPUIPlugin
2026-01-22 20:16:15,467 [INFO] PluginManager:220 - loadIPPluginJar : add quadspi
2026-01-22 20:16:15,468 [INFO] IPUIPlugin:80 - create IPUIPlugin
2026-01-22 20:16:15,469 [INFO] PluginManager:220 - loadIPPluginJar : add radio
2026-01-22 20:16:15,484 [INFO] IPUIPlugin:80 - create IPUIPlugin
2026-01-22 20:16:15,485 [INFO] PluginManager:220 - loadIPPluginJar : add resmgrutility
2026-01-22 20:16:15,535 [INFO] IPUIPlugin:80 - create IPUIPlugin
2026-01-22 20:16:15,535 [INFO] PluginManager:220 - loadIPPluginJar : add sai
2026-01-22 20:16:15,577 [INFO] IPUIPlugin:80 - create IPUIPlugin
2026-01-22 20:16:15,577 [INFO] PluginManager:220 - loadIPPluginJar : add spi
2026-01-22 20:16:15,662 [INFO] IPUIPlugin:80 - create IPUIPlugin
2026-01-22 20:16:15,663 [INFO] PluginManager:220 - loadIPPluginJar : add stm32_wpan
2026-01-22 20:16:15,689 [INFO] IPUIPlugin:80 - create IPUIPlugin
2026-01-22 20:16:15,690 [INFO] PluginManager:220 - loadIPPluginJar : add tim
2026-01-22 20:16:15,744 [INFO] IPUIPlugin:80 - create IPUIPlugin
2026-01-22 20:16:15,745 [INFO] PluginManager:220 - loadIPPluginJar : add touchsensing
2026-01-22 20:16:15,748 [INFO] IPUIPlugin:80 - create IPUIPlugin
2026-01-22 20:16:15,748 [INFO] PluginManager:220 - loadIPPluginJar : add tracer_emb
2026-01-22 20:16:15,774 [INFO] IPUIPlugin:80 - create IPUIPlugin
2026-01-22 20:16:15,774 [INFO] PluginManager:220 - loadIPPluginJar : add ts
2026-01-22 20:16:15,799 [INFO] IPUIPlugin:80 - create IPUIPlugin
2026-01-22 20:16:15,799 [INFO] PluginManager:220 - loadIPPluginJar : add tsc
2026-01-22 20:16:15,825 [INFO] IPUIPlugin:80 - create IPUIPlugin
2026-01-22 20:16:15,825 [INFO] PluginManager:220 - loadIPPluginJar : add ucpd
2026-01-22 20:16:15,867 [INFO] IPUIPlugin:80 - create IPUIPlugin
2026-01-22 20:16:15,867 [INFO] PluginManager:220 - loadIPPluginJar : add usart
2026-01-22 20:16:15,909 [INFO] IPUIPlugin:80 - create IPUIPlugin
2026-01-22 20:16:15,909 [INFO] PluginManager:220 - loadIPPluginJar : add usbx
2026-01-22 20:16:16,024 [FATAL] Updater:351 - Updater called before beeing initialized
2026-01-22 20:16:16,054 [INFO] RulesReader:64 - Compatibility file has been processed (317 Rules)
2026-01-22 20:16:16,063 [INFO] RulesReader:64 - Compatibility file has been processed (317 Rules)
2026-01-22 20:16:16,069 [INFO] CADModel:165 - CPN selected for project level
2026-01-22 20:16:16,070 [INFO] CADModel:114 - Register for checkConnection events
2026-01-22 20:16:16,070 [FATAL] Updater:351 - Updater called before beeing initialized
2026-01-22 20:16:16,070 [ERROR] CADModel:125 - Updater not yet initialized, retry later 
2026-01-22 20:16:16,213 [FATAL] Updater:351 - Updater called before beeing initialized
2026-01-22 20:16:16,215 [INFO] CADModel:165 - CPN selected for project level
2026-01-22 20:16:16,215 [INFO] CADModel:114 - Register for checkConnection events
2026-01-22 20:16:16,215 [FATAL] Updater:351 - Updater called before beeing initialized
2026-01-22 20:16:16,215 [ERROR] CADModel:125 - Updater not yet initialized, retry later 
2026-01-22 20:16:16,218 [FATAL] Updater:351 - Updater called before beeing initialized
2026-01-22 20:16:16,308 [FATAL] Updater:351 - Updater called before beeing initialized
2026-01-22 20:16:16,312 [INFO] DbMcusAds:53 - JSON generation date=Thu Jan 08 21:26:32 IST 2026 (1767887792457)
2026-01-22 20:16:16,312 [FATAL] Updater:351 - Updater called before beeing initialized
2026-01-22 20:16:16,346 [WARN] DetailPanel:346 - Failed to get advertising image, set to default
2026-01-22 20:16:16,412 [FATAL] Updater:351 - Updater called before beeing initialized
2026-01-22 20:16:16,414 [FATAL] Updater:351 - Updater called before beeing initialized
2026-01-22 20:16:16,414 [FATAL] Updater:351 - Updater called before beeing initialized
2026-01-22 20:16:16,414 [WARN] DetailPanel:346 - Failed to get advertising image, set to default
2026-01-22 20:16:16,414 [FATAL] Updater:351 - Updater called before beeing initialized
2026-01-22 20:16:16,457 [ERROR] Updater:1198 - MainUpdater not yet initialized. External WinMGr cannot be set.
2026-01-22 20:16:16,459 [INFO] Updater:1134 - Updater Version found : 6.15.0
2026-01-22 20:16:16,474 [INFO] ApplicationProperties:184 - Using Application install path: C:\ST\STM32CubeIDE_1.19.0\STM32CubeIDE\plugins\com.st.stm32cube.common.mx_6.15.0.202507011659
2026-01-22 20:16:16,773 [INFO] ThirdPartyUpdaterWithRetryManager:70 - Updater plugin not ready yet. [2/15]
2026-01-22 20:16:16,797 [INFO] MainUpdater:2872 - connection check result : 10
2026-01-22 20:16:16,798 [INFO] MainUpdater:3604 - Updater definition file requires update
2026-01-22 20:16:16,798 [INFO] MainUpdater:289 - Updater Check For Update Now.
2026-01-22 20:16:16,799 [INFO] MicroXplorer:498 - Change Database Version : DB.6.0.150
2026-01-22 20:16:16,811 [INFO] McuFinderGlobals:63 - Set McuFinder mode to 2 (CubeIDE integrated)
2026-01-22 20:16:16,811 [INFO] UserAuth:171 - activating auth plugin
2026-01-22 20:16:16,814 [INFO] UserAuth:487 - Internet connection configuration mode: 1
2026-01-22 20:16:16,845 [INFO] JxBrowserEngine:152 - Initiate JxBrowser Engine with user profile folder
2026-01-22 20:16:16,864 [INFO] ServerAccessManage:452 - Complete download http(s) 200
2026-01-22 20:16:16,865 [INFO] ServerAccessManage:509 - Download File updaters.zip
2026-01-22 20:16:16,949 [INFO] FileExtend:248 - Unzip File : updaters.zip
2026-01-22 20:16:16,950 [INFO] FileExtend:263 - Standard Zip Deflate
2026-01-22 20:16:17,955 [INFO] ServerAccessManage:452 - Complete download http(s) 200
2026-01-22 20:16:17,955 [INFO] ServerAccessManage:509 - Download File PacksControlFlags.xml
2026-01-22 20:16:18,066 [INFO] ServerAccessManage:452 - Complete download http(s) 200
2026-01-22 20:16:18,067 [INFO] ServerAccessManage:509 - Download File cubemx.pidx
2026-01-22 20:16:19,064 [INFO] WebApp:169 - Instantiating new browser for Auth
2026-01-22 20:16:19,094 [INFO] ServerAccessManage:452 - Complete download http(s) 200
2026-01-22 20:16:19,095 [INFO] ServerAccessManage:509 - Download File STMicroelectronics.X-CUBE-NFC6.pdsc
2026-01-22 20:16:19,664 [INFO] ServerAccessManage:452 - Complete download http(s) 200
2026-01-22 20:16:19,664 [INFO] ServerAccessManage:509 - Download File STMicroelectronics.X-CUBE-STSE01.pdsc
2026-01-22 20:16:19,773 [WARN] MainUpdater:1193 - Updater busy. Cannot search thirdparties
2026-01-22 20:16:19,773 [INFO] ThirdPartyUpdaterWithRetryManager:96 - Updater plugin is busy. [1/15]
2026-01-22 20:16:19,842 [INFO] WebApp:463 - Apply proxy settings
2026-01-22 20:16:19,843 [INFO] WebApp:548 - Chromium requires no authentication
2026-01-22 20:16:19,853 [INFO] WebApp:491 - Direct internet connection detected
2026-01-22 20:16:19,885 [INFO] WebApp:900 - Register for checkConnection events
2026-01-22 20:16:19,885 [INFO] WebApp:463 - Apply proxy settings
2026-01-22 20:16:19,886 [INFO] WebApp:548 - Chromium requires no authentication
2026-01-22 20:16:19,886 [INFO] WebApp:491 - Direct internet connection detected
2026-01-22 20:16:20,109 [INFO] WebApp:191 - Connection restablished
2026-01-22 20:16:20,207 [INFO] WebApp:225 - Starting web application
2026-01-22 20:16:20,207 [INFO] WebApp:593 - Web application path used C:\ST\STM32CubeIDE_1.19.0\STM32CubeIDE\plugins\com.st.stm32cube.common.mx_6.15.0.202507011659\db\plugins\mcufinder\reactClient1\index.html
2026-01-22 20:16:22,774 [WARN] MainUpdater:1193 - Updater busy. Cannot search thirdparties
2026-01-22 20:16:22,774 [INFO] ThirdPartyUpdaterWithRetryManager:96 - Updater plugin is busy. [2/15]
2026-01-22 20:16:22,930 [INFO] ServerAccessManage:452 - Complete download http(s) 200
2026-01-22 20:16:22,930 [INFO] ServerAccessManage:509 - Download File Cesanta.I-CUBE-Mongoose.pdsc
2026-01-22 20:16:25,776 [WARN] MainUpdater:1193 - Updater busy. Cannot search thirdparties
2026-01-22 20:16:25,776 [INFO] ThirdPartyUpdaterWithRetryManager:96 - Updater plugin is busy. [3/15]
2026-01-22 20:16:26,825 [INFO] ServerAccessManage:452 - Complete download http(s) 200
2026-01-22 20:16:26,826 [INFO] ServerAccessManage:509 - Download File EmbeddedOffice.I-CUBE-FS-RTOS.pdsc
2026-01-22 20:16:28,702 [INFO] ServerAccessManage:452 - Complete download http(s) 200
2026-01-22 20:16:28,702 [INFO] ServerAccessManage:509 - Download File quantropi.X-CUBE-qispace-sdk-base.pdsc
2026-01-22 20:16:28,776 [WARN] MainUpdater:1193 - Updater busy. Cannot search thirdparties
2026-01-22 20:16:28,776 [INFO] ThirdPartyUpdaterWithRetryManager:96 - Updater plugin is busy. [4/15]
2026-01-22 20:16:30,049 [INFO] ServerAccessManage:452 - Complete download http(s) 200
2026-01-22 20:16:30,049 [INFO] ServerAccessManage:509 - Download File Avnet-IOTCONNECT.X-CUBE-iotc-st67-sdk.pdsc
2026-01-22 20:16:30,196 [WARN] PackLoader:240 - Cannot read IP mode file for STMicroelectronics.X-CUBE-NFC6.3.2.0
2026-01-22 20:16:30,211 [WARN] PackLoader:240 - Cannot read IP mode file for STMicroelectronics.X-CUBE-STSE01.2.0.0
2026-01-22 20:16:30,221 [WARN] PackLoader:240 - Cannot read IP mode file for Cesanta.I-CUBE-Mongoose.7.20.0
2026-01-22 20:16:30,234 [WARN] PackLoader:240 - Cannot read IP mode file for EmbeddedOffice.I-CUBE-FS-RTOS.1.0.1
2026-01-22 20:16:30,240 [WARN] ConditionMgr:438 - getConditionDescription Invalid condition id : Cortex-A Device cause : null
2026-01-22 20:16:30,264 [WARN] ConditionMgr:1044 - genDependencies : Invalid condition id : Cortex-A Device cause : null
2026-01-22 20:16:30,264 [WARN] ConditionMgr:1044 - genDependencies : Invalid condition id : Cortex-A Device cause : null
2026-01-22 20:16:30,264 [WARN] ConditionMgr:1044 - genDependencies : Invalid condition id : Cortex-A Device cause : null
2026-01-22 20:16:30,284 [INFO] PopulateThirdPartyThread:66 - Ending populate Thread
2026-01-22 20:16:30,285 [INFO] ThirdParty:1030 - CMSIS Pack Vendor :quantropi X-CUBE-qispace-sdk-base 2.1.0
2026-01-22 20:16:30,285 [INFO] ThirdParty:1030 - CMSIS Pack Vendor :Cesanta I-CUBE-Mongoose 7.20.0
2026-01-22 20:16:30,285 [INFO] ThirdParty:1030 - CMSIS Pack Vendor :EmbeddedOffice I-CUBE-FS-RTOS 1.0.1
2026-01-22 20:16:30,286 [INFO] ThirdParty:1030 - CMSIS Pack Vendor :STMicroelectronics X-CUBE-STSE01 2.0.0
2026-01-22 20:16:30,286 [INFO] ThirdParty:1030 - CMSIS Pack Vendor :Avnet-IOTCONNECT X-CUBE-iotc-st67-sdk 1.0.0
2026-01-22 20:16:30,286 [INFO] ThirdParty:1030 - CMSIS Pack Vendor :STMicroelectronics X-CUBE-NFC6 3.2.0
2026-01-22 20:16:30,286 [INFO] LoadServerUpdatesThread:375 - End of LoadServerUpdate Thread
2026-01-22 20:16:30,320 [INFO] CheckServerUpdateThread:120 - End of CheckServer Thread
2026-01-22 20:16:31,948 [WARN] PackLoader:240 - Cannot read IP mode file for STMicroelectronics.FP-SNS-MOTENVWB1.1.4.0
2026-01-22 20:16:31,954 [WARN] PackLoader:240 - Cannot read IP mode file for STMicroelectronics.FP-ATR-ASTRA1.2.0.2
2026-01-22 20:16:31,972 [WARN] PackLoader:240 - Cannot read IP mode file for STMicroelectronics.X-CUBE-SMBUS.2.1.0
2026-01-22 20:16:32,002 [WARN] PackLoader:240 - Cannot read IP mode file for STMicroelectronics.X-CUBE-AZRTOS-F7.1.1.0
2026-01-22 20:16:32,023 [WARN] PackLoader:240 - Cannot read IP mode file for STMicroelectronics.X-CUBE-DISPLAY.3.0.0
2026-01-22 20:16:32,043 [WARN] PackLoader:240 - Cannot read IP mode file for STMicroelectronics.X-CUBE-NFC10.1.0.0
2026-01-22 20:16:32,060 [WARN] PackLoader:240 - Cannot read IP mode file for STMicroelectronics.FP-SNS-SMARTAG2.1.2.0
2026-01-22 20:16:32,065 [WARN] PackLoader:240 - Cannot read IP mode file for STMicroelectronics.FP-SNS-FLIGHT1.5.1.0
2026-01-22 20:16:32,086 [INFO] LogOutputStream:77 - [STDOUT_REDIRECT] 1 : Invalid condition id : UX_CORESTACK_Condition cause : null
2026-01-22 20:16:32,087 [INFO] LogOutputStream:77 - [STDOUT_REDIRECT] 1 : Invalid condition id : UX_CORESTACK_Condition cause : null
2026-01-22 20:16:32,087 [INFO] LogOutputStream:77 - [STDOUT_REDIRECT] 1 : Invalid condition id : UX_CORESTACK_Condition cause : null
2026-01-22 20:16:32,088 [INFO] LogOutputStream:77 - [STDOUT_REDIRECT] 1 : Invalid condition id : UX_CORESTACK_Condition cause : null
2026-01-22 20:16:32,089 [INFO] LogOutputStream:77 - [STDOUT_REDIRECT] 1 : Invalid condition id : UX_CORESTACK_Condition cause : null
2026-01-22 20:16:32,091 [WARN] PackLoader:240 - Cannot read IP mode file for STMicroelectronics.X-CUBE-AZRTOS-WL.2.0.0
2026-01-22 20:16:32,110 [WARN] PackLoader:240 - Cannot read IP mode file for STMicroelectronics.X-CUBE-BLE2.3.3.0
2026-01-22 20:16:32,135 [WARN] PackLoader:240 - Cannot read IP mode file for STMicroelectronics.X-CUBE-NFC9.1.0.0
2026-01-22 20:16:32,152 [WARN] PackLoader:240 - Cannot read IP mode file for STMicroelectronics.X-CUBE-BLE1.7.1.0
2026-01-22 20:16:32,155 [WARN] PackLoader:240 - Cannot read IP mode file for Cesanta.I-CUBE-Mongoose.7.20.0
2026-01-22 20:16:32,178 [WARN] PackLoader:240 - Cannot read IP mode file for STMicroelectronics.X-CUBE-AZRTOS-G0.1.1.0
2026-01-22 20:16:32,197 [WARN] PackLoader:240 - Cannot read IP mode file for STMicroelectronics.X-CUBE-NFC4.3.0.0
2026-01-22 20:16:32,203 [WARN] PackLoader:240 - Cannot read IP mode file for EmbeddedOffice.I-CUBE-FS-RTOS.1.0.1
2026-01-22 20:16:32,219 [WARN] PackLoader:240 - Cannot read IP mode file for STMicroelectronics.X-CUBE-WB05N.2.0.0
2026-01-22 20:16:32,237 [WARN] PackLoader:240 - Cannot read IP mode file for STMicroelectronics.X-CUBE-TCPP.4.2.0
2026-01-22 20:16:32,256 [WARN] PackLoader:240 - Cannot read IP mode file for RealThread.X-CUBE-RT-Thread_Nano.4.1.1
2026-01-22 20:16:32,261 [WARN] PackLoader:240 - Cannot read IP mode file for STMicroelectronics.FP-ATR-SIGFOX1.3.2.0
2026-01-22 20:16:32,266 [WARN] PackLoader:240 - Cannot read IP mode file for STMicroelectronics.X-CUBE-NFC6.3.2.0
2026-01-22 20:16:32,298 [WARN] PackLoader:240 - Cannot read IP mode file for SEGGER.I-CUBE-embOS.1.3.1
2026-01-22 20:16:32,337 [WARN] PackLoader:240 - Cannot read IP mode file for STMicroelectronics.X-CUBE-ALGOBUILD.1.4.0
2026-01-22 20:16:32,353 [WARN] PackLoader:240 - Cannot read IP mode file for STMicroelectronics.X-CUBE-PM33A1.1.0.0
2026-01-22 20:16:32,380 [WARN] PackLoader:240 - Cannot read IP mode file for STMicroelectronics.X-CUBE-AZRTOS-F4.1.1.0
2026-01-22 20:16:32,399 [WARN] PackLoader:240 - Cannot read IP mode file for STMicroelectronics.X-CUBE-ISPU.2.1.0
2026-01-22 20:16:32,425 [WARN] PackLoader:240 - Cannot read IP mode file for STMicroelectronics.X-CUBE-AZRTOS-L5.2.0.0
2026-01-22 20:16:32,444 [WARN] PackLoader:240 - Cannot read IP mode file for STMicroelectronics.X-CUBE-NFC6.3.1.0
2026-01-22 20:16:32,462 [WARN] PackLoader:240 - Cannot read IP mode file for STMicroelectronics.X-CUBE-DPower.1.3.0
2026-01-22 20:16:32,490 [WARN] ConditionMgr:438 - getConditionDescription Invalid condition id : LAN8742 Phy interface Condition cause : null
2026-01-22 20:16:32,490 [WARN] PackLoader:240 - Cannot read IP mode file for STMicroelectronics.X-CUBE-AZRTOS-L4.2.0.0
2026-01-22 20:16:32,491 [WARN] ConditionMgr:1044 - genDependencies : Invalid condition id : LAN8742 Phy interface Condition cause : null
2026-01-22 20:16:32,491 [WARN] ConditionMgr:1044 - genDependencies : Invalid condition id : LAN8742 Phy interface Condition cause : null
2026-01-22 20:16:32,492 [WARN] ConditionMgr:1044 - genDependencies : Invalid condition id : LAN8742 Phy interface Condition cause : null
2026-01-22 20:16:32,510 [WARN] PackLoader:240 - Cannot read IP mode file for STMicroelectronics.X-CUBE-SFXS2LP1.4.0.0
2026-01-22 20:16:32,537 [WARN] ConditionMgr:438 - getConditionDescription Invalid condition id : UX DEVICE CLASS RTOS Condition cause : null
2026-01-22 20:16:32,537 [WARN] ConditionMgr:438 - getConditionDescription Invalid condition id : UX DEVICE CLASS RTOS Condition cause : null
2026-01-22 20:16:32,538 [WARN] PackLoader:240 - Cannot read IP mode file for STMicroelectronics.X-CUBE-AZRTOS-WB.2.0.0
2026-01-22 20:16:32,538 [WARN] ConditionMgr:1044 - genDependencies : Invalid condition id : UX DEVICE CLASS RTOS Condition cause : null
2026-01-22 20:16:32,538 [WARN] ConditionMgr:1044 - genDependencies : Invalid condition id : UX DEVICE CLASS RTOS Condition cause : null
2026-01-22 20:16:32,538 [WARN] ConditionMgr:1044 - genDependencies : Invalid condition id : UX DEVICE CLASS RTOS Condition cause : null
2026-01-22 20:16:32,539 [WARN] ConditionMgr:1044 - genDependencies : Invalid condition id : UX DEVICE CLASS RTOS Condition cause : null
2026-01-22 20:16:32,539 [WARN] ConditionMgr:1044 - genDependencies : Invalid condition id : UX DEVICE CLASS RTOS Condition cause : null
2026-01-22 20:16:32,542 [WARN] ConditionMgr:438 - getConditionDescription Invalid condition id : Cortex-A Device cause : null
2026-01-22 20:16:32,548 [WARN] ConditionMgr:1044 - genDependencies : Invalid condition id : Cortex-A Device cause : null
2026-01-22 20:16:32,549 [WARN] ConditionMgr:1044 - genDependencies : Invalid condition id : Cortex-A Device cause : null
2026-01-22 20:16:32,549 [WARN] ConditionMgr:1044 - genDependencies : Invalid condition id : Cortex-A Device cause : null
2026-01-22 20:16:32,553 [WARN] PackLoader:240 - Cannot read IP mode file for STMicroelectronics.X-CUBE-STSE01.2.0.0
2026-01-22 20:16:32,576 [WARN] PackLoader:240 - Cannot read IP mode file for STMicroelectronics.X-CUBE-SUBG2.5.0.0
2026-01-22 20:16:32,607 [WARN] PackLoader:240 - Cannot read IP mode file for STMicroelectronics.X-CUBE-AZRTOS-G4.2.0.0
2026-01-22 20:16:32,625 [WARN] PackLoader:240 - Cannot read IP mode file for STMicroelectronics.X-CUBE-NFC7.2.0.0
2026-01-22 20:16:32,641 [WARN] PackLoader:240 - Cannot read IP mode file for STMicroelectronics.X-CUBE-ALS.1.0.2
2026-01-22 20:16:32,657 [WARN] PackLoader:240 - Cannot read IP mode file for STMicroelectronics.X-CUBE-STSE01.1.0.0
2026-01-22 20:16:32,679 [WARN] PackLoader:240 - Cannot read IP mode file for STMicroelectronics.X-CUBE-TOF1.3.4.3
2026-01-22 20:16:32,685 [INFO] ThirdParty:978 - Integrity check success = true
2026-01-22 20:16:32,685 [INFO] IntegrityCheckThread:100 - exiting critical section [integrity check]
2026-01-22 20:16:32,685 [INFO] IntegrityCheckThread:103 - End integrity checks thread
2026-01-22 20:25:56,554 [INFO] WebApp:194 - Connection lost
2026-01-22 20:25:56,745 [INFO] WebApp:191 - Connection restablished
2026-01-22 20:56:43,633 [INFO] WebApp:194 - Connection lost
2026-01-22 20:56:57,343 [INFO] WebApp:191 - Connection restablished
2026-01-22 20:56:59,527 [INFO] WebApp:194 - Connection lost
2026-01-22 20:56:59,670 [INFO] WebApp:191 - Connection restablished
2026-01-22 20:57:01,539 [INFO] WebApp:194 - Connection lost
2026-01-22 20:57:01,684 [INFO] WebApp:191 - Connection restablished
2026-01-22 20:58:39,299 [INFO] WebApp:403 - JxBrowser engine has been closed 
2026-01-22 21:07:37,796 [INFO] Activator:176 - 


2026-01-22 21:07:37,798 [INFO] Activator:177 - !SESSION log4j initialized
2026-01-22 21:07:43,969 [INFO] LogOutputStream:77 - [STDOUT_REDIRECT] 
2026-01-22 21:07:45,410 [INFO] ApplicationProperties:184 - Using Application install path: C:\ST\STM32CubeIDE_1.19.0\STM32CubeIDE\plugins\com.st.stm32cube.common.mx_6.15.0.202507011659
2026-01-22 21:07:45,432 [INFO] DbMcusXml:78 - Set database path to: C:\ST\STM32CubeIDE_1.19.0\STM32CubeIDE\plugins\com.st.stm32cube.common.mx_6.15.0.202507011659\\db\/mcu/
2026-01-22 21:07:45,432 [INFO] ApiDb:274 - Set plugin database path to: C:\ST\STM32CubeIDE_1.19.0\STM32CubeIDE\plugins\com.st.stm32cube.common.mx_6.15.0.202507011659\\db\/plugins/boardmanager/
2026-01-22 21:07:45,432 [WARN] ApiDb:259 - Overriding images path with different value:  => C:\ST\STM32CubeIDE_1.19.0\STM32CubeIDE\plugins\com.st.stm32cube.common.mx_6.15.0.202507011659\\db\/plugins/mcufinder/images/
2026-01-22 21:07:45,441 [INFO] ApiDb:250 - Set database path to: C:\Users\user\.stmcufinder\plugins\mcufinder//mcu/
2026-01-22 21:07:45,443 [INFO] DbMcusAds:125 - Set database path to: C:\Users\user\.stmcufinder\plugins\mcufinder//mcu/
2026-01-22 21:07:45,445 [INFO] CrossReferenceDbSqlite:203 - Set database path to: C:\Users\user\.stmcufinder\plugins\mcufinder//mcu/cs/
2026-01-22 21:07:45,546 [INFO] RulesReader:64 - Compatibility file has been processed (317 Rules)
2026-01-22 21:07:45,620 [INFO] DbMcusXml:78 - Set database path to: C:\ST\STM32CubeIDE_1.19.0\STM32CubeIDE\plugins\com.st.stm32cube.common.mx_6.15.0.202507011659\\db\/mcu/
2026-01-22 21:07:45,620 [INFO] ApiDb:274 - Set plugin database path to: C:\ST\STM32CubeIDE_1.19.0\STM32CubeIDE\plugins\com.st.stm32cube.common.mx_6.15.0.202507011659\\db\/plugins/boardmanager/
2026-01-22 21:07:45,620 [INFO] ApiDb:261 - Set plugin images path to: C:\ST\STM32CubeIDE_1.19.0\STM32CubeIDE\plugins\com.st.stm32cube.common.mx_6.15.0.202507011659\\db\/plugins/mcufinder/images/
2026-01-22 21:07:45,622 [WARN] DbFile:41 - Overriding database path with different value: C:\Users\user\.stmcufinder\plugins\mcufinder/ => C:\Users\user\.stmcufinder\plugins\mcufinder
2026-01-22 21:07:45,622 [INFO] ApiDb:250 - Set database path to: C:\Users\user\.stmcufinder\plugins\mcufinder//mcu/
2026-01-22 21:07:45,622 [WARN] DbFile:41 - Overriding database path with different value: C:\Users\user\.stmcufinder\plugins\mcufinder/ => C:\Users\user\.stmcufinder\plugins\mcufinder
2026-01-22 21:07:45,622 [INFO] DbMcusAds:125 - Set database path to: C:\Users\user\.stmcufinder\plugins\mcufinder//mcu/
2026-01-22 21:07:45,622 [WARN] DbFile:41 - Overriding database path with different value: C:\Users\user\.stmcufinder\plugins\mcufinder/ => C:\Users\user\.stmcufinder\plugins\mcufinder
2026-01-22 21:07:45,622 [WARN] DbFile:41 - Overriding database path with different value: C:\Users\user\.stmcufinder\plugins\mcufinder/ => C:\Users\user\.stmcufinder\plugins\mcufinder
2026-01-22 21:07:45,622 [INFO] CrossReferenceDbSqlite:203 - Set database path to: C:\Users\user\.stmcufinder\plugins\mcufinder//mcu/cs/
2026-01-22 21:07:45,690 [INFO] MainPanel:274 - HeapMemory: 268435456
2026-01-22 21:07:45,787 [INFO] DbMcusXml:78 - Set database path to: C:\ST\STM32CubeIDE_1.19.0\STM32CubeIDE\plugins\com.st.stm32cube.common.mx_6.15.0.202507011659\\db\/mcu/
2026-01-22 21:07:45,788 [INFO] ApiDb:274 - Set plugin database path to: C:\ST\STM32CubeIDE_1.19.0\STM32CubeIDE\plugins\com.st.stm32cube.common.mx_6.15.0.202507011659\\db\/plugins/boardmanager/
2026-01-22 21:07:45,788 [INFO] ApiDb:261 - Set plugin images path to: C:\ST\STM32CubeIDE_1.19.0\STM32CubeIDE\plugins\com.st.stm32cube.common.mx_6.15.0.202507011659\\db\/plugins/mcufinder/images/
2026-01-22 21:07:45,788 [WARN] DbFile:41 - Overriding database path with different value: C:\Users\user\.stmcufinder\plugins\mcufinder/ => C:\Users\user\.stmcufinder\plugins\mcufinder
2026-01-22 21:07:45,788 [INFO] ApiDb:250 - Set database path to: C:\Users\user\.stmcufinder\plugins\mcufinder//mcu/
2026-01-22 21:07:45,788 [WARN] DbFile:41 - Overriding database path with different value: C:\Users\user\.stmcufinder\plugins\mcufinder/ => C:\Users\user\.stmcufinder\plugins\mcufinder
2026-01-22 21:07:45,788 [INFO] DbMcusAds:125 - Set database path to: C:\Users\user\.stmcufinder\plugins\mcufinder//mcu/
2026-01-22 21:07:45,788 [WARN] DbFile:41 - Overriding database path with different value: C:\Users\user\.stmcufinder\plugins\mcufinder/ => C:\Users\user\.stmcufinder\plugins\mcufinder
2026-01-22 21:07:45,788 [WARN] DbFile:41 - Overriding database path with different value: C:\Users\user\.stmcufinder\plugins\mcufinder/ => C:\Users\user\.stmcufinder\plugins\mcufinder
2026-01-22 21:07:45,788 [INFO] CrossReferenceDbSqlite:203 - Set database path to: C:\Users\user\.stmcufinder\plugins\mcufinder//mcu/cs/
2026-01-22 21:07:45,805 [INFO] ApplicationProperties:184 - Using Application install path: C:\ST\STM32CubeIDE_1.19.0\STM32CubeIDE\plugins\com.st.stm32cube.common.mx_6.15.0.202507011659
2026-01-22 21:07:45,806 [INFO] PluginManage:196 - Search for loadable plugins [exclusion list=, ]
2026-01-22 21:07:45,807 [INFO] PluginManage:310 - Check plugin analytics
2026-01-22 21:07:45,963 [INFO] AnalyticsPlugin:253 - Accepted Software Licenses: 
2026-01-22 21:07:45,963 [INFO] AnalyticsPlugin:255 - Accepted CMSIS Pack Licenses: 
2026-01-22 21:07:45,963 [INFO] AnalyticsPlugin:257 - Accepted Firmware Licenses: 
2026-01-22 21:07:45,965 [INFO] PluginManage:359 - Loaded plugin analytics (category:tool,tabindex:-1)
2026-01-22 21:07:45,965 [INFO] PluginManage:310 - Check plugin cadmodel
2026-01-22 21:07:45,984 [INFO] CADModel:105 - Init CAD model plugin
2026-01-22 21:07:45,985 [INFO] PluginManage:359 - Loaded plugin cadmodel (category:power,tabindex:5)
2026-01-22 21:07:45,985 [INFO] PluginManage:310 - Check plugin clock
2026-01-22 21:07:46,007 [INFO] PluginManage:359 - Loaded plugin clock (category:base,tabindex:2)
2026-01-22 21:07:46,007 [INFO] PluginManage:310 - Check plugin ddr
2026-01-22 21:07:46,009 [INFO] PluginManage:359 - Loaded plugin ddr (category:tool,tabindex:6)
2026-01-22 21:07:46,009 [INFO] PluginManage:310 - Check plugin filemanager
2026-01-22 21:07:46,140 [INFO] PluginManage:359 - Loaded plugin filemanager (category:base,tabindex:10)
2026-01-22 21:07:46,140 [INFO] PluginManage:310 - Check plugin ipmanager
2026-01-22 21:07:46,146 [INFO] PluginManage:359 - Loaded plugin ipmanager (category:base,tabindex:5)
2026-01-22 21:07:46,146 [INFO] PluginManage:310 - Check plugin lpbam
2026-01-22 21:07:46,164 [INFO] PluginManage:359 - Loaded plugin lpbam (category:base,tabindex:0)
2026-01-22 21:07:46,164 [INFO] PluginManage:310 - Check plugin memorymap
2026-01-22 21:07:46,188 [INFO] PluginManage:359 - Loaded plugin memorymap (category:base,tabindex:4)
2026-01-22 21:07:46,188 [INFO] PluginManage:310 - Check plugin pinoutandconfiguration
2026-01-22 21:07:46,207 [INFO] PluginManage:359 - Loaded plugin pinoutandconfiguration (category:base,tabindex:1)
2026-01-22 21:07:46,208 [INFO] PluginManage:310 - Check plugin pinoutconfig
2026-01-22 21:07:46,294 [WARN] SupportedApi:132 - Cannot load RTOS API schema: s4s-elt-must-match.1: The content of 'definitions' must match (annotation?, (simpleType | complexType)?, (unique | key | keyref)*)). A problem was found starting at: attribute.
2026-01-22 21:07:46,408 [INFO] PluginManage:359 - Loaded plugin pinoutconfig (category:base,tabindex:0)
2026-01-22 21:07:46,408 [INFO] PluginManage:310 - Check plugin power
2026-01-22 21:07:46,431 [INFO] PluginManage:359 - Loaded plugin power (category:power,tabindex:4)
2026-01-22 21:07:46,431 [INFO] PluginManage:310 - Check plugin projectmanager
2026-01-22 21:07:46,444 [INFO] PluginManage:359 - Loaded plugin projectmanager (category:projectmanager,tabindex:4)
2026-01-22 21:07:46,445 [INFO] PluginManage:310 - Check plugin rif
2026-01-22 21:07:46,465 [INFO] PluginManage:359 - Loaded plugin rif (category:base,tabindex:3)
2026-01-22 21:07:46,465 [INFO] PluginManage:310 - Check plugin thirdparty
2026-01-22 21:07:46,770 [INFO] PluginManage:359 - Loaded plugin thirdparty (category:base,tabindex:-1)
2026-01-22 21:07:46,770 [INFO] PluginManage:310 - Check plugin tools
2026-01-22 21:07:46,770 [WARN] IntegrityCheckThread:84 - waiting for thirdparty lock release [integrity check]
2026-01-22 21:07:46,771 [INFO] IntegrityCheckThread:86 - entering critical section [integrity check]
2026-01-22 21:07:46,771 [INFO] ThirdPartyUpdaterWithRetryManager:70 - Updater plugin not ready yet. [1/15]
2026-01-22 21:07:46,804 [INFO] PluginManage:359 - Loaded plugin tools (category:base,tabindex:7)
2026-01-22 21:07:46,804 [INFO] PluginManage:310 - Check plugin tutovideos
2026-01-22 21:07:46,988 [INFO] PluginManage:359 - Loaded plugin tutovideos (category:base,tabindex:-1)
2026-01-22 21:07:46,988 [INFO] PluginManage:310 - Check plugin updater
2026-01-22 21:07:47,006 [INFO] PluginManage:359 - Loaded plugin updater (category:base,tabindex:12)
2026-01-22 21:07:47,006 [INFO] PluginManage:310 - Check plugin userauth
2026-01-22 21:07:47,009 [INFO] UserAuth:118 - Init User Auth plugin
2026-01-22 21:07:47,010 [INFO] PluginManage:359 - Loaded plugin userauth (category:base,tabindex:14)
2026-01-22 21:07:47,010 [INFO] PluginManage:283 - PluginManage : Loaded plugins [18]
2026-01-22 21:07:47,189 [INFO] PinOutPanel:1589 - setPackage(No Configuration,No Configuration)
2026-01-22 21:07:47,262 [INFO] CADModel:165 - CPN selected for project level
2026-01-22 21:07:47,262 [INFO] CADModel:114 - Register for checkConnection events
2026-01-22 21:07:47,290 [INFO] IPUIPlugin:80 - create IPUIPlugin
2026-01-22 21:07:47,290 [INFO] PluginManager:220 - loadIPPluginJar : add adc
2026-01-22 21:07:47,331 [INFO] IPUIPlugin:80 - create IPUIPlugin
2026-01-22 21:07:47,331 [INFO] PluginManager:220 - loadIPPluginJar : add aes
2026-01-22 21:07:47,378 [INFO] IPUIPlugin:80 - create IPUIPlugin
2026-01-22 21:07:47,378 [INFO] PluginManager:220 - loadIPPluginJar : add can
2026-01-22 21:07:47,409 [INFO] IPUIPlugin:80 - create IPUIPlugin
2026-01-22 21:07:47,409 [INFO] PluginManager:220 - loadIPPluginJar : add comp
2026-01-22 21:07:47,442 [INFO] IPUIPlugin:80 - create IPUIPlugin
2026-01-22 21:07:47,442 [INFO] PluginManager:220 - loadIPPluginJar : add cryp
2026-01-22 21:07:47,457 [INFO] IPUIPlugin:80 - create IPUIPlugin
2026-01-22 21:07:47,457 [INFO] PluginManager:220 - loadIPPluginJar : add ddr_ctrl_phy
2026-01-22 21:07:47,484 [INFO] IPUIPlugin:80 - create IPUIPlugin
2026-01-22 21:07:47,485 [INFO] PluginManager:220 - loadIPPluginJar : add dfsdm
2026-01-22 21:07:47,501 [INFO] IPUIPlugin:80 - create IPUIPlugin
2026-01-22 21:07:47,501 [INFO] PluginManager:220 - loadIPPluginJar : add dma
2026-01-22 21:07:47,541 [INFO] IPUIPlugin:80 - create IPUIPlugin
2026-01-22 21:07:47,541 [INFO] PluginManager:220 - loadIPPluginJar : add dma3
2026-01-22 21:07:47,590 [INFO] IPUIPlugin:80 - create IPUIPlugin
2026-01-22 21:07:47,590 [INFO] PluginManager:220 - loadIPPluginJar : add extmemmanager
2026-01-22 21:07:47,612 [INFO] IPUIPlugin:80 - create IPUIPlugin
2026-01-22 21:07:47,612 [INFO] PluginManager:220 - loadIPPluginJar : add fatfs
2026-01-22 21:07:47,656 [INFO] IPUIPlugin:80 - create IPUIPlugin
2026-01-22 21:07:47,657 [INFO] PluginManager:220 - loadIPPluginJar : add fmc
2026-01-22 21:07:47,674 [INFO] IPUIPlugin:80 - create IPUIPlugin
2026-01-22 21:07:47,674 [INFO] PluginManager:220 - loadIPPluginJar : add freertos
2026-01-22 21:07:47,695 [INFO] IPUIPlugin:80 - create IPUIPlugin
2026-01-22 21:07:47,696 [INFO] PluginManager:220 - loadIPPluginJar : add genericplugin
2026-01-22 21:07:47,783 [INFO] IPUIPlugin:80 - create IPUIPlugin
2026-01-22 21:07:47,783 [INFO] PluginManager:220 - loadIPPluginJar : add gfxmmu
2026-01-22 21:07:47,895 [INFO] IPUIPlugin:80 - create IPUIPlugin
2026-01-22 21:07:47,895 [INFO] PluginManager:220 - loadIPPluginJar : add gic
2026-01-22 21:07:47,909 [INFO] IPUIPlugin:80 - create IPUIPlugin
2026-01-22 21:07:47,909 [INFO] PluginManager:220 - loadIPPluginJar : add gpio
2026-01-22 21:07:47,993 [INFO] IPUIPlugin:80 - create IPUIPlugin
2026-01-22 21:07:47,993 [INFO] PluginManager:220 - loadIPPluginJar : add gtzc
2026-01-22 21:07:48,025 [INFO] IPUIPlugin:80 - create IPUIPlugin
2026-01-22 21:07:48,025 [INFO] PluginManager:220 - loadIPPluginJar : add hash
2026-01-22 21:07:48,074 [INFO] IPUIPlugin:80 - create IPUIPlugin
2026-01-22 21:07:48,074 [INFO] PluginManager:220 - loadIPPluginJar : add i2c
2026-01-22 21:07:48,112 [INFO] IPUIPlugin:80 - create IPUIPlugin
2026-01-22 21:07:48,112 [INFO] PluginManager:220 - loadIPPluginJar : add i2s
2026-01-22 21:07:48,151 [INFO] IPUIPlugin:80 - create IPUIPlugin
2026-01-22 21:07:48,152 [INFO] PluginManager:220 - loadIPPluginJar : add i3c
2026-01-22 21:07:48,241 [INFO] IPUIPlugin:80 - create IPUIPlugin
2026-01-22 21:07:48,241 [INFO] PluginManager:220 - loadIPPluginJar : add ipddr
2026-01-22 21:07:48,321 [INFO] IPUIPlugin:80 - create IPUIPlugin
2026-01-22 21:07:48,322 [INFO] PluginManager:220 - loadIPPluginJar : add linkedlist
2026-01-22 21:07:48,356 [INFO] IPUIPlugin:80 - create IPUIPlugin
2026-01-22 21:07:48,356 [INFO] PluginManager:220 - loadIPPluginJar : add lorawan
2026-01-22 21:07:48,392 [INFO] IPUIPlugin:80 - create IPUIPlugin
2026-01-22 21:07:48,392 [INFO] PluginManager:220 - loadIPPluginJar : add ltdc
2026-01-22 21:07:48,408 [INFO] IPUIPlugin:80 - create IPUIPlugin
2026-01-22 21:07:48,408 [INFO] PluginManager:220 - loadIPPluginJar : add mdma
2026-01-22 21:07:48,422 [INFO] IPUIPlugin:80 - create IPUIPlugin
2026-01-22 21:07:48,422 [INFO] PluginManager:220 - loadIPPluginJar : add nvic
2026-01-22 21:07:48,459 [INFO] IPUIPlugin:80 - create IPUIPlugin
2026-01-22 21:07:48,460 [INFO] PluginManager:220 - loadIPPluginJar : add opamp
2026-01-22 21:07:48,516 [INFO] IPUIPlugin:80 - create IPUIPlugin
2026-01-22 21:07:48,516 [INFO] PluginManager:220 - loadIPPluginJar : add openamp
2026-01-22 21:07:48,556 [INFO] IPUIPlugin:80 - create IPUIPlugin
2026-01-22 21:07:48,557 [INFO] PluginManager:220 - loadIPPluginJar : add pdm2pcm
2026-01-22 21:07:48,572 [INFO] IPUIPlugin:80 - create IPUIPlugin
2026-01-22 21:07:48,573 [INFO] PluginManager:220 - loadIPPluginJar : add plateformsettings
2026-01-22 21:07:48,599 [INFO] IPUIPlugin:80 - create IPUIPlugin
2026-01-22 21:07:48,599 [INFO] PluginManager:220 - loadIPPluginJar : add quadspi
2026-01-22 21:07:48,625 [INFO] IPUIPlugin:80 - create IPUIPlugin
2026-01-22 21:07:48,626 [INFO] PluginManager:220 - loadIPPluginJar : add radio
2026-01-22 21:07:48,640 [INFO] IPUIPlugin:80 - create IPUIPlugin
2026-01-22 21:07:48,640 [INFO] PluginManager:220 - loadIPPluginJar : add resmgrutility
2026-01-22 21:07:48,684 [INFO] IPUIPlugin:80 - create IPUIPlugin
2026-01-22 21:07:48,684 [INFO] PluginManager:220 - loadIPPluginJar : add sai
2026-01-22 21:07:48,719 [INFO] IPUIPlugin:80 - create IPUIPlugin
2026-01-22 21:07:48,719 [INFO] PluginManager:220 - loadIPPluginJar : add spi
2026-01-22 21:07:48,791 [INFO] IPUIPlugin:80 - create IPUIPlugin
2026-01-22 21:07:48,791 [INFO] PluginManager:220 - loadIPPluginJar : add stm32_wpan
2026-01-22 21:07:48,817 [INFO] IPUIPlugin:80 - create IPUIPlugin
2026-01-22 21:07:48,817 [INFO] PluginManager:220 - loadIPPluginJar : add tim
2026-01-22 21:07:48,874 [INFO] IPUIPlugin:80 - create IPUIPlugin
2026-01-22 21:07:48,874 [INFO] PluginManager:220 - loadIPPluginJar : add touchsensing
2026-01-22 21:07:48,899 [INFO] IPUIPlugin:80 - create IPUIPlugin
2026-01-22 21:07:48,900 [INFO] PluginManager:220 - loadIPPluginJar : add tracer_emb
2026-01-22 21:07:48,926 [INFO] IPUIPlugin:80 - create IPUIPlugin
2026-01-22 21:07:48,926 [INFO] PluginManager:220 - loadIPPluginJar : add ts
2026-01-22 21:07:48,950 [INFO] IPUIPlugin:80 - create IPUIPlugin
2026-01-22 21:07:48,950 [INFO] PluginManager:220 - loadIPPluginJar : add tsc
2026-01-22 21:07:48,973 [INFO] IPUIPlugin:80 - create IPUIPlugin
2026-01-22 21:07:48,973 [INFO] PluginManager:220 - loadIPPluginJar : add ucpd
2026-01-22 21:07:49,016 [INFO] IPUIPlugin:80 - create IPUIPlugin
2026-01-22 21:07:49,016 [INFO] PluginManager:220 - loadIPPluginJar : add usart
2026-01-22 21:07:49,057 [INFO] IPUIPlugin:80 - create IPUIPlugin
2026-01-22 21:07:49,057 [INFO] PluginManager:220 - loadIPPluginJar : add usbx
2026-01-22 21:07:49,173 [FATAL] Updater:351 - Updater called before beeing initialized
2026-01-22 21:07:49,195 [INFO] RulesReader:64 - Compatibility file has been processed (317 Rules)
2026-01-22 21:07:49,205 [INFO] RulesReader:64 - Compatibility file has been processed (317 Rules)
2026-01-22 21:07:49,211 [INFO] CADModel:165 - CPN selected for project level
2026-01-22 21:07:49,211 [INFO] CADModel:114 - Register for checkConnection events
2026-01-22 21:07:49,211 [FATAL] Updater:351 - Updater called before beeing initialized
2026-01-22 21:07:49,211 [ERROR] CADModel:125 - Updater not yet initialized, retry later 
2026-01-22 21:07:49,352 [FATAL] Updater:351 - Updater called before beeing initialized
2026-01-22 21:07:49,355 [INFO] CADModel:165 - CPN selected for project level
2026-01-22 21:07:49,355 [INFO] CADModel:114 - Register for checkConnection events
2026-01-22 21:07:49,355 [FATAL] Updater:351 - Updater called before beeing initialized
2026-01-22 21:07:49,355 [ERROR] CADModel:125 - Updater not yet initialized, retry later 
2026-01-22 21:07:49,358 [FATAL] Updater:351 - Updater called before beeing initialized
2026-01-22 21:07:49,443 [FATAL] Updater:351 - Updater called before beeing initialized
2026-01-22 21:07:49,455 [INFO] DbMcusAds:53 - JSON generation date=Thu Jan 08 21:26:32 IST 2026 (1767887792457)
2026-01-22 21:07:49,455 [FATAL] Updater:351 - Updater called before beeing initialized
2026-01-22 21:07:49,487 [WARN] DetailPanel:346 - Failed to get advertising image, set to default
2026-01-22 21:07:49,551 [FATAL] Updater:351 - Updater called before beeing initialized
2026-01-22 21:07:49,552 [FATAL] Updater:351 - Updater called before beeing initialized
2026-01-22 21:07:49,552 [FATAL] Updater:351 - Updater called before beeing initialized
2026-01-22 21:07:49,552 [WARN] DetailPanel:346 - Failed to get advertising image, set to default
2026-01-22 21:07:49,553 [FATAL] Updater:351 - Updater called before beeing initialized
2026-01-22 21:07:49,605 [ERROR] Updater:1198 - MainUpdater not yet initialized. External WinMGr cannot be set.
2026-01-22 21:07:49,617 [INFO] Updater:1134 - Updater Version found : 6.15.0
2026-01-22 21:07:49,633 [INFO] ApplicationProperties:184 - Using Application install path: C:\ST\STM32CubeIDE_1.19.0\STM32CubeIDE\plugins\com.st.stm32cube.common.mx_6.15.0.202507011659
2026-01-22 21:07:49,773 [INFO] ThirdPartyUpdaterWithRetryManager:70 - Updater plugin not ready yet. [2/15]
2026-01-22 21:07:49,910 [INFO] MainUpdater:2872 - connection check result : 10
2026-01-22 21:07:49,910 [INFO] MainUpdater:289 - Updater Check For Update Now.
2026-01-22 21:07:49,910 [INFO] MicroXplorer:498 - Change Database Version : DB.6.0.150
2026-01-22 21:07:49,928 [INFO] McuFinderGlobals:63 - Set McuFinder mode to 2 (CubeIDE integrated)
2026-01-22 21:07:49,928 [INFO] UserAuth:171 - activating auth plugin
2026-01-22 21:07:49,931 [INFO] UserAuth:487 - Internet connection configuration mode: 1
2026-01-22 21:07:49,963 [INFO] JxBrowserEngine:152 - Initiate JxBrowser Engine with user profile folder
2026-01-22 21:07:50,103 [INFO] CheckServerUpdateThread:120 - End of CheckServer Thread
2026-01-22 21:07:51,341 [INFO] WebApp:169 - Instantiating new browser for Auth
2026-01-22 21:07:51,940 [INFO] WebApp:463 - Apply proxy settings
2026-01-22 21:07:51,940 [INFO] WebApp:548 - Chromium requires no authentication
2026-01-22 21:07:51,949 [INFO] WebApp:491 - Direct internet connection detected
2026-01-22 21:07:51,974 [INFO] WebApp:900 - Register for checkConnection events
2026-01-22 21:07:51,974 [INFO] WebApp:463 - Apply proxy settings
2026-01-22 21:07:51,974 [INFO] WebApp:548 - Chromium requires no authentication
2026-01-22 21:07:51,975 [INFO] WebApp:491 - Direct internet connection detected
2026-01-22 21:07:52,135 [INFO] WebApp:225 - Starting web application
2026-01-22 21:07:52,135 [INFO] WebApp:593 - Web application path used C:\ST\STM32CubeIDE_1.19.0\STM32CubeIDE\plugins\com.st.stm32cube.common.mx_6.15.0.202507011659\db\plugins\mcufinder\reactClient1\index.html
2026-01-22 21:07:52,232 [INFO] WebApp:191 - Connection restablished
2026-01-22 21:07:52,957 [WARN] PackLoader:240 - Cannot read IP mode file for STMicroelectronics.FP-SNS-MOTENVWB1.1.4.0
2026-01-22 21:07:52,975 [WARN] PackLoader:240 - Cannot read IP mode file for STMicroelectronics.FP-ATR-ASTRA1.2.0.2
2026-01-22 21:07:52,993 [WARN] PackLoader:240 - Cannot read IP mode file for STMicroelectronics.X-CUBE-SMBUS.2.1.0
2026-01-22 21:07:53,029 [WARN] PackLoader:240 - Cannot read IP mode file for STMicroelectronics.X-CUBE-AZRTOS-F7.1.1.0
2026-01-22 21:07:53,050 [WARN] PackLoader:240 - Cannot read IP mode file for STMicroelectronics.X-CUBE-DISPLAY.3.0.0
2026-01-22 21:07:53,074 [WARN] PackLoader:240 - Cannot read IP mode file for STMicroelectronics.X-CUBE-NFC10.1.0.0
2026-01-22 21:07:53,092 [WARN] PackLoader:240 - Cannot read IP mode file for STMicroelectronics.FP-SNS-SMARTAG2.1.2.0
2026-01-22 21:07:53,110 [WARN] PackLoader:240 - Cannot read IP mode file for STMicroelectronics.FP-SNS-FLIGHT1.5.1.0
2026-01-22 21:07:53,130 [INFO] LogOutputStream:77 - [STDOUT_REDIRECT] 1 : Invalid condition id : UX_CORESTACK_Condition cause : null
2026-01-22 21:07:53,131 [INFO] LogOutputStream:77 - [STDOUT_REDIRECT] 1 : Invalid condition id : UX_CORESTACK_Condition cause : null
2026-01-22 21:07:53,132 [INFO] LogOutputStream:77 - [STDOUT_REDIRECT] 1 : Invalid condition id : UX_CORESTACK_Condition cause : null
2026-01-22 21:07:53,132 [INFO] LogOutputStream:77 - [STDOUT_REDIRECT] 1 : Invalid condition id : UX_CORESTACK_Condition cause : null
2026-01-22 21:07:53,133 [INFO] LogOutputStream:77 - [STDOUT_REDIRECT] 1 : Invalid condition id : UX_CORESTACK_Condition cause : null
2026-01-22 21:07:53,136 [WARN] PackLoader:240 - Cannot read IP mode file for STMicroelectronics.X-CUBE-AZRTOS-WL.2.0.0
2026-01-22 21:07:53,159 [WARN] PackLoader:240 - Cannot read IP mode file for STMicroelectronics.X-CUBE-BLE2.3.3.0
2026-01-22 21:07:53,212 [WARN] PackLoader:240 - Cannot read IP mode file for STMicroelectronics.X-CUBE-NFC9.1.0.0
2026-01-22 21:07:53,229 [WARN] PackLoader:240 - Cannot read IP mode file for STMicroelectronics.X-CUBE-BLE1.7.1.0
2026-01-22 21:07:53,247 [WARN] PackLoader:240 - Cannot read IP mode file for Cesanta.I-CUBE-Mongoose.7.20.0
2026-01-22 21:07:53,281 [WARN] PackLoader:240 - Cannot read IP mode file for STMicroelectronics.X-CUBE-AZRTOS-G0.1.1.0
2026-01-22 21:07:53,305 [WARN] PackLoader:240 - Cannot read IP mode file for STMicroelectronics.X-CUBE-NFC4.3.0.0
2026-01-22 21:07:53,347 [WARN] PackLoader:240 - Cannot read IP mode file for EmbeddedOffice.I-CUBE-FS-RTOS.1.0.1
2026-01-22 21:07:53,368 [WARN] PackLoader:240 - Cannot read IP mode file for STMicroelectronics.X-CUBE-WB05N.2.0.0
2026-01-22 21:07:53,384 [WARN] PackLoader:240 - Cannot read IP mode file for STMicroelectronics.X-CUBE-TCPP.4.2.0
2026-01-22 21:07:53,402 [WARN] PackLoader:240 - Cannot read IP mode file for RealThread.X-CUBE-RT-Thread_Nano.4.1.1
2026-01-22 21:07:53,419 [WARN] PackLoader:240 - Cannot read IP mode file for STMicroelectronics.FP-ATR-SIGFOX1.3.2.0
2026-01-22 21:07:53,438 [WARN] PackLoader:240 - Cannot read IP mode file for STMicroelectronics.X-CUBE-NFC6.3.2.0
2026-01-22 21:07:53,474 [WARN] PackLoader:240 - Cannot read IP mode file for SEGGER.I-CUBE-embOS.1.3.1
2026-01-22 21:07:53,516 [WARN] PackLoader:240 - Cannot read IP mode file for STMicroelectronics.X-CUBE-ALGOBUILD.1.4.0
2026-01-22 21:07:53,534 [WARN] PackLoader:240 - Cannot read IP mode file for STMicroelectronics.X-CUBE-PM33A1.1.0.0
2026-01-22 21:07:53,564 [WARN] PackLoader:240 - Cannot read IP mode file for STMicroelectronics.X-CUBE-AZRTOS-F4.1.1.0
2026-01-22 21:07:53,582 [WARN] PackLoader:240 - Cannot read IP mode file for STMicroelectronics.X-CUBE-ISPU.2.1.0
2026-01-22 21:07:53,609 [WARN] PackLoader:240 - Cannot read IP mode file for STMicroelectronics.X-CUBE-AZRTOS-L5.2.0.0
2026-01-22 21:07:53,625 [WARN] PackLoader:240 - Cannot read IP mode file for STMicroelectronics.X-CUBE-NFC6.3.1.0
2026-01-22 21:07:53,642 [WARN] PackLoader:240 - Cannot read IP mode file for STMicroelectronics.X-CUBE-DPower.1.3.0
2026-01-22 21:07:53,672 [WARN] ConditionMgr:438 - getConditionDescription Invalid condition id : LAN8742 Phy interface Condition cause : null
2026-01-22 21:07:53,673 [WARN] PackLoader:240 - Cannot read IP mode file for STMicroelectronics.X-CUBE-AZRTOS-L4.2.0.0
2026-01-22 21:07:53,673 [WARN] ConditionMgr:1044 - genDependencies : Invalid condition id : LAN8742 Phy interface Condition cause : null
2026-01-22 21:07:53,674 [WARN] ConditionMgr:1044 - genDependencies : Invalid condition id : LAN8742 Phy interface Condition cause : null
2026-01-22 21:07:53,674 [WARN] ConditionMgr:1044 - genDependencies : Invalid condition id : LAN8742 Phy interface Condition cause : null
2026-01-22 21:07:53,693 [WARN] PackLoader:240 - Cannot read IP mode file for STMicroelectronics.X-CUBE-SFXS2LP1.4.0.0
2026-01-22 21:07:53,718 [WARN] ConditionMgr:438 - getConditionDescription Invalid condition id : UX DEVICE CLASS RTOS Condition cause : null
2026-01-22 21:07:53,718 [WARN] ConditionMgr:438 - getConditionDescription Invalid condition id : UX DEVICE CLASS RTOS Condition cause : null
2026-01-22 21:07:53,719 [WARN] PackLoader:240 - Cannot read IP mode file for STMicroelectronics.X-CUBE-AZRTOS-WB.2.0.0
2026-01-22 21:07:53,719 [WARN] ConditionMgr:1044 - genDependencies : Invalid condition id : UX DEVICE CLASS RTOS Condition cause : null
2026-01-22 21:07:53,719 [WARN] ConditionMgr:1044 - genDependencies : Invalid condition id : UX DEVICE CLASS RTOS Condition cause : null
2026-01-22 21:07:53,719 [WARN] ConditionMgr:1044 - genDependencies : Invalid condition id : UX DEVICE CLASS RTOS Condition cause : null
2026-01-22 21:07:53,719 [WARN] ConditionMgr:1044 - genDependencies : Invalid condition id : UX DEVICE CLASS RTOS Condition cause : null
2026-01-22 21:07:53,719 [WARN] ConditionMgr:1044 - genDependencies : Invalid condition id : UX DEVICE CLASS RTOS Condition cause : null
2026-01-22 21:07:53,736 [WARN] ConditionMgr:438 - getConditionDescription Invalid condition id : Cortex-A Device cause : null
2026-01-22 21:07:53,756 [WARN] ConditionMgr:1044 - genDependencies : Invalid condition id : Cortex-A Device cause : null
2026-01-22 21:07:53,757 [WARN] ConditionMgr:1044 - genDependencies : Invalid condition id : Cortex-A Device cause : null
2026-01-22 21:07:53,757 [WARN] ConditionMgr:1044 - genDependencies : Invalid condition id : Cortex-A Device cause : null
2026-01-22 21:07:53,775 [WARN] PackLoader:240 - Cannot read IP mode file for STMicroelectronics.X-CUBE-STSE01.2.0.0
2026-01-22 21:07:53,795 [WARN] PackLoader:240 - Cannot read IP mode file for STMicroelectronics.X-CUBE-SUBG2.5.0.0
2026-01-22 21:07:53,824 [WARN] PackLoader:240 - Cannot read IP mode file for STMicroelectronics.X-CUBE-AZRTOS-G4.2.0.0
2026-01-22 21:07:53,842 [WARN] PackLoader:240 - Cannot read IP mode file for STMicroelectronics.X-CUBE-NFC7.2.0.0
2026-01-22 21:07:53,863 [WARN] PackLoader:240 - Cannot read IP mode file for STMicroelectronics.X-CUBE-ALS.1.0.2
2026-01-22 21:07:53,883 [WARN] PackLoader:240 - Cannot read IP mode file for STMicroelectronics.X-CUBE-STSE01.1.0.0
2026-01-22 21:07:53,907 [WARN] PackLoader:240 - Cannot read IP mode file for STMicroelectronics.X-CUBE-TOF1.3.4.3
2026-01-22 21:07:53,914 [INFO] ThirdParty:978 - Integrity check success = true
2026-01-22 21:07:53,914 [INFO] IntegrityCheckThread:100 - exiting critical section [integrity check]
2026-01-22 21:07:53,914 [INFO] IntegrityCheckThread:103 - End integrity checks thread
2026-01-22 22:01:39,419 [ERROR] LogOutputStream:75 - [STDERR_REDIRECT] 
2026-01-22 22:04:55,122 [INFO] Activator:176 - 


2026-01-22 22:04:55,124 [INFO] Activator:177 - !SESSION log4j initialized
2026-01-22 22:04:59,105 [INFO] LogOutputStream:77 - [STDOUT_REDIRECT] 
2026-01-22 22:04:59,687 [INFO] ApplicationProperties:184 - Using Application install path: C:\ST\STM32CubeIDE_1.19.0\STM32CubeIDE\plugins\com.st.stm32cube.common.mx_6.15.0.202507011659
2026-01-22 22:04:59,699 [INFO] DbMcusXml:78 - Set database path to: C:\ST\STM32CubeIDE_1.19.0\STM32CubeIDE\plugins\com.st.stm32cube.common.mx_6.15.0.202507011659\\db\/mcu/
2026-01-22 22:04:59,699 [INFO] ApiDb:274 - Set plugin database path to: C:\ST\STM32CubeIDE_1.19.0\STM32CubeIDE\plugins\com.st.stm32cube.common.mx_6.15.0.202507011659\\db\/plugins/boardmanager/
2026-01-22 22:04:59,699 [WARN] ApiDb:259 - Overriding images path with different value:  => C:\ST\STM32CubeIDE_1.19.0\STM32CubeIDE\plugins\com.st.stm32cube.common.mx_6.15.0.202507011659\\db\/plugins/mcufinder/images/
2026-01-22 22:04:59,703 [INFO] ApiDb:250 - Set database path to: C:\Users\user\.stmcufinder\plugins\mcufinder//mcu/
2026-01-22 22:04:59,703 [INFO] DbMcusAds:125 - Set database path to: C:\Users\user\.stmcufinder\plugins\mcufinder//mcu/
2026-01-22 22:04:59,705 [INFO] CrossReferenceDbSqlite:203 - Set database path to: C:\Users\user\.stmcufinder\plugins\mcufinder//mcu/cs/
2026-01-22 22:04:59,789 [INFO] RulesReader:64 - Compatibility file has been processed (317 Rules)
2026-01-22 22:04:59,860 [INFO] DbMcusXml:78 - Set database path to: C:\ST\STM32CubeIDE_1.19.0\STM32CubeIDE\plugins\com.st.stm32cube.common.mx_6.15.0.202507011659\\db\/mcu/
2026-01-22 22:04:59,860 [INFO] ApiDb:274 - Set plugin database path to: C:\ST\STM32CubeIDE_1.19.0\STM32CubeIDE\plugins\com.st.stm32cube.common.mx_6.15.0.202507011659\\db\/plugins/boardmanager/
2026-01-22 22:04:59,860 [INFO] ApiDb:261 - Set plugin images path to: C:\ST\STM32CubeIDE_1.19.0\STM32CubeIDE\plugins\com.st.stm32cube.common.mx_6.15.0.202507011659\\db\/plugins/mcufinder/images/
2026-01-22 22:04:59,860 [WARN] DbFile:41 - Overriding database path with different value: C:\Users\user\.stmcufinder\plugins\mcufinder/ => C:\Users\user\.stmcufinder\plugins\mcufinder
2026-01-22 22:04:59,860 [INFO] ApiDb:250 - Set database path to: C:\Users\user\.stmcufinder\plugins\mcufinder//mcu/
2026-01-22 22:04:59,861 [WARN] DbFile:41 - Overriding database path with different value: C:\Users\user\.stmcufinder\plugins\mcufinder/ => C:\Users\user\.stmcufinder\plugins\mcufinder
2026-01-22 22:04:59,861 [INFO] DbMcusAds:125 - Set database path to: C:\Users\user\.stmcufinder\plugins\mcufinder//mcu/
2026-01-22 22:04:59,861 [WARN] DbFile:41 - Overriding database path with different value: C:\Users\user\.stmcufinder\plugins\mcufinder/ => C:\Users\user\.stmcufinder\plugins\mcufinder
2026-01-22 22:04:59,861 [WARN] DbFile:41 - Overriding database path with different value: C:\Users\user\.stmcufinder\plugins\mcufinder/ => C:\Users\user\.stmcufinder\plugins\mcufinder
2026-01-22 22:04:59,861 [INFO] CrossReferenceDbSqlite:203 - Set database path to: C:\Users\user\.stmcufinder\plugins\mcufinder//mcu/cs/
2026-01-22 22:04:59,912 [INFO] MainPanel:274 - HeapMemory: 268435456
2026-01-22 22:04:59,969 [INFO] DbMcusXml:78 - Set database path to: C:\ST\STM32CubeIDE_1.19.0\STM32CubeIDE\plugins\com.st.stm32cube.common.mx_6.15.0.202507011659\\db\/mcu/
2026-01-22 22:04:59,969 [INFO] ApiDb:274 - Set plugin database path to: C:\ST\STM32CubeIDE_1.19.0\STM32CubeIDE\plugins\com.st.stm32cube.common.mx_6.15.0.202507011659\\db\/plugins/boardmanager/
2026-01-22 22:04:59,969 [INFO] ApiDb:261 - Set plugin images path to: C:\ST\STM32CubeIDE_1.19.0\STM32CubeIDE\plugins\com.st.stm32cube.common.mx_6.15.0.202507011659\\db\/plugins/mcufinder/images/
2026-01-22 22:04:59,970 [WARN] DbFile:41 - Overriding database path with different value: C:\Users\user\.stmcufinder\plugins\mcufinder/ => C:\Users\user\.stmcufinder\plugins\mcufinder
2026-01-22 22:04:59,970 [INFO] ApiDb:250 - Set database path to: C:\Users\user\.stmcufinder\plugins\mcufinder//mcu/
2026-01-22 22:04:59,970 [WARN] DbFile:41 - Overriding database path with different value: C:\Users\user\.stmcufinder\plugins\mcufinder/ => C:\Users\user\.stmcufinder\plugins\mcufinder
2026-01-22 22:04:59,970 [INFO] DbMcusAds:125 - Set database path to: C:\Users\user\.stmcufinder\plugins\mcufinder//mcu/
2026-01-22 22:04:59,970 [WARN] DbFile:41 - Overriding database path with different value: C:\Users\user\.stmcufinder\plugins\mcufinder/ => C:\Users\user\.stmcufinder\plugins\mcufinder
2026-01-22 22:04:59,970 [WARN] DbFile:41 - Overriding database path with different value: C:\Users\user\.stmcufinder\plugins\mcufinder/ => C:\Users\user\.stmcufinder\plugins\mcufinder
2026-01-22 22:04:59,970 [INFO] CrossReferenceDbSqlite:203 - Set database path to: C:\Users\user\.stmcufinder\plugins\mcufinder//mcu/cs/
2026-01-22 22:04:59,983 [INFO] ApplicationProperties:184 - Using Application install path: C:\ST\STM32CubeIDE_1.19.0\STM32CubeIDE\plugins\com.st.stm32cube.common.mx_6.15.0.202507011659
2026-01-22 22:04:59,984 [INFO] PluginManage:196 - Search for loadable plugins [exclusion list=, ]
2026-01-22 22:04:59,985 [INFO] PluginManage:310 - Check plugin analytics
2026-01-22 22:05:00,124 [INFO] AnalyticsPlugin:253 - Accepted Software Licenses: 
2026-01-22 22:05:00,124 [INFO] AnalyticsPlugin:255 - Accepted CMSIS Pack Licenses: 
2026-01-22 22:05:00,125 [INFO] AnalyticsPlugin:257 - Accepted Firmware Licenses: 
2026-01-22 22:05:00,127 [INFO] PluginManage:359 - Loaded plugin analytics (category:tool,tabindex:-1)
2026-01-22 22:05:00,127 [INFO] PluginManage:310 - Check plugin cadmodel
2026-01-22 22:05:00,130 [INFO] CADModel:105 - Init CAD model plugin
2026-01-22 22:05:00,130 [INFO] PluginManage:359 - Loaded plugin cadmodel (category:power,tabindex:5)
2026-01-22 22:05:00,130 [INFO] PluginManage:310 - Check plugin clock
2026-01-22 22:05:00,137 [INFO] PluginManage:359 - Loaded plugin clock (category:base,tabindex:2)
2026-01-22 22:05:00,137 [INFO] PluginManage:310 - Check plugin ddr
2026-01-22 22:05:00,139 [INFO] PluginManage:359 - Loaded plugin ddr (category:tool,tabindex:6)
2026-01-22 22:05:00,139 [INFO] PluginManage:310 - Check plugin filemanager
2026-01-22 22:05:00,244 [INFO] PluginManage:359 - Loaded plugin filemanager (category:base,tabindex:10)
2026-01-22 22:05:00,244 [INFO] PluginManage:310 - Check plugin ipmanager
2026-01-22 22:05:00,250 [INFO] PluginManage:359 - Loaded plugin ipmanager (category:base,tabindex:5)
2026-01-22 22:05:00,250 [INFO] PluginManage:310 - Check plugin lpbam
2026-01-22 22:05:00,256 [INFO] PluginManage:359 - Loaded plugin lpbam (category:base,tabindex:0)
2026-01-22 22:05:00,256 [INFO] PluginManage:310 - Check plugin memorymap
2026-01-22 22:05:00,264 [INFO] PluginManage:359 - Loaded plugin memorymap (category:base,tabindex:4)
2026-01-22 22:05:00,264 [INFO] PluginManage:310 - Check plugin pinoutandconfiguration
2026-01-22 22:05:00,269 [INFO] PluginManage:359 - Loaded plugin pinoutandconfiguration (category:base,tabindex:1)
2026-01-22 22:05:00,269 [INFO] PluginManage:310 - Check plugin pinoutconfig
2026-01-22 22:05:00,328 [WARN] SupportedApi:132 - Cannot load RTOS API schema: s4s-elt-must-match.1: The content of 'definitions' must match (annotation?, (simpleType | complexType)?, (unique | key | keyref)*)). A problem was found starting at: attribute.
2026-01-22 22:05:00,418 [INFO] PluginManage:359 - Loaded plugin pinoutconfig (category:base,tabindex:0)
2026-01-22 22:05:00,418 [INFO] PluginManage:310 - Check plugin power
2026-01-22 22:05:00,424 [INFO] PluginManage:359 - Loaded plugin power (category:power,tabindex:4)
2026-01-22 22:05:00,424 [INFO] PluginManage:310 - Check plugin projectmanager
2026-01-22 22:05:00,435 [INFO] PluginManage:359 - Loaded plugin projectmanager (category:projectmanager,tabindex:4)
2026-01-22 22:05:00,436 [INFO] PluginManage:310 - Check plugin rif
2026-01-22 22:05:00,443 [INFO] PluginManage:359 - Loaded plugin rif (category:base,tabindex:3)
2026-01-22 22:05:00,443 [INFO] PluginManage:310 - Check plugin thirdparty
2026-01-22 22:05:00,541 [INFO] PluginManage:359 - Loaded plugin thirdparty (category:base,tabindex:-1)
2026-01-22 22:05:00,541 [WARN] IntegrityCheckThread:84 - waiting for thirdparty lock release [integrity check]
2026-01-22 22:05:00,541 [INFO] PluginManage:310 - Check plugin tools
2026-01-22 22:05:00,541 [INFO] IntegrityCheckThread:86 - entering critical section [integrity check]
2026-01-22 22:05:00,542 [INFO] ThirdPartyUpdaterWithRetryManager:70 - Updater plugin not ready yet. [1/15]
2026-01-22 22:05:00,544 [INFO] PluginManage:359 - Loaded plugin tools (category:base,tabindex:7)
2026-01-22 22:05:00,544 [INFO] PluginManage:310 - Check plugin tutovideos
2026-01-22 22:05:00,681 [INFO] PluginManage:359 - Loaded plugin tutovideos (category:base,tabindex:-1)
2026-01-22 22:05:00,681 [INFO] PluginManage:310 - Check plugin updater
2026-01-22 22:05:00,697 [INFO] PluginManage:359 - Loaded plugin updater (category:base,tabindex:12)
2026-01-22 22:05:00,697 [INFO] PluginManage:310 - Check plugin userauth
2026-01-22 22:05:00,699 [INFO] UserAuth:118 - Init User Auth plugin
2026-01-22 22:05:00,706 [INFO] PluginManage:359 - Loaded plugin userauth (category:base,tabindex:14)
2026-01-22 22:05:00,707 [INFO] PluginManage:283 - PluginManage : Loaded plugins [18]
2026-01-22 22:05:00,859 [INFO] PinOutPanel:1589 - setPackage(No Configuration,No Configuration)
2026-01-22 22:05:00,929 [INFO] CADModel:165 - CPN selected for project level
2026-01-22 22:05:00,930 [INFO] CADModel:114 - Register for checkConnection events
2026-01-22 22:05:00,943 [INFO] IPUIPlugin:80 - create IPUIPlugin
2026-01-22 22:05:00,943 [INFO] PluginManager:220 - loadIPPluginJar : add adc
2026-01-22 22:05:00,945 [INFO] IPUIPlugin:80 - create IPUIPlugin
2026-01-22 22:05:00,945 [INFO] PluginManager:220 - loadIPPluginJar : add aes
2026-01-22 22:05:00,947 [INFO] IPUIPlugin:80 - create IPUIPlugin
2026-01-22 22:05:00,948 [INFO] PluginManager:220 - loadIPPluginJar : add can
2026-01-22 22:05:00,949 [INFO] IPUIPlugin:80 - create IPUIPlugin
2026-01-22 22:05:00,949 [INFO] PluginManager:220 - loadIPPluginJar : add comp
2026-01-22 22:05:00,950 [INFO] IPUIPlugin:80 - create IPUIPlugin
2026-01-22 22:05:00,950 [INFO] PluginManager:220 - loadIPPluginJar : add cryp
2026-01-22 22:05:00,952 [INFO] IPUIPlugin:80 - create IPUIPlugin
2026-01-22 22:05:00,952 [INFO] PluginManager:220 - loadIPPluginJar : add ddr_ctrl_phy
2026-01-22 22:05:00,954 [INFO] IPUIPlugin:80 - create IPUIPlugin
2026-01-22 22:05:00,954 [INFO] PluginManager:220 - loadIPPluginJar : add dfsdm
2026-01-22 22:05:00,959 [INFO] IPUIPlugin:80 - create IPUIPlugin
2026-01-22 22:05:00,959 [INFO] PluginManager:220 - loadIPPluginJar : add dma
2026-01-22 22:05:00,961 [INFO] IPUIPlugin:80 - create IPUIPlugin
2026-01-22 22:05:00,961 [INFO] PluginManager:220 - loadIPPluginJar : add dma3
2026-01-22 22:05:00,963 [INFO] IPUIPlugin:80 - create IPUIPlugin
2026-01-22 22:05:00,963 [INFO] PluginManager:220 - loadIPPluginJar : add extmemmanager
2026-01-22 22:05:00,965 [INFO] IPUIPlugin:80 - create IPUIPlugin
2026-01-22 22:05:00,965 [INFO] PluginManager:220 - loadIPPluginJar : add fatfs
2026-01-22 22:05:00,968 [INFO] IPUIPlugin:80 - create IPUIPlugin
2026-01-22 22:05:00,968 [INFO] PluginManager:220 - loadIPPluginJar : add fmc
2026-01-22 22:05:00,972 [INFO] IPUIPlugin:80 - create IPUIPlugin
2026-01-22 22:05:00,973 [INFO] PluginManager:220 - loadIPPluginJar : add freertos
2026-01-22 22:05:00,974 [INFO] IPUIPlugin:80 - create IPUIPlugin
2026-01-22 22:05:00,974 [INFO] PluginManager:220 - loadIPPluginJar : add genericplugin
2026-01-22 22:05:00,975 [INFO] IPUIPlugin:80 - create IPUIPlugin
2026-01-22 22:05:00,975 [INFO] PluginManager:220 - loadIPPluginJar : add gfxmmu
2026-01-22 22:05:00,979 [INFO] IPUIPlugin:80 - create IPUIPlugin
2026-01-22 22:05:00,979 [INFO] PluginManager:220 - loadIPPluginJar : add gic
2026-01-22 22:05:00,982 [INFO] IPUIPlugin:80 - create IPUIPlugin
2026-01-22 22:05:00,982 [INFO] PluginManager:220 - loadIPPluginJar : add gpio
2026-01-22 22:05:00,985 [INFO] IPUIPlugin:80 - create IPUIPlugin
2026-01-22 22:05:00,985 [INFO] PluginManager:220 - loadIPPluginJar : add gtzc
2026-01-22 22:05:00,987 [INFO] IPUIPlugin:80 - create IPUIPlugin
2026-01-22 22:05:00,987 [INFO] PluginManager:220 - loadIPPluginJar : add hash
2026-01-22 22:05:00,990 [INFO] IPUIPlugin:80 - create IPUIPlugin
2026-01-22 22:05:00,990 [INFO] PluginManager:220 - loadIPPluginJar : add i2c
2026-01-22 22:05:00,992 [INFO] IPUIPlugin:80 - create IPUIPlugin
2026-01-22 22:05:00,992 [INFO] PluginManager:220 - loadIPPluginJar : add i2s
2026-01-22 22:05:00,994 [INFO] IPUIPlugin:80 - create IPUIPlugin
2026-01-22 22:05:00,994 [INFO] PluginManager:220 - loadIPPluginJar : add i3c
2026-01-22 22:05:00,997 [INFO] IPUIPlugin:80 - create IPUIPlugin
2026-01-22 22:05:00,997 [INFO] PluginManager:220 - loadIPPluginJar : add ipddr
2026-01-22 22:05:01,002 [INFO] IPUIPlugin:80 - create IPUIPlugin
2026-01-22 22:05:01,002 [INFO] PluginManager:220 - loadIPPluginJar : add linkedlist
2026-01-22 22:05:01,005 [INFO] IPUIPlugin:80 - create IPUIPlugin
2026-01-22 22:05:01,005 [INFO] PluginManager:220 - loadIPPluginJar : add lorawan
2026-01-22 22:05:01,006 [INFO] IPUIPlugin:80 - create IPUIPlugin
2026-01-22 22:05:01,006 [INFO] PluginManager:220 - loadIPPluginJar : add ltdc
2026-01-22 22:05:01,010 [INFO] IPUIPlugin:80 - create IPUIPlugin
2026-01-22 22:05:01,011 [INFO] PluginManager:220 - loadIPPluginJar : add mdma
2026-01-22 22:05:01,014 [INFO] IPUIPlugin:80 - create IPUIPlugin
2026-01-22 22:05:01,014 [INFO] PluginManager:220 - loadIPPluginJar : add nvic
2026-01-22 22:05:01,016 [INFO] IPUIPlugin:80 - create IPUIPlugin
2026-01-22 22:05:01,016 [INFO] PluginManager:220 - loadIPPluginJar : add opamp
2026-01-22 22:05:01,019 [INFO] IPUIPlugin:80 - create IPUIPlugin
2026-01-22 22:05:01,019 [INFO] PluginManager:220 - loadIPPluginJar : add openamp
2026-01-22 22:05:01,021 [INFO] IPUIPlugin:80 - create IPUIPlugin
2026-01-22 22:05:01,021 [INFO] PluginManager:220 - loadIPPluginJar : add pdm2pcm
2026-01-22 22:05:01,026 [INFO] IPUIPlugin:80 - create IPUIPlugin
2026-01-22 22:05:01,028 [INFO] PluginManager:220 - loadIPPluginJar : add plateformsettings
2026-01-22 22:05:01,030 [INFO] IPUIPlugin:80 - create IPUIPlugin
2026-01-22 22:05:01,030 [INFO] PluginManager:220 - loadIPPluginJar : add quadspi
2026-01-22 22:05:01,031 [INFO] IPUIPlugin:80 - create IPUIPlugin
2026-01-22 22:05:01,032 [INFO] PluginManager:220 - loadIPPluginJar : add radio
2026-01-22 22:05:01,034 [INFO] IPUIPlugin:80 - create IPUIPlugin
2026-01-22 22:05:01,034 [INFO] PluginManager:220 - loadIPPluginJar : add resmgrutility
2026-01-22 22:05:01,038 [INFO] IPUIPlugin:80 - create IPUIPlugin
2026-01-22 22:05:01,038 [INFO] PluginManager:220 - loadIPPluginJar : add sai
2026-01-22 22:05:01,040 [INFO] IPUIPlugin:80 - create IPUIPlugin
2026-01-22 22:05:01,040 [INFO] PluginManager:220 - loadIPPluginJar : add spi
2026-01-22 22:05:01,045 [INFO] IPUIPlugin:80 - create IPUIPlugin
2026-01-22 22:05:01,045 [INFO] PluginManager:220 - loadIPPluginJar : add stm32_wpan
2026-01-22 22:05:01,047 [INFO] IPUIPlugin:80 - create IPUIPlugin
2026-01-22 22:05:01,047 [INFO] PluginManager:220 - loadIPPluginJar : add tim
2026-01-22 22:05:01,050 [INFO] IPUIPlugin:80 - create IPUIPlugin
2026-01-22 22:05:01,050 [INFO] PluginManager:220 - loadIPPluginJar : add touchsensing
2026-01-22 22:05:01,052 [INFO] IPUIPlugin:80 - create IPUIPlugin
2026-01-22 22:05:01,053 [INFO] PluginManager:220 - loadIPPluginJar : add tracer_emb
2026-01-22 22:05:01,054 [INFO] IPUIPlugin:80 - create IPUIPlugin
2026-01-22 22:05:01,054 [INFO] PluginManager:220 - loadIPPluginJar : add ts
2026-01-22 22:05:01,056 [INFO] IPUIPlugin:80 - create IPUIPlugin
2026-01-22 22:05:01,056 [INFO] PluginManager:220 - loadIPPluginJar : add tsc
2026-01-22 22:05:01,058 [INFO] IPUIPlugin:80 - create IPUIPlugin
2026-01-22 22:05:01,059 [INFO] PluginManager:220 - loadIPPluginJar : add ucpd
2026-01-22 22:05:01,061 [INFO] IPUIPlugin:80 - create IPUIPlugin
2026-01-22 22:05:01,061 [INFO] PluginManager:220 - loadIPPluginJar : add usart
2026-01-22 22:05:01,064 [INFO] IPUIPlugin:80 - create IPUIPlugin
2026-01-22 22:05:01,064 [INFO] PluginManager:220 - loadIPPluginJar : add usbx
2026-01-22 22:05:01,180 [FATAL] Updater:351 - Updater called before beeing initialized
2026-01-22 22:05:01,200 [INFO] RulesReader:64 - Compatibility file has been processed (317 Rules)
2026-01-22 22:05:01,209 [INFO] RulesReader:64 - Compatibility file has been processed (317 Rules)
2026-01-22 22:05:01,216 [INFO] CADModel:165 - CPN selected for project level
2026-01-22 22:05:01,216 [INFO] CADModel:114 - Register for checkConnection events
2026-01-22 22:05:01,216 [FATAL] Updater:351 - Updater called before beeing initialized
2026-01-22 22:05:01,217 [ERROR] CADModel:125 - Updater not yet initialized, retry later 
2026-01-22 22:05:01,344 [FATAL] Updater:351 - Updater called before beeing initialized
2026-01-22 22:05:01,345 [INFO] CADModel:165 - CPN selected for project level
2026-01-22 22:05:01,345 [INFO] CADModel:114 - Register for checkConnection events
2026-01-22 22:05:01,345 [FATAL] Updater:351 - Updater called before beeing initialized
2026-01-22 22:05:01,345 [ERROR] CADModel:125 - Updater not yet initialized, retry later 
2026-01-22 22:05:01,347 [FATAL] Updater:351 - Updater called before beeing initialized
2026-01-22 22:05:01,419 [FATAL] Updater:351 - Updater called before beeing initialized
2026-01-22 22:05:01,422 [INFO] DbMcusAds:53 - JSON generation date=Thu Jan 08 21:26:32 IST 2026 (1767887792457)
2026-01-22 22:05:01,422 [FATAL] Updater:351 - Updater called before beeing initialized
2026-01-22 22:05:01,445 [WARN] DetailPanel:346 - Failed to get advertising image, set to default
2026-01-22 22:05:01,509 [FATAL] Updater:351 - Updater called before beeing initialized
2026-01-22 22:05:01,511 [FATAL] Updater:351 - Updater called before beeing initialized
2026-01-22 22:05:01,511 [FATAL] Updater:351 - Updater called before beeing initialized
2026-01-22 22:05:01,511 [WARN] DetailPanel:346 - Failed to get advertising image, set to default
2026-01-22 22:05:01,512 [FATAL] Updater:351 - Updater called before beeing initialized
2026-01-22 22:05:01,545 [ERROR] Updater:1198 - MainUpdater not yet initialized. External WinMGr cannot be set.
2026-01-22 22:05:01,546 [INFO] Updater:1134 - Updater Version found : 6.15.0
2026-01-22 22:05:01,559 [INFO] ApplicationProperties:184 - Using Application install path: C:\ST\STM32CubeIDE_1.19.0\STM32CubeIDE\plugins\com.st.stm32cube.common.mx_6.15.0.202507011659
2026-01-22 22:05:01,749 [INFO] MainUpdater:2872 - connection check result : 10
2026-01-22 22:05:01,750 [INFO] MainUpdater:289 - Updater Check For Update Now.
2026-01-22 22:05:01,750 [INFO] MicroXplorer:498 - Change Database Version : DB.6.0.150
2026-01-22 22:05:01,755 [INFO] McuFinderGlobals:63 - Set McuFinder mode to 2 (CubeIDE integrated)
2026-01-22 22:05:01,755 [INFO] UserAuth:171 - activating auth plugin
2026-01-22 22:05:01,757 [INFO] UserAuth:487 - Internet connection configuration mode: 1
2026-01-22 22:05:01,773 [INFO] JxBrowserEngine:152 - Initiate JxBrowser Engine with user profile folder
2026-01-22 22:05:01,926 [INFO] CheckServerUpdateThread:120 - End of CheckServer Thread
2026-01-22 22:05:02,209 [INFO] WebApp:169 - Instantiating new browser for Auth
2026-01-22 22:05:02,691 [INFO] WebApp:463 - Apply proxy settings
2026-01-22 22:05:02,692 [INFO] WebApp:548 - Chromium requires no authentication
2026-01-22 22:05:02,698 [INFO] WebApp:491 - Direct internet connection detected
2026-01-22 22:05:02,716 [INFO] WebApp:900 - Register for checkConnection events
2026-01-22 22:05:02,716 [INFO] WebApp:463 - Apply proxy settings
2026-01-22 22:05:02,717 [INFO] WebApp:548 - Chromium requires no authentication
2026-01-22 22:05:02,717 [INFO] WebApp:491 - Direct internet connection detected
2026-01-22 22:05:02,831 [INFO] WebApp:225 - Starting web application
2026-01-22 22:05:02,831 [INFO] WebApp:593 - Web application path used C:\ST\STM32CubeIDE_1.19.0\STM32CubeIDE\plugins\com.st.stm32cube.common.mx_6.15.0.202507011659\db\plugins\mcufinder\reactClient1\index.html
2026-01-22 22:05:02,992 [INFO] WebApp:191 - Connection restablished
2026-01-22 22:05:03,686 [WARN] PackLoader:240 - Cannot read IP mode file for STMicroelectronics.FP-SNS-MOTENVWB1.1.4.0
2026-01-22 22:05:03,693 [WARN] PackLoader:240 - Cannot read IP mode file for STMicroelectronics.FP-ATR-ASTRA1.2.0.2
2026-01-22 22:05:03,701 [WARN] PackLoader:240 - Cannot read IP mode file for STMicroelectronics.X-CUBE-SMBUS.2.1.0
2026-01-22 22:05:03,723 [WARN] PackLoader:240 - Cannot read IP mode file for STMicroelectronics.X-CUBE-AZRTOS-F7.1.1.0
2026-01-22 22:05:03,734 [WARN] PackLoader:240 - Cannot read IP mode file for STMicroelectronics.X-CUBE-DISPLAY.3.0.0
2026-01-22 22:05:03,746 [WARN] PackLoader:240 - Cannot read IP mode file for STMicroelectronics.X-CUBE-NFC10.1.0.0
2026-01-22 22:05:03,752 [WARN] PackLoader:240 - Cannot read IP mode file for STMicroelectronics.FP-SNS-SMARTAG2.1.2.0
2026-01-22 22:05:03,756 [WARN] PackLoader:240 - Cannot read IP mode file for STMicroelectronics.FP-SNS-FLIGHT1.5.1.0
2026-01-22 22:05:03,766 [INFO] LogOutputStream:77 - [STDOUT_REDIRECT] 1 : Invalid condition id : UX_CORESTACK_Condition cause : null
2026-01-22 22:05:03,766 [INFO] LogOutputStream:77 - [STDOUT_REDIRECT] 1 : Invalid condition id : UX_CORESTACK_Condition cause : null
2026-01-22 22:05:03,767 [INFO] LogOutputStream:77 - [STDOUT_REDIRECT] 1 : Invalid condition id : UX_CORESTACK_Condition cause : null
2026-01-22 22:05:03,767 [INFO] LogOutputStream:77 - [STDOUT_REDIRECT] 1 : Invalid condition id : UX_CORESTACK_Condition cause : null
2026-01-22 22:05:03,768 [INFO] LogOutputStream:77 - [STDOUT_REDIRECT] 1 : Invalid condition id : UX_CORESTACK_Condition cause : null
2026-01-22 22:05:03,771 [WARN] PackLoader:240 - Cannot read IP mode file for STMicroelectronics.X-CUBE-AZRTOS-WL.2.0.0
2026-01-22 22:05:03,777 [WARN] PackLoader:240 - Cannot read IP mode file for STMicroelectronics.X-CUBE-BLE2.3.3.0
2026-01-22 22:05:03,796 [WARN] PackLoader:240 - Cannot read IP mode file for STMicroelectronics.X-CUBE-NFC9.1.0.0
2026-01-22 22:05:03,802 [WARN] PackLoader:240 - Cannot read IP mode file for STMicroelectronics.X-CUBE-BLE1.7.1.0
2026-01-22 22:05:03,806 [WARN] PackLoader:240 - Cannot read IP mode file for Cesanta.I-CUBE-Mongoose.7.20.0
2026-01-22 22:05:03,815 [WARN] PackLoader:240 - Cannot read IP mode file for STMicroelectronics.X-CUBE-AZRTOS-G0.1.1.0
2026-01-22 22:05:03,822 [WARN] PackLoader:240 - Cannot read IP mode file for STMicroelectronics.X-CUBE-NFC4.3.0.0
2026-01-22 22:05:03,831 [WARN] PackLoader:240 - Cannot read IP mode file for EmbeddedOffice.I-CUBE-FS-RTOS.1.0.1
2026-01-22 22:05:03,836 [WARN] PackLoader:240 - Cannot read IP mode file for STMicroelectronics.X-CUBE-WB05N.2.0.0
2026-01-22 22:05:03,840 [WARN] PackLoader:240 - Cannot read IP mode file for STMicroelectronics.X-CUBE-TCPP.4.2.0
2026-01-22 22:05:03,846 [WARN] PackLoader:240 - Cannot read IP mode file for RealThread.X-CUBE-RT-Thread_Nano.4.1.1
2026-01-22 22:05:03,850 [WARN] PackLoader:240 - Cannot read IP mode file for STMicroelectronics.FP-ATR-SIGFOX1.3.2.0
2026-01-22 22:05:03,856 [WARN] PackLoader:240 - Cannot read IP mode file for STMicroelectronics.X-CUBE-NFC6.3.2.0
2026-01-22 22:05:03,885 [WARN] PackLoader:240 - Cannot read IP mode file for SEGGER.I-CUBE-embOS.1.3.1
2026-01-22 22:05:03,921 [WARN] PackLoader:240 - Cannot read IP mode file for STMicroelectronics.X-CUBE-ALGOBUILD.1.4.0
2026-01-22 22:05:03,943 [WARN] PackLoader:240 - Cannot read IP mode file for STMicroelectronics.X-CUBE-PM33A1.1.0.0
2026-01-22 22:05:03,962 [WARN] PackLoader:240 - Cannot read IP mode file for STMicroelectronics.X-CUBE-AZRTOS-F4.1.1.0
2026-01-22 22:05:03,971 [WARN] PackLoader:240 - Cannot read IP mode file for STMicroelectronics.X-CUBE-ISPU.2.1.0
2026-01-22 22:05:03,988 [WARN] PackLoader:240 - Cannot read IP mode file for STMicroelectronics.X-CUBE-AZRTOS-L5.2.0.0
2026-01-22 22:05:03,997 [WARN] PackLoader:240 - Cannot read IP mode file for STMicroelectronics.X-CUBE-NFC6.3.1.0
2026-01-22 22:05:04,003 [WARN] PackLoader:240 - Cannot read IP mode file for STMicroelectronics.X-CUBE-DPower.1.3.0
2026-01-22 22:05:04,014 [WARN] ConditionMgr:438 - getConditionDescription Invalid condition id : LAN8742 Phy interface Condition cause : null
2026-01-22 22:05:04,015 [WARN] PackLoader:240 - Cannot read IP mode file for STMicroelectronics.X-CUBE-AZRTOS-L4.2.0.0
2026-01-22 22:05:04,015 [WARN] ConditionMgr:1044 - genDependencies : Invalid condition id : LAN8742 Phy interface Condition cause : null
2026-01-22 22:05:04,015 [WARN] ConditionMgr:1044 - genDependencies : Invalid condition id : LAN8742 Phy interface Condition cause : null
2026-01-22 22:05:04,016 [WARN] ConditionMgr:1044 - genDependencies : Invalid condition id : LAN8742 Phy interface Condition cause : null
2026-01-22 22:05:04,021 [WARN] PackLoader:240 - Cannot read IP mode file for STMicroelectronics.X-CUBE-SFXS2LP1.4.0.0
2026-01-22 22:05:04,029 [WARN] ConditionMgr:438 - getConditionDescription Invalid condition id : UX DEVICE CLASS RTOS Condition cause : null
2026-01-22 22:05:04,029 [WARN] ConditionMgr:438 - getConditionDescription Invalid condition id : UX DEVICE CLASS RTOS Condition cause : null
2026-01-22 22:05:04,031 [WARN] PackLoader:240 - Cannot read IP mode file for STMicroelectronics.X-CUBE-AZRTOS-WB.2.0.0
2026-01-22 22:05:04,031 [WARN] ConditionMgr:1044 - genDependencies : Invalid condition id : UX DEVICE CLASS RTOS Condition cause : null
2026-01-22 22:05:04,031 [WARN] ConditionMgr:1044 - genDependencies : Invalid condition id : UX DEVICE CLASS RTOS Condition cause : null
2026-01-22 22:05:04,031 [WARN] ConditionMgr:1044 - genDependencies : Invalid condition id : UX DEVICE CLASS RTOS Condition cause : null
2026-01-22 22:05:04,032 [WARN] ConditionMgr:1044 - genDependencies : Invalid condition id : UX DEVICE CLASS RTOS Condition cause : null
2026-01-22 22:05:04,032 [WARN] ConditionMgr:1044 - genDependencies : Invalid condition id : UX DEVICE CLASS RTOS Condition cause : null
2026-01-22 22:05:04,036 [WARN] ConditionMgr:438 - getConditionDescription Invalid condition id : Cortex-A Device cause : null
2026-01-22 22:05:04,044 [WARN] ConditionMgr:1044 - genDependencies : Invalid condition id : Cortex-A Device cause : null
2026-01-22 22:05:04,044 [WARN] ConditionMgr:1044 - genDependencies : Invalid condition id : Cortex-A Device cause : null
2026-01-22 22:05:04,044 [WARN] ConditionMgr:1044 - genDependencies : Invalid condition id : Cortex-A Device cause : null
2026-01-22 22:05:04,048 [WARN] PackLoader:240 - Cannot read IP mode file for STMicroelectronics.X-CUBE-STSE01.2.0.0
2026-01-22 22:05:04,056 [WARN] PackLoader:240 - Cannot read IP mode file for STMicroelectronics.X-CUBE-SUBG2.5.0.0
2026-01-22 22:05:04,068 [WARN] PackLoader:240 - Cannot read IP mode file for STMicroelectronics.X-CUBE-AZRTOS-G4.2.0.0
2026-01-22 22:05:04,075 [WARN] PackLoader:240 - Cannot read IP mode file for STMicroelectronics.X-CUBE-NFC7.2.0.0
2026-01-22 22:05:04,078 [WARN] PackLoader:240 - Cannot read IP mode file for STMicroelectronics.X-CUBE-ALS.1.0.2
2026-01-22 22:05:04,082 [WARN] PackLoader:240 - Cannot read IP mode file for STMicroelectronics.X-CUBE-STSE01.1.0.0
2026-01-22 22:05:04,092 [WARN] PackLoader:240 - Cannot read IP mode file for STMicroelectronics.X-CUBE-TOF1.3.4.3
2026-01-22 22:05:04,101 [INFO] ThirdParty:978 - Integrity check success = true
2026-01-22 22:05:04,101 [INFO] IntegrityCheckThread:100 - exiting critical section [integrity check]
2026-01-22 22:05:04,102 [INFO] IntegrityCheckThread:103 - End integrity checks thread
2026-01-22 22:05:12,796 [ERROR] LogOutputStream:75 - [STDERR_REDIRECT] 
