2026-01-17 21:20:17,877 [INFO] Activator:176 - 


2026-01-17 21:20:17,879 [INFO] Activator:177 - !SESSION log4j initialized
2026-01-17 21:20:20,478 [INFO] LogOutputStream:77 - [STDOUT_REDIRECT] 
2026-01-17 21:20:21,932 [INFO] ApplicationProperties:184 - Using Application install path: C:\ST\STM32CubeIDE_1.19.0\STM32CubeIDE\plugins\com.st.stm32cube.common.mx_6.15.0.202507011659
2026-01-17 21:20:21,946 [INFO] DbMcusXml:78 - Set database path to: C:\ST\STM32CubeIDE_1.19.0\STM32CubeIDE\plugins\com.st.stm32cube.common.mx_6.15.0.202507011659\\db\/mcu/
2026-01-17 21:20:21,947 [INFO] ApiDb:274 - Set plugin database path to: C:\ST\STM32CubeIDE_1.19.0\STM32CubeIDE\plugins\com.st.stm32cube.common.mx_6.15.0.202507011659\\db\/plugins/boardmanager/
2026-01-17 21:20:21,947 [WARN] ApiDb:259 - Overriding images path with different value:  => C:\ST\STM32CubeIDE_1.19.0\STM32CubeIDE\plugins\com.st.stm32cube.common.mx_6.15.0.202507011659\\db\/plugins/mcufinder/images/
2026-01-17 21:20:21,952 [INFO] ApiDb:250 - Set database path to: C:\Users\user\.stmcufinder\plugins\mcufinder//mcu/
2026-01-17 21:20:21,953 [INFO] DbMcusAds:125 - Set database path to: C:\Users\user\.stmcufinder\plugins\mcufinder//mcu/
2026-01-17 21:20:21,955 [INFO] CrossReferenceDbSqlite:203 - Set database path to: C:\Users\user\.stmcufinder\plugins\mcufinder//mcu/cs/
2026-01-17 21:20:22,052 [INFO] RulesReader:64 - Compatibility file has been processed (317 Rules)
2026-01-17 21:20:22,115 [INFO] DbMcusXml:78 - Set database path to: C:\ST\STM32CubeIDE_1.19.0\STM32CubeIDE\plugins\com.st.stm32cube.common.mx_6.15.0.202507011659\\db\/mcu/
2026-01-17 21:20:22,115 [INFO] ApiDb:274 - Set plugin database path to: C:\ST\STM32CubeIDE_1.19.0\STM32CubeIDE\plugins\com.st.stm32cube.common.mx_6.15.0.202507011659\\db\/plugins/boardmanager/
2026-01-17 21:20:22,115 [INFO] ApiDb:261 - Set plugin images path to: C:\ST\STM32CubeIDE_1.19.0\STM32CubeIDE\plugins\com.st.stm32cube.common.mx_6.15.0.202507011659\\db\/plugins/mcufinder/images/
2026-01-17 21:20:22,115 [WARN] DbFile:41 - Overriding database path with different value: C:\Users\user\.stmcufinder\plugins\mcufinder/ => C:\Users\user\.stmcufinder\plugins\mcufinder
2026-01-17 21:20:22,117 [INFO] ApiDb:250 - Set database path to: C:\Users\user\.stmcufinder\plugins\mcufinder//mcu/
2026-01-17 21:20:22,117 [WARN] DbFile:41 - Overriding database path with different value: C:\Users\user\.stmcufinder\plugins\mcufinder/ => C:\Users\user\.stmcufinder\plugins\mcufinder
2026-01-17 21:20:22,117 [INFO] DbMcusAds:125 - Set database path to: C:\Users\user\.stmcufinder\plugins\mcufinder//mcu/
2026-01-17 21:20:22,117 [WARN] DbFile:41 - Overriding database path with different value: C:\Users\user\.stmcufinder\plugins\mcufinder/ => C:\Users\user\.stmcufinder\plugins\mcufinder
2026-01-17 21:20:22,117 [WARN] DbFile:41 - Overriding database path with different value: C:\Users\user\.stmcufinder\plugins\mcufinder/ => C:\Users\user\.stmcufinder\plugins\mcufinder
2026-01-17 21:20:22,117 [INFO] CrossReferenceDbSqlite:203 - Set database path to: C:\Users\user\.stmcufinder\plugins\mcufinder//mcu/cs/
2026-01-17 21:20:22,172 [INFO] MainPanel:274 - HeapMemory: 268435456
2026-01-17 21:20:22,228 [INFO] DbMcusXml:78 - Set database path to: C:\ST\STM32CubeIDE_1.19.0\STM32CubeIDE\plugins\com.st.stm32cube.common.mx_6.15.0.202507011659\\db\/mcu/
2026-01-17 21:20:22,229 [INFO] ApiDb:274 - Set plugin database path to: C:\ST\STM32CubeIDE_1.19.0\STM32CubeIDE\plugins\com.st.stm32cube.common.mx_6.15.0.202507011659\\db\/plugins/boardmanager/
2026-01-17 21:20:22,229 [INFO] ApiDb:261 - Set plugin images path to: C:\ST\STM32CubeIDE_1.19.0\STM32CubeIDE\plugins\com.st.stm32cube.common.mx_6.15.0.202507011659\\db\/plugins/mcufinder/images/
2026-01-17 21:20:22,229 [WARN] DbFile:41 - Overriding database path with different value: C:\Users\user\.stmcufinder\plugins\mcufinder/ => C:\Users\user\.stmcufinder\plugins\mcufinder
2026-01-17 21:20:22,229 [INFO] ApiDb:250 - Set database path to: C:\Users\user\.stmcufinder\plugins\mcufinder//mcu/
2026-01-17 21:20:22,229 [WARN] DbFile:41 - Overriding database path with different value: C:\Users\user\.stmcufinder\plugins\mcufinder/ => C:\Users\user\.stmcufinder\plugins\mcufinder
2026-01-17 21:20:22,229 [INFO] DbMcusAds:125 - Set database path to: C:\Users\user\.stmcufinder\plugins\mcufinder//mcu/
2026-01-17 21:20:22,229 [WARN] DbFile:41 - Overriding database path with different value: C:\Users\user\.stmcufinder\plugins\mcufinder/ => C:\Users\user\.stmcufinder\plugins\mcufinder
2026-01-17 21:20:22,229 [WARN] DbFile:41 - Overriding database path with different value: C:\Users\user\.stmcufinder\plugins\mcufinder/ => C:\Users\user\.stmcufinder\plugins\mcufinder
2026-01-17 21:20:22,229 [INFO] CrossReferenceDbSqlite:203 - Set database path to: C:\Users\user\.stmcufinder\plugins\mcufinder//mcu/cs/
2026-01-17 21:20:22,245 [INFO] ApplicationProperties:184 - Using Application install path: C:\ST\STM32CubeIDE_1.19.0\STM32CubeIDE\plugins\com.st.stm32cube.common.mx_6.15.0.202507011659
2026-01-17 21:20:22,246 [INFO] PluginManage:196 - Search for loadable plugins [exclusion list=, ]
2026-01-17 21:20:22,247 [INFO] PluginManage:310 - Check plugin analytics
2026-01-17 21:20:22,429 [INFO] AnalyticsPlugin:253 - Accepted Software Licenses: 
2026-01-17 21:20:22,429 [INFO] AnalyticsPlugin:255 - Accepted CMSIS Pack Licenses: 
2026-01-17 21:20:22,429 [INFO] AnalyticsPlugin:257 - Accepted Firmware Licenses: 
2026-01-17 21:20:22,431 [INFO] PluginManage:359 - Loaded plugin analytics (category:tool,tabindex:-1)
2026-01-17 21:20:22,432 [INFO] PluginManage:310 - Check plugin cadmodel
2026-01-17 21:20:22,435 [INFO] CADModel:105 - Init CAD model plugin
2026-01-17 21:20:22,436 [INFO] PluginManage:359 - Loaded plugin cadmodel (category:power,tabindex:5)
2026-01-17 21:20:22,436 [INFO] PluginManage:310 - Check plugin clock
2026-01-17 21:20:22,445 [INFO] PluginManage:359 - Loaded plugin clock (category:base,tabindex:2)
2026-01-17 21:20:22,446 [INFO] PluginManage:310 - Check plugin ddr
2026-01-17 21:20:22,448 [INFO] PluginManage:359 - Loaded plugin ddr (category:tool,tabindex:6)
2026-01-17 21:20:22,448 [INFO] PluginManage:310 - Check plugin filemanager
2026-01-17 21:20:22,587 [INFO] PluginManage:359 - Loaded plugin filemanager (category:base,tabindex:10)
2026-01-17 21:20:22,588 [INFO] PluginManage:310 - Check plugin ipmanager
2026-01-17 21:20:22,594 [INFO] PluginManage:359 - Loaded plugin ipmanager (category:base,tabindex:5)
2026-01-17 21:20:22,595 [INFO] PluginManage:310 - Check plugin lpbam
2026-01-17 21:20:22,601 [INFO] PluginManage:359 - Loaded plugin lpbam (category:base,tabindex:0)
2026-01-17 21:20:22,601 [INFO] PluginManage:310 - Check plugin memorymap
2026-01-17 21:20:22,609 [INFO] PluginManage:359 - Loaded plugin memorymap (category:base,tabindex:4)
2026-01-17 21:20:22,609 [INFO] PluginManage:310 - Check plugin pinoutandconfiguration
2026-01-17 21:20:22,614 [INFO] PluginManage:359 - Loaded plugin pinoutandconfiguration (category:base,tabindex:1)
2026-01-17 21:20:22,614 [INFO] PluginManage:310 - Check plugin pinoutconfig
2026-01-17 21:20:22,683 [WARN] SupportedApi:132 - Cannot load RTOS API schema: s4s-elt-must-match.1: The content of 'definitions' must match (annotation?, (simpleType | complexType)?, (unique | key | keyref)*)). A problem was found starting at: attribute.
2026-01-17 21:20:22,795 [INFO] PluginManage:359 - Loaded plugin pinoutconfig (category:base,tabindex:0)
2026-01-17 21:20:22,796 [INFO] PluginManage:310 - Check plugin power
2026-01-17 21:20:22,802 [INFO] PluginManage:359 - Loaded plugin power (category:power,tabindex:4)
2026-01-17 21:20:22,802 [INFO] PluginManage:310 - Check plugin projectmanager
2026-01-17 21:20:22,815 [INFO] PluginManage:359 - Loaded plugin projectmanager (category:projectmanager,tabindex:4)
2026-01-17 21:20:22,815 [INFO] PluginManage:310 - Check plugin rif
2026-01-17 21:20:22,823 [INFO] PluginManage:359 - Loaded plugin rif (category:base,tabindex:3)
2026-01-17 21:20:22,823 [INFO] PluginManage:310 - Check plugin thirdparty
2026-01-17 21:20:22,924 [INFO] PluginManage:359 - Loaded plugin thirdparty (category:base,tabindex:-1)
2026-01-17 21:20:22,925 [INFO] PluginManage:310 - Check plugin tools
2026-01-17 21:20:22,924 [WARN] IntegrityCheckThread:84 - waiting for thirdparty lock release [integrity check]
2026-01-17 21:20:22,925 [INFO] IntegrityCheckThread:86 - entering critical section [integrity check]
2026-01-17 21:20:22,925 [INFO] ThirdPartyUpdaterWithRetryManager:70 - Updater plugin not ready yet. [1/15]
2026-01-17 21:20:22,928 [INFO] PluginManage:359 - Loaded plugin tools (category:base,tabindex:7)
2026-01-17 21:20:22,929 [INFO] PluginManage:310 - Check plugin tutovideos
2026-01-17 21:20:23,055 [INFO] PluginManage:359 - Loaded plugin tutovideos (category:base,tabindex:-1)
2026-01-17 21:20:23,055 [INFO] PluginManage:310 - Check plugin updater
2026-01-17 21:20:23,072 [INFO] PluginManage:359 - Loaded plugin updater (category:base,tabindex:12)
2026-01-17 21:20:23,073 [INFO] PluginManage:310 - Check plugin userauth
2026-01-17 21:20:23,075 [INFO] UserAuth:118 - Init User Auth plugin
2026-01-17 21:20:23,076 [INFO] PluginManage:359 - Loaded plugin userauth (category:base,tabindex:14)
2026-01-17 21:20:23,076 [INFO] PluginManage:283 - PluginManage : Loaded plugins [18]
2026-01-17 21:20:23,264 [INFO] PinOutPanel:1589 - setPackage(No Configuration,No Configuration)
2026-01-17 21:20:23,325 [INFO] CADModel:165 - CPN selected for project level
2026-01-17 21:20:23,325 [INFO] CADModel:114 - Register for checkConnection events
2026-01-17 21:20:23,335 [INFO] IPUIPlugin:80 - create IPUIPlugin
2026-01-17 21:20:23,335 [INFO] PluginManager:220 - loadIPPluginJar : add adc
2026-01-17 21:20:23,337 [INFO] IPUIPlugin:80 - create IPUIPlugin
2026-01-17 21:20:23,337 [INFO] PluginManager:220 - loadIPPluginJar : add aes
2026-01-17 21:20:23,339 [INFO] IPUIPlugin:80 - create IPUIPlugin
2026-01-17 21:20:23,339 [INFO] PluginManager:220 - loadIPPluginJar : add can
2026-01-17 21:20:23,340 [INFO] IPUIPlugin:80 - create IPUIPlugin
2026-01-17 21:20:23,340 [INFO] PluginManager:220 - loadIPPluginJar : add comp
2026-01-17 21:20:23,341 [INFO] IPUIPlugin:80 - create IPUIPlugin
2026-01-17 21:20:23,341 [INFO] PluginManager:220 - loadIPPluginJar : add cryp
2026-01-17 21:20:23,343 [INFO] IPUIPlugin:80 - create IPUIPlugin
2026-01-17 21:20:23,343 [INFO] PluginManager:220 - loadIPPluginJar : add ddr_ctrl_phy
2026-01-17 21:20:23,345 [INFO] IPUIPlugin:80 - create IPUIPlugin
2026-01-17 21:20:23,345 [INFO] PluginManager:220 - loadIPPluginJar : add dfsdm
2026-01-17 21:20:23,348 [INFO] IPUIPlugin:80 - create IPUIPlugin
2026-01-17 21:20:23,349 [INFO] PluginManager:220 - loadIPPluginJar : add dma
2026-01-17 21:20:23,350 [INFO] IPUIPlugin:80 - create IPUIPlugin
2026-01-17 21:20:23,350 [INFO] PluginManager:220 - loadIPPluginJar : add dma3
2026-01-17 21:20:23,353 [INFO] IPUIPlugin:80 - create IPUIPlugin
2026-01-17 21:20:23,353 [INFO] PluginManager:220 - loadIPPluginJar : add extmemmanager
2026-01-17 21:20:23,354 [INFO] IPUIPlugin:80 - create IPUIPlugin
2026-01-17 21:20:23,354 [INFO] PluginManager:220 - loadIPPluginJar : add fatfs
2026-01-17 21:20:23,357 [INFO] IPUIPlugin:80 - create IPUIPlugin
2026-01-17 21:20:23,357 [INFO] PluginManager:220 - loadIPPluginJar : add fmc
2026-01-17 21:20:23,361 [INFO] IPUIPlugin:80 - create IPUIPlugin
2026-01-17 21:20:23,361 [INFO] PluginManager:220 - loadIPPluginJar : add freertos
2026-01-17 21:20:23,362 [INFO] IPUIPlugin:80 - create IPUIPlugin
2026-01-17 21:20:23,362 [INFO] PluginManager:220 - loadIPPluginJar : add genericplugin
2026-01-17 21:20:23,363 [INFO] IPUIPlugin:80 - create IPUIPlugin
2026-01-17 21:20:23,363 [INFO] PluginManager:220 - loadIPPluginJar : add gfxmmu
2026-01-17 21:20:23,366 [INFO] IPUIPlugin:80 - create IPUIPlugin
2026-01-17 21:20:23,366 [INFO] PluginManager:220 - loadIPPluginJar : add gic
2026-01-17 21:20:23,368 [INFO] IPUIPlugin:80 - create IPUIPlugin
2026-01-17 21:20:23,368 [INFO] PluginManager:220 - loadIPPluginJar : add gpio
2026-01-17 21:20:23,369 [INFO] IPUIPlugin:80 - create IPUIPlugin
2026-01-17 21:20:23,370 [INFO] PluginManager:220 - loadIPPluginJar : add gtzc
2026-01-17 21:20:23,371 [INFO] IPUIPlugin:80 - create IPUIPlugin
2026-01-17 21:20:23,371 [INFO] PluginManager:220 - loadIPPluginJar : add hash
2026-01-17 21:20:23,372 [INFO] IPUIPlugin:80 - create IPUIPlugin
2026-01-17 21:20:23,372 [INFO] PluginManager:220 - loadIPPluginJar : add i2c
2026-01-17 21:20:23,374 [INFO] IPUIPlugin:80 - create IPUIPlugin
2026-01-17 21:20:23,374 [INFO] PluginManager:220 - loadIPPluginJar : add i2s
2026-01-17 21:20:23,376 [INFO] IPUIPlugin:80 - create IPUIPlugin
2026-01-17 21:20:23,377 [INFO] PluginManager:220 - loadIPPluginJar : add i3c
2026-01-17 21:20:23,379 [INFO] IPUIPlugin:80 - create IPUIPlugin
2026-01-17 21:20:23,379 [INFO] PluginManager:220 - loadIPPluginJar : add ipddr
2026-01-17 21:20:23,384 [INFO] IPUIPlugin:80 - create IPUIPlugin
2026-01-17 21:20:23,385 [INFO] PluginManager:220 - loadIPPluginJar : add linkedlist
2026-01-17 21:20:23,386 [INFO] IPUIPlugin:80 - create IPUIPlugin
2026-01-17 21:20:23,386 [INFO] PluginManager:220 - loadIPPluginJar : add lorawan
2026-01-17 21:20:23,387 [INFO] IPUIPlugin:80 - create IPUIPlugin
2026-01-17 21:20:23,387 [INFO] PluginManager:220 - loadIPPluginJar : add ltdc
2026-01-17 21:20:23,391 [INFO] IPUIPlugin:80 - create IPUIPlugin
2026-01-17 21:20:23,391 [INFO] PluginManager:220 - loadIPPluginJar : add mdma
2026-01-17 21:20:23,394 [INFO] IPUIPlugin:80 - create IPUIPlugin
2026-01-17 21:20:23,394 [INFO] PluginManager:220 - loadIPPluginJar : add nvic
2026-01-17 21:20:23,396 [INFO] IPUIPlugin:80 - create IPUIPlugin
2026-01-17 21:20:23,396 [INFO] PluginManager:220 - loadIPPluginJar : add opamp
2026-01-17 21:20:23,398 [INFO] IPUIPlugin:80 - create IPUIPlugin
2026-01-17 21:20:23,398 [INFO] PluginManager:220 - loadIPPluginJar : add openamp
2026-01-17 21:20:23,400 [INFO] IPUIPlugin:80 - create IPUIPlugin
2026-01-17 21:20:23,400 [INFO] PluginManager:220 - loadIPPluginJar : add pdm2pcm
2026-01-17 21:20:23,404 [INFO] IPUIPlugin:80 - create IPUIPlugin
2026-01-17 21:20:23,406 [INFO] PluginManager:220 - loadIPPluginJar : add plateformsettings
2026-01-17 21:20:23,407 [INFO] IPUIPlugin:80 - create IPUIPlugin
2026-01-17 21:20:23,407 [INFO] PluginManager:220 - loadIPPluginJar : add quadspi
2026-01-17 21:20:23,408 [INFO] IPUIPlugin:80 - create IPUIPlugin
2026-01-17 21:20:23,410 [INFO] PluginManager:220 - loadIPPluginJar : add radio
2026-01-17 21:20:23,411 [INFO] IPUIPlugin:80 - create IPUIPlugin
2026-01-17 21:20:23,411 [INFO] PluginManager:220 - loadIPPluginJar : add resmgrutility
2026-01-17 21:20:23,413 [INFO] IPUIPlugin:80 - create IPUIPlugin
2026-01-17 21:20:23,413 [INFO] PluginManager:220 - loadIPPluginJar : add sai
2026-01-17 21:20:23,414 [INFO] IPUIPlugin:80 - create IPUIPlugin
2026-01-17 21:20:23,414 [INFO] PluginManager:220 - loadIPPluginJar : add spi
2026-01-17 21:20:23,419 [INFO] IPUIPlugin:80 - create IPUIPlugin
2026-01-17 21:20:23,419 [INFO] PluginManager:220 - loadIPPluginJar : add stm32_wpan
2026-01-17 21:20:23,420 [INFO] IPUIPlugin:80 - create IPUIPlugin
2026-01-17 21:20:23,420 [INFO] PluginManager:220 - loadIPPluginJar : add tim
2026-01-17 21:20:23,422 [INFO] IPUIPlugin:80 - create IPUIPlugin
2026-01-17 21:20:23,422 [INFO] PluginManager:220 - loadIPPluginJar : add touchsensing
2026-01-17 21:20:23,423 [INFO] IPUIPlugin:80 - create IPUIPlugin
2026-01-17 21:20:23,423 [INFO] PluginManager:220 - loadIPPluginJar : add tracer_emb
2026-01-17 21:20:23,425 [INFO] IPUIPlugin:80 - create IPUIPlugin
2026-01-17 21:20:23,425 [INFO] PluginManager:220 - loadIPPluginJar : add ts
2026-01-17 21:20:23,426 [INFO] IPUIPlugin:80 - create IPUIPlugin
2026-01-17 21:20:23,426 [INFO] PluginManager:220 - loadIPPluginJar : add tsc
2026-01-17 21:20:23,428 [INFO] IPUIPlugin:80 - create IPUIPlugin
2026-01-17 21:20:23,428 [INFO] PluginManager:220 - loadIPPluginJar : add ucpd
2026-01-17 21:20:23,429 [INFO] IPUIPlugin:80 - create IPUIPlugin
2026-01-17 21:20:23,429 [INFO] PluginManager:220 - loadIPPluginJar : add usart
2026-01-17 21:20:23,431 [INFO] IPUIPlugin:80 - create IPUIPlugin
2026-01-17 21:20:23,431 [INFO] PluginManager:220 - loadIPPluginJar : add usbx
2026-01-17 21:20:23,545 [FATAL] Updater:351 - Updater called before beeing initialized
2026-01-17 21:20:23,564 [INFO] RulesReader:64 - Compatibility file has been processed (317 Rules)
2026-01-17 21:20:23,574 [INFO] RulesReader:64 - Compatibility file has been processed (317 Rules)
2026-01-17 21:20:23,580 [INFO] CADModel:165 - CPN selected for project level
2026-01-17 21:20:23,580 [INFO] CADModel:114 - Register for checkConnection events
2026-01-17 21:20:23,580 [FATAL] Updater:351 - Updater called before beeing initialized
2026-01-17 21:20:23,580 [ERROR] CADModel:125 - Updater not yet initialized, retry later 
2026-01-17 21:20:23,713 [FATAL] Updater:351 - Updater called before beeing initialized
2026-01-17 21:20:23,714 [INFO] CADModel:165 - CPN selected for project level
2026-01-17 21:20:23,714 [INFO] CADModel:114 - Register for checkConnection events
2026-01-17 21:20:23,714 [FATAL] Updater:351 - Updater called before beeing initialized
2026-01-17 21:20:23,714 [ERROR] CADModel:125 - Updater not yet initialized, retry later 
2026-01-17 21:20:23,717 [FATAL] Updater:351 - Updater called before beeing initialized
2026-01-17 21:20:23,796 [FATAL] Updater:351 - Updater called before beeing initialized
2026-01-17 21:20:23,799 [INFO] DbMcusAds:53 - JSON generation date=Thu Jan 08 21:26:32 IST 2026 (1767887792457)
2026-01-17 21:20:23,799 [FATAL] Updater:351 - Updater called before beeing initialized
2026-01-17 21:20:23,827 [WARN] DetailPanel:346 - Failed to get advertising image, set to default
2026-01-17 21:20:23,893 [FATAL] Updater:351 - Updater called before beeing initialized
2026-01-17 21:20:23,894 [FATAL] Updater:351 - Updater called before beeing initialized
2026-01-17 21:20:23,895 [FATAL] Updater:351 - Updater called before beeing initialized
2026-01-17 21:20:23,895 [WARN] DetailPanel:346 - Failed to get advertising image, set to default
2026-01-17 21:20:23,895 [FATAL] Updater:351 - Updater called before beeing initialized
2026-01-17 21:20:23,930 [ERROR] Updater:1198 - MainUpdater not yet initialized. External WinMGr cannot be set.
2026-01-17 21:20:23,931 [INFO] Updater:1134 - Updater Version found : 6.15.0
2026-01-17 21:20:23,945 [INFO] ApplicationProperties:184 - Using Application install path: C:\ST\STM32CubeIDE_1.19.0\STM32CubeIDE\plugins\com.st.stm32cube.common.mx_6.15.0.202507011659
2026-01-17 21:20:24,215 [INFO] MainUpdater:2872 - connection check result : 10
2026-01-17 21:20:24,216 [INFO] MainUpdater:289 - Updater Check For Update Now.
2026-01-17 21:20:24,216 [INFO] MicroXplorer:498 - Change Database Version : DB.6.0.150
2026-01-17 21:20:24,222 [INFO] McuFinderGlobals:63 - Set McuFinder mode to 2 (CubeIDE integrated)
2026-01-17 21:20:24,222 [INFO] UserAuth:171 - activating auth plugin
2026-01-17 21:20:24,225 [INFO] UserAuth:487 - Internet connection configuration mode: 1
2026-01-17 21:20:24,242 [INFO] JxBrowserEngine:152 - Initiate JxBrowser Engine with user profile folder
2026-01-17 21:20:24,384 [INFO] CheckServerUpdateThread:120 - End of CheckServer Thread
2026-01-17 21:20:24,784 [INFO] WebApp:169 - Instantiating new browser for Auth
2026-01-17 21:20:25,383 [INFO] WebApp:463 - Apply proxy settings
2026-01-17 21:20:25,384 [INFO] WebApp:548 - Chromium requires no authentication
2026-01-17 21:20:25,391 [INFO] WebApp:491 - Direct internet connection detected
2026-01-17 21:20:25,410 [INFO] WebApp:900 - Register for checkConnection events
2026-01-17 21:20:25,410 [INFO] WebApp:463 - Apply proxy settings
2026-01-17 21:20:25,410 [INFO] WebApp:548 - Chromium requires no authentication
2026-01-17 21:20:25,411 [INFO] WebApp:491 - Direct internet connection detected
2026-01-17 21:20:25,547 [INFO] WebApp:225 - Starting web application
2026-01-17 21:20:25,547 [INFO] WebApp:593 - Web application path used C:\ST\STM32CubeIDE_1.19.0\STM32CubeIDE\plugins\com.st.stm32cube.common.mx_6.15.0.202507011659\db\plugins\mcufinder\reactClient1\index.html
2026-01-17 21:20:25,692 [INFO] WebApp:191 - Connection restablished
2026-01-17 21:20:26,161 [WARN] PackLoader:240 - Cannot read IP mode file for STMicroelectronics.FP-SNS-MOTENVWB1.1.4.0
2026-01-17 21:20:26,175 [WARN] PackLoader:240 - Cannot read IP mode file for STMicroelectronics.FP-ATR-ASTRA1.2.0.2
2026-01-17 21:20:26,189 [WARN] PackLoader:240 - Cannot read IP mode file for STMicroelectronics.X-CUBE-SMBUS.2.1.0
2026-01-17 21:20:26,226 [WARN] PackLoader:240 - Cannot read IP mode file for STMicroelectronics.X-CUBE-AZRTOS-F7.1.1.0
2026-01-17 21:20:26,247 [WARN] PackLoader:240 - Cannot read IP mode file for STMicroelectronics.X-CUBE-DISPLAY.3.0.0
2026-01-17 21:20:26,263 [WARN] PackLoader:240 - Cannot read IP mode file for STMicroelectronics.X-CUBE-NFC10.1.0.0
2026-01-17 21:20:26,273 [WARN] PackLoader:240 - Cannot read IP mode file for STMicroelectronics.FP-SNS-SMARTAG2.1.2.0
2026-01-17 21:20:26,278 [WARN] PackLoader:240 - Cannot read IP mode file for STMicroelectronics.FP-SNS-FLIGHT1.5.1.0
2026-01-17 21:20:26,292 [INFO] LogOutputStream:77 - [STDOUT_REDIRECT] 1 : Invalid condition id : UX_CORESTACK_Condition cause : null
2026-01-17 21:20:26,293 [INFO] LogOutputStream:77 - [STDOUT_REDIRECT] 1 : Invalid condition id : UX_CORESTACK_Condition cause : null
2026-01-17 21:20:26,294 [INFO] LogOutputStream:77 - [STDOUT_REDIRECT] 1 : Invalid condition id : UX_CORESTACK_Condition cause : null
2026-01-17 21:20:26,295 [INFO] LogOutputStream:77 - [STDOUT_REDIRECT] 1 : Invalid condition id : UX_CORESTACK_Condition cause : null
2026-01-17 21:20:26,296 [INFO] LogOutputStream:77 - [STDOUT_REDIRECT] 1 : Invalid condition id : UX_CORESTACK_Condition cause : null
2026-01-17 21:20:26,302 [WARN] PackLoader:240 - Cannot read IP mode file for STMicroelectronics.X-CUBE-AZRTOS-WL.2.0.0
2026-01-17 21:20:26,312 [WARN] PackLoader:240 - Cannot read IP mode file for STMicroelectronics.X-CUBE-BLE2.3.3.0
2026-01-17 21:20:26,321 [WARN] PackLoader:240 - Cannot read IP mode file for STMicroelectronics.X-CUBE-NFC9.1.0.0
2026-01-17 21:20:26,330 [WARN] PackLoader:240 - Cannot read IP mode file for STMicroelectronics.X-CUBE-BLE1.7.1.0
2026-01-17 21:20:26,352 [WARN] PackLoader:240 - Cannot read IP mode file for STMicroelectronics.X-CUBE-AZRTOS-G0.1.1.0
2026-01-17 21:20:26,361 [WARN] PackLoader:240 - Cannot read IP mode file for STMicroelectronics.X-CUBE-NFC4.3.0.0
2026-01-17 21:20:26,367 [WARN] PackLoader:240 - Cannot read IP mode file for STMicroelectronics.X-CUBE-WB05N.2.0.0
2026-01-17 21:20:26,375 [WARN] PackLoader:240 - Cannot read IP mode file for STMicroelectronics.X-CUBE-TCPP.4.2.0
2026-01-17 21:20:26,383 [WARN] PackLoader:240 - Cannot read IP mode file for RealThread.X-CUBE-RT-Thread_Nano.4.1.1
2026-01-17 21:20:26,388 [WARN] PackLoader:240 - Cannot read IP mode file for STMicroelectronics.FP-ATR-SIGFOX1.3.2.0
2026-01-17 21:20:26,426 [WARN] PackLoader:240 - Cannot read IP mode file for SEGGER.I-CUBE-embOS.1.3.1
2026-01-17 21:20:26,480 [WARN] PackLoader:240 - Cannot read IP mode file for STMicroelectronics.X-CUBE-ALGOBUILD.1.4.0
2026-01-17 21:20:26,486 [WARN] PackLoader:240 - Cannot read IP mode file for STMicroelectronics.X-CUBE-PM33A1.1.0.0
2026-01-17 21:20:26,506 [WARN] PackLoader:240 - Cannot read IP mode file for STMicroelectronics.X-CUBE-AZRTOS-F4.1.1.0
2026-01-17 21:20:26,513 [WARN] PackLoader:240 - Cannot read IP mode file for STMicroelectronics.X-CUBE-ISPU.2.1.0
2026-01-17 21:20:26,528 [WARN] PackLoader:240 - Cannot read IP mode file for STMicroelectronics.X-CUBE-AZRTOS-L5.2.0.0
2026-01-17 21:20:26,536 [WARN] PackLoader:240 - Cannot read IP mode file for STMicroelectronics.X-CUBE-NFC6.3.1.0
2026-01-17 21:20:26,543 [WARN] PackLoader:240 - Cannot read IP mode file for STMicroelectronics.X-CUBE-DPower.1.3.0
2026-01-17 21:20:26,557 [WARN] ConditionMgr:438 - getConditionDescription Invalid condition id : LAN8742 Phy interface Condition cause : null
2026-01-17 21:20:26,558 [WARN] PackLoader:240 - Cannot read IP mode file for STMicroelectronics.X-CUBE-AZRTOS-L4.2.0.0
2026-01-17 21:20:26,558 [WARN] ConditionMgr:1044 - genDependencies : Invalid condition id : LAN8742 Phy interface Condition cause : null
2026-01-17 21:20:26,558 [WARN] ConditionMgr:1044 - genDependencies : Invalid condition id : LAN8742 Phy interface Condition cause : null
2026-01-17 21:20:26,559 [WARN] ConditionMgr:1044 - genDependencies : Invalid condition id : LAN8742 Phy interface Condition cause : null
2026-01-17 21:20:26,566 [WARN] PackLoader:240 - Cannot read IP mode file for STMicroelectronics.X-CUBE-SFXS2LP1.4.0.0
2026-01-17 21:20:26,575 [WARN] ConditionMgr:438 - getConditionDescription Invalid condition id : UX DEVICE CLASS RTOS Condition cause : null
2026-01-17 21:20:26,576 [WARN] ConditionMgr:438 - getConditionDescription Invalid condition id : UX DEVICE CLASS RTOS Condition cause : null
2026-01-17 21:20:26,577 [WARN] PackLoader:240 - Cannot read IP mode file for STMicroelectronics.X-CUBE-AZRTOS-WB.2.0.0
2026-01-17 21:20:26,577 [WARN] ConditionMgr:1044 - genDependencies : Invalid condition id : UX DEVICE CLASS RTOS Condition cause : null
2026-01-17 21:20:26,577 [WARN] ConditionMgr:1044 - genDependencies : Invalid condition id : UX DEVICE CLASS RTOS Condition cause : null
2026-01-17 21:20:26,578 [WARN] ConditionMgr:1044 - genDependencies : Invalid condition id : UX DEVICE CLASS RTOS Condition cause : null
2026-01-17 21:20:26,578 [WARN] ConditionMgr:1044 - genDependencies : Invalid condition id : UX DEVICE CLASS RTOS Condition cause : null
2026-01-17 21:20:26,578 [WARN] ConditionMgr:1044 - genDependencies : Invalid condition id : UX DEVICE CLASS RTOS Condition cause : null
2026-01-17 21:20:26,587 [WARN] PackLoader:240 - Cannot read IP mode file for STMicroelectronics.X-CUBE-SUBG2.5.0.0
2026-01-17 21:20:26,603 [WARN] PackLoader:240 - Cannot read IP mode file for STMicroelectronics.X-CUBE-AZRTOS-G4.2.0.0
2026-01-17 21:20:26,608 [WARN] PackLoader:240 - Cannot read IP mode file for STMicroelectronics.X-CUBE-NFC7.2.0.0
2026-01-17 21:20:26,613 [WARN] PackLoader:240 - Cannot read IP mode file for STMicroelectronics.X-CUBE-ALS.1.0.2
2026-01-17 21:20:26,622 [WARN] PackLoader:240 - Cannot read IP mode file for STMicroelectronics.X-CUBE-TOF1.3.4.3
2026-01-17 21:20:26,633 [INFO] ThirdParty:978 - Integrity check success = true
2026-01-17 21:20:26,634 [INFO] IntegrityCheckThread:100 - exiting critical section [integrity check]
2026-01-17 21:20:26,634 [INFO] IntegrityCheckThread:103 - End integrity checks thread
2026-01-17 21:20:30,326 [INFO] McuFinderGlobals:63 - Set McuFinder mode to 2 (CubeIDE integrated)
2026-01-17 21:20:30,329 [INFO] MainUpdater:2872 - connection check result : 10
2026-01-17 21:20:30,668 [INFO] ApiDb:581 - Connected to CubeFinder SQLite database (C:\Users\user\.stmcufinder\plugins\mcufinder\mcu\cube-finder-db.db)
2026-01-17 21:20:30,737 [INFO] ApiDb:668 - CubeFinder database Data Model version=2.1
2026-01-17 21:20:30,737 [INFO] ApiDb:669 - CubeFinder database Configuration version=3.0.39
2026-01-17 21:20:30,737 [INFO] ApiDb:670 - CubeFinder database generation date=2025-12-22 (1766407740)
2026-01-17 21:20:30,737 [INFO] ApiDb:671 - CubeFinder database FW Pack versions=[FP-ATR-ASTRA1_V2.0.0, FP-SNS-FLIGHT1_V5.1.0, FP-SNS-MOTENV1_V5.1.0, FP-SNS-MOTENVWB1_V1.4.0, FP-SNS-SMARTAG2_V1.2.0, FP-SNS-STBOX1_V2.1.0, STM32Cube_FW_C0_V1.4.0, STM32Cube_FW_F4_V1.28.3, STM32Cube_FW_F7_V1.17.4, STM32Cube_FW_G0_V1.6.2, STM32Cube_FW_G4_V1.6.1, STM32Cube_FW_H5_V1.5.1, STM32Cube_FW_H7RS_V1.3.0, STM32Cube_FW_H7_V1.12.1, STM32Cube_FW_L0_V1.12.2, STM32Cube_FW_L4_V1.18.1, STM32Cube_FW_L5_V1.6.0, STM32Cube_FW_N6_V1.3.0, STM32Cube_FW_U0_V1.3.0, STM32Cube_FW_U3_V1.2.1, STM32Cube_FW_U5_V1.8.0, STM32Cube_FW_WB0_V1.4.0, STM32Cube_FW_WBA_V1.8.0, STM32Cube_FW_WB_V1.24.0, STM32Cube_FW_WL3_V1.3.0, STM32Cube_FW_WL_V1.4.0, X-CUBE-ALGOBUILD_V1.4.0, X-CUBE-ALS_V1.0.2, X-CUBE-AZRTOS-F4_V1.1.0, X-CUBE-AZRTOS-F7_V1.1.0, X-CUBE-AZRTOS-G0_V1.1.0, X-CUBE-AZRTOS-G4_V2.0.0, X-CUBE-AZRTOS-H7RS_V1.1.0, X-CUBE-AZRTOS-H7_V3.4.0, X-CUBE-AZRTOS-L4_V2.0.0, X-CUBE-AZRTOS-L5_V2.0.0, X-CUBE-AZRTOS-WB_V2.0.0, X-CUBE-AZRTOS-WL_V2.0.0, X-CUBE-BLE1_V7.1.0, X-CUBE-BLE2_V3.3.0, X-CUBE-BLEMGR_V4.1.0, X-CUBE-EEPRMA1_V5.2.0, X-CUBE-FREERTOS_V1.3.1, X-CUBE-GNSS1_V6.0.0, X-CUBE-MEMS1_V12.0.0, X-CUBE-NFC4_V3.0.0, X-CUBE-NFC7_V2.0.0, X-CUBE-SFXS2LP1_V4.0.0, X-CUBE-ST67W61_V1.1.0, X-CUBE-SUBG2_V5.0.0, X-CUBE-TOF1_V3.4.3]
2026-01-17 21:20:32,690 [INFO] ApiDb:240 - Found 880 in-development CPN: [B-G473E-ZEST1S, B-WB1M-WPAN1, B-WBA5M-WPAN, B-WL5M-SUBG1, NUCLEO-C031C6, NUCLEO-C051C8, NUCLEO-C071RB, NUCLEO-C092RC, NUCLEO-H503RB, NUCLEO-H533RE, NUCLEO-H563ZI, NUCLEO-H7S3L8, NUCLEO-N657X0-Q, NUCLEO-U031R8, NUCLEO-U083RC, NUCLEO-U385RG-Q, NUCLEO-U545RE-Q, NUCLEO-U5A5ZJ-Q, NUCLEO-WB05KZ, NUCLEO-WB07CC, NUCLEO-WB09KE, NUCLEO-WBA52CG, NUCLEO-WBA55CG, NUCLEO-WL33CC1, NUCLEO-WL33CC2, STEVAL-PROTEUS1, STEVAL-SMARTAG2, STEVAL-STWINBX1, STM320518-EVAL, STM32C0116-DK, STM32C011D6Y3TR, STM32C011D6Y6TR, STM32C011F4P3, STM32C011F4P6, STM32C011F4U3, STM32C011F4U6TR, STM32C011F6P3, STM32C011F6P6, STM32C011F6U3, STM32C011F6U6TR, STM32C011J4M3, STM32C011J4M6, STM32C011J6M3, STM32C011J6M6, STM32C0316-DK, STM32C031C4T3, STM32C031C4T6, STM32C031C4U3, STM32C031C4U6, STM32C031C6T3, STM32C031C6T6, STM32C031C6U3, STM32C031C6U6, STM32C031F4P3, STM32C031F4P6, STM32C031F6P3, STM32C031F6P6, STM32C031G4U3, STM32C031G4U6, STM32C031G6U3, STM32C031G6U6, STM32C031K4T3, STM32C031K4T6, STM32C031K4U3, STM32C031K4U6, STM32C031K6T3, STM32C031K6T6, STM32C031K6U3, STM32C031K6U6, STM32C051C6T6, STM32C051C6U6, STM32C051C8T6, STM32C051C8U6, STM32C051D8Y6TR, STM32C051F6P6, STM32C051F8P6, STM32C051G6U6, STM32C051G8U6, STM32C051K6T6, STM32C051K6U6, STM32C051K8T6, STM32C071C8T6, STM32C071C8T6N, STM32C071C8U6, STM32C071C8U6N, STM32C071CBT6, STM32C071CBT6N, STM32C071CBU6, STM32C071CBU6N, STM32C071F8P6, STM32C071F8P6N, STM32C071FBP6, STM32C071FBP6N, STM32C071FBY6TR, STM32C071G8U6, STM32C071G8U6N, STM32C071GBU6, STM32C071GBU6N, STM32C071K8T6, STM32C071K8T6N, STM32C071K8U6, STM32C071K8U6N, STM32C071KBT6, STM32C071KBT6N, STM32C071KBU6, STM32C071KBU6N, STM32C071R8T6, STM32C071R8T6N, STM32C071RBI6N, STM32C071RBT6, STM32C071RBT6N, STM32C091CBT6, STM32C091CBU6, STM32C091CCT6, STM32C091CCU6, STM32C091ECY6TR, STM32C091FBP6, STM32C091FCP6, STM32C091GBU6, STM32C091GCU6, STM32C091KBT6, STM32C091KBU6, STM32C091KCT6, STM32C091KCU6, STM32C091RBT6, STM32C091RCI6, STM32C091RCT6, STM32C092CBT6, STM32C092CBU6, STM32C092CCT6, STM32C092CCU6, STM32C092ECY6TR, STM32C092FBP6, STM32C092FCP6, STM32C092GBU6, STM32C092GCU6, STM32C092KBT6, STM32C092KBU6, STM32C092KCT6, STM32C092KCU6, STM32C092RBT6, STM32C092RCI6, STM32C092RCT6, STM32G071K8TXN, STM32G071K8UXN, STM32G081GBU6N, STM32G081KBT6N, STM32G081KBUXN, STM32G0B1CCT6N, STM32G0B1KCT6, STM32G0B1NEY6TR, STM32G0B1RCT6N, STM32G0C1CCT6, STM32G0C1CCT6N, STM32G0C1CCU6N, STM32G0C1CET6N, STM32G0C1CEU6N, STM32G0C1KCT6, STM32G0C1NEY6TR, STM32G0C1RCI6N, STM32G0C1RCT6N, STM32G0C1REI6N, STM32G0C1RET6N, STM32G0C1VCI6, STM32G0C1VEI6, STM32G411C6T3, STM32G411C6T6, STM32G411C6U3, STM32G411C6U6, STM32G411C8T3, STM32G411C8T6, STM32G411C8U3, STM32G411C8U6, STM32G411CBT3, STM32G411CBT6, STM32G411CBU3, STM32G411CBU6, STM32G411K6T3, STM32G411K6T6, STM32G411K6U3, STM32G411K6U6, STM32G411K8T3, STM32G411K8T6, STM32G411K8U3, STM32G411K8U6, STM32G411KBT3, STM32G411KBT6, STM32G411KBU3, STM32G411KBU6, STM32G411M6T3, STM32G411M6T6, STM32G411M8T3, STM32G411M8T6, STM32G411MBT3, STM32G411MBT6, STM32G411R6T3, STM32G411R6T6, STM32G411R8T3, STM32G411R8T6, STM32G411RBT3, STM32G411RBT6, STM32G414CBT3, STM32G414CBT6, STM32G414CBU3, STM32G414CBU6, STM32G414CCT3, STM32G414CCT6, STM32G414CCU3, STM32G414CCU6, STM32G414MBT3, STM32G414MBT6, STM32G414MCT3, STM32G414MCT6, STM32G414RBT3, STM32G414RBT6, STM32G414RCT3, STM32G414RCT6, STM32G414VBT3, STM32G414VBT6, STM32G414VCT3, STM32G414VCT6, STM32G431CBT3Z, STM32G431RBT3Z, STM32G471CCT6, STM32G471CCU6, STM32G471CET3, STM32G471CET6, STM32G471CEU3, STM32G471CEU6, STM32G471MCT6, STM32G471MET3, STM32G471MET6, STM32G471MEY6TR, STM32G471QCT6, STM32G471QET3, STM32G471RCT6, STM32G471RET3, STM32G471RET6, STM32G471VCH6, STM32G471VCI6, STM32G471VCT6, STM32G471VEH3, STM32G471VEH6, STM32G471VEI3, STM32G471VEI6, STM32G471VET3, STM32G471VET6, STM32G473QET3Z, STM32G473RET3Z, STM32G474CCT6, STM32G491RET3Z, STM32H503CBT6, STM32H503CBU6, STM32H503EBY6TR, STM32H503KBU6, STM32H503RBT6, STM32H523CCT6, STM32H523CCU6, STM32H523CET6, STM32H523CEU6, STM32H523HEY6TR, STM32H523RCT6, STM32H523RET6, STM32H523VCI6, STM32H523VCT6, STM32H523VEI6, STM32H523VET6, STM32H523ZCJ6, STM32H523ZCT6, STM32H523ZEJ6, STM32H523ZET6, STM32H533CET6, STM32H533CEU6, STM32H533HEY6TR, STM32H533RET6, STM32H533VEI6, STM32H533VET6, STM32H533ZEJ6, STM32H533ZET6, STM32H562AGI6, STM32H562AII6, STM32H562IGK6, STM32H562IGT6, STM32H562IIK6, STM32H562IIT6, STM32H562RGT6, STM32H562RGV6, STM32H562RIT6, STM32H562RIV6, STM32H562VGT6, STM32H562VIT6, STM32H562ZGT6, STM32H562ZIT6, STM32H563AGI6, STM32H563AII3Q, STM32H563AII6, STM32H563IGK6, STM32H563IGT6, STM32H563IIK3Q, STM32H563IIK6, STM32H563IIT3Q, STM32H563IIT6, STM32H563MIY3QTR, STM32H563RGT6, STM32H563RGV6, STM32H563RIT6, STM32H563RIV6, STM32H563VGT6, STM32H563VIT3Q, STM32H563VIT6, STM32H563ZGT6, STM32H563ZIT3Q, STM32H563ZIT6, STM32H573AII3Q, STM32H573AII6, STM32H573I-DK, STM32H573IIK3Q, STM32H573IIK6, STM32H573IIT3Q, STM32H573IIT6, STM32H573MIY3QTR, STM32H573RIT6, STM32H573RIV6, STM32H573VIT3Q, STM32H573VIT6, STM32H573ZIT3Q, STM32H573ZIT6, STM32H7R3A8I6, STM32H7R3I8K6, STM32H7R3I8T6, STM32H7R3L8H6, STM32H7R3L8H6H, STM32H7R3R8V6, STM32H7R3V8H6, STM32H7R3V8T6, STM32H7R3V8Y6TR, STM32H7R3Z8J6, STM32H7R3Z8T6, STM32H7R7A8I6, STM32H7R7I8K6, STM32H7R7I8T6, STM32H7R7L8H6, STM32H7R7L8H6H, STM32H7R7Z8J6, STM32H7S3A8I6, STM32H7S3I8K6, STM32H7S3I8T6, STM32H7S3L8H6, STM32H7S3L8H6H, STM32H7S3R8V6, STM32H7S3V8H6, STM32H7S3V8T6, STM32H7S3V8Y6TR, STM32H7S3Z8J6, STM32H7S3Z8T6, STM32H7S78-DK, STM32H7S7A8I6, STM32H7S7I8K6, STM32H7S7I8T6, STM32H7S7L8H6, STM32H7S7L8H6H, STM32H7S7Z8J6, STM32L4R5QGI6STR, STM32MP131AAE3, STM32MP131AAF3, STM32MP131AAG3, STM32MP131CAE3, STM32MP131CAF3, STM32MP131CAG3, STM32MP131DAE7, STM32MP131DAF7, STM32MP131DAG7, STM32MP131FAE7, STM32MP131FAF7, STM32MP131FAG7, STM32MP133AAE3, STM32MP133AAF3, STM32MP133AAG3, STM32MP133CAE3, STM32MP133CAF3, STM32MP133CAG3, STM32MP133DAE7, STM32MP133DAF7, STM32MP133DAG7, STM32MP133FAE7, STM32MP133FAF7, STM32MP133FAG7, STM32MP135AAE3, STM32MP135AAF3, STM32MP135AAG3, STM32MP135CAE3, STM32MP135CAF3, STM32MP135CAG3, STM32MP135DAE7, STM32MP135DAF7, STM32MP135DAG7, STM32MP135F-DK, STM32MP135FAE7, STM32MP135FAF7, STM32MP135FAF7T, STM32MP135FAF7U, STM32MP135FAG7, STM32MP211AAL3, STM32MP211AAM3, STM32MP211AAN3, STM32MP211AAO3, STM32MP211CAL3, STM32MP211CAM3, STM32MP211CAN3, STM32MP211CAO3, STM32MP211DAL3, STM32MP211DAM3, STM32MP211DAN3, STM32MP211DAO3, STM32MP211FAL3, STM32MP211FAM3, STM32MP211FAN3, STM32MP211FAO3, STM32MP213AAL3, STM32MP213AAM3, STM32MP213AAN3, STM32MP213AAO3, STM32MP213CAL3, STM32MP213CAM3, STM32MP213CAN3, STM32MP213CAO3, STM32MP213DAL3, STM32MP213DAM3, STM32MP213DAN3, STM32MP213DAO3, STM32MP213FAL3, STM32MP213FAM3, STM32MP213FAN3, STM32MP213FAO3, STM32MP215AAL3, STM32MP215AAM3, STM32MP215AAN3, STM32MP215AAO3, STM32MP215CAL3, STM32MP215CAM3, STM32MP215CAN3, STM32MP215CAO3, STM32MP215DAL3, STM32MP215DAM3, STM32MP215DAN3, STM32MP215DAO3, STM32MP215F-DK, STM32MP215FAL3, STM32MP215FAM3, STM32MP215FAN3, STM32MP215FAO3, STM32MP231AAJ3, STM32MP231AAK3, STM32MP231AAL3, STM32MP231CAJ3, STM32MP231CAK3, STM32MP231CAL3, STM32MP231DAJ3, STM32MP231DAK3, STM32MP231DAL3, STM32MP231FAJ3, STM32MP231FAK3, STM32MP231FAL3, STM32MP233AAJ3, STM32MP233AAK3, STM32MP233AAL3, STM32MP233CAJ3, STM32MP233CAK3, STM32MP233CAL3, STM32MP233DAJ3, STM32MP233DAK3, STM32MP233DAL3, STM32MP233FAJ3, STM32MP233FAK3, STM32MP233FAL3, STM32MP235AAJ3, STM32MP235AAK3, STM32MP235AAL3, STM32MP235CAJ3, STM32MP235CAK3, STM32MP235CAL3, STM32MP235DAJ3, STM32MP235DAK3, STM32MP235DAL3, STM32MP235FAJ3, STM32MP235FAK3, STM32MP235FAL3, STM32MP251AAI3, STM32MP251AAK3, STM32MP251AAL3, STM32MP251CAI3, STM32MP251CAK3, STM32MP251CAL3, STM32MP251DAI3, STM32MP251DAK3, STM32MP251DAL3, STM32MP251FAI3, STM32MP251FAK3, STM32MP251FAL3, STM32MP253AAI3, STM32MP253AAK3, STM32MP253AAL3, STM32MP253CAI3, STM32MP253CAK3, STM32MP253CAL3, STM32MP253DAI3, STM32MP253DAK3, STM32MP253DAL3, STM32MP253FAI3, STM32MP253FAK3, STM32MP253FAL3, STM32MP255AAI3, STM32MP255AAK3, STM32MP255AAL3, STM32MP255CAI3, STM32MP255CAK3, STM32MP255CAL3, STM32MP255DAI3, STM32MP255DAK3, STM32MP255DAL3, STM32MP255FAI3, STM32MP255FAK3, STM32MP255FAL3, STM32MP257AAI3, STM32MP257AAK3, STM32MP257AAL3, STM32MP257CAI3, STM32MP257CAK3, STM32MP257CAL3, STM32MP257DAI3, STM32MP257DAK3, STM32MP257DAL3, STM32MP257F-DK, STM32MP257F-EV1, STM32MP257FAI3, STM32MP257FAK3, STM32MP257FAL3, STM32N645A0H3Q, STM32N645B0H3Q, STM32N645I0H3Q, STM32N645L0H3Q, STM32N645X0H3Q, STM32N645Z0H3Q, STM32N647A0H3Q, STM32N647B0H3Q, STM32N647I0H3Q, STM32N647L0H3Q, STM32N647X0H3Q, STM32N647Z0H3Q, STM32N655A0H3Q, STM32N655B0H3Q, STM32N655I0H3Q, STM32N655L0H3Q, STM32N655X0H3Q, STM32N655Z0H3Q, STM32N6570-DK, STM32N657A0H3Q, STM32N657B0H3Q, STM32N657I0H3Q, STM32N657L0H3Q, STM32N657X0H3Q, STM32N657Z0H3Q, STM32U031C6T6, STM32U031C6U6, STM32U031C8T6, STM32U031C8U6, STM32U031F4P6, STM32U031F6P6, STM32U031F8P6, STM32U031G6Y6TR, STM32U031G8Y6TR, STM32U031K4U6, STM32U031K6U6, STM32U031K8U6, STM32U031R6I6, STM32U031R6T6, STM32U031R8I6, STM32U031R8T6, STM32U073C8T6, STM32U073C8U6, STM32U073CBT6, STM32U073CBU6, STM32U073CCT6, STM32U073CCU6, STM32U073H8Y6TR, STM32U073HBY6TR, STM32U073HCY6TR, STM32U073K8U6, STM32U073KBU6, STM32U073KCU6, STM32U073M8I6, STM32U073M8T6, STM32U073MBI6, STM32U073MBT6, STM32U073MCI6, STM32U073MCT6, STM32U073R8I6, STM32U073R8T6, STM32U073RBI6, STM32U073RBT6, STM32U073RCI6, STM32U073RCT6, STM32U083C-DK, STM32U083CCT6, STM32U083CCU6, STM32U083HCY6TR, STM32U083KCU6, STM32U083MCI6, STM32U083MCT6, STM32U083RCI6, STM32U083RCT6, STM32U375CET6, STM32U375CET6Q, STM32U375CEU6, STM32U375CEU6Q, STM32U375CEY6QTR, STM32U375CGT6, STM32U375CGT6Q, STM32U375CGU6, STM32U375CGU6Q, STM32U375CGY6QTR, STM32U375KEU6, STM32U375KGU6, STM32U375REI6, STM32U375REI6Q, STM32U375RET6, STM32U375RET6Q, STM32U375REY6GTR, STM32U375REY6QTR, STM32U375RGI6, STM32U375RGI6Q, STM32U375RGT6, STM32U375RGT6Q, STM32U375RGY6GTR, STM32U375RGY6QTR, STM32U375VEI6, STM32U375VEI6Q, STM32U375VET6, STM32U375VET6Q, STM32U375VGI6, STM32U375VGI6Q, STM32U375VGT6, STM32U375VGT6Q, STM32U385CGT6, STM32U385CGT6Q, STM32U385CGU6, STM32U385CGU6Q, STM32U385CGY6QTR, STM32U385KGU6, STM32U385RGI6, STM32U385RGI6Q, STM32U385RGT6, STM32U385RGT6Q, STM32U385RGY6GTR, STM32U385RGY6QTR, STM32U385VGI6, STM32U385VGI6Q, STM32U385VGT6, STM32U385VGT6Q, STM32U535CBT6, STM32U535CBT6Q, STM32U535CBU6, STM32U535CBU6Q, STM32U535CCT6, STM32U535CCT6Q, STM32U535CCU6, STM32U535CCU6Q, STM32U535CET6, STM32U535CET6Q, STM32U535CEU6, STM32U535CEU6Q, STM32U535JEY6QTR, STM32U535NCY6QTR, STM32U535NEY6QTR, STM32U535RBI6, STM32U535RBI6Q, STM32U535RBT6, STM32U535RBT6Q, STM32U535RCI6, STM32U535RCI6Q, STM32U535RCT6, STM32U535RCT6Q, STM32U535REI6, STM32U535REI6Q, STM32U535RET6, STM32U535RET6Q, STM32U535VCI6, STM32U535VCI6Q, STM32U535VCT6, STM32U535VCT6Q, STM32U535VEI6, STM32U535VEI6Q, STM32U535VET6, STM32U535VET6Q, STM32U545CET6, STM32U545CET6Q, STM32U545CEU6, STM32U545CEU6Q, STM32U545JEY6QTR, STM32U545NEY6QTR, STM32U545REI6, STM32U545REI6Q, STM32U545RET6, STM32U545RET6Q, STM32U545VEI6, STM32U545VEI6Q, STM32U545VET6, STM32U545VET6Q, STM32U595AIH6, STM32U595AIH6Q, STM32U595AJH6, STM32U595AJH6Q, STM32U595QII6, STM32U595QII6Q, STM32U595QJI6, STM32U595QJI6Q, STM32U595RIT6, STM32U595RIT6Q, STM32U595RJT6, STM32U595RJT6Q, STM32U595VIT6, STM32U595VIT6Q, STM32U595VJT6, STM32U595VJT6Q, STM32U595ZIT6, STM32U595ZIT6Q, STM32U595ZIY6QTR, STM32U595ZJT6, STM32U595ZJT6Q, STM32U595ZJY6QTR, STM32U599BJY6QTR, STM32U599NIH6Q, STM32U599NJH6Q, STM32U599VIT6Q, STM32U599VJT6, STM32U599VJT6Q, STM32U599ZIT6Q, STM32U599ZIY6QTR, STM32U599ZJT6Q, STM32U599ZJY6QTR, STM32U5A5AJH6, STM32U5A5AJH6Q, STM32U5A5QII3Q , STM32U5A5QJI6, STM32U5A5QJI6Q, STM32U5A5RJT6, STM32U5A5RJT6Q, STM32U5A5VJT6, STM32U5A5VJT6Q, STM32U5A5ZJT6, STM32U5A5ZJT6Q, STM32U5A5ZJY6QTR, STM32U5A9BJY6QTR, STM32U5A9J-DK, STM32U5A9NJH6Q, STM32U5A9VJT6Q, STM32U5A9ZJT6Q, STM32U5A9ZJY6QTR, STM32U5F7VIT6, STM32U5F7VIT6Q, STM32U5F7VJT6, STM32U5F7VJT6Q, STM32U5F9BJY6QTR, STM32U5F9NJH6Q, STM32U5F9VIT6Q, STM32U5F9VJT6Q, STM32U5F9ZIJ6QTR, STM32U5F9ZIT6Q, STM32U5F9ZJJ6QTR, STM32U5F9ZJT6Q, STM32U5G7VJT6, STM32U5G7VJT6Q, STM32U5G9BJY6QTR, STM32U5G9J-DK1, STM32U5G9J-DK2, STM32U5G9NJH6Q, STM32U5G9VJT6Q, STM32U5G9ZJJ6QTR, STM32U5G9ZJT6Q, STM32WB05KZV6TR, STM32WB05KZV7TR, STM32WB05TZF6TR, STM32WB05TZF7TR, STM32WB06CCF6TR, STM32WB06CCF7TR, STM32WB06CCV6TR, STM32WB06CCV7TR, STM32WB06KCV6TR, STM32WB06KCV7TR, STM32WB07CCF6TR, STM32WB07CCF7TR, STM32WB07CCV6TR, STM32WB07CCV7TR, STM32WB07KCV6TR, STM32WB07KCV7TR, STM32WB09KEV6TR, STM32WB09KEV7TR, STM32WB09TEF6TR, STM32WB09TEF7TR, STM32WB1MMCH6, STM32WBA50KGU6, STM32WBA50KGU6TR, STM32WBA52CEU6, STM32WBA52CEU6TR, STM32WBA52CEU7, STM32WBA52CEU7TR, STM32WBA52CGU6, STM32WBA52CGU6TR, STM32WBA52CGU6U, STM32WBA52CGU7, STM32WBA52CGU7TR, STM32WBA52KEU6, STM32WBA52KEU6TR, STM32WBA52KGU6, STM32WBA52KGU6TR, STM32WBA54CEU6, STM32WBA54CEU6TR, STM32WBA54CEU7, STM32WBA54CEU7TR, STM32WBA54CGU6, STM32WBA54CGU6TR, STM32WBA54CGU7, STM32WBA54CGU7TR, STM32WBA54KEU6, STM32WBA54KEU6TR, STM32WBA54KEU7, STM32WBA54KEU7TR, STM32WBA54KGU6, STM32WBA54KGU6TR, STM32WBA54KGU7, STM32WBA54KGU7TR, STM32WBA55CEU6, STM32WBA55CEU6TR, STM32WBA55CEU7, STM32WBA55CEU7TR, STM32WBA55CGU6, STM32WBA55CGU6TR, STM32WBA55CGU6U, STM32WBA55CGU7, STM32WBA55CGU7TR, STM32WBA55G-DK1, STM32WBA55HEF6, STM32WBA55HEF7, STM32WBA55HGF6, STM32WBA55HGF7, STM32WBA55UEI6, STM32WBA55UEI6TR, STM32WBA55UEI7, STM32WBA55UEI7TR, STM32WBA55UGI6, STM32WBA55UGI6TR, STM32WBA55UGI7, STM32WBA55UGI7TR, STM32WBA5MMGH6TR, STM32WBA62MGF6, STM32WBA62MIF6, STM32WBA65MGF7, STM32WBA65MIF6, STM32WBA65MIF7, STM32WL30K8V6, STM32WL30KBV6, STM32WL31C8V6, STM32WL31CBV6, STM32WL31K8V6, STM32WL31KBV6, STM32WL33C8V6, STM32WL33C8V6X, STM32WL33CBV6, STM32WL33CBV6X, STM32WL33CCV6, STM32WL33CCV6A, STM32WL33CCV6X, STM32WL33K8V7, STM32WL33K8V7X, STM32WL33KBV7 , STM32WL33KBV7X, STM32WL33KCV7, STM32WL33KCV7X, STM32WL5MOCH6, STM32WL5MOCH6TR]
2026-01-17 21:20:32,695 [INFO] DbMcus:218 - Found 4876 MCUs, 4876 are supported
2026-01-17 21:20:32,696 [INFO] ApiDb:423 - Load user favorites file C:\Users\user/.stm32cubeide/favorites.mcus.txt: 0 item(s)
2026-01-17 21:20:32,696 [INFO] ApiDb:427 - User favorites MCUs=[]
2026-01-17 21:20:32,696 [INFO] DbMcus:224 - Set 0 / 0 favorites MCUs
2026-01-17 21:20:33,020 [INFO] ApiDb:668 - CubeFinder database Data Model version=2.1
2026-01-17 21:20:33,020 [INFO] ApiDb:669 - CubeFinder database Configuration version=3.0.39
2026-01-17 21:20:33,020 [INFO] ApiDb:670 - CubeFinder database generation date=2025-12-22 (1766407740)
2026-01-17 21:20:33,020 [INFO] ApiDb:671 - CubeFinder database FW Pack versions=[FP-ATR-ASTRA1_V2.0.0, FP-SNS-FLIGHT1_V5.1.0, FP-SNS-MOTENV1_V5.1.0, FP-SNS-MOTENVWB1_V1.4.0, FP-SNS-SMARTAG2_V1.2.0, FP-SNS-STBOX1_V2.1.0, STM32Cube_FW_C0_V1.4.0, STM32Cube_FW_F4_V1.28.3, STM32Cube_FW_F7_V1.17.4, STM32Cube_FW_G0_V1.6.2, STM32Cube_FW_G4_V1.6.1, STM32Cube_FW_H5_V1.5.1, STM32Cube_FW_H7RS_V1.3.0, STM32Cube_FW_H7_V1.12.1, STM32Cube_FW_L0_V1.12.2, STM32Cube_FW_L4_V1.18.1, STM32Cube_FW_L5_V1.6.0, STM32Cube_FW_N6_V1.3.0, STM32Cube_FW_U0_V1.3.0, STM32Cube_FW_U3_V1.2.1, STM32Cube_FW_U5_V1.8.0, STM32Cube_FW_WB0_V1.4.0, STM32Cube_FW_WBA_V1.8.0, STM32Cube_FW_WB_V1.24.0, STM32Cube_FW_WL3_V1.3.0, STM32Cube_FW_WL_V1.4.0, X-CUBE-ALGOBUILD_V1.4.0, X-CUBE-ALS_V1.0.2, X-CUBE-AZRTOS-F4_V1.1.0, X-CUBE-AZRTOS-F7_V1.1.0, X-CUBE-AZRTOS-G0_V1.1.0, X-CUBE-AZRTOS-G4_V2.0.0, X-CUBE-AZRTOS-H7RS_V1.1.0, X-CUBE-AZRTOS-H7_V3.4.0, X-CUBE-AZRTOS-L4_V2.0.0, X-CUBE-AZRTOS-L5_V2.0.0, X-CUBE-AZRTOS-WB_V2.0.0, X-CUBE-AZRTOS-WL_V2.0.0, X-CUBE-BLE1_V7.1.0, X-CUBE-BLE2_V3.3.0, X-CUBE-BLEMGR_V4.1.0, X-CUBE-EEPRMA1_V5.2.0, X-CUBE-FREERTOS_V1.3.1, X-CUBE-GNSS1_V6.0.0, X-CUBE-MEMS1_V12.0.0, X-CUBE-NFC4_V3.0.0, X-CUBE-NFC7_V2.0.0, X-CUBE-SFXS2LP1_V4.0.0, X-CUBE-ST67W61_V1.1.0, X-CUBE-SUBG2_V5.0.0, X-CUBE-TOF1_V3.4.3]
2026-01-17 21:20:33,071 [INFO] DbBoardsSqlite:226 - include board P-NUCLEO-WB55-NUCLEO as a kit item of type 'Nucleo-64'
2026-01-17 21:20:33,071 [INFO] DbBoardsSqlite:226 - include board P-NUCLEO-WB55-USBDONGLE as a kit item of type 'Nucleo USB Dongle'
2026-01-17 21:20:33,071 [INFO] DbBoardsSqlite:226 - include board STEVAL-IDP005V1 as a kit item of type 'Evaluation Board'
2026-01-17 21:20:33,072 [INFO] DbBoardsSqlite:226 - include board STEVAL-IDP005V2 as a kit item of type 'Evaluation Board'
2026-01-17 21:20:33,133 [INFO] ApiDb:240 - Found 880 in-development CPN: [B-G473E-ZEST1S, B-WB1M-WPAN1, B-WBA5M-WPAN, B-WL5M-SUBG1, NUCLEO-C031C6, NUCLEO-C051C8, NUCLEO-C071RB, NUCLEO-C092RC, NUCLEO-H503RB, NUCLEO-H533RE, NUCLEO-H563ZI, NUCLEO-H7S3L8, NUCLEO-N657X0-Q, NUCLEO-U031R8, NUCLEO-U083RC, NUCLEO-U385RG-Q, NUCLEO-U545RE-Q, NUCLEO-U5A5ZJ-Q, NUCLEO-WB05KZ, NUCLEO-WB07CC, NUCLEO-WB09KE, NUCLEO-WBA52CG, NUCLEO-WBA55CG, NUCLEO-WL33CC1, NUCLEO-WL33CC2, STEVAL-PROTEUS1, STEVAL-SMARTAG2, STEVAL-STWINBX1, STM320518-EVAL, STM32C0116-DK, STM32C011D6Y3TR, STM32C011D6Y6TR, STM32C011F4P3, STM32C011F4P6, STM32C011F4U3, STM32C011F4U6TR, STM32C011F6P3, STM32C011F6P6, STM32C011F6U3, STM32C011F6U6TR, STM32C011J4M3, STM32C011J4M6, STM32C011J6M3, STM32C011J6M6, STM32C0316-DK, STM32C031C4T3, STM32C031C4T6, STM32C031C4U3, STM32C031C4U6, STM32C031C6T3, STM32C031C6T6, STM32C031C6U3, STM32C031C6U6, STM32C031F4P3, STM32C031F4P6, STM32C031F6P3, STM32C031F6P6, STM32C031G4U3, STM32C031G4U6, STM32C031G6U3, STM32C031G6U6, STM32C031K4T3, STM32C031K4T6, STM32C031K4U3, STM32C031K4U6, STM32C031K6T3, STM32C031K6T6, STM32C031K6U3, STM32C031K6U6, STM32C051C6T6, STM32C051C6U6, STM32C051C8T6, STM32C051C8U6, STM32C051D8Y6TR, STM32C051F6P6, STM32C051F8P6, STM32C051G6U6, STM32C051G8U6, STM32C051K6T6, STM32C051K6U6, STM32C051K8T6, STM32C071C8T6, STM32C071C8T6N, STM32C071C8U6, STM32C071C8U6N, STM32C071CBT6, STM32C071CBT6N, STM32C071CBU6, STM32C071CBU6N, STM32C071F8P6, STM32C071F8P6N, STM32C071FBP6, STM32C071FBP6N, STM32C071FBY6TR, STM32C071G8U6, STM32C071G8U6N, STM32C071GBU6, STM32C071GBU6N, STM32C071K8T6, STM32C071K8T6N, STM32C071K8U6, STM32C071K8U6N, STM32C071KBT6, STM32C071KBT6N, STM32C071KBU6, STM32C071KBU6N, STM32C071R8T6, STM32C071R8T6N, STM32C071RBI6N, STM32C071RBT6, STM32C071RBT6N, STM32C091CBT6, STM32C091CBU6, STM32C091CCT6, STM32C091CCU6, STM32C091ECY6TR, STM32C091FBP6, STM32C091FCP6, STM32C091GBU6, STM32C091GCU6, STM32C091KBT6, STM32C091KBU6, STM32C091KCT6, STM32C091KCU6, STM32C091RBT6, STM32C091RCI6, STM32C091RCT6, STM32C092CBT6, STM32C092CBU6, STM32C092CCT6, STM32C092CCU6, STM32C092ECY6TR, STM32C092FBP6, STM32C092FCP6, STM32C092GBU6, STM32C092GCU6, STM32C092KBT6, STM32C092KBU6, STM32C092KCT6, STM32C092KCU6, STM32C092RBT6, STM32C092RCI6, STM32C092RCT6, STM32G071K8TXN, STM32G071K8UXN, STM32G081GBU6N, STM32G081KBT6N, STM32G081KBUXN, STM32G0B1CCT6N, STM32G0B1KCT6, STM32G0B1NEY6TR, STM32G0B1RCT6N, STM32G0C1CCT6, STM32G0C1CCT6N, STM32G0C1CCU6N, STM32G0C1CET6N, STM32G0C1CEU6N, STM32G0C1KCT6, STM32G0C1NEY6TR, STM32G0C1RCI6N, STM32G0C1RCT6N, STM32G0C1REI6N, STM32G0C1RET6N, STM32G0C1VCI6, STM32G0C1VEI6, STM32G411C6T3, STM32G411C6T6, STM32G411C6U3, STM32G411C6U6, STM32G411C8T3, STM32G411C8T6, STM32G411C8U3, STM32G411C8U6, STM32G411CBT3, STM32G411CBT6, STM32G411CBU3, STM32G411CBU6, STM32G411K6T3, STM32G411K6T6, STM32G411K6U3, STM32G411K6U6, STM32G411K8T3, STM32G411K8T6, STM32G411K8U3, STM32G411K8U6, STM32G411KBT3, STM32G411KBT6, STM32G411KBU3, STM32G411KBU6, STM32G411M6T3, STM32G411M6T6, STM32G411M8T3, STM32G411M8T6, STM32G411MBT3, STM32G411MBT6, STM32G411R6T3, STM32G411R6T6, STM32G411R8T3, STM32G411R8T6, STM32G411RBT3, STM32G411RBT6, STM32G414CBT3, STM32G414CBT6, STM32G414CBU3, STM32G414CBU6, STM32G414CCT3, STM32G414CCT6, STM32G414CCU3, STM32G414CCU6, STM32G414MBT3, STM32G414MBT6, STM32G414MCT3, STM32G414MCT6, STM32G414RBT3, STM32G414RBT6, STM32G414RCT3, STM32G414RCT6, STM32G414VBT3, STM32G414VBT6, STM32G414VCT3, STM32G414VCT6, STM32G431CBT3Z, STM32G431RBT3Z, STM32G471CCT6, STM32G471CCU6, STM32G471CET3, STM32G471CET6, STM32G471CEU3, STM32G471CEU6, STM32G471MCT6, STM32G471MET3, STM32G471MET6, STM32G471MEY6TR, STM32G471QCT6, STM32G471QET3, STM32G471RCT6, STM32G471RET3, STM32G471RET6, STM32G471VCH6, STM32G471VCI6, STM32G471VCT6, STM32G471VEH3, STM32G471VEH6, STM32G471VEI3, STM32G471VEI6, STM32G471VET3, STM32G471VET6, STM32G473QET3Z, STM32G473RET3Z, STM32G474CCT6, STM32G491RET3Z, STM32H503CBT6, STM32H503CBU6, STM32H503EBY6TR, STM32H503KBU6, STM32H503RBT6, STM32H523CCT6, STM32H523CCU6, STM32H523CET6, STM32H523CEU6, STM32H523HEY6TR, STM32H523RCT6, STM32H523RET6, STM32H523VCI6, STM32H523VCT6, STM32H523VEI6, STM32H523VET6, STM32H523ZCJ6, STM32H523ZCT6, STM32H523ZEJ6, STM32H523ZET6, STM32H533CET6, STM32H533CEU6, STM32H533HEY6TR, STM32H533RET6, STM32H533VEI6, STM32H533VET6, STM32H533ZEJ6, STM32H533ZET6, STM32H562AGI6, STM32H562AII6, STM32H562IGK6, STM32H562IGT6, STM32H562IIK6, STM32H562IIT6, STM32H562RGT6, STM32H562RGV6, STM32H562RIT6, STM32H562RIV6, STM32H562VGT6, STM32H562VIT6, STM32H562ZGT6, STM32H562ZIT6, STM32H563AGI6, STM32H563AII3Q, STM32H563AII6, STM32H563IGK6, STM32H563IGT6, STM32H563IIK3Q, STM32H563IIK6, STM32H563IIT3Q, STM32H563IIT6, STM32H563MIY3QTR, STM32H563RGT6, STM32H563RGV6, STM32H563RIT6, STM32H563RIV6, STM32H563VGT6, STM32H563VIT3Q, STM32H563VIT6, STM32H563ZGT6, STM32H563ZIT3Q, STM32H563ZIT6, STM32H573AII3Q, STM32H573AII6, STM32H573I-DK, STM32H573IIK3Q, STM32H573IIK6, STM32H573IIT3Q, STM32H573IIT6, STM32H573MIY3QTR, STM32H573RIT6, STM32H573RIV6, STM32H573VIT3Q, STM32H573VIT6, STM32H573ZIT3Q, STM32H573ZIT6, STM32H7R3A8I6, STM32H7R3I8K6, STM32H7R3I8T6, STM32H7R3L8H6, STM32H7R3L8H6H, STM32H7R3R8V6, STM32H7R3V8H6, STM32H7R3V8T6, STM32H7R3V8Y6TR, STM32H7R3Z8J6, STM32H7R3Z8T6, STM32H7R7A8I6, STM32H7R7I8K6, STM32H7R7I8T6, STM32H7R7L8H6, STM32H7R7L8H6H, STM32H7R7Z8J6, STM32H7S3A8I6, STM32H7S3I8K6, STM32H7S3I8T6, STM32H7S3L8H6, STM32H7S3L8H6H, STM32H7S3R8V6, STM32H7S3V8H6, STM32H7S3V8T6, STM32H7S3V8Y6TR, STM32H7S3Z8J6, STM32H7S3Z8T6, STM32H7S78-DK, STM32H7S7A8I6, STM32H7S7I8K6, STM32H7S7I8T6, STM32H7S7L8H6, STM32H7S7L8H6H, STM32H7S7Z8J6, STM32L4R5QGI6STR, STM32MP131AAE3, STM32MP131AAF3, STM32MP131AAG3, STM32MP131CAE3, STM32MP131CAF3, STM32MP131CAG3, STM32MP131DAE7, STM32MP131DAF7, STM32MP131DAG7, STM32MP131FAE7, STM32MP131FAF7, STM32MP131FAG7, STM32MP133AAE3, STM32MP133AAF3, STM32MP133AAG3, STM32MP133CAE3, STM32MP133CAF3, STM32MP133CAG3, STM32MP133DAE7, STM32MP133DAF7, STM32MP133DAG7, STM32MP133FAE7, STM32MP133FAF7, STM32MP133FAG7, STM32MP135AAE3, STM32MP135AAF3, STM32MP135AAG3, STM32MP135CAE3, STM32MP135CAF3, STM32MP135CAG3, STM32MP135DAE7, STM32MP135DAF7, STM32MP135DAG7, STM32MP135F-DK, STM32MP135FAE7, STM32MP135FAF7, STM32MP135FAF7T, STM32MP135FAF7U, STM32MP135FAG7, STM32MP211AAL3, STM32MP211AAM3, STM32MP211AAN3, STM32MP211AAO3, STM32MP211CAL3, STM32MP211CAM3, STM32MP211CAN3, STM32MP211CAO3, STM32MP211DAL3, STM32MP211DAM3, STM32MP211DAN3, STM32MP211DAO3, STM32MP211FAL3, STM32MP211FAM3, STM32MP211FAN3, STM32MP211FAO3, STM32MP213AAL3, STM32MP213AAM3, STM32MP213AAN3, STM32MP213AAO3, STM32MP213CAL3, STM32MP213CAM3, STM32MP213CAN3, STM32MP213CAO3, STM32MP213DAL3, STM32MP213DAM3, STM32MP213DAN3, STM32MP213DAO3, STM32MP213FAL3, STM32MP213FAM3, STM32MP213FAN3, STM32MP213FAO3, STM32MP215AAL3, STM32MP215AAM3, STM32MP215AAN3, STM32MP215AAO3, STM32MP215CAL3, STM32MP215CAM3, STM32MP215CAN3, STM32MP215CAO3, STM32MP215DAL3, STM32MP215DAM3, STM32MP215DAN3, STM32MP215DAO3, STM32MP215F-DK, STM32MP215FAL3, STM32MP215FAM3, STM32MP215FAN3, STM32MP215FAO3, STM32MP231AAJ3, STM32MP231AAK3, STM32MP231AAL3, STM32MP231CAJ3, STM32MP231CAK3, STM32MP231CAL3, STM32MP231DAJ3, STM32MP231DAK3, STM32MP231DAL3, STM32MP231FAJ3, STM32MP231FAK3, STM32MP231FAL3, STM32MP233AAJ3, STM32MP233AAK3, STM32MP233AAL3, STM32MP233CAJ3, STM32MP233CAK3, STM32MP233CAL3, STM32MP233DAJ3, STM32MP233DAK3, STM32MP233DAL3, STM32MP233FAJ3, STM32MP233FAK3, STM32MP233FAL3, STM32MP235AAJ3, STM32MP235AAK3, STM32MP235AAL3, STM32MP235CAJ3, STM32MP235CAK3, STM32MP235CAL3, STM32MP235DAJ3, STM32MP235DAK3, STM32MP235DAL3, STM32MP235FAJ3, STM32MP235FAK3, STM32MP235FAL3, STM32MP251AAI3, STM32MP251AAK3, STM32MP251AAL3, STM32MP251CAI3, STM32MP251CAK3, STM32MP251CAL3, STM32MP251DAI3, STM32MP251DAK3, STM32MP251DAL3, STM32MP251FAI3, STM32MP251FAK3, STM32MP251FAL3, STM32MP253AAI3, STM32MP253AAK3, STM32MP253AAL3, STM32MP253CAI3, STM32MP253CAK3, STM32MP253CAL3, STM32MP253DAI3, STM32MP253DAK3, STM32MP253DAL3, STM32MP253FAI3, STM32MP253FAK3, STM32MP253FAL3, STM32MP255AAI3, STM32MP255AAK3, STM32MP255AAL3, STM32MP255CAI3, STM32MP255CAK3, STM32MP255CAL3, STM32MP255DAI3, STM32MP255DAK3, STM32MP255DAL3, STM32MP255FAI3, STM32MP255FAK3, STM32MP255FAL3, STM32MP257AAI3, STM32MP257AAK3, STM32MP257AAL3, STM32MP257CAI3, STM32MP257CAK3, STM32MP257CAL3, STM32MP257DAI3, STM32MP257DAK3, STM32MP257DAL3, STM32MP257F-DK, STM32MP257F-EV1, STM32MP257FAI3, STM32MP257FAK3, STM32MP257FAL3, STM32N645A0H3Q, STM32N645B0H3Q, STM32N645I0H3Q, STM32N645L0H3Q, STM32N645X0H3Q, STM32N645Z0H3Q, STM32N647A0H3Q, STM32N647B0H3Q, STM32N647I0H3Q, STM32N647L0H3Q, STM32N647X0H3Q, STM32N647Z0H3Q, STM32N655A0H3Q, STM32N655B0H3Q, STM32N655I0H3Q, STM32N655L0H3Q, STM32N655X0H3Q, STM32N655Z0H3Q, STM32N6570-DK, STM32N657A0H3Q, STM32N657B0H3Q, STM32N657I0H3Q, STM32N657L0H3Q, STM32N657X0H3Q, STM32N657Z0H3Q, STM32U031C6T6, STM32U031C6U6, STM32U031C8T6, STM32U031C8U6, STM32U031F4P6, STM32U031F6P6, STM32U031F8P6, STM32U031G6Y6TR, STM32U031G8Y6TR, STM32U031K4U6, STM32U031K6U6, STM32U031K8U6, STM32U031R6I6, STM32U031R6T6, STM32U031R8I6, STM32U031R8T6, STM32U073C8T6, STM32U073C8U6, STM32U073CBT6, STM32U073CBU6, STM32U073CCT6, STM32U073CCU6, STM32U073H8Y6TR, STM32U073HBY6TR, STM32U073HCY6TR, STM32U073K8U6, STM32U073KBU6, STM32U073KCU6, STM32U073M8I6, STM32U073M8T6, STM32U073MBI6, STM32U073MBT6, STM32U073MCI6, STM32U073MCT6, STM32U073R8I6, STM32U073R8T6, STM32U073RBI6, STM32U073RBT6, STM32U073RCI6, STM32U073RCT6, STM32U083C-DK, STM32U083CCT6, STM32U083CCU6, STM32U083HCY6TR, STM32U083KCU6, STM32U083MCI6, STM32U083MCT6, STM32U083RCI6, STM32U083RCT6, STM32U375CET6, STM32U375CET6Q, STM32U375CEU6, STM32U375CEU6Q, STM32U375CEY6QTR, STM32U375CGT6, STM32U375CGT6Q, STM32U375CGU6, STM32U375CGU6Q, STM32U375CGY6QTR, STM32U375KEU6, STM32U375KGU6, STM32U375REI6, STM32U375REI6Q, STM32U375RET6, STM32U375RET6Q, STM32U375REY6GTR, STM32U375REY6QTR, STM32U375RGI6, STM32U375RGI6Q, STM32U375RGT6, STM32U375RGT6Q, STM32U375RGY6GTR, STM32U375RGY6QTR, STM32U375VEI6, STM32U375VEI6Q, STM32U375VET6, STM32U375VET6Q, STM32U375VGI6, STM32U375VGI6Q, STM32U375VGT6, STM32U375VGT6Q, STM32U385CGT6, STM32U385CGT6Q, STM32U385CGU6, STM32U385CGU6Q, STM32U385CGY6QTR, STM32U385KGU6, STM32U385RGI6, STM32U385RGI6Q, STM32U385RGT6, STM32U385RGT6Q, STM32U385RGY6GTR, STM32U385RGY6QTR, STM32U385VGI6, STM32U385VGI6Q, STM32U385VGT6, STM32U385VGT6Q, STM32U535CBT6, STM32U535CBT6Q, STM32U535CBU6, STM32U535CBU6Q, STM32U535CCT6, STM32U535CCT6Q, STM32U535CCU6, STM32U535CCU6Q, STM32U535CET6, STM32U535CET6Q, STM32U535CEU6, STM32U535CEU6Q, STM32U535JEY6QTR, STM32U535NCY6QTR, STM32U535NEY6QTR, STM32U535RBI6, STM32U535RBI6Q, STM32U535RBT6, STM32U535RBT6Q, STM32U535RCI6, STM32U535RCI6Q, STM32U535RCT6, STM32U535RCT6Q, STM32U535REI6, STM32U535REI6Q, STM32U535RET6, STM32U535RET6Q, STM32U535VCI6, STM32U535VCI6Q, STM32U535VCT6, STM32U535VCT6Q, STM32U535VEI6, STM32U535VEI6Q, STM32U535VET6, STM32U535VET6Q, STM32U545CET6, STM32U545CET6Q, STM32U545CEU6, STM32U545CEU6Q, STM32U545JEY6QTR, STM32U545NEY6QTR, STM32U545REI6, STM32U545REI6Q, STM32U545RET6, STM32U545RET6Q, STM32U545VEI6, STM32U545VEI6Q, STM32U545VET6, STM32U545VET6Q, STM32U595AIH6, STM32U595AIH6Q, STM32U595AJH6, STM32U595AJH6Q, STM32U595QII6, STM32U595QII6Q, STM32U595QJI6, STM32U595QJI6Q, STM32U595RIT6, STM32U595RIT6Q, STM32U595RJT6, STM32U595RJT6Q, STM32U595VIT6, STM32U595VIT6Q, STM32U595VJT6, STM32U595VJT6Q, STM32U595ZIT6, STM32U595ZIT6Q, STM32U595ZIY6QTR, STM32U595ZJT6, STM32U595ZJT6Q, STM32U595ZJY6QTR, STM32U599BJY6QTR, STM32U599NIH6Q, STM32U599NJH6Q, STM32U599VIT6Q, STM32U599VJT6, STM32U599VJT6Q, STM32U599ZIT6Q, STM32U599ZIY6QTR, STM32U599ZJT6Q, STM32U599ZJY6QTR, STM32U5A5AJH6, STM32U5A5AJH6Q, STM32U5A5QII3Q , STM32U5A5QJI6, STM32U5A5QJI6Q, STM32U5A5RJT6, STM32U5A5RJT6Q, STM32U5A5VJT6, STM32U5A5VJT6Q, STM32U5A5ZJT6, STM32U5A5ZJT6Q, STM32U5A5ZJY6QTR, STM32U5A9BJY6QTR, STM32U5A9J-DK, STM32U5A9NJH6Q, STM32U5A9VJT6Q, STM32U5A9ZJT6Q, STM32U5A9ZJY6QTR, STM32U5F7VIT6, STM32U5F7VIT6Q, STM32U5F7VJT6, STM32U5F7VJT6Q, STM32U5F9BJY6QTR, STM32U5F9NJH6Q, STM32U5F9VIT6Q, STM32U5F9VJT6Q, STM32U5F9ZIJ6QTR, STM32U5F9ZIT6Q, STM32U5F9ZJJ6QTR, STM32U5F9ZJT6Q, STM32U5G7VJT6, STM32U5G7VJT6Q, STM32U5G9BJY6QTR, STM32U5G9J-DK1, STM32U5G9J-DK2, STM32U5G9NJH6Q, STM32U5G9VJT6Q, STM32U5G9ZJJ6QTR, STM32U5G9ZJT6Q, STM32WB05KZV6TR, STM32WB05KZV7TR, STM32WB05TZF6TR, STM32WB05TZF7TR, STM32WB06CCF6TR, STM32WB06CCF7TR, STM32WB06CCV6TR, STM32WB06CCV7TR, STM32WB06KCV6TR, STM32WB06KCV7TR, STM32WB07CCF6TR, STM32WB07CCF7TR, STM32WB07CCV6TR, STM32WB07CCV7TR, STM32WB07KCV6TR, STM32WB07KCV7TR, STM32WB09KEV6TR, STM32WB09KEV7TR, STM32WB09TEF6TR, STM32WB09TEF7TR, STM32WB1MMCH6, STM32WBA50KGU6, STM32WBA50KGU6TR, STM32WBA52CEU6, STM32WBA52CEU6TR, STM32WBA52CEU7, STM32WBA52CEU7TR, STM32WBA52CGU6, STM32WBA52CGU6TR, STM32WBA52CGU6U, STM32WBA52CGU7, STM32WBA52CGU7TR, STM32WBA52KEU6, STM32WBA52KEU6TR, STM32WBA52KGU6, STM32WBA52KGU6TR, STM32WBA54CEU6, STM32WBA54CEU6TR, STM32WBA54CEU7, STM32WBA54CEU7TR, STM32WBA54CGU6, STM32WBA54CGU6TR, STM32WBA54CGU7, STM32WBA54CGU7TR, STM32WBA54KEU6, STM32WBA54KEU6TR, STM32WBA54KEU7, STM32WBA54KEU7TR, STM32WBA54KGU6, STM32WBA54KGU6TR, STM32WBA54KGU7, STM32WBA54KGU7TR, STM32WBA55CEU6, STM32WBA55CEU6TR, STM32WBA55CEU7, STM32WBA55CEU7TR, STM32WBA55CGU6, STM32WBA55CGU6TR, STM32WBA55CGU6U, STM32WBA55CGU7, STM32WBA55CGU7TR, STM32WBA55G-DK1, STM32WBA55HEF6, STM32WBA55HEF7, STM32WBA55HGF6, STM32WBA55HGF7, STM32WBA55UEI6, STM32WBA55UEI6TR, STM32WBA55UEI7, STM32WBA55UEI7TR, STM32WBA55UGI6, STM32WBA55UGI6TR, STM32WBA55UGI7, STM32WBA55UGI7TR, STM32WBA5MMGH6TR, STM32WBA62MGF6, STM32WBA62MIF6, STM32WBA65MGF7, STM32WBA65MIF6, STM32WBA65MIF7, STM32WL30K8V6, STM32WL30KBV6, STM32WL31C8V6, STM32WL31CBV6, STM32WL31K8V6, STM32WL31KBV6, STM32WL33C8V6, STM32WL33C8V6X, STM32WL33CBV6, STM32WL33CBV6X, STM32WL33CCV6, STM32WL33CCV6A, STM32WL33CCV6X, STM32WL33K8V7, STM32WL33K8V7X, STM32WL33KBV7 , STM32WL33KBV7X, STM32WL33KCV7, STM32WL33KCV7X, STM32WL5MOCH6, STM32WL5MOCH6TR]
2026-01-17 21:20:33,323 [INFO] BoardInfo:889 - No configuration file found for board P-NUCLEO-WB55
2026-01-17 21:20:33,324 [INFO] DbBoards:161 - Kit is not supported: P-NUCLEO-WB55
2026-01-17 21:20:33,331 [INFO] BoardInfo:889 - No configuration file found for board STEVAL-BFA001V1B
2026-01-17 21:20:33,332 [INFO] DbBoards:161 - Kit is not supported: STEVAL-BFA001V1B
2026-01-17 21:20:33,333 [INFO] BoardInfo:889 - No configuration file found for board STEVAL-BFA001V2B
2026-01-17 21:20:33,334 [INFO] DbBoards:161 - Kit is not supported: STEVAL-BFA001V2B
2026-01-17 21:20:33,527 [INFO] DbBoards:168 - Found 212 boards, 209 are supported
2026-01-17 21:20:33,527 [INFO] DbBoards:169 - Found 212 boards, 43 of them is supported for  Bsp
2026-01-17 21:20:33,530 [INFO] ApiDb:423 - Load user favorites file C:\Users\user/.stm32cubeide/favorites.boards.txt: 0 item(s)
2026-01-17 21:20:33,530 [INFO] ApiDb:427 - User favorites Boards=[]
2026-01-17 21:20:33,530 [INFO] DbBoards:198 - Set 0 / 0 favorites Boards
2026-01-17 21:20:33,530 [INFO] McuFinderGlobals:76 - Set McuFinderConnectedMode to true
2026-01-17 21:20:33,535 [INFO] MultiScanPanel:200 - Auto-refresh data requested => check proxy status ongoing
2026-01-17 21:20:33,537 [INFO] FinderPluginLoader:96 - Searching for filters in installed packs
2026-01-17 21:20:34,682 [INFO] LoadUrlFilesThread:185 - End of LoadServerUrlFiles without Thread
2026-01-17 21:20:34,733 [INFO] DetailPanel:341 - Set advertising image to C:/Users/user/STM32Cube/Repository/\en.prom-stm32mp21-0126.png
2026-01-17 21:20:39,350 [INFO] MultiScanPanel:200 - Auto-refresh data requested => check proxy status ongoing
2026-01-17 21:20:39,522 [INFO] LoadUrlFilesThread:185 - End of LoadServerUrlFiles without Thread
2026-01-17 21:20:39,522 [INFO] DetailPanel:341 - Set advertising image to C:/Users/user/STM32Cube/Repository/\en.prom-stm32mp21-0126.png
2026-01-17 21:20:39,532 [INFO] DbBoards:642 - Loading board mini-images...
2026-01-17 21:20:41,139 [ERROR] DbBoards:659 - Image file not found for board STM32MP215F-DK: C:\Users\user\.stmcufinder\plugins\mcufinder//mcu//boards_images/STM32MP215F-DK.jpg
2026-01-17 21:20:41,227 [INFO] DbBoards:665 - Loaded 211 board mini-images
2026-01-17 21:21:10,582 [INFO] BoardAction:75 - Docs & Resources
2026-01-17 21:21:11,999 [INFO] ServerAccessManage:452 - Complete download http(s) 200
2026-01-17 21:21:12,001 [INFO] ServerAccessManage:509 - Download File DB2196.pdf
2026-01-17 21:21:12,230 [INFO] LoadUrlFilesThread:156 - End of LoadUrlFiles Thread
2026-01-17 21:21:12,299 [INFO] BoardAction:139 - Datasheet
2026-01-17 21:25:31,984 [INFO] BoardAction:139 - Datasheet
2026-01-17 21:27:24,093 [INFO] McuFinderGlobals:76 - Set McuFinderConnectedMode to true
2026-01-17 21:27:24,095 [INFO] ApiDb:448 - Save user favorites file C:\Users\user/.stm32cubeide/favorites.mcus.txt: 0 item(s)
2026-01-17 21:27:24,095 [INFO] ApiDb:452 - User favorites MCUs=[]
2026-01-17 21:27:24,096 [INFO] ApiDb:448 - Save user favorites file C:\Users\user/.stm32cubeide/favorites.boards.txt: 0 item(s)
2026-01-17 21:27:24,096 [INFO] ApiDb:452 - User favorites Boards=[]
2026-01-17 21:41:16,545 [ERROR] LogOutputStream:75 - [STDERR_REDIRECT] 
2026-01-17 21:41:49,087 [INFO] Activator:176 - 


2026-01-17 21:41:49,089 [INFO] Activator:177 - !SESSION log4j initialized
2026-01-17 21:41:54,826 [INFO] LogOutputStream:77 - [STDOUT_REDIRECT] 
2026-01-17 21:41:55,817 [INFO] ApplicationProperties:184 - Using Application install path: C:\ST\STM32CubeIDE_1.19.0\STM32CubeIDE\plugins\com.st.stm32cube.common.mx_6.15.0.202507011659
2026-01-17 21:41:55,831 [INFO] DbMcusXml:78 - Set database path to: C:\ST\STM32CubeIDE_1.19.0\STM32CubeIDE\plugins\com.st.stm32cube.common.mx_6.15.0.202507011659\\db\/mcu/
2026-01-17 21:41:55,831 [INFO] ApiDb:274 - Set plugin database path to: C:\ST\STM32CubeIDE_1.19.0\STM32CubeIDE\plugins\com.st.stm32cube.common.mx_6.15.0.202507011659\\db\/plugins/boardmanager/
2026-01-17 21:41:55,832 [WARN] ApiDb:259 - Overriding images path with different value:  => C:\ST\STM32CubeIDE_1.19.0\STM32CubeIDE\plugins\com.st.stm32cube.common.mx_6.15.0.202507011659\\db\/plugins/mcufinder/images/
2026-01-17 21:41:55,836 [INFO] ApiDb:250 - Set database path to: C:\Users\user\.stmcufinder\plugins\mcufinder//mcu/
2026-01-17 21:41:55,837 [INFO] DbMcusAds:125 - Set database path to: C:\Users\user\.stmcufinder\plugins\mcufinder//mcu/
2026-01-17 21:41:55,838 [INFO] CrossReferenceDbSqlite:203 - Set database path to: C:\Users\user\.stmcufinder\plugins\mcufinder//mcu/cs/
2026-01-17 21:41:55,946 [INFO] RulesReader:64 - Compatibility file has been processed (317 Rules)
2026-01-17 21:41:56,024 [INFO] DbMcusXml:78 - Set database path to: C:\ST\STM32CubeIDE_1.19.0\STM32CubeIDE\plugins\com.st.stm32cube.common.mx_6.15.0.202507011659\\db\/mcu/
2026-01-17 21:41:56,025 [INFO] ApiDb:274 - Set plugin database path to: C:\ST\STM32CubeIDE_1.19.0\STM32CubeIDE\plugins\com.st.stm32cube.common.mx_6.15.0.202507011659\\db\/plugins/boardmanager/
2026-01-17 21:41:56,025 [INFO] ApiDb:261 - Set plugin images path to: C:\ST\STM32CubeIDE_1.19.0\STM32CubeIDE\plugins\com.st.stm32cube.common.mx_6.15.0.202507011659\\db\/plugins/mcufinder/images/
2026-01-17 21:41:56,025 [WARN] DbFile:41 - Overriding database path with different value: C:\Users\user\.stmcufinder\plugins\mcufinder/ => C:\Users\user\.stmcufinder\plugins\mcufinder
2026-01-17 21:41:56,025 [INFO] ApiDb:250 - Set database path to: C:\Users\user\.stmcufinder\plugins\mcufinder//mcu/
2026-01-17 21:41:56,025 [WARN] DbFile:41 - Overriding database path with different value: C:\Users\user\.stmcufinder\plugins\mcufinder/ => C:\Users\user\.stmcufinder\plugins\mcufinder
2026-01-17 21:41:56,025 [INFO] DbMcusAds:125 - Set database path to: C:\Users\user\.stmcufinder\plugins\mcufinder//mcu/
2026-01-17 21:41:56,025 [WARN] DbFile:41 - Overriding database path with different value: C:\Users\user\.stmcufinder\plugins\mcufinder/ => C:\Users\user\.stmcufinder\plugins\mcufinder
2026-01-17 21:41:56,025 [WARN] DbFile:41 - Overriding database path with different value: C:\Users\user\.stmcufinder\plugins\mcufinder/ => C:\Users\user\.stmcufinder\plugins\mcufinder
2026-01-17 21:41:56,025 [INFO] CrossReferenceDbSqlite:203 - Set database path to: C:\Users\user\.stmcufinder\plugins\mcufinder//mcu/cs/
2026-01-17 21:41:56,083 [INFO] MainPanel:274 - HeapMemory: 268435456
2026-01-17 21:41:56,145 [INFO] DbMcusXml:78 - Set database path to: C:\ST\STM32CubeIDE_1.19.0\STM32CubeIDE\plugins\com.st.stm32cube.common.mx_6.15.0.202507011659\\db\/mcu/
2026-01-17 21:41:56,146 [INFO] ApiDb:274 - Set plugin database path to: C:\ST\STM32CubeIDE_1.19.0\STM32CubeIDE\plugins\com.st.stm32cube.common.mx_6.15.0.202507011659\\db\/plugins/boardmanager/
2026-01-17 21:41:56,146 [INFO] ApiDb:261 - Set plugin images path to: C:\ST\STM32CubeIDE_1.19.0\STM32CubeIDE\plugins\com.st.stm32cube.common.mx_6.15.0.202507011659\\db\/plugins/mcufinder/images/
2026-01-17 21:41:56,146 [WARN] DbFile:41 - Overriding database path with different value: C:\Users\user\.stmcufinder\plugins\mcufinder/ => C:\Users\user\.stmcufinder\plugins\mcufinder
2026-01-17 21:41:56,146 [INFO] ApiDb:250 - Set database path to: C:\Users\user\.stmcufinder\plugins\mcufinder//mcu/
2026-01-17 21:41:56,146 [WARN] DbFile:41 - Overriding database path with different value: C:\Users\user\.stmcufinder\plugins\mcufinder/ => C:\Users\user\.stmcufinder\plugins\mcufinder
2026-01-17 21:41:56,146 [INFO] DbMcusAds:125 - Set database path to: C:\Users\user\.stmcufinder\plugins\mcufinder//mcu/
2026-01-17 21:41:56,146 [WARN] DbFile:41 - Overriding database path with different value: C:\Users\user\.stmcufinder\plugins\mcufinder/ => C:\Users\user\.stmcufinder\plugins\mcufinder
2026-01-17 21:41:56,146 [WARN] DbFile:41 - Overriding database path with different value: C:\Users\user\.stmcufinder\plugins\mcufinder/ => C:\Users\user\.stmcufinder\plugins\mcufinder
2026-01-17 21:41:56,146 [INFO] CrossReferenceDbSqlite:203 - Set database path to: C:\Users\user\.stmcufinder\plugins\mcufinder//mcu/cs/
2026-01-17 21:41:56,164 [INFO] ApplicationProperties:184 - Using Application install path: C:\ST\STM32CubeIDE_1.19.0\STM32CubeIDE\plugins\com.st.stm32cube.common.mx_6.15.0.202507011659
2026-01-17 21:41:56,165 [INFO] PluginManage:196 - Search for loadable plugins [exclusion list=, ]
2026-01-17 21:41:56,166 [INFO] PluginManage:310 - Check plugin analytics
2026-01-17 21:41:56,329 [INFO] AnalyticsPlugin:253 - Accepted Software Licenses: 
2026-01-17 21:41:56,330 [INFO] AnalyticsPlugin:255 - Accepted CMSIS Pack Licenses: 
2026-01-17 21:41:56,330 [INFO] AnalyticsPlugin:257 - Accepted Firmware Licenses: 
2026-01-17 21:41:56,332 [INFO] PluginManage:359 - Loaded plugin analytics (category:tool,tabindex:-1)
2026-01-17 21:41:56,333 [INFO] PluginManage:310 - Check plugin cadmodel
2026-01-17 21:41:56,353 [INFO] CADModel:105 - Init CAD model plugin
2026-01-17 21:41:56,354 [INFO] PluginManage:359 - Loaded plugin cadmodel (category:power,tabindex:5)
2026-01-17 21:41:56,354 [INFO] PluginManage:310 - Check plugin clock
2026-01-17 21:41:56,375 [INFO] PluginManage:359 - Loaded plugin clock (category:base,tabindex:2)
2026-01-17 21:41:56,375 [INFO] PluginManage:310 - Check plugin ddr
2026-01-17 21:41:56,377 [INFO] PluginManage:359 - Loaded plugin ddr (category:tool,tabindex:6)
2026-01-17 21:41:56,377 [INFO] PluginManage:310 - Check plugin filemanager
2026-01-17 21:41:56,499 [INFO] PluginManage:359 - Loaded plugin filemanager (category:base,tabindex:10)
2026-01-17 21:41:56,499 [INFO] PluginManage:310 - Check plugin ipmanager
2026-01-17 21:41:56,505 [INFO] PluginManage:359 - Loaded plugin ipmanager (category:base,tabindex:5)
2026-01-17 21:41:56,505 [INFO] PluginManage:310 - Check plugin lpbam
2026-01-17 21:41:56,523 [INFO] PluginManage:359 - Loaded plugin lpbam (category:base,tabindex:0)
2026-01-17 21:41:56,523 [INFO] PluginManage:310 - Check plugin memorymap
2026-01-17 21:41:56,543 [INFO] PluginManage:359 - Loaded plugin memorymap (category:base,tabindex:4)
2026-01-17 21:41:56,543 [INFO] PluginManage:310 - Check plugin pinoutandconfiguration
2026-01-17 21:41:56,561 [INFO] PluginManage:359 - Loaded plugin pinoutandconfiguration (category:base,tabindex:1)
2026-01-17 21:41:56,561 [INFO] PluginManage:310 - Check plugin pinoutconfig
2026-01-17 21:41:56,641 [WARN] SupportedApi:132 - Cannot load RTOS API schema: s4s-elt-must-match.1: The content of 'definitions' must match (annotation?, (simpleType | complexType)?, (unique | key | keyref)*)). A problem was found starting at: attribute.
2026-01-17 21:41:56,732 [INFO] PluginManage:359 - Loaded plugin pinoutconfig (category:base,tabindex:0)
2026-01-17 21:41:56,732 [INFO] PluginManage:310 - Check plugin power
2026-01-17 21:41:56,751 [INFO] PluginManage:359 - Loaded plugin power (category:power,tabindex:4)
2026-01-17 21:41:56,752 [INFO] PluginManage:310 - Check plugin projectmanager
2026-01-17 21:41:56,765 [INFO] PluginManage:359 - Loaded plugin projectmanager (category:projectmanager,tabindex:4)
2026-01-17 21:41:56,765 [INFO] PluginManage:310 - Check plugin rif
2026-01-17 21:41:56,786 [INFO] PluginManage:359 - Loaded plugin rif (category:base,tabindex:3)
2026-01-17 21:41:56,786 [INFO] PluginManage:310 - Check plugin thirdparty
2026-01-17 21:41:57,056 [INFO] PluginManage:359 - Loaded plugin thirdparty (category:base,tabindex:-1)
2026-01-17 21:41:57,056 [WARN] IntegrityCheckThread:84 - waiting for thirdparty lock release [integrity check]
2026-01-17 21:41:57,057 [INFO] PluginManage:310 - Check plugin tools
2026-01-17 21:41:57,057 [INFO] IntegrityCheckThread:86 - entering critical section [integrity check]
2026-01-17 21:41:57,057 [INFO] ThirdPartyUpdaterWithRetryManager:70 - Updater plugin not ready yet. [1/15]
2026-01-17 21:41:57,093 [INFO] PluginManage:359 - Loaded plugin tools (category:base,tabindex:7)
2026-01-17 21:41:57,093 [INFO] PluginManage:310 - Check plugin tutovideos
2026-01-17 21:41:57,264 [INFO] PluginManage:359 - Loaded plugin tutovideos (category:base,tabindex:-1)
2026-01-17 21:41:57,264 [INFO] PluginManage:310 - Check plugin updater
2026-01-17 21:41:57,289 [INFO] PluginManage:359 - Loaded plugin updater (category:base,tabindex:12)
2026-01-17 21:41:57,290 [INFO] PluginManage:310 - Check plugin userauth
2026-01-17 21:41:57,293 [INFO] UserAuth:118 - Init User Auth plugin
2026-01-17 21:41:57,293 [INFO] PluginManage:359 - Loaded plugin userauth (category:base,tabindex:14)
2026-01-17 21:41:57,294 [INFO] PluginManage:283 - PluginManage : Loaded plugins [18]
2026-01-17 21:41:57,486 [INFO] PinOutPanel:1589 - setPackage(No Configuration,No Configuration)
2026-01-17 21:41:57,548 [INFO] CADModel:165 - CPN selected for project level
2026-01-17 21:41:57,548 [INFO] CADModel:114 - Register for checkConnection events
2026-01-17 21:41:57,573 [INFO] IPUIPlugin:80 - create IPUIPlugin
2026-01-17 21:41:57,573 [INFO] PluginManager:220 - loadIPPluginJar : add adc
2026-01-17 21:41:57,610 [INFO] IPUIPlugin:80 - create IPUIPlugin
2026-01-17 21:41:57,610 [INFO] PluginManager:220 - loadIPPluginJar : add aes
2026-01-17 21:41:57,653 [INFO] IPUIPlugin:80 - create IPUIPlugin
2026-01-17 21:41:57,653 [INFO] PluginManager:220 - loadIPPluginJar : add can
2026-01-17 21:41:57,678 [INFO] IPUIPlugin:80 - create IPUIPlugin
2026-01-17 21:41:57,678 [INFO] PluginManager:220 - loadIPPluginJar : add comp
2026-01-17 21:41:57,713 [INFO] IPUIPlugin:80 - create IPUIPlugin
2026-01-17 21:41:57,713 [INFO] PluginManager:220 - loadIPPluginJar : add cryp
2026-01-17 21:41:57,727 [INFO] IPUIPlugin:80 - create IPUIPlugin
2026-01-17 21:41:57,727 [INFO] PluginManager:220 - loadIPPluginJar : add ddr_ctrl_phy
2026-01-17 21:41:57,729 [INFO] IPUIPlugin:80 - create IPUIPlugin
2026-01-17 21:41:57,729 [INFO] PluginManager:220 - loadIPPluginJar : add dfsdm
2026-01-17 21:41:57,744 [INFO] IPUIPlugin:80 - create IPUIPlugin
2026-01-17 21:41:57,744 [INFO] PluginManager:220 - loadIPPluginJar : add dma
2026-01-17 21:41:57,786 [INFO] IPUIPlugin:80 - create IPUIPlugin
2026-01-17 21:41:57,786 [INFO] PluginManager:220 - loadIPPluginJar : add dma3
2026-01-17 21:41:57,830 [INFO] IPUIPlugin:80 - create IPUIPlugin
2026-01-17 21:41:57,830 [INFO] PluginManager:220 - loadIPPluginJar : add extmemmanager
2026-01-17 21:41:57,854 [INFO] IPUIPlugin:80 - create IPUIPlugin
2026-01-17 21:41:57,854 [INFO] PluginManager:220 - loadIPPluginJar : add fatfs
2026-01-17 21:41:57,906 [INFO] IPUIPlugin:80 - create IPUIPlugin
2026-01-17 21:41:57,906 [INFO] PluginManager:220 - loadIPPluginJar : add fmc
2026-01-17 21:41:57,922 [INFO] IPUIPlugin:80 - create IPUIPlugin
2026-01-17 21:41:57,923 [INFO] PluginManager:220 - loadIPPluginJar : add freertos
2026-01-17 21:41:57,948 [INFO] IPUIPlugin:80 - create IPUIPlugin
2026-01-17 21:41:57,948 [INFO] PluginManager:220 - loadIPPluginJar : add genericplugin
2026-01-17 21:41:58,037 [INFO] IPUIPlugin:80 - create IPUIPlugin
2026-01-17 21:41:58,037 [INFO] PluginManager:220 - loadIPPluginJar : add gfxmmu
2026-01-17 21:41:58,153 [INFO] IPUIPlugin:80 - create IPUIPlugin
2026-01-17 21:41:58,153 [INFO] PluginManager:220 - loadIPPluginJar : add gic
2026-01-17 21:41:58,168 [INFO] IPUIPlugin:80 - create IPUIPlugin
2026-01-17 21:41:58,168 [INFO] PluginManager:220 - loadIPPluginJar : add gpio
2026-01-17 21:41:58,254 [INFO] IPUIPlugin:80 - create IPUIPlugin
2026-01-17 21:41:58,254 [INFO] PluginManager:220 - loadIPPluginJar : add gtzc
2026-01-17 21:41:58,288 [INFO] IPUIPlugin:80 - create IPUIPlugin
2026-01-17 21:41:58,288 [INFO] PluginManager:220 - loadIPPluginJar : add hash
2026-01-17 21:41:58,341 [INFO] IPUIPlugin:80 - create IPUIPlugin
2026-01-17 21:41:58,341 [INFO] PluginManager:220 - loadIPPluginJar : add i2c
2026-01-17 21:41:58,382 [INFO] IPUIPlugin:80 - create IPUIPlugin
2026-01-17 21:41:58,382 [INFO] PluginManager:220 - loadIPPluginJar : add i2s
2026-01-17 21:41:58,426 [INFO] IPUIPlugin:80 - create IPUIPlugin
2026-01-17 21:41:58,426 [INFO] PluginManager:220 - loadIPPluginJar : add i3c
2026-01-17 21:41:58,526 [INFO] IPUIPlugin:80 - create IPUIPlugin
2026-01-17 21:41:58,527 [INFO] PluginManager:220 - loadIPPluginJar : add ipddr
2026-01-17 21:41:58,615 [INFO] IPUIPlugin:80 - create IPUIPlugin
2026-01-17 21:41:58,615 [INFO] PluginManager:220 - loadIPPluginJar : add linkedlist
2026-01-17 21:41:58,650 [INFO] IPUIPlugin:80 - create IPUIPlugin
2026-01-17 21:41:58,650 [INFO] PluginManager:220 - loadIPPluginJar : add lorawan
2026-01-17 21:41:58,688 [INFO] IPUIPlugin:80 - create IPUIPlugin
2026-01-17 21:41:58,688 [INFO] PluginManager:220 - loadIPPluginJar : add ltdc
2026-01-17 21:41:58,703 [INFO] IPUIPlugin:80 - create IPUIPlugin
2026-01-17 21:41:58,703 [INFO] PluginManager:220 - loadIPPluginJar : add mdma
2026-01-17 21:41:58,717 [INFO] IPUIPlugin:80 - create IPUIPlugin
2026-01-17 21:41:58,717 [INFO] PluginManager:220 - loadIPPluginJar : add nvic
2026-01-17 21:41:58,758 [INFO] IPUIPlugin:80 - create IPUIPlugin
2026-01-17 21:41:58,758 [INFO] PluginManager:220 - loadIPPluginJar : add opamp
2026-01-17 21:41:58,821 [INFO] IPUIPlugin:80 - create IPUIPlugin
2026-01-17 21:41:58,821 [INFO] PluginManager:220 - loadIPPluginJar : add openamp
2026-01-17 21:41:58,870 [INFO] IPUIPlugin:80 - create IPUIPlugin
2026-01-17 21:41:58,870 [INFO] PluginManager:220 - loadIPPluginJar : add pdm2pcm
2026-01-17 21:41:58,887 [INFO] IPUIPlugin:80 - create IPUIPlugin
2026-01-17 21:41:58,889 [INFO] PluginManager:220 - loadIPPluginJar : add plateformsettings
2026-01-17 21:41:58,921 [INFO] IPUIPlugin:80 - create IPUIPlugin
2026-01-17 21:41:58,921 [INFO] PluginManager:220 - loadIPPluginJar : add quadspi
2026-01-17 21:41:58,969 [INFO] IPUIPlugin:80 - create IPUIPlugin
2026-01-17 21:41:58,970 [INFO] PluginManager:220 - loadIPPluginJar : add radio
2026-01-17 21:41:58,994 [INFO] IPUIPlugin:80 - create IPUIPlugin
2026-01-17 21:41:58,994 [INFO] PluginManager:220 - loadIPPluginJar : add resmgrutility
2026-01-17 21:41:59,053 [INFO] IPUIPlugin:80 - create IPUIPlugin
2026-01-17 21:41:59,053 [INFO] PluginManager:220 - loadIPPluginJar : add sai
2026-01-17 21:41:59,099 [INFO] IPUIPlugin:80 - create IPUIPlugin
2026-01-17 21:41:59,099 [INFO] PluginManager:220 - loadIPPluginJar : add spi
2026-01-17 21:41:59,185 [INFO] IPUIPlugin:80 - create IPUIPlugin
2026-01-17 21:41:59,185 [INFO] PluginManager:220 - loadIPPluginJar : add stm32_wpan
2026-01-17 21:41:59,217 [INFO] IPUIPlugin:80 - create IPUIPlugin
2026-01-17 21:41:59,217 [INFO] PluginManager:220 - loadIPPluginJar : add tim
2026-01-17 21:41:59,306 [INFO] IPUIPlugin:80 - create IPUIPlugin
2026-01-17 21:41:59,306 [INFO] PluginManager:220 - loadIPPluginJar : add touchsensing
2026-01-17 21:41:59,330 [INFO] IPUIPlugin:80 - create IPUIPlugin
2026-01-17 21:41:59,330 [INFO] PluginManager:220 - loadIPPluginJar : add tracer_emb
2026-01-17 21:41:59,358 [INFO] IPUIPlugin:80 - create IPUIPlugin
2026-01-17 21:41:59,358 [INFO] PluginManager:220 - loadIPPluginJar : add ts
2026-01-17 21:41:59,386 [INFO] IPUIPlugin:80 - create IPUIPlugin
2026-01-17 21:41:59,386 [INFO] PluginManager:220 - loadIPPluginJar : add tsc
2026-01-17 21:41:59,410 [INFO] IPUIPlugin:80 - create IPUIPlugin
2026-01-17 21:41:59,411 [INFO] PluginManager:220 - loadIPPluginJar : add ucpd
2026-01-17 21:41:59,454 [INFO] IPUIPlugin:80 - create IPUIPlugin
2026-01-17 21:41:59,454 [INFO] PluginManager:220 - loadIPPluginJar : add usart
2026-01-17 21:41:59,499 [INFO] IPUIPlugin:80 - create IPUIPlugin
2026-01-17 21:41:59,499 [INFO] PluginManager:220 - loadIPPluginJar : add usbx
2026-01-17 21:41:59,610 [FATAL] Updater:351 - Updater called before beeing initialized
2026-01-17 21:41:59,631 [INFO] RulesReader:64 - Compatibility file has been processed (317 Rules)
2026-01-17 21:41:59,641 [INFO] RulesReader:64 - Compatibility file has been processed (317 Rules)
2026-01-17 21:41:59,648 [INFO] CADModel:165 - CPN selected for project level
2026-01-17 21:41:59,648 [INFO] CADModel:114 - Register for checkConnection events
2026-01-17 21:41:59,648 [FATAL] Updater:351 - Updater called before beeing initialized
2026-01-17 21:41:59,648 [ERROR] CADModel:125 - Updater not yet initialized, retry later 
2026-01-17 21:41:59,784 [FATAL] Updater:351 - Updater called before beeing initialized
2026-01-17 21:41:59,786 [INFO] CADModel:165 - CPN selected for project level
2026-01-17 21:41:59,786 [INFO] CADModel:114 - Register for checkConnection events
2026-01-17 21:41:59,786 [FATAL] Updater:351 - Updater called before beeing initialized
2026-01-17 21:41:59,786 [ERROR] CADModel:125 - Updater not yet initialized, retry later 
2026-01-17 21:41:59,788 [FATAL] Updater:351 - Updater called before beeing initialized
2026-01-17 21:41:59,869 [FATAL] Updater:351 - Updater called before beeing initialized
2026-01-17 21:41:59,874 [INFO] DbMcusAds:53 - JSON generation date=Thu Jan 08 21:26:32 IST 2026 (1767887792457)
2026-01-17 21:41:59,874 [FATAL] Updater:351 - Updater called before beeing initialized
2026-01-17 21:41:59,911 [WARN] DetailPanel:346 - Failed to get advertising image, set to default
2026-01-17 21:41:59,977 [FATAL] Updater:351 - Updater called before beeing initialized
2026-01-17 21:41:59,978 [FATAL] Updater:351 - Updater called before beeing initialized
2026-01-17 21:41:59,978 [FATAL] Updater:351 - Updater called before beeing initialized
2026-01-17 21:41:59,978 [WARN] DetailPanel:346 - Failed to get advertising image, set to default
2026-01-17 21:41:59,979 [FATAL] Updater:351 - Updater called before beeing initialized
2026-01-17 21:42:00,029 [ERROR] Updater:1198 - MainUpdater not yet initialized. External WinMGr cannot be set.
2026-01-17 21:42:00,032 [INFO] Updater:1134 - Updater Version found : 6.15.0
2026-01-17 21:42:00,045 [INFO] ApplicationProperties:184 - Using Application install path: C:\ST\STM32CubeIDE_1.19.0\STM32CubeIDE\plugins\com.st.stm32cube.common.mx_6.15.0.202507011659
2026-01-17 21:42:00,057 [INFO] ThirdPartyUpdaterWithRetryManager:70 - Updater plugin not ready yet. [2/15]
2026-01-17 21:42:00,282 [INFO] MainUpdater:2872 - connection check result : 10
2026-01-17 21:42:00,282 [INFO] MainUpdater:289 - Updater Check For Update Now.
2026-01-17 21:42:00,283 [INFO] MicroXplorer:498 - Change Database Version : DB.6.0.150
2026-01-17 21:42:00,310 [INFO] McuFinderGlobals:63 - Set McuFinder mode to 2 (CubeIDE integrated)
2026-01-17 21:42:00,310 [INFO] UserAuth:171 - activating auth plugin
2026-01-17 21:42:00,312 [INFO] UserAuth:487 - Internet connection configuration mode: 1
2026-01-17 21:42:00,330 [INFO] JxBrowserEngine:152 - Initiate JxBrowser Engine with user profile folder
2026-01-17 21:42:00,495 [INFO] CheckServerUpdateThread:120 - End of CheckServer Thread
2026-01-17 21:42:01,426 [INFO] WebApp:169 - Instantiating new browser for Auth
2026-01-17 21:42:02,031 [INFO] WebApp:463 - Apply proxy settings
2026-01-17 21:42:02,031 [INFO] WebApp:548 - Chromium requires no authentication
2026-01-17 21:42:02,037 [INFO] WebApp:491 - Direct internet connection detected
2026-01-17 21:42:02,054 [INFO] WebApp:900 - Register for checkConnection events
2026-01-17 21:42:02,054 [INFO] WebApp:463 - Apply proxy settings
2026-01-17 21:42:02,055 [INFO] WebApp:548 - Chromium requires no authentication
2026-01-17 21:42:02,055 [INFO] WebApp:491 - Direct internet connection detected
2026-01-17 21:42:02,172 [INFO] WebApp:225 - Starting web application
2026-01-17 21:42:02,172 [INFO] WebApp:593 - Web application path used C:\ST\STM32CubeIDE_1.19.0\STM32CubeIDE\plugins\com.st.stm32cube.common.mx_6.15.0.202507011659\db\plugins\mcufinder\reactClient1\index.html
2026-01-17 21:42:02,392 [INFO] WebApp:191 - Connection restablished
2026-01-17 21:42:03,235 [WARN] PackLoader:240 - Cannot read IP mode file for STMicroelectronics.FP-SNS-MOTENVWB1.1.4.0
2026-01-17 21:42:03,247 [WARN] PackLoader:240 - Cannot read IP mode file for STMicroelectronics.FP-ATR-ASTRA1.2.0.2
2026-01-17 21:42:03,272 [WARN] PackLoader:240 - Cannot read IP mode file for STMicroelectronics.X-CUBE-SMBUS.2.1.0
2026-01-17 21:42:03,327 [WARN] PackLoader:240 - Cannot read IP mode file for STMicroelectronics.X-CUBE-AZRTOS-F7.1.1.0
2026-01-17 21:42:03,357 [WARN] PackLoader:240 - Cannot read IP mode file for STMicroelectronics.X-CUBE-DISPLAY.3.0.0
2026-01-17 21:42:03,388 [WARN] PackLoader:240 - Cannot read IP mode file for STMicroelectronics.X-CUBE-NFC10.1.0.0
2026-01-17 21:42:03,411 [WARN] PackLoader:240 - Cannot read IP mode file for STMicroelectronics.FP-SNS-SMARTAG2.1.2.0
2026-01-17 21:42:03,431 [WARN] PackLoader:240 - Cannot read IP mode file for STMicroelectronics.FP-SNS-FLIGHT1.5.1.0
2026-01-17 21:42:03,458 [INFO] LogOutputStream:77 - [STDOUT_REDIRECT] 1 : Invalid condition id : UX_CORESTACK_Condition cause : null
2026-01-17 21:42:03,460 [INFO] LogOutputStream:77 - [STDOUT_REDIRECT] 1 : Invalid condition id : UX_CORESTACK_Condition cause : null
2026-01-17 21:42:03,461 [INFO] LogOutputStream:77 - [STDOUT_REDIRECT] 1 : Invalid condition id : UX_CORESTACK_Condition cause : null
2026-01-17 21:42:03,462 [INFO] LogOutputStream:77 - [STDOUT_REDIRECT] 1 : Invalid condition id : UX_CORESTACK_Condition cause : null
2026-01-17 21:42:03,464 [INFO] LogOutputStream:77 - [STDOUT_REDIRECT] 1 : Invalid condition id : UX_CORESTACK_Condition cause : null
2026-01-17 21:42:03,468 [WARN] PackLoader:240 - Cannot read IP mode file for STMicroelectronics.X-CUBE-AZRTOS-WL.2.0.0
2026-01-17 21:42:03,491 [WARN] PackLoader:240 - Cannot read IP mode file for STMicroelectronics.X-CUBE-BLE2.3.3.0
2026-01-17 21:42:03,510 [WARN] PackLoader:240 - Cannot read IP mode file for STMicroelectronics.X-CUBE-NFC9.1.0.0
2026-01-17 21:42:03,532 [WARN] PackLoader:240 - Cannot read IP mode file for STMicroelectronics.X-CUBE-BLE1.7.1.0
2026-01-17 21:42:03,572 [WARN] PackLoader:240 - Cannot read IP mode file for STMicroelectronics.X-CUBE-AZRTOS-G0.1.1.0
2026-01-17 21:42:03,594 [WARN] PackLoader:240 - Cannot read IP mode file for STMicroelectronics.X-CUBE-NFC4.3.0.0
2026-01-17 21:42:03,614 [WARN] PackLoader:240 - Cannot read IP mode file for STMicroelectronics.X-CUBE-WB05N.2.0.0
2026-01-17 21:42:03,636 [WARN] PackLoader:240 - Cannot read IP mode file for STMicroelectronics.X-CUBE-TCPP.4.2.0
2026-01-17 21:42:03,657 [WARN] PackLoader:240 - Cannot read IP mode file for RealThread.X-CUBE-RT-Thread_Nano.4.1.1
2026-01-17 21:42:03,676 [WARN] PackLoader:240 - Cannot read IP mode file for STMicroelectronics.FP-ATR-SIGFOX1.3.2.0
2026-01-17 21:42:03,750 [WARN] PackLoader:240 - Cannot read IP mode file for SEGGER.I-CUBE-embOS.1.3.1
2026-01-17 21:42:03,869 [WARN] PackLoader:240 - Cannot read IP mode file for STMicroelectronics.X-CUBE-ALGOBUILD.1.4.0
2026-01-17 21:42:03,908 [WARN] PackLoader:240 - Cannot read IP mode file for STMicroelectronics.X-CUBE-PM33A1.1.0.0
2026-01-17 21:42:03,951 [WARN] PackLoader:240 - Cannot read IP mode file for STMicroelectronics.X-CUBE-AZRTOS-F4.1.1.0
2026-01-17 21:42:03,978 [WARN] PackLoader:240 - Cannot read IP mode file for STMicroelectronics.X-CUBE-ISPU.2.1.0
2026-01-17 21:42:04,019 [WARN] PackLoader:240 - Cannot read IP mode file for STMicroelectronics.X-CUBE-AZRTOS-L5.2.0.0
2026-01-17 21:42:04,051 [WARN] PackLoader:240 - Cannot read IP mode file for STMicroelectronics.X-CUBE-NFC6.3.1.0
2026-01-17 21:42:04,080 [WARN] PackLoader:240 - Cannot read IP mode file for STMicroelectronics.X-CUBE-DPower.1.3.0
2026-01-17 21:42:04,122 [WARN] ConditionMgr:438 - getConditionDescription Invalid condition id : LAN8742 Phy interface Condition cause : null
2026-01-17 21:42:04,122 [WARN] PackLoader:240 - Cannot read IP mode file for STMicroelectronics.X-CUBE-AZRTOS-L4.2.0.0
2026-01-17 21:42:04,123 [WARN] ConditionMgr:1044 - genDependencies : Invalid condition id : LAN8742 Phy interface Condition cause : null
2026-01-17 21:42:04,123 [WARN] ConditionMgr:1044 - genDependencies : Invalid condition id : LAN8742 Phy interface Condition cause : null
2026-01-17 21:42:04,124 [WARN] ConditionMgr:1044 - genDependencies : Invalid condition id : LAN8742 Phy interface Condition cause : null
2026-01-17 21:42:04,147 [WARN] PackLoader:240 - Cannot read IP mode file for STMicroelectronics.X-CUBE-SFXS2LP1.4.0.0
2026-01-17 21:42:04,180 [WARN] ConditionMgr:438 - getConditionDescription Invalid condition id : UX DEVICE CLASS RTOS Condition cause : null
2026-01-17 21:42:04,180 [WARN] ConditionMgr:438 - getConditionDescription Invalid condition id : UX DEVICE CLASS RTOS Condition cause : null
2026-01-17 21:42:04,182 [WARN] PackLoader:240 - Cannot read IP mode file for STMicroelectronics.X-CUBE-AZRTOS-WB.2.0.0
2026-01-17 21:42:04,183 [WARN] ConditionMgr:1044 - genDependencies : Invalid condition id : UX DEVICE CLASS RTOS Condition cause : null
2026-01-17 21:42:04,183 [WARN] ConditionMgr:1044 - genDependencies : Invalid condition id : UX DEVICE CLASS RTOS Condition cause : null
2026-01-17 21:42:04,183 [WARN] ConditionMgr:1044 - genDependencies : Invalid condition id : UX DEVICE CLASS RTOS Condition cause : null
2026-01-17 21:42:04,183 [WARN] ConditionMgr:1044 - genDependencies : Invalid condition id : UX DEVICE CLASS RTOS Condition cause : null
2026-01-17 21:42:04,183 [WARN] ConditionMgr:1044 - genDependencies : Invalid condition id : UX DEVICE CLASS RTOS Condition cause : null
2026-01-17 21:42:04,210 [WARN] PackLoader:240 - Cannot read IP mode file for STMicroelectronics.X-CUBE-SUBG2.5.0.0
2026-01-17 21:42:04,250 [WARN] PackLoader:240 - Cannot read IP mode file for STMicroelectronics.X-CUBE-AZRTOS-G4.2.0.0
2026-01-17 21:42:04,282 [WARN] PackLoader:240 - Cannot read IP mode file for STMicroelectronics.X-CUBE-NFC7.2.0.0
2026-01-17 21:42:04,305 [WARN] PackLoader:240 - Cannot read IP mode file for STMicroelectronics.X-CUBE-ALS.1.0.2
2026-01-17 21:42:04,334 [WARN] PackLoader:240 - Cannot read IP mode file for STMicroelectronics.X-CUBE-TOF1.3.4.3
2026-01-17 21:42:04,343 [INFO] ThirdParty:978 - Integrity check success = true
2026-01-17 21:42:04,343 [INFO] IntegrityCheckThread:100 - exiting critical section [integrity check]
2026-01-17 21:42:04,343 [INFO] IntegrityCheckThread:103 - End integrity checks thread
