2026-01-19 20:25:16,032 [INFO] Activator:176 - 


2026-01-19 20:25:16,037 [INFO] Activator:177 - !SESSION log4j initialized
2026-01-19 20:25:21,904 [INFO] LogOutputStream:77 - [STDOUT_REDIRECT] 
2026-01-19 20:25:23,051 [INFO] ApplicationProperties:184 - Using Application install path: C:\ST\STM32CubeIDE_1.19.0\STM32CubeIDE\plugins\com.st.stm32cube.common.mx_6.15.0.202507011659
2026-01-19 20:25:23,079 [INFO] DbMcusXml:78 - Set database path to: C:\ST\STM32CubeIDE_1.19.0\STM32CubeIDE\plugins\com.st.stm32cube.common.mx_6.15.0.202507011659\\db\/mcu/
2026-01-19 20:25:23,079 [INFO] ApiDb:274 - Set plugin database path to: C:\ST\STM32CubeIDE_1.19.0\STM32CubeIDE\plugins\com.st.stm32cube.common.mx_6.15.0.202507011659\\db\/plugins/boardmanager/
2026-01-19 20:25:23,080 [WARN] ApiDb:259 - Overriding images path with different value:  => C:\ST\STM32CubeIDE_1.19.0\STM32CubeIDE\plugins\com.st.stm32cube.common.mx_6.15.0.202507011659\\db\/plugins/mcufinder/images/
2026-01-19 20:25:23,087 [INFO] ApiDb:250 - Set database path to: C:\Users\user\.stmcufinder\plugins\mcufinder//mcu/
2026-01-19 20:25:23,088 [INFO] DbMcusAds:125 - Set database path to: C:\Users\user\.stmcufinder\plugins\mcufinder//mcu/
2026-01-19 20:25:23,091 [INFO] CrossReferenceDbSqlite:203 - Set database path to: C:\Users\user\.stmcufinder\plugins\mcufinder//mcu/cs/
2026-01-19 20:25:23,195 [INFO] RulesReader:64 - Compatibility file has been processed (317 Rules)
2026-01-19 20:25:23,270 [INFO] DbMcusXml:78 - Set database path to: C:\ST\STM32CubeIDE_1.19.0\STM32CubeIDE\plugins\com.st.stm32cube.common.mx_6.15.0.202507011659\\db\/mcu/
2026-01-19 20:25:23,270 [INFO] ApiDb:274 - Set plugin database path to: C:\ST\STM32CubeIDE_1.19.0\STM32CubeIDE\plugins\com.st.stm32cube.common.mx_6.15.0.202507011659\\db\/plugins/boardmanager/
2026-01-19 20:25:23,270 [INFO] ApiDb:261 - Set plugin images path to: C:\ST\STM32CubeIDE_1.19.0\STM32CubeIDE\plugins\com.st.stm32cube.common.mx_6.15.0.202507011659\\db\/plugins/mcufinder/images/
2026-01-19 20:25:23,270 [WARN] DbFile:41 - Overriding database path with different value: C:\Users\user\.stmcufinder\plugins\mcufinder/ => C:\Users\user\.stmcufinder\plugins\mcufinder
2026-01-19 20:25:23,270 [INFO] ApiDb:250 - Set database path to: C:\Users\user\.stmcufinder\plugins\mcufinder//mcu/
2026-01-19 20:25:23,271 [WARN] DbFile:41 - Overriding database path with different value: C:\Users\user\.stmcufinder\plugins\mcufinder/ => C:\Users\user\.stmcufinder\plugins\mcufinder
2026-01-19 20:25:23,271 [INFO] DbMcusAds:125 - Set database path to: C:\Users\user\.stmcufinder\plugins\mcufinder//mcu/
2026-01-19 20:25:23,271 [WARN] DbFile:41 - Overriding database path with different value: C:\Users\user\.stmcufinder\plugins\mcufinder/ => C:\Users\user\.stmcufinder\plugins\mcufinder
2026-01-19 20:25:23,271 [WARN] DbFile:41 - Overriding database path with different value: C:\Users\user\.stmcufinder\plugins\mcufinder/ => C:\Users\user\.stmcufinder\plugins\mcufinder
2026-01-19 20:25:23,271 [INFO] CrossReferenceDbSqlite:203 - Set database path to: C:\Users\user\.stmcufinder\plugins\mcufinder//mcu/cs/
2026-01-19 20:25:23,343 [INFO] MainPanel:274 - HeapMemory: 268435456
2026-01-19 20:25:23,445 [INFO] DbMcusXml:78 - Set database path to: C:\ST\STM32CubeIDE_1.19.0\STM32CubeIDE\plugins\com.st.stm32cube.common.mx_6.15.0.202507011659\\db\/mcu/
2026-01-19 20:25:23,445 [INFO] ApiDb:274 - Set plugin database path to: C:\ST\STM32CubeIDE_1.19.0\STM32CubeIDE\plugins\com.st.stm32cube.common.mx_6.15.0.202507011659\\db\/plugins/boardmanager/
2026-01-19 20:25:23,445 [INFO] ApiDb:261 - Set plugin images path to: C:\ST\STM32CubeIDE_1.19.0\STM32CubeIDE\plugins\com.st.stm32cube.common.mx_6.15.0.202507011659\\db\/plugins/mcufinder/images/
2026-01-19 20:25:23,445 [WARN] DbFile:41 - Overriding database path with different value: C:\Users\user\.stmcufinder\plugins\mcufinder/ => C:\Users\user\.stmcufinder\plugins\mcufinder
2026-01-19 20:25:23,445 [INFO] ApiDb:250 - Set database path to: C:\Users\user\.stmcufinder\plugins\mcufinder//mcu/
2026-01-19 20:25:23,445 [WARN] DbFile:41 - Overriding database path with different value: C:\Users\user\.stmcufinder\plugins\mcufinder/ => C:\Users\user\.stmcufinder\plugins\mcufinder
2026-01-19 20:25:23,445 [INFO] DbMcusAds:125 - Set database path to: C:\Users\user\.stmcufinder\plugins\mcufinder//mcu/
2026-01-19 20:25:23,446 [WARN] DbFile:41 - Overriding database path with different value: C:\Users\user\.stmcufinder\plugins\mcufinder/ => C:\Users\user\.stmcufinder\plugins\mcufinder
2026-01-19 20:25:23,446 [WARN] DbFile:41 - Overriding database path with different value: C:\Users\user\.stmcufinder\plugins\mcufinder/ => C:\Users\user\.stmcufinder\plugins\mcufinder
2026-01-19 20:25:23,446 [INFO] CrossReferenceDbSqlite:203 - Set database path to: C:\Users\user\.stmcufinder\plugins\mcufinder//mcu/cs/
2026-01-19 20:25:23,463 [INFO] ApplicationProperties:184 - Using Application install path: C:\ST\STM32CubeIDE_1.19.0\STM32CubeIDE\plugins\com.st.stm32cube.common.mx_6.15.0.202507011659
2026-01-19 20:25:23,464 [INFO] PluginManage:196 - Search for loadable plugins [exclusion list=, ]
2026-01-19 20:25:23,465 [INFO] PluginManage:310 - Check plugin analytics
2026-01-19 20:25:23,620 [INFO] AnalyticsPlugin:253 - Accepted Software Licenses: 
2026-01-19 20:25:23,621 [INFO] AnalyticsPlugin:255 - Accepted CMSIS Pack Licenses: 
2026-01-19 20:25:23,621 [INFO] AnalyticsPlugin:257 - Accepted Firmware Licenses: 
2026-01-19 20:25:23,623 [INFO] PluginManage:359 - Loaded plugin analytics (category:tool,tabindex:-1)
2026-01-19 20:25:23,623 [INFO] PluginManage:310 - Check plugin cadmodel
2026-01-19 20:25:23,641 [INFO] CADModel:105 - Init CAD model plugin
2026-01-19 20:25:23,642 [INFO] PluginManage:359 - Loaded plugin cadmodel (category:power,tabindex:5)
2026-01-19 20:25:23,642 [INFO] PluginManage:310 - Check plugin clock
2026-01-19 20:25:23,670 [INFO] PluginManage:359 - Loaded plugin clock (category:base,tabindex:2)
2026-01-19 20:25:23,670 [INFO] PluginManage:310 - Check plugin ddr
2026-01-19 20:25:23,673 [INFO] PluginManage:359 - Loaded plugin ddr (category:tool,tabindex:6)
2026-01-19 20:25:23,673 [INFO] PluginManage:310 - Check plugin filemanager
2026-01-19 20:25:23,795 [INFO] PluginManage:359 - Loaded plugin filemanager (category:base,tabindex:10)
2026-01-19 20:25:23,796 [INFO] PluginManage:310 - Check plugin ipmanager
2026-01-19 20:25:23,801 [INFO] PluginManage:359 - Loaded plugin ipmanager (category:base,tabindex:5)
2026-01-19 20:25:23,801 [INFO] PluginManage:310 - Check plugin lpbam
2026-01-19 20:25:23,821 [INFO] PluginManage:359 - Loaded plugin lpbam (category:base,tabindex:0)
2026-01-19 20:25:23,822 [INFO] PluginManage:310 - Check plugin memorymap
2026-01-19 20:25:23,846 [INFO] PluginManage:359 - Loaded plugin memorymap (category:base,tabindex:4)
2026-01-19 20:25:23,846 [INFO] PluginManage:310 - Check plugin pinoutandconfiguration
2026-01-19 20:25:23,866 [INFO] PluginManage:359 - Loaded plugin pinoutandconfiguration (category:base,tabindex:1)
2026-01-19 20:25:23,866 [INFO] PluginManage:310 - Check plugin pinoutconfig
2026-01-19 20:25:23,948 [WARN] SupportedApi:132 - Cannot load RTOS API schema: s4s-elt-must-match.1: The content of 'definitions' must match (annotation?, (simpleType | complexType)?, (unique | key | keyref)*)). A problem was found starting at: attribute.
2026-01-19 20:25:24,062 [INFO] PluginManage:359 - Loaded plugin pinoutconfig (category:base,tabindex:0)
2026-01-19 20:25:24,063 [INFO] PluginManage:310 - Check plugin power
2026-01-19 20:25:24,085 [INFO] PluginManage:359 - Loaded plugin power (category:power,tabindex:4)
2026-01-19 20:25:24,085 [INFO] PluginManage:310 - Check plugin projectmanager
2026-01-19 20:25:24,099 [INFO] PluginManage:359 - Loaded plugin projectmanager (category:projectmanager,tabindex:4)
2026-01-19 20:25:24,099 [INFO] PluginManage:310 - Check plugin rif
2026-01-19 20:25:24,121 [INFO] PluginManage:359 - Loaded plugin rif (category:base,tabindex:3)
2026-01-19 20:25:24,121 [INFO] PluginManage:310 - Check plugin thirdparty
2026-01-19 20:25:24,434 [INFO] PluginManage:359 - Loaded plugin thirdparty (category:base,tabindex:-1)
2026-01-19 20:25:24,434 [INFO] PluginManage:310 - Check plugin tools
2026-01-19 20:25:24,434 [WARN] IntegrityCheckThread:84 - waiting for thirdparty lock release [integrity check]
2026-01-19 20:25:24,434 [INFO] IntegrityCheckThread:86 - entering critical section [integrity check]
2026-01-19 20:25:24,435 [INFO] ThirdPartyUpdaterWithRetryManager:70 - Updater plugin not ready yet. [1/15]
2026-01-19 20:25:24,471 [INFO] PluginManage:359 - Loaded plugin tools (category:base,tabindex:7)
2026-01-19 20:25:24,471 [INFO] PluginManage:310 - Check plugin tutovideos
2026-01-19 20:25:24,666 [INFO] PluginManage:359 - Loaded plugin tutovideos (category:base,tabindex:-1)
2026-01-19 20:25:24,666 [INFO] PluginManage:310 - Check plugin updater
2026-01-19 20:25:24,685 [INFO] PluginManage:359 - Loaded plugin updater (category:base,tabindex:12)
2026-01-19 20:25:24,685 [INFO] PluginManage:310 - Check plugin userauth
2026-01-19 20:25:24,688 [INFO] UserAuth:118 - Init User Auth plugin
2026-01-19 20:25:24,689 [INFO] PluginManage:359 - Loaded plugin userauth (category:base,tabindex:14)
2026-01-19 20:25:24,689 [INFO] PluginManage:283 - PluginManage : Loaded plugins [18]
2026-01-19 20:25:24,869 [INFO] PinOutPanel:1589 - setPackage(No Configuration,No Configuration)
2026-01-19 20:25:24,941 [INFO] CADModel:165 - CPN selected for project level
2026-01-19 20:25:24,941 [INFO] CADModel:114 - Register for checkConnection events
2026-01-19 20:25:24,971 [INFO] IPUIPlugin:80 - create IPUIPlugin
2026-01-19 20:25:24,971 [INFO] PluginManager:220 - loadIPPluginJar : add adc
2026-01-19 20:25:25,017 [INFO] IPUIPlugin:80 - create IPUIPlugin
2026-01-19 20:25:25,018 [INFO] PluginManager:220 - loadIPPluginJar : add aes
2026-01-19 20:25:25,070 [INFO] IPUIPlugin:80 - create IPUIPlugin
2026-01-19 20:25:25,070 [INFO] PluginManager:220 - loadIPPluginJar : add can
2026-01-19 20:25:25,109 [INFO] IPUIPlugin:80 - create IPUIPlugin
2026-01-19 20:25:25,109 [INFO] PluginManager:220 - loadIPPluginJar : add comp
2026-01-19 20:25:25,151 [INFO] IPUIPlugin:80 - create IPUIPlugin
2026-01-19 20:25:25,151 [INFO] PluginManager:220 - loadIPPluginJar : add cryp
2026-01-19 20:25:25,166 [INFO] IPUIPlugin:80 - create IPUIPlugin
2026-01-19 20:25:25,166 [INFO] PluginManager:220 - loadIPPluginJar : add ddr_ctrl_phy
2026-01-19 20:25:25,201 [INFO] IPUIPlugin:80 - create IPUIPlugin
2026-01-19 20:25:25,201 [INFO] PluginManager:220 - loadIPPluginJar : add dfsdm
2026-01-19 20:25:25,217 [INFO] IPUIPlugin:80 - create IPUIPlugin
2026-01-19 20:25:25,217 [INFO] PluginManager:220 - loadIPPluginJar : add dma
2026-01-19 20:25:25,258 [INFO] IPUIPlugin:80 - create IPUIPlugin
2026-01-19 20:25:25,258 [INFO] PluginManager:220 - loadIPPluginJar : add dma3
2026-01-19 20:25:25,304 [INFO] IPUIPlugin:80 - create IPUIPlugin
2026-01-19 20:25:25,304 [INFO] PluginManager:220 - loadIPPluginJar : add extmemmanager
2026-01-19 20:25:25,326 [INFO] IPUIPlugin:80 - create IPUIPlugin
2026-01-19 20:25:25,328 [INFO] PluginManager:220 - loadIPPluginJar : add fatfs
2026-01-19 20:25:25,378 [INFO] IPUIPlugin:80 - create IPUIPlugin
2026-01-19 20:25:25,378 [INFO] PluginManager:220 - loadIPPluginJar : add fmc
2026-01-19 20:25:25,396 [INFO] IPUIPlugin:80 - create IPUIPlugin
2026-01-19 20:25:25,396 [INFO] PluginManager:220 - loadIPPluginJar : add freertos
2026-01-19 20:25:25,420 [INFO] IPUIPlugin:80 - create IPUIPlugin
2026-01-19 20:25:25,420 [INFO] PluginManager:220 - loadIPPluginJar : add genericplugin
2026-01-19 20:25:25,511 [INFO] IPUIPlugin:80 - create IPUIPlugin
2026-01-19 20:25:25,511 [INFO] PluginManager:220 - loadIPPluginJar : add gfxmmu
2026-01-19 20:25:25,640 [INFO] IPUIPlugin:80 - create IPUIPlugin
2026-01-19 20:25:25,641 [INFO] PluginManager:220 - loadIPPluginJar : add gic
2026-01-19 20:25:25,656 [INFO] IPUIPlugin:80 - create IPUIPlugin
2026-01-19 20:25:25,656 [INFO] PluginManager:220 - loadIPPluginJar : add gpio
2026-01-19 20:25:25,747 [INFO] IPUIPlugin:80 - create IPUIPlugin
2026-01-19 20:25:25,747 [INFO] PluginManager:220 - loadIPPluginJar : add gtzc
2026-01-19 20:25:25,782 [INFO] IPUIPlugin:80 - create IPUIPlugin
2026-01-19 20:25:25,782 [INFO] PluginManager:220 - loadIPPluginJar : add hash
2026-01-19 20:25:25,834 [INFO] IPUIPlugin:80 - create IPUIPlugin
2026-01-19 20:25:25,834 [INFO] PluginManager:220 - loadIPPluginJar : add i2c
2026-01-19 20:25:25,876 [INFO] IPUIPlugin:80 - create IPUIPlugin
2026-01-19 20:25:25,876 [INFO] PluginManager:220 - loadIPPluginJar : add i2s
2026-01-19 20:25:25,918 [INFO] IPUIPlugin:80 - create IPUIPlugin
2026-01-19 20:25:25,919 [INFO] PluginManager:220 - loadIPPluginJar : add i3c
2026-01-19 20:25:26,017 [INFO] IPUIPlugin:80 - create IPUIPlugin
2026-01-19 20:25:26,017 [INFO] PluginManager:220 - loadIPPluginJar : add ipddr
2026-01-19 20:25:26,107 [INFO] IPUIPlugin:80 - create IPUIPlugin
2026-01-19 20:25:26,107 [INFO] PluginManager:220 - loadIPPluginJar : add linkedlist
2026-01-19 20:25:26,146 [INFO] IPUIPlugin:80 - create IPUIPlugin
2026-01-19 20:25:26,146 [INFO] PluginManager:220 - loadIPPluginJar : add lorawan
2026-01-19 20:25:26,184 [INFO] IPUIPlugin:80 - create IPUIPlugin
2026-01-19 20:25:26,184 [INFO] PluginManager:220 - loadIPPluginJar : add ltdc
2026-01-19 20:25:26,200 [INFO] IPUIPlugin:80 - create IPUIPlugin
2026-01-19 20:25:26,200 [INFO] PluginManager:220 - loadIPPluginJar : add mdma
2026-01-19 20:25:26,215 [INFO] IPUIPlugin:80 - create IPUIPlugin
2026-01-19 20:25:26,215 [INFO] PluginManager:220 - loadIPPluginJar : add nvic
2026-01-19 20:25:26,258 [INFO] IPUIPlugin:80 - create IPUIPlugin
2026-01-19 20:25:26,258 [INFO] PluginManager:220 - loadIPPluginJar : add opamp
2026-01-19 20:25:26,326 [INFO] IPUIPlugin:80 - create IPUIPlugin
2026-01-19 20:25:26,326 [INFO] PluginManager:220 - loadIPPluginJar : add openamp
2026-01-19 20:25:26,370 [INFO] IPUIPlugin:80 - create IPUIPlugin
2026-01-19 20:25:26,370 [INFO] PluginManager:220 - loadIPPluginJar : add pdm2pcm
2026-01-19 20:25:26,386 [INFO] IPUIPlugin:80 - create IPUIPlugin
2026-01-19 20:25:26,387 [INFO] PluginManager:220 - loadIPPluginJar : add plateformsettings
2026-01-19 20:25:26,414 [INFO] IPUIPlugin:80 - create IPUIPlugin
2026-01-19 20:25:26,414 [INFO] PluginManager:220 - loadIPPluginJar : add quadspi
2026-01-19 20:25:26,443 [INFO] IPUIPlugin:80 - create IPUIPlugin
2026-01-19 20:25:26,443 [INFO] PluginManager:220 - loadIPPluginJar : add radio
2026-01-19 20:25:26,459 [INFO] IPUIPlugin:80 - create IPUIPlugin
2026-01-19 20:25:26,459 [INFO] PluginManager:220 - loadIPPluginJar : add resmgrutility
2026-01-19 20:25:26,507 [INFO] IPUIPlugin:80 - create IPUIPlugin
2026-01-19 20:25:26,507 [INFO] PluginManager:220 - loadIPPluginJar : add sai
2026-01-19 20:25:26,548 [INFO] IPUIPlugin:80 - create IPUIPlugin
2026-01-19 20:25:26,548 [INFO] PluginManager:220 - loadIPPluginJar : add spi
2026-01-19 20:25:26,623 [INFO] IPUIPlugin:80 - create IPUIPlugin
2026-01-19 20:25:26,624 [INFO] PluginManager:220 - loadIPPluginJar : add stm32_wpan
2026-01-19 20:25:26,652 [INFO] IPUIPlugin:80 - create IPUIPlugin
2026-01-19 20:25:26,652 [INFO] PluginManager:220 - loadIPPluginJar : add tim
2026-01-19 20:25:26,712 [INFO] IPUIPlugin:80 - create IPUIPlugin
2026-01-19 20:25:26,712 [INFO] PluginManager:220 - loadIPPluginJar : add touchsensing
2026-01-19 20:25:26,738 [INFO] IPUIPlugin:80 - create IPUIPlugin
2026-01-19 20:25:26,738 [INFO] PluginManager:220 - loadIPPluginJar : add tracer_emb
2026-01-19 20:25:26,769 [INFO] IPUIPlugin:80 - create IPUIPlugin
2026-01-19 20:25:26,769 [INFO] PluginManager:220 - loadIPPluginJar : add ts
2026-01-19 20:25:26,800 [INFO] IPUIPlugin:80 - create IPUIPlugin
2026-01-19 20:25:26,800 [INFO] PluginManager:220 - loadIPPluginJar : add tsc
2026-01-19 20:25:26,829 [INFO] IPUIPlugin:80 - create IPUIPlugin
2026-01-19 20:25:26,829 [INFO] PluginManager:220 - loadIPPluginJar : add ucpd
2026-01-19 20:25:26,879 [INFO] IPUIPlugin:80 - create IPUIPlugin
2026-01-19 20:25:26,879 [INFO] PluginManager:220 - loadIPPluginJar : add usart
2026-01-19 20:25:26,925 [INFO] IPUIPlugin:80 - create IPUIPlugin
2026-01-19 20:25:26,925 [INFO] PluginManager:220 - loadIPPluginJar : add usbx
2026-01-19 20:25:27,042 [FATAL] Updater:351 - Updater called before beeing initialized
2026-01-19 20:25:27,065 [INFO] RulesReader:64 - Compatibility file has been processed (317 Rules)
2026-01-19 20:25:27,075 [INFO] RulesReader:64 - Compatibility file has been processed (317 Rules)
2026-01-19 20:25:27,081 [INFO] CADModel:165 - CPN selected for project level
2026-01-19 20:25:27,082 [INFO] CADModel:114 - Register for checkConnection events
2026-01-19 20:25:27,082 [FATAL] Updater:351 - Updater called before beeing initialized
2026-01-19 20:25:27,082 [ERROR] CADModel:125 - Updater not yet initialized, retry later 
2026-01-19 20:25:27,230 [FATAL] Updater:351 - Updater called before beeing initialized
2026-01-19 20:25:27,232 [INFO] CADModel:165 - CPN selected for project level
2026-01-19 20:25:27,232 [INFO] CADModel:114 - Register for checkConnection events
2026-01-19 20:25:27,232 [FATAL] Updater:351 - Updater called before beeing initialized
2026-01-19 20:25:27,232 [ERROR] CADModel:125 - Updater not yet initialized, retry later 
2026-01-19 20:25:27,235 [FATAL] Updater:351 - Updater called before beeing initialized
2026-01-19 20:25:27,322 [FATAL] Updater:351 - Updater called before beeing initialized
2026-01-19 20:25:27,334 [INFO] DbMcusAds:53 - JSON generation date=Thu Jan 08 21:26:32 IST 2026 (1767887792457)
2026-01-19 20:25:27,334 [FATAL] Updater:351 - Updater called before beeing initialized
2026-01-19 20:25:27,366 [WARN] DetailPanel:346 - Failed to get advertising image, set to default
2026-01-19 20:25:27,433 [FATAL] Updater:351 - Updater called before beeing initialized
2026-01-19 20:25:27,434 [FATAL] Updater:351 - Updater called before beeing initialized
2026-01-19 20:25:27,434 [FATAL] Updater:351 - Updater called before beeing initialized
2026-01-19 20:25:27,434 [WARN] DetailPanel:346 - Failed to get advertising image, set to default
2026-01-19 20:25:27,435 [FATAL] Updater:351 - Updater called before beeing initialized
2026-01-19 20:25:27,436 [INFO] ThirdPartyUpdaterWithRetryManager:70 - Updater plugin not ready yet. [2/15]
2026-01-19 20:25:27,493 [ERROR] Updater:1198 - MainUpdater not yet initialized. External WinMGr cannot be set.
2026-01-19 20:25:27,505 [INFO] Updater:1134 - Updater Version found : 6.15.0
2026-01-19 20:25:27,522 [INFO] ApplicationProperties:184 - Using Application install path: C:\ST\STM32CubeIDE_1.19.0\STM32CubeIDE\plugins\com.st.stm32cube.common.mx_6.15.0.202507011659
2026-01-19 20:25:27,801 [INFO] MainUpdater:2872 - connection check result : 10
2026-01-19 20:25:27,801 [INFO] MainUpdater:289 - Updater Check For Update Now.
2026-01-19 20:25:27,802 [INFO] MicroXplorer:498 - Change Database Version : DB.6.0.150
2026-01-19 20:25:27,823 [INFO] McuFinderGlobals:63 - Set McuFinder mode to 2 (CubeIDE integrated)
2026-01-19 20:25:27,823 [INFO] UserAuth:171 - activating auth plugin
2026-01-19 20:25:27,825 [INFO] UserAuth:487 - Internet connection configuration mode: 1
2026-01-19 20:25:27,862 [INFO] JxBrowserEngine:152 - Initiate JxBrowser Engine with user profile folder
2026-01-19 20:25:28,006 [INFO] CheckServerUpdateThread:120 - End of CheckServer Thread
2026-01-19 20:25:29,190 [INFO] WebApp:169 - Instantiating new browser for Auth
2026-01-19 20:25:29,823 [INFO] WebApp:463 - Apply proxy settings
2026-01-19 20:25:29,823 [INFO] WebApp:548 - Chromium requires no authentication
2026-01-19 20:25:29,834 [INFO] WebApp:491 - Direct internet connection detected
2026-01-19 20:25:29,861 [INFO] WebApp:900 - Register for checkConnection events
2026-01-19 20:25:29,862 [INFO] WebApp:463 - Apply proxy settings
2026-01-19 20:25:29,862 [INFO] WebApp:548 - Chromium requires no authentication
2026-01-19 20:25:29,862 [INFO] WebApp:491 - Direct internet connection detected
2026-01-19 20:25:30,059 [INFO] WebApp:225 - Starting web application
2026-01-19 20:25:30,059 [INFO] WebApp:593 - Web application path used C:\ST\STM32CubeIDE_1.19.0\STM32CubeIDE\plugins\com.st.stm32cube.common.mx_6.15.0.202507011659\db\plugins\mcufinder\reactClient1\index.html
2026-01-19 20:25:30,170 [INFO] WebApp:191 - Connection restablished
2026-01-19 20:25:30,662 [WARN] PackLoader:240 - Cannot read IP mode file for STMicroelectronics.FP-SNS-MOTENVWB1.1.4.0
2026-01-19 20:25:30,687 [WARN] PackLoader:240 - Cannot read IP mode file for STMicroelectronics.FP-ATR-ASTRA1.2.0.2
2026-01-19 20:25:30,718 [WARN] PackLoader:240 - Cannot read IP mode file for STMicroelectronics.X-CUBE-SMBUS.2.1.0
2026-01-19 20:25:30,773 [WARN] PackLoader:240 - Cannot read IP mode file for STMicroelectronics.X-CUBE-AZRTOS-F7.1.1.0
2026-01-19 20:25:30,802 [WARN] PackLoader:240 - Cannot read IP mode file for STMicroelectronics.X-CUBE-DISPLAY.3.0.0
2026-01-19 20:25:30,830 [WARN] PackLoader:240 - Cannot read IP mode file for STMicroelectronics.X-CUBE-NFC10.1.0.0
2026-01-19 20:25:30,855 [WARN] PackLoader:240 - Cannot read IP mode file for STMicroelectronics.FP-SNS-SMARTAG2.1.2.0
2026-01-19 20:25:30,874 [WARN] PackLoader:240 - Cannot read IP mode file for STMicroelectronics.FP-SNS-FLIGHT1.5.1.0
2026-01-19 20:25:30,902 [INFO] LogOutputStream:77 - [STDOUT_REDIRECT] 1 : Invalid condition id : UX_CORESTACK_Condition cause : null
2026-01-19 20:25:30,903 [INFO] LogOutputStream:77 - [STDOUT_REDIRECT] 1 : Invalid condition id : UX_CORESTACK_Condition cause : null
2026-01-19 20:25:30,905 [INFO] LogOutputStream:77 - [STDOUT_REDIRECT] 1 : Invalid condition id : UX_CORESTACK_Condition cause : null
2026-01-19 20:25:30,906 [INFO] LogOutputStream:77 - [STDOUT_REDIRECT] 1 : Invalid condition id : UX_CORESTACK_Condition cause : null
2026-01-19 20:25:30,907 [INFO] LogOutputStream:77 - [STDOUT_REDIRECT] 1 : Invalid condition id : UX_CORESTACK_Condition cause : null
2026-01-19 20:25:30,910 [WARN] PackLoader:240 - Cannot read IP mode file for STMicroelectronics.X-CUBE-AZRTOS-WL.2.0.0
2026-01-19 20:25:30,933 [WARN] PackLoader:240 - Cannot read IP mode file for STMicroelectronics.X-CUBE-BLE2.3.3.0
2026-01-19 20:25:30,953 [WARN] PackLoader:240 - Cannot read IP mode file for STMicroelectronics.X-CUBE-NFC9.1.0.0
2026-01-19 20:25:30,974 [WARN] PackLoader:240 - Cannot read IP mode file for STMicroelectronics.X-CUBE-BLE1.7.1.0
2026-01-19 20:25:31,008 [WARN] PackLoader:240 - Cannot read IP mode file for STMicroelectronics.X-CUBE-AZRTOS-G0.1.1.0
2026-01-19 20:25:31,029 [WARN] PackLoader:240 - Cannot read IP mode file for STMicroelectronics.X-CUBE-NFC4.3.0.0
2026-01-19 20:25:31,049 [WARN] PackLoader:240 - Cannot read IP mode file for STMicroelectronics.X-CUBE-WB05N.2.0.0
2026-01-19 20:25:31,070 [WARN] PackLoader:240 - Cannot read IP mode file for STMicroelectronics.X-CUBE-TCPP.4.2.0
2026-01-19 20:25:31,088 [WARN] PackLoader:240 - Cannot read IP mode file for RealThread.X-CUBE-RT-Thread_Nano.4.1.1
2026-01-19 20:25:31,107 [WARN] PackLoader:240 - Cannot read IP mode file for STMicroelectronics.FP-ATR-SIGFOX1.3.2.0
2026-01-19 20:25:31,146 [WARN] PackLoader:240 - Cannot read IP mode file for SEGGER.I-CUBE-embOS.1.3.1
2026-01-19 20:25:31,202 [WARN] PackLoader:240 - Cannot read IP mode file for STMicroelectronics.X-CUBE-ALGOBUILD.1.4.0
2026-01-19 20:25:31,222 [WARN] PackLoader:240 - Cannot read IP mode file for STMicroelectronics.X-CUBE-PM33A1.1.0.0
2026-01-19 20:25:31,254 [WARN] PackLoader:240 - Cannot read IP mode file for STMicroelectronics.X-CUBE-AZRTOS-F4.1.1.0
2026-01-19 20:25:31,274 [WARN] PackLoader:240 - Cannot read IP mode file for STMicroelectronics.X-CUBE-ISPU.2.1.0
2026-01-19 20:25:31,313 [WARN] PackLoader:240 - Cannot read IP mode file for STMicroelectronics.X-CUBE-AZRTOS-L5.2.0.0
2026-01-19 20:25:31,341 [WARN] PackLoader:240 - Cannot read IP mode file for STMicroelectronics.X-CUBE-NFC6.3.1.0
2026-01-19 20:25:31,360 [WARN] PackLoader:240 - Cannot read IP mode file for STMicroelectronics.X-CUBE-DPower.1.3.0
2026-01-19 20:25:31,394 [WARN] ConditionMgr:438 - getConditionDescription Invalid condition id : LAN8742 Phy interface Condition cause : null
2026-01-19 20:25:31,396 [WARN] PackLoader:240 - Cannot read IP mode file for STMicroelectronics.X-CUBE-AZRTOS-L4.2.0.0
2026-01-19 20:25:31,396 [WARN] ConditionMgr:1044 - genDependencies : Invalid condition id : LAN8742 Phy interface Condition cause : null
2026-01-19 20:25:31,396 [WARN] ConditionMgr:1044 - genDependencies : Invalid condition id : LAN8742 Phy interface Condition cause : null
2026-01-19 20:25:31,397 [WARN] ConditionMgr:1044 - genDependencies : Invalid condition id : LAN8742 Phy interface Condition cause : null
2026-01-19 20:25:31,418 [WARN] PackLoader:240 - Cannot read IP mode file for STMicroelectronics.X-CUBE-SFXS2LP1.4.0.0
2026-01-19 20:25:31,445 [WARN] ConditionMgr:438 - getConditionDescription Invalid condition id : UX DEVICE CLASS RTOS Condition cause : null
2026-01-19 20:25:31,446 [WARN] ConditionMgr:438 - getConditionDescription Invalid condition id : UX DEVICE CLASS RTOS Condition cause : null
2026-01-19 20:25:31,447 [WARN] PackLoader:240 - Cannot read IP mode file for STMicroelectronics.X-CUBE-AZRTOS-WB.2.0.0
2026-01-19 20:25:31,447 [WARN] ConditionMgr:1044 - genDependencies : Invalid condition id : UX DEVICE CLASS RTOS Condition cause : null
2026-01-19 20:25:31,447 [WARN] ConditionMgr:1044 - genDependencies : Invalid condition id : UX DEVICE CLASS RTOS Condition cause : null
2026-01-19 20:25:31,448 [WARN] ConditionMgr:1044 - genDependencies : Invalid condition id : UX DEVICE CLASS RTOS Condition cause : null
2026-01-19 20:25:31,448 [WARN] ConditionMgr:1044 - genDependencies : Invalid condition id : UX DEVICE CLASS RTOS Condition cause : null
2026-01-19 20:25:31,448 [WARN] ConditionMgr:1044 - genDependencies : Invalid condition id : UX DEVICE CLASS RTOS Condition cause : null
2026-01-19 20:25:31,472 [WARN] PackLoader:240 - Cannot read IP mode file for STMicroelectronics.X-CUBE-SUBG2.5.0.0
2026-01-19 20:25:31,505 [WARN] PackLoader:240 - Cannot read IP mode file for STMicroelectronics.X-CUBE-AZRTOS-G4.2.0.0
2026-01-19 20:25:31,525 [WARN] PackLoader:240 - Cannot read IP mode file for STMicroelectronics.X-CUBE-NFC7.2.0.0
2026-01-19 20:25:31,544 [WARN] PackLoader:240 - Cannot read IP mode file for STMicroelectronics.X-CUBE-ALS.1.0.2
2026-01-19 20:25:31,568 [WARN] PackLoader:240 - Cannot read IP mode file for STMicroelectronics.X-CUBE-TOF1.3.4.3
2026-01-19 20:25:31,580 [INFO] ThirdParty:978 - Integrity check success = true
2026-01-19 20:25:31,581 [INFO] IntegrityCheckThread:100 - exiting critical section [integrity check]
2026-01-19 20:25:31,581 [INFO] IntegrityCheckThread:103 - End integrity checks thread
2026-01-19 21:06:56,471 [INFO] WebApp:194 - Connection lost
2026-01-19 21:07:10,965 [INFO] WebApp:191 - Connection restablished
2026-01-19 21:41:38,395 [ERROR] LogOutputStream:75 - [STDERR_REDIRECT] 
