2026-01-20 21:15:55,589 [INFO] Activator:176 - 


2026-01-20 21:15:55,593 [INFO] Activator:177 - !SESSION log4j initialized
2026-01-20 21:16:01,596 [INFO] LogOutputStream:77 - [STDOUT_REDIRECT] 
2026-01-20 21:16:02,902 [INFO] ApplicationProperties:184 - Using Application install path: C:\ST\STM32CubeIDE_1.19.0\STM32CubeIDE\plugins\com.st.stm32cube.common.mx_6.15.0.202507011659
2026-01-20 21:16:02,927 [INFO] DbMcusXml:78 - Set database path to: C:\ST\STM32CubeIDE_1.19.0\STM32CubeIDE\plugins\com.st.stm32cube.common.mx_6.15.0.202507011659\\db\/mcu/
2026-01-20 21:16:02,927 [INFO] ApiDb:274 - Set plugin database path to: C:\ST\STM32CubeIDE_1.19.0\STM32CubeIDE\plugins\com.st.stm32cube.common.mx_6.15.0.202507011659\\db\/plugins/boardmanager/
2026-01-20 21:16:02,929 [WARN] ApiDb:259 - Overriding images path with different value:  => C:\ST\STM32CubeIDE_1.19.0\STM32CubeIDE\plugins\com.st.stm32cube.common.mx_6.15.0.202507011659\\db\/plugins/mcufinder/images/
2026-01-20 21:16:02,937 [INFO] ApiDb:250 - Set database path to: C:\Users\user\.stmcufinder\plugins\mcufinder//mcu/
2026-01-20 21:16:02,938 [INFO] DbMcusAds:125 - Set database path to: C:\Users\user\.stmcufinder\plugins\mcufinder//mcu/
2026-01-20 21:16:02,941 [INFO] CrossReferenceDbSqlite:203 - Set database path to: C:\Users\user\.stmcufinder\plugins\mcufinder//mcu/cs/
2026-01-20 21:16:03,058 [INFO] RulesReader:64 - Compatibility file has been processed (317 Rules)
2026-01-20 21:16:03,136 [INFO] DbMcusXml:78 - Set database path to: C:\ST\STM32CubeIDE_1.19.0\STM32CubeIDE\plugins\com.st.stm32cube.common.mx_6.15.0.202507011659\\db\/mcu/
2026-01-20 21:16:03,136 [INFO] ApiDb:274 - Set plugin database path to: C:\ST\STM32CubeIDE_1.19.0\STM32CubeIDE\plugins\com.st.stm32cube.common.mx_6.15.0.202507011659\\db\/plugins/boardmanager/
2026-01-20 21:16:03,136 [INFO] ApiDb:261 - Set plugin images path to: C:\ST\STM32CubeIDE_1.19.0\STM32CubeIDE\plugins\com.st.stm32cube.common.mx_6.15.0.202507011659\\db\/plugins/mcufinder/images/
2026-01-20 21:16:03,136 [WARN] DbFile:41 - Overriding database path with different value: C:\Users\user\.stmcufinder\plugins\mcufinder/ => C:\Users\user\.stmcufinder\plugins\mcufinder
2026-01-20 21:16:03,136 [INFO] ApiDb:250 - Set database path to: C:\Users\user\.stmcufinder\plugins\mcufinder//mcu/
2026-01-20 21:16:03,136 [WARN] DbFile:41 - Overriding database path with different value: C:\Users\user\.stmcufinder\plugins\mcufinder/ => C:\Users\user\.stmcufinder\plugins\mcufinder
2026-01-20 21:16:03,136 [INFO] DbMcusAds:125 - Set database path to: C:\Users\user\.stmcufinder\plugins\mcufinder//mcu/
2026-01-20 21:16:03,136 [WARN] DbFile:41 - Overriding database path with different value: C:\Users\user\.stmcufinder\plugins\mcufinder/ => C:\Users\user\.stmcufinder\plugins\mcufinder
2026-01-20 21:16:03,136 [WARN] DbFile:41 - Overriding database path with different value: C:\Users\user\.stmcufinder\plugins\mcufinder/ => C:\Users\user\.stmcufinder\plugins\mcufinder
2026-01-20 21:16:03,136 [INFO] CrossReferenceDbSqlite:203 - Set database path to: C:\Users\user\.stmcufinder\plugins\mcufinder//mcu/cs/
2026-01-20 21:16:03,214 [INFO] MainPanel:274 - HeapMemory: 268435456
2026-01-20 21:16:03,321 [INFO] DbMcusXml:78 - Set database path to: C:\ST\STM32CubeIDE_1.19.0\STM32CubeIDE\plugins\com.st.stm32cube.common.mx_6.15.0.202507011659\\db\/mcu/
2026-01-20 21:16:03,321 [INFO] ApiDb:274 - Set plugin database path to: C:\ST\STM32CubeIDE_1.19.0\STM32CubeIDE\plugins\com.st.stm32cube.common.mx_6.15.0.202507011659\\db\/plugins/boardmanager/
2026-01-20 21:16:03,322 [INFO] ApiDb:261 - Set plugin images path to: C:\ST\STM32CubeIDE_1.19.0\STM32CubeIDE\plugins\com.st.stm32cube.common.mx_6.15.0.202507011659\\db\/plugins/mcufinder/images/
2026-01-20 21:16:03,322 [WARN] DbFile:41 - Overriding database path with different value: C:\Users\user\.stmcufinder\plugins\mcufinder/ => C:\Users\user\.stmcufinder\plugins\mcufinder
2026-01-20 21:16:03,322 [INFO] ApiDb:250 - Set database path to: C:\Users\user\.stmcufinder\plugins\mcufinder//mcu/
2026-01-20 21:16:03,322 [WARN] DbFile:41 - Overriding database path with different value: C:\Users\user\.stmcufinder\plugins\mcufinder/ => C:\Users\user\.stmcufinder\plugins\mcufinder
2026-01-20 21:16:03,322 [INFO] DbMcusAds:125 - Set database path to: C:\Users\user\.stmcufinder\plugins\mcufinder//mcu/
2026-01-20 21:16:03,322 [WARN] DbFile:41 - Overriding database path with different value: C:\Users\user\.stmcufinder\plugins\mcufinder/ => C:\Users\user\.stmcufinder\plugins\mcufinder
2026-01-20 21:16:03,322 [WARN] DbFile:41 - Overriding database path with different value: C:\Users\user\.stmcufinder\plugins\mcufinder/ => C:\Users\user\.stmcufinder\plugins\mcufinder
2026-01-20 21:16:03,322 [INFO] CrossReferenceDbSqlite:203 - Set database path to: C:\Users\user\.stmcufinder\plugins\mcufinder//mcu/cs/
2026-01-20 21:16:03,337 [INFO] ApplicationProperties:184 - Using Application install path: C:\ST\STM32CubeIDE_1.19.0\STM32CubeIDE\plugins\com.st.stm32cube.common.mx_6.15.0.202507011659
2026-01-20 21:16:03,338 [INFO] PluginManage:196 - Search for loadable plugins [exclusion list=, ]
2026-01-20 21:16:03,339 [INFO] PluginManage:310 - Check plugin analytics
2026-01-20 21:16:03,511 [INFO] AnalyticsPlugin:253 - Accepted Software Licenses: 
2026-01-20 21:16:03,511 [INFO] AnalyticsPlugin:255 - Accepted CMSIS Pack Licenses: 
2026-01-20 21:16:03,511 [INFO] AnalyticsPlugin:257 - Accepted Firmware Licenses: 
2026-01-20 21:16:03,513 [INFO] PluginManage:359 - Loaded plugin analytics (category:tool,tabindex:-1)
2026-01-20 21:16:03,513 [INFO] PluginManage:310 - Check plugin cadmodel
2026-01-20 21:16:03,531 [INFO] CADModel:105 - Init CAD model plugin
2026-01-20 21:16:03,531 [INFO] PluginManage:359 - Loaded plugin cadmodel (category:power,tabindex:5)
2026-01-20 21:16:03,531 [INFO] PluginManage:310 - Check plugin clock
2026-01-20 21:16:03,553 [INFO] PluginManage:359 - Loaded plugin clock (category:base,tabindex:2)
2026-01-20 21:16:03,553 [INFO] PluginManage:310 - Check plugin ddr
2026-01-20 21:16:03,557 [INFO] PluginManage:359 - Loaded plugin ddr (category:tool,tabindex:6)
2026-01-20 21:16:03,557 [INFO] PluginManage:310 - Check plugin filemanager
2026-01-20 21:16:03,681 [INFO] PluginManage:359 - Loaded plugin filemanager (category:base,tabindex:10)
2026-01-20 21:16:03,681 [INFO] PluginManage:310 - Check plugin ipmanager
2026-01-20 21:16:03,687 [INFO] PluginManage:359 - Loaded plugin ipmanager (category:base,tabindex:5)
2026-01-20 21:16:03,687 [INFO] PluginManage:310 - Check plugin lpbam
2026-01-20 21:16:03,709 [INFO] PluginManage:359 - Loaded plugin lpbam (category:base,tabindex:0)
2026-01-20 21:16:03,709 [INFO] PluginManage:310 - Check plugin memorymap
2026-01-20 21:16:03,734 [INFO] PluginManage:359 - Loaded plugin memorymap (category:base,tabindex:4)
2026-01-20 21:16:03,734 [INFO] PluginManage:310 - Check plugin pinoutandconfiguration
2026-01-20 21:16:03,753 [INFO] PluginManage:359 - Loaded plugin pinoutandconfiguration (category:base,tabindex:1)
2026-01-20 21:16:03,753 [INFO] PluginManage:310 - Check plugin pinoutconfig
2026-01-20 21:16:03,870 [WARN] SupportedApi:132 - Cannot load RTOS API schema: s4s-elt-must-match.1: The content of 'definitions' must match (annotation?, (simpleType | complexType)?, (unique | key | keyref)*)). A problem was found starting at: attribute.
2026-01-20 21:16:04,024 [INFO] PluginManage:359 - Loaded plugin pinoutconfig (category:base,tabindex:0)
2026-01-20 21:16:04,024 [INFO] PluginManage:310 - Check plugin power
2026-01-20 21:16:04,051 [INFO] PluginManage:359 - Loaded plugin power (category:power,tabindex:4)
2026-01-20 21:16:04,051 [INFO] PluginManage:310 - Check plugin projectmanager
2026-01-20 21:16:04,064 [INFO] PluginManage:359 - Loaded plugin projectmanager (category:projectmanager,tabindex:4)
2026-01-20 21:16:04,064 [INFO] PluginManage:310 - Check plugin rif
2026-01-20 21:16:04,087 [INFO] PluginManage:359 - Loaded plugin rif (category:base,tabindex:3)
2026-01-20 21:16:04,087 [INFO] PluginManage:310 - Check plugin thirdparty
2026-01-20 21:16:04,407 [INFO] PluginManage:359 - Loaded plugin thirdparty (category:base,tabindex:-1)
2026-01-20 21:16:04,407 [WARN] IntegrityCheckThread:84 - waiting for thirdparty lock release [integrity check]
2026-01-20 21:16:04,407 [INFO] PluginManage:310 - Check plugin tools
2026-01-20 21:16:04,407 [INFO] IntegrityCheckThread:86 - entering critical section [integrity check]
2026-01-20 21:16:04,407 [INFO] ThirdPartyUpdaterWithRetryManager:70 - Updater plugin not ready yet. [1/15]
2026-01-20 21:16:04,447 [INFO] PluginManage:359 - Loaded plugin tools (category:base,tabindex:7)
2026-01-20 21:16:04,448 [INFO] PluginManage:310 - Check plugin tutovideos
2026-01-20 21:16:04,657 [INFO] PluginManage:359 - Loaded plugin tutovideos (category:base,tabindex:-1)
2026-01-20 21:16:04,657 [INFO] PluginManage:310 - Check plugin updater
2026-01-20 21:16:04,677 [INFO] PluginManage:359 - Loaded plugin updater (category:base,tabindex:12)
2026-01-20 21:16:04,677 [INFO] PluginManage:310 - Check plugin userauth
2026-01-20 21:16:04,682 [INFO] UserAuth:118 - Init User Auth plugin
2026-01-20 21:16:04,682 [INFO] PluginManage:359 - Loaded plugin userauth (category:base,tabindex:14)
2026-01-20 21:16:04,682 [INFO] PluginManage:283 - PluginManage : Loaded plugins [18]
2026-01-20 21:16:04,866 [INFO] PinOutPanel:1589 - setPackage(No Configuration,No Configuration)
2026-01-20 21:16:04,948 [INFO] CADModel:165 - CPN selected for project level
2026-01-20 21:16:04,949 [INFO] CADModel:114 - Register for checkConnection events
2026-01-20 21:16:04,979 [INFO] IPUIPlugin:80 - create IPUIPlugin
2026-01-20 21:16:04,979 [INFO] PluginManager:220 - loadIPPluginJar : add adc
2026-01-20 21:16:05,022 [INFO] IPUIPlugin:80 - create IPUIPlugin
2026-01-20 21:16:05,022 [INFO] PluginManager:220 - loadIPPluginJar : add aes
2026-01-20 21:16:05,070 [INFO] IPUIPlugin:80 - create IPUIPlugin
2026-01-20 21:16:05,070 [INFO] PluginManager:220 - loadIPPluginJar : add can
2026-01-20 21:16:05,103 [INFO] IPUIPlugin:80 - create IPUIPlugin
2026-01-20 21:16:05,103 [INFO] PluginManager:220 - loadIPPluginJar : add comp
2026-01-20 21:16:05,137 [INFO] IPUIPlugin:80 - create IPUIPlugin
2026-01-20 21:16:05,137 [INFO] PluginManager:220 - loadIPPluginJar : add cryp
2026-01-20 21:16:05,152 [INFO] IPUIPlugin:80 - create IPUIPlugin
2026-01-20 21:16:05,152 [INFO] PluginManager:220 - loadIPPluginJar : add ddr_ctrl_phy
2026-01-20 21:16:05,182 [INFO] IPUIPlugin:80 - create IPUIPlugin
2026-01-20 21:16:05,182 [INFO] PluginManager:220 - loadIPPluginJar : add dfsdm
2026-01-20 21:16:05,197 [INFO] IPUIPlugin:80 - create IPUIPlugin
2026-01-20 21:16:05,197 [INFO] PluginManager:220 - loadIPPluginJar : add dma
2026-01-20 21:16:05,237 [INFO] IPUIPlugin:80 - create IPUIPlugin
2026-01-20 21:16:05,238 [INFO] PluginManager:220 - loadIPPluginJar : add dma3
2026-01-20 21:16:05,289 [INFO] IPUIPlugin:80 - create IPUIPlugin
2026-01-20 21:16:05,289 [INFO] PluginManager:220 - loadIPPluginJar : add extmemmanager
2026-01-20 21:16:05,311 [INFO] IPUIPlugin:80 - create IPUIPlugin
2026-01-20 21:16:05,311 [INFO] PluginManager:220 - loadIPPluginJar : add fatfs
2026-01-20 21:16:05,359 [INFO] IPUIPlugin:80 - create IPUIPlugin
2026-01-20 21:16:05,359 [INFO] PluginManager:220 - loadIPPluginJar : add fmc
2026-01-20 21:16:05,377 [INFO] IPUIPlugin:80 - create IPUIPlugin
2026-01-20 21:16:05,377 [INFO] PluginManager:220 - loadIPPluginJar : add freertos
2026-01-20 21:16:05,403 [INFO] IPUIPlugin:80 - create IPUIPlugin
2026-01-20 21:16:05,404 [INFO] PluginManager:220 - loadIPPluginJar : add genericplugin
2026-01-20 21:16:05,495 [INFO] IPUIPlugin:80 - create IPUIPlugin
2026-01-20 21:16:05,495 [INFO] PluginManager:220 - loadIPPluginJar : add gfxmmu
2026-01-20 21:16:05,617 [INFO] IPUIPlugin:80 - create IPUIPlugin
2026-01-20 21:16:05,617 [INFO] PluginManager:220 - loadIPPluginJar : add gic
2026-01-20 21:16:05,631 [INFO] IPUIPlugin:80 - create IPUIPlugin
2026-01-20 21:16:05,631 [INFO] PluginManager:220 - loadIPPluginJar : add gpio
2026-01-20 21:16:05,721 [INFO] IPUIPlugin:80 - create IPUIPlugin
2026-01-20 21:16:05,721 [INFO] PluginManager:220 - loadIPPluginJar : add gtzc
2026-01-20 21:16:05,755 [INFO] IPUIPlugin:80 - create IPUIPlugin
2026-01-20 21:16:05,755 [INFO] PluginManager:220 - loadIPPluginJar : add hash
2026-01-20 21:16:05,805 [INFO] IPUIPlugin:80 - create IPUIPlugin
2026-01-20 21:16:05,805 [INFO] PluginManager:220 - loadIPPluginJar : add i2c
2026-01-20 21:16:05,852 [INFO] IPUIPlugin:80 - create IPUIPlugin
2026-01-20 21:16:05,852 [INFO] PluginManager:220 - loadIPPluginJar : add i2s
2026-01-20 21:16:05,892 [INFO] IPUIPlugin:80 - create IPUIPlugin
2026-01-20 21:16:05,892 [INFO] PluginManager:220 - loadIPPluginJar : add i3c
2026-01-20 21:16:05,985 [INFO] IPUIPlugin:80 - create IPUIPlugin
2026-01-20 21:16:05,985 [INFO] PluginManager:220 - loadIPPluginJar : add ipddr
2026-01-20 21:16:06,126 [INFO] IPUIPlugin:80 - create IPUIPlugin
2026-01-20 21:16:06,126 [INFO] PluginManager:220 - loadIPPluginJar : add linkedlist
2026-01-20 21:16:06,169 [INFO] IPUIPlugin:80 - create IPUIPlugin
2026-01-20 21:16:06,169 [INFO] PluginManager:220 - loadIPPluginJar : add lorawan
2026-01-20 21:16:06,205 [INFO] IPUIPlugin:80 - create IPUIPlugin
2026-01-20 21:16:06,205 [INFO] PluginManager:220 - loadIPPluginJar : add ltdc
2026-01-20 21:16:06,221 [INFO] IPUIPlugin:80 - create IPUIPlugin
2026-01-20 21:16:06,221 [INFO] PluginManager:220 - loadIPPluginJar : add mdma
2026-01-20 21:16:06,237 [INFO] IPUIPlugin:80 - create IPUIPlugin
2026-01-20 21:16:06,237 [INFO] PluginManager:220 - loadIPPluginJar : add nvic
2026-01-20 21:16:06,277 [INFO] IPUIPlugin:80 - create IPUIPlugin
2026-01-20 21:16:06,278 [INFO] PluginManager:220 - loadIPPluginJar : add opamp
2026-01-20 21:16:06,339 [INFO] IPUIPlugin:80 - create IPUIPlugin
2026-01-20 21:16:06,339 [INFO] PluginManager:220 - loadIPPluginJar : add openamp
2026-01-20 21:16:06,382 [INFO] IPUIPlugin:80 - create IPUIPlugin
2026-01-20 21:16:06,383 [INFO] PluginManager:220 - loadIPPluginJar : add pdm2pcm
2026-01-20 21:16:06,398 [INFO] IPUIPlugin:80 - create IPUIPlugin
2026-01-20 21:16:06,399 [INFO] PluginManager:220 - loadIPPluginJar : add plateformsettings
2026-01-20 21:16:06,426 [INFO] IPUIPlugin:80 - create IPUIPlugin
2026-01-20 21:16:06,427 [INFO] PluginManager:220 - loadIPPluginJar : add quadspi
2026-01-20 21:16:06,455 [INFO] IPUIPlugin:80 - create IPUIPlugin
2026-01-20 21:16:06,456 [INFO] PluginManager:220 - loadIPPluginJar : add radio
2026-01-20 21:16:06,470 [INFO] IPUIPlugin:80 - create IPUIPlugin
2026-01-20 21:16:06,470 [INFO] PluginManager:220 - loadIPPluginJar : add resmgrutility
2026-01-20 21:16:06,515 [INFO] IPUIPlugin:80 - create IPUIPlugin
2026-01-20 21:16:06,515 [INFO] PluginManager:220 - loadIPPluginJar : add sai
2026-01-20 21:16:06,552 [INFO] IPUIPlugin:80 - create IPUIPlugin
2026-01-20 21:16:06,552 [INFO] PluginManager:220 - loadIPPluginJar : add spi
2026-01-20 21:16:06,632 [INFO] IPUIPlugin:80 - create IPUIPlugin
2026-01-20 21:16:06,633 [INFO] PluginManager:220 - loadIPPluginJar : add stm32_wpan
2026-01-20 21:16:06,660 [INFO] IPUIPlugin:80 - create IPUIPlugin
2026-01-20 21:16:06,661 [INFO] PluginManager:220 - loadIPPluginJar : add tim
2026-01-20 21:16:06,718 [INFO] IPUIPlugin:80 - create IPUIPlugin
2026-01-20 21:16:06,718 [INFO] PluginManager:220 - loadIPPluginJar : add touchsensing
2026-01-20 21:16:06,747 [INFO] IPUIPlugin:80 - create IPUIPlugin
2026-01-20 21:16:06,748 [INFO] PluginManager:220 - loadIPPluginJar : add tracer_emb
2026-01-20 21:16:06,782 [INFO] IPUIPlugin:80 - create IPUIPlugin
2026-01-20 21:16:06,782 [INFO] PluginManager:220 - loadIPPluginJar : add ts
2026-01-20 21:16:06,812 [INFO] IPUIPlugin:80 - create IPUIPlugin
2026-01-20 21:16:06,812 [INFO] PluginManager:220 - loadIPPluginJar : add tsc
2026-01-20 21:16:06,840 [INFO] IPUIPlugin:80 - create IPUIPlugin
2026-01-20 21:16:06,840 [INFO] PluginManager:220 - loadIPPluginJar : add ucpd
2026-01-20 21:16:06,887 [INFO] IPUIPlugin:80 - create IPUIPlugin
2026-01-20 21:16:06,887 [INFO] PluginManager:220 - loadIPPluginJar : add usart
2026-01-20 21:16:06,931 [INFO] IPUIPlugin:80 - create IPUIPlugin
2026-01-20 21:16:06,931 [INFO] PluginManager:220 - loadIPPluginJar : add usbx
2026-01-20 21:16:07,048 [FATAL] Updater:351 - Updater called before beeing initialized
2026-01-20 21:16:07,072 [INFO] RulesReader:64 - Compatibility file has been processed (317 Rules)
2026-01-20 21:16:07,081 [INFO] RulesReader:64 - Compatibility file has been processed (317 Rules)
2026-01-20 21:16:07,088 [INFO] CADModel:165 - CPN selected for project level
2026-01-20 21:16:07,088 [INFO] CADModel:114 - Register for checkConnection events
2026-01-20 21:16:07,088 [FATAL] Updater:351 - Updater called before beeing initialized
2026-01-20 21:16:07,088 [ERROR] CADModel:125 - Updater not yet initialized, retry later 
2026-01-20 21:16:07,237 [FATAL] Updater:351 - Updater called before beeing initialized
2026-01-20 21:16:07,240 [INFO] CADModel:165 - CPN selected for project level
2026-01-20 21:16:07,240 [INFO] CADModel:114 - Register for checkConnection events
2026-01-20 21:16:07,240 [FATAL] Updater:351 - Updater called before beeing initialized
2026-01-20 21:16:07,240 [ERROR] CADModel:125 - Updater not yet initialized, retry later 
2026-01-20 21:16:07,243 [FATAL] Updater:351 - Updater called before beeing initialized
2026-01-20 21:16:07,333 [FATAL] Updater:351 - Updater called before beeing initialized
2026-01-20 21:16:07,345 [INFO] DbMcusAds:53 - JSON generation date=Thu Jan 08 21:26:32 IST 2026 (1767887792457)
2026-01-20 21:16:07,345 [FATAL] Updater:351 - Updater called before beeing initialized
2026-01-20 21:16:07,380 [WARN] DetailPanel:346 - Failed to get advertising image, set to default
2026-01-20 21:16:07,408 [INFO] ThirdPartyUpdaterWithRetryManager:70 - Updater plugin not ready yet. [2/15]
2026-01-20 21:16:07,449 [FATAL] Updater:351 - Updater called before beeing initialized
2026-01-20 21:16:07,450 [FATAL] Updater:351 - Updater called before beeing initialized
2026-01-20 21:16:07,450 [FATAL] Updater:351 - Updater called before beeing initialized
2026-01-20 21:16:07,450 [WARN] DetailPanel:346 - Failed to get advertising image, set to default
2026-01-20 21:16:07,451 [FATAL] Updater:351 - Updater called before beeing initialized
2026-01-20 21:16:07,515 [ERROR] Updater:1198 - MainUpdater not yet initialized. External WinMGr cannot be set.
2026-01-20 21:16:07,528 [INFO] Updater:1134 - Updater Version found : 6.15.0
2026-01-20 21:16:07,545 [INFO] ApplicationProperties:184 - Using Application install path: C:\ST\STM32CubeIDE_1.19.0\STM32CubeIDE\plugins\com.st.stm32cube.common.mx_6.15.0.202507011659
2026-01-20 21:16:07,848 [INFO] MainUpdater:2872 - connection check result : 10
2026-01-20 21:16:07,848 [INFO] MainUpdater:289 - Updater Check For Update Now.
2026-01-20 21:16:07,849 [INFO] MicroXplorer:498 - Change Database Version : DB.6.0.150
2026-01-20 21:16:07,868 [INFO] McuFinderGlobals:63 - Set McuFinder mode to 2 (CubeIDE integrated)
2026-01-20 21:16:07,868 [INFO] UserAuth:171 - activating auth plugin
2026-01-20 21:16:07,871 [INFO] UserAuth:487 - Internet connection configuration mode: 1
2026-01-20 21:16:07,909 [INFO] JxBrowserEngine:152 - Initiate JxBrowser Engine with user profile folder
2026-01-20 21:16:08,057 [INFO] CheckServerUpdateThread:120 - End of CheckServer Thread
2026-01-20 21:16:09,340 [INFO] WebApp:169 - Instantiating new browser for Auth
2026-01-20 21:16:10,026 [INFO] WebApp:463 - Apply proxy settings
2026-01-20 21:16:10,026 [INFO] WebApp:548 - Chromium requires no authentication
2026-01-20 21:16:10,037 [INFO] WebApp:491 - Direct internet connection detected
2026-01-20 21:16:10,067 [INFO] WebApp:900 - Register for checkConnection events
2026-01-20 21:16:10,067 [INFO] WebApp:463 - Apply proxy settings
2026-01-20 21:16:10,067 [INFO] WebApp:548 - Chromium requires no authentication
2026-01-20 21:16:10,067 [INFO] WebApp:491 - Direct internet connection detected
2026-01-20 21:16:10,239 [INFO] WebApp:225 - Starting web application
2026-01-20 21:16:10,239 [INFO] WebApp:593 - Web application path used C:\ST\STM32CubeIDE_1.19.0\STM32CubeIDE\plugins\com.st.stm32cube.common.mx_6.15.0.202507011659\db\plugins\mcufinder\reactClient1\index.html
2026-01-20 21:16:10,341 [INFO] WebApp:191 - Connection restablished
2026-01-20 21:16:10,649 [WARN] PackLoader:240 - Cannot read IP mode file for STMicroelectronics.FP-SNS-MOTENVWB1.1.4.0
2026-01-20 21:16:10,674 [WARN] PackLoader:240 - Cannot read IP mode file for STMicroelectronics.FP-ATR-ASTRA1.2.0.2
2026-01-20 21:16:10,704 [WARN] PackLoader:240 - Cannot read IP mode file for STMicroelectronics.X-CUBE-SMBUS.2.1.0
2026-01-20 21:16:10,765 [WARN] PackLoader:240 - Cannot read IP mode file for STMicroelectronics.X-CUBE-AZRTOS-F7.1.1.0
2026-01-20 21:16:10,801 [WARN] PackLoader:240 - Cannot read IP mode file for STMicroelectronics.X-CUBE-DISPLAY.3.0.0
2026-01-20 21:16:10,834 [WARN] PackLoader:240 - Cannot read IP mode file for STMicroelectronics.X-CUBE-NFC10.1.0.0
2026-01-20 21:16:10,863 [WARN] PackLoader:240 - Cannot read IP mode file for STMicroelectronics.FP-SNS-SMARTAG2.1.2.0
2026-01-20 21:16:10,888 [WARN] PackLoader:240 - Cannot read IP mode file for STMicroelectronics.FP-SNS-FLIGHT1.5.1.0
2026-01-20 21:16:10,922 [INFO] LogOutputStream:77 - [STDOUT_REDIRECT] 1 : Invalid condition id : UX_CORESTACK_Condition cause : null
2026-01-20 21:16:10,922 [INFO] LogOutputStream:77 - [STDOUT_REDIRECT] 1 : Invalid condition id : UX_CORESTACK_Condition cause : null
2026-01-20 21:16:10,923 [INFO] LogOutputStream:77 - [STDOUT_REDIRECT] 1 : Invalid condition id : UX_CORESTACK_Condition cause : null
2026-01-20 21:16:10,924 [INFO] LogOutputStream:77 - [STDOUT_REDIRECT] 1 : Invalid condition id : UX_CORESTACK_Condition cause : null
2026-01-20 21:16:10,925 [INFO] LogOutputStream:77 - [STDOUT_REDIRECT] 1 : Invalid condition id : UX_CORESTACK_Condition cause : null
2026-01-20 21:16:10,929 [WARN] PackLoader:240 - Cannot read IP mode file for STMicroelectronics.X-CUBE-AZRTOS-WL.2.0.0
2026-01-20 21:16:10,957 [WARN] PackLoader:240 - Cannot read IP mode file for STMicroelectronics.X-CUBE-BLE2.3.3.0
2026-01-20 21:16:10,984 [WARN] PackLoader:240 - Cannot read IP mode file for STMicroelectronics.X-CUBE-NFC9.1.0.0
2026-01-20 21:16:11,013 [WARN] PackLoader:240 - Cannot read IP mode file for STMicroelectronics.X-CUBE-BLE1.7.1.0
2026-01-20 21:16:11,054 [WARN] PackLoader:240 - Cannot read IP mode file for STMicroelectronics.X-CUBE-AZRTOS-G0.1.1.0
2026-01-20 21:16:11,081 [WARN] PackLoader:240 - Cannot read IP mode file for STMicroelectronics.X-CUBE-NFC4.3.0.0
2026-01-20 21:16:11,106 [WARN] PackLoader:240 - Cannot read IP mode file for STMicroelectronics.X-CUBE-WB05N.2.0.0
2026-01-20 21:16:11,128 [WARN] PackLoader:240 - Cannot read IP mode file for STMicroelectronics.X-CUBE-TCPP.4.2.0
2026-01-20 21:16:11,151 [WARN] PackLoader:240 - Cannot read IP mode file for RealThread.X-CUBE-RT-Thread_Nano.4.1.1
2026-01-20 21:16:11,172 [WARN] PackLoader:240 - Cannot read IP mode file for STMicroelectronics.FP-ATR-SIGFOX1.3.2.0
2026-01-20 21:16:11,233 [WARN] PackLoader:240 - Cannot read IP mode file for SEGGER.I-CUBE-embOS.1.3.1
2026-01-20 21:16:11,328 [WARN] PackLoader:240 - Cannot read IP mode file for STMicroelectronics.X-CUBE-ALGOBUILD.1.4.0
2026-01-20 21:16:11,348 [WARN] PackLoader:240 - Cannot read IP mode file for STMicroelectronics.X-CUBE-PM33A1.1.0.0
2026-01-20 21:16:11,400 [WARN] PackLoader:240 - Cannot read IP mode file for STMicroelectronics.X-CUBE-AZRTOS-F4.1.1.0
2026-01-20 21:16:11,422 [WARN] PackLoader:240 - Cannot read IP mode file for STMicroelectronics.X-CUBE-ISPU.2.1.0
2026-01-20 21:16:11,457 [WARN] PackLoader:240 - Cannot read IP mode file for STMicroelectronics.X-CUBE-AZRTOS-L5.2.0.0
2026-01-20 21:16:11,483 [WARN] PackLoader:240 - Cannot read IP mode file for STMicroelectronics.X-CUBE-NFC6.3.1.0
2026-01-20 21:16:11,505 [WARN] PackLoader:240 - Cannot read IP mode file for STMicroelectronics.X-CUBE-DPower.1.3.0
2026-01-20 21:16:11,543 [WARN] ConditionMgr:438 - getConditionDescription Invalid condition id : LAN8742 Phy interface Condition cause : null
2026-01-20 21:16:11,544 [WARN] PackLoader:240 - Cannot read IP mode file for STMicroelectronics.X-CUBE-AZRTOS-L4.2.0.0
2026-01-20 21:16:11,546 [WARN] ConditionMgr:1044 - genDependencies : Invalid condition id : LAN8742 Phy interface Condition cause : null
2026-01-20 21:16:11,546 [WARN] ConditionMgr:1044 - genDependencies : Invalid condition id : LAN8742 Phy interface Condition cause : null
2026-01-20 21:16:11,547 [WARN] ConditionMgr:1044 - genDependencies : Invalid condition id : LAN8742 Phy interface Condition cause : null
2026-01-20 21:16:11,572 [WARN] PackLoader:240 - Cannot read IP mode file for STMicroelectronics.X-CUBE-SFXS2LP1.4.0.0
2026-01-20 21:16:11,612 [WARN] ConditionMgr:438 - getConditionDescription Invalid condition id : UX DEVICE CLASS RTOS Condition cause : null
2026-01-20 21:16:11,613 [WARN] ConditionMgr:438 - getConditionDescription Invalid condition id : UX DEVICE CLASS RTOS Condition cause : null
2026-01-20 21:16:11,615 [WARN] PackLoader:240 - Cannot read IP mode file for STMicroelectronics.X-CUBE-AZRTOS-WB.2.0.0
2026-01-20 21:16:11,615 [WARN] ConditionMgr:1044 - genDependencies : Invalid condition id : UX DEVICE CLASS RTOS Condition cause : null
2026-01-20 21:16:11,615 [WARN] ConditionMgr:1044 - genDependencies : Invalid condition id : UX DEVICE CLASS RTOS Condition cause : null
2026-01-20 21:16:11,617 [WARN] ConditionMgr:1044 - genDependencies : Invalid condition id : UX DEVICE CLASS RTOS Condition cause : null
2026-01-20 21:16:11,617 [WARN] ConditionMgr:1044 - genDependencies : Invalid condition id : UX DEVICE CLASS RTOS Condition cause : null
2026-01-20 21:16:11,617 [WARN] ConditionMgr:1044 - genDependencies : Invalid condition id : UX DEVICE CLASS RTOS Condition cause : null
2026-01-20 21:16:11,649 [WARN] PackLoader:240 - Cannot read IP mode file for STMicroelectronics.X-CUBE-SUBG2.5.0.0
2026-01-20 21:16:11,692 [WARN] PackLoader:240 - Cannot read IP mode file for STMicroelectronics.X-CUBE-AZRTOS-G4.2.0.0
2026-01-20 21:16:11,712 [WARN] PackLoader:240 - Cannot read IP mode file for STMicroelectronics.X-CUBE-NFC7.2.0.0
2026-01-20 21:16:11,733 [WARN] PackLoader:240 - Cannot read IP mode file for STMicroelectronics.X-CUBE-ALS.1.0.2
2026-01-20 21:16:11,762 [WARN] PackLoader:240 - Cannot read IP mode file for STMicroelectronics.X-CUBE-TOF1.3.4.3
2026-01-20 21:16:11,769 [INFO] ThirdParty:978 - Integrity check success = true
2026-01-20 21:16:11,769 [INFO] IntegrityCheckThread:100 - exiting critical section [integrity check]
2026-01-20 21:16:11,769 [INFO] IntegrityCheckThread:103 - End integrity checks thread
2026-01-20 23:15:48,372 [ERROR] LogOutputStream:75 - [STDERR_REDIRECT] 
