2026-02-10 21:44:46,869 [INFO] Activator:176 - 


2026-02-10 21:44:46,874 [INFO] Activator:177 - !SESSION log4j initialized
2026-02-10 21:44:52,763 [INFO] LogOutputStream:77 - [STDOUT_REDIRECT] 
2026-02-10 21:44:54,114 [INFO] ApplicationProperties:184 - Using Application install path: C:\ST\STM32CubeIDE_1.19.0\STM32CubeIDE\plugins\com.st.stm32cube.common.mx_6.15.0.202507011659
2026-02-10 21:44:54,130 [INFO] DbMcusXml:78 - Set database path to: C:\ST\STM32CubeIDE_1.19.0\STM32CubeIDE\plugins\com.st.stm32cube.common.mx_6.15.0.202507011659\\db\/mcu/
2026-02-10 21:44:54,131 [INFO] ApiDb:274 - Set plugin database path to: C:\ST\STM32CubeIDE_1.19.0\STM32CubeIDE\plugins\com.st.stm32cube.common.mx_6.15.0.202507011659\\db\/plugins/boardmanager/
2026-02-10 21:44:54,131 [WARN] ApiDb:259 - Overriding images path with different value:  => C:\ST\STM32CubeIDE_1.19.0\STM32CubeIDE\plugins\com.st.stm32cube.common.mx_6.15.0.202507011659\\db\/plugins/mcufinder/images/
2026-02-10 21:44:54,142 [INFO] ApiDb:250 - Set database path to: C:\Users\user\.stmcufinder\plugins\mcufinder//mcu/
2026-02-10 21:44:54,144 [INFO] DbMcusAds:125 - Set database path to: C:\Users\user\.stmcufinder\plugins\mcufinder//mcu/
2026-02-10 21:44:54,145 [INFO] CrossReferenceDbSqlite:203 - Set database path to: C:\Users\user\.stmcufinder\plugins\mcufinder//mcu/cs/
2026-02-10 21:44:54,258 [INFO] RulesReader:64 - Compatibility file has been processed (317 Rules)
2026-02-10 21:44:54,336 [INFO] DbMcusXml:78 - Set database path to: C:\ST\STM32CubeIDE_1.19.0\STM32CubeIDE\plugins\com.st.stm32cube.common.mx_6.15.0.202507011659\\db\/mcu/
2026-02-10 21:44:54,336 [INFO] ApiDb:274 - Set plugin database path to: C:\ST\STM32CubeIDE_1.19.0\STM32CubeIDE\plugins\com.st.stm32cube.common.mx_6.15.0.202507011659\\db\/plugins/boardmanager/
2026-02-10 21:44:54,337 [INFO] ApiDb:261 - Set plugin images path to: C:\ST\STM32CubeIDE_1.19.0\STM32CubeIDE\plugins\com.st.stm32cube.common.mx_6.15.0.202507011659\\db\/plugins/mcufinder/images/
2026-02-10 21:44:54,337 [WARN] DbFile:41 - Overriding database path with different value: C:\Users\user\.stmcufinder\plugins\mcufinder/ => C:\Users\user\.stmcufinder\plugins\mcufinder
2026-02-10 21:44:54,337 [INFO] ApiDb:250 - Set database path to: C:\Users\user\.stmcufinder\plugins\mcufinder//mcu/
2026-02-10 21:44:54,337 [WARN] DbFile:41 - Overriding database path with different value: C:\Users\user\.stmcufinder\plugins\mcufinder/ => C:\Users\user\.stmcufinder\plugins\mcufinder
2026-02-10 21:44:54,337 [INFO] DbMcusAds:125 - Set database path to: C:\Users\user\.stmcufinder\plugins\mcufinder//mcu/
2026-02-10 21:44:54,337 [WARN] DbFile:41 - Overriding database path with different value: C:\Users\user\.stmcufinder\plugins\mcufinder/ => C:\Users\user\.stmcufinder\plugins\mcufinder
2026-02-10 21:44:54,337 [WARN] DbFile:41 - Overriding database path with different value: C:\Users\user\.stmcufinder\plugins\mcufinder/ => C:\Users\user\.stmcufinder\plugins\mcufinder
2026-02-10 21:44:54,337 [INFO] CrossReferenceDbSqlite:203 - Set database path to: C:\Users\user\.stmcufinder\plugins\mcufinder//mcu/cs/
2026-02-10 21:44:54,411 [INFO] MainPanel:274 - HeapMemory: 268435456
2026-02-10 21:44:54,524 [INFO] DbMcusXml:78 - Set database path to: C:\ST\STM32CubeIDE_1.19.0\STM32CubeIDE\plugins\com.st.stm32cube.common.mx_6.15.0.202507011659\\db\/mcu/
2026-02-10 21:44:54,524 [INFO] ApiDb:274 - Set plugin database path to: C:\ST\STM32CubeIDE_1.19.0\STM32CubeIDE\plugins\com.st.stm32cube.common.mx_6.15.0.202507011659\\db\/plugins/boardmanager/
2026-02-10 21:44:54,524 [INFO] ApiDb:261 - Set plugin images path to: C:\ST\STM32CubeIDE_1.19.0\STM32CubeIDE\plugins\com.st.stm32cube.common.mx_6.15.0.202507011659\\db\/plugins/mcufinder/images/
2026-02-10 21:44:54,525 [WARN] DbFile:41 - Overriding database path with different value: C:\Users\user\.stmcufinder\plugins\mcufinder/ => C:\Users\user\.stmcufinder\plugins\mcufinder
2026-02-10 21:44:54,525 [INFO] ApiDb:250 - Set database path to: C:\Users\user\.stmcufinder\plugins\mcufinder//mcu/
2026-02-10 21:44:54,525 [WARN] DbFile:41 - Overriding database path with different value: C:\Users\user\.stmcufinder\plugins\mcufinder/ => C:\Users\user\.stmcufinder\plugins\mcufinder
2026-02-10 21:44:54,525 [INFO] DbMcusAds:125 - Set database path to: C:\Users\user\.stmcufinder\plugins\mcufinder//mcu/
2026-02-10 21:44:54,525 [WARN] DbFile:41 - Overriding database path with different value: C:\Users\user\.stmcufinder\plugins\mcufinder/ => C:\Users\user\.stmcufinder\plugins\mcufinder
2026-02-10 21:44:54,525 [WARN] DbFile:41 - Overriding database path with different value: C:\Users\user\.stmcufinder\plugins\mcufinder/ => C:\Users\user\.stmcufinder\plugins\mcufinder
2026-02-10 21:44:54,525 [INFO] CrossReferenceDbSqlite:203 - Set database path to: C:\Users\user\.stmcufinder\plugins\mcufinder//mcu/cs/
2026-02-10 21:44:54,542 [INFO] ApplicationProperties:184 - Using Application install path: C:\ST\STM32CubeIDE_1.19.0\STM32CubeIDE\plugins\com.st.stm32cube.common.mx_6.15.0.202507011659
2026-02-10 21:44:54,543 [INFO] PluginManage:196 - Search for loadable plugins [exclusion list=, ]
2026-02-10 21:44:54,545 [INFO] PluginManage:310 - Check plugin analytics
2026-02-10 21:44:54,719 [INFO] AnalyticsPlugin:253 - Accepted Software Licenses: 
2026-02-10 21:44:54,719 [INFO] AnalyticsPlugin:255 - Accepted CMSIS Pack Licenses: 
2026-02-10 21:44:54,719 [INFO] AnalyticsPlugin:257 - Accepted Firmware Licenses: 
2026-02-10 21:44:54,721 [INFO] PluginManage:359 - Loaded plugin analytics (category:tool,tabindex:-1)
2026-02-10 21:44:54,721 [INFO] PluginManage:310 - Check plugin cadmodel
2026-02-10 21:44:54,741 [INFO] CADModel:105 - Init CAD model plugin
2026-02-10 21:44:54,741 [INFO] PluginManage:359 - Loaded plugin cadmodel (category:power,tabindex:5)
2026-02-10 21:44:54,741 [INFO] PluginManage:310 - Check plugin clock
2026-02-10 21:44:54,773 [INFO] PluginManage:359 - Loaded plugin clock (category:base,tabindex:2)
2026-02-10 21:44:54,773 [INFO] PluginManage:310 - Check plugin ddr
2026-02-10 21:44:54,777 [INFO] PluginManage:359 - Loaded plugin ddr (category:tool,tabindex:6)
2026-02-10 21:44:54,777 [INFO] PluginManage:310 - Check plugin filemanager
2026-02-10 21:44:54,907 [INFO] PluginManage:359 - Loaded plugin filemanager (category:base,tabindex:10)
2026-02-10 21:44:54,907 [INFO] PluginManage:310 - Check plugin ipmanager
2026-02-10 21:44:54,913 [INFO] PluginManage:359 - Loaded plugin ipmanager (category:base,tabindex:5)
2026-02-10 21:44:54,913 [INFO] PluginManage:310 - Check plugin lpbam
2026-02-10 21:44:54,933 [INFO] PluginManage:359 - Loaded plugin lpbam (category:base,tabindex:0)
2026-02-10 21:44:54,933 [INFO] PluginManage:310 - Check plugin memorymap
2026-02-10 21:44:54,957 [INFO] PluginManage:359 - Loaded plugin memorymap (category:base,tabindex:4)
2026-02-10 21:44:54,957 [INFO] PluginManage:310 - Check plugin pinoutandconfiguration
2026-02-10 21:44:54,978 [INFO] PluginManage:359 - Loaded plugin pinoutandconfiguration (category:base,tabindex:1)
2026-02-10 21:44:54,978 [INFO] PluginManage:310 - Check plugin pinoutconfig
2026-02-10 21:44:55,064 [WARN] SupportedApi:132 - Cannot load RTOS API schema: s4s-elt-must-match.1: The content of 'definitions' must match (annotation?, (simpleType | complexType)?, (unique | key | keyref)*)). A problem was found starting at: attribute.
2026-02-10 21:44:55,181 [INFO] PluginManage:359 - Loaded plugin pinoutconfig (category:base,tabindex:0)
2026-02-10 21:44:55,181 [INFO] PluginManage:310 - Check plugin power
2026-02-10 21:44:55,208 [INFO] PluginManage:359 - Loaded plugin power (category:power,tabindex:4)
2026-02-10 21:44:55,208 [INFO] PluginManage:310 - Check plugin projectmanager
2026-02-10 21:44:55,223 [INFO] PluginManage:359 - Loaded plugin projectmanager (category:projectmanager,tabindex:4)
2026-02-10 21:44:55,224 [INFO] PluginManage:310 - Check plugin rif
2026-02-10 21:44:55,249 [INFO] PluginManage:359 - Loaded plugin rif (category:base,tabindex:3)
2026-02-10 21:44:55,249 [INFO] PluginManage:310 - Check plugin thirdparty
2026-02-10 21:44:55,564 [INFO] PluginManage:359 - Loaded plugin thirdparty (category:base,tabindex:-1)
2026-02-10 21:44:55,564 [INFO] PluginManage:310 - Check plugin tools
2026-02-10 21:44:55,564 [WARN] IntegrityCheckThread:84 - waiting for thirdparty lock release [integrity check]
2026-02-10 21:44:55,564 [INFO] IntegrityCheckThread:86 - entering critical section [integrity check]
2026-02-10 21:44:55,564 [INFO] ThirdPartyUpdaterWithRetryManager:70 - Updater plugin not ready yet. [1/15]
2026-02-10 21:44:55,604 [INFO] PluginManage:359 - Loaded plugin tools (category:base,tabindex:7)
2026-02-10 21:44:55,604 [INFO] PluginManage:310 - Check plugin tutovideos
2026-02-10 21:44:55,791 [INFO] PluginManage:359 - Loaded plugin tutovideos (category:base,tabindex:-1)
2026-02-10 21:44:55,791 [INFO] PluginManage:310 - Check plugin updater
2026-02-10 21:44:55,811 [INFO] PluginManage:359 - Loaded plugin updater (category:base,tabindex:12)
2026-02-10 21:44:55,812 [INFO] PluginManage:310 - Check plugin userauth
2026-02-10 21:44:55,815 [INFO] UserAuth:118 - Init User Auth plugin
2026-02-10 21:44:55,816 [INFO] PluginManage:359 - Loaded plugin userauth (category:base,tabindex:14)
2026-02-10 21:44:55,816 [INFO] PluginManage:283 - PluginManage : Loaded plugins [18]
2026-02-10 21:44:56,003 [INFO] PinOutPanel:1589 - setPackage(No Configuration,No Configuration)
2026-02-10 21:44:56,082 [INFO] CADModel:165 - CPN selected for project level
2026-02-10 21:44:56,082 [INFO] CADModel:114 - Register for checkConnection events
2026-02-10 21:44:56,114 [INFO] IPUIPlugin:80 - create IPUIPlugin
2026-02-10 21:44:56,115 [INFO] PluginManager:220 - loadIPPluginJar : add adc
2026-02-10 21:44:56,162 [INFO] IPUIPlugin:80 - create IPUIPlugin
2026-02-10 21:44:56,162 [INFO] PluginManager:220 - loadIPPluginJar : add aes
2026-02-10 21:44:56,214 [INFO] IPUIPlugin:80 - create IPUIPlugin
2026-02-10 21:44:56,214 [INFO] PluginManager:220 - loadIPPluginJar : add can
2026-02-10 21:44:56,246 [INFO] IPUIPlugin:80 - create IPUIPlugin
2026-02-10 21:44:56,246 [INFO] PluginManager:220 - loadIPPluginJar : add comp
2026-02-10 21:44:56,282 [INFO] IPUIPlugin:80 - create IPUIPlugin
2026-02-10 21:44:56,283 [INFO] PluginManager:220 - loadIPPluginJar : add cryp
2026-02-10 21:44:56,299 [INFO] IPUIPlugin:80 - create IPUIPlugin
2026-02-10 21:44:56,299 [INFO] PluginManager:220 - loadIPPluginJar : add ddr_ctrl_phy
2026-02-10 21:44:56,331 [INFO] IPUIPlugin:80 - create IPUIPlugin
2026-02-10 21:44:56,331 [INFO] PluginManager:220 - loadIPPluginJar : add dfsdm
2026-02-10 21:44:56,348 [INFO] IPUIPlugin:80 - create IPUIPlugin
2026-02-10 21:44:56,348 [INFO] PluginManager:220 - loadIPPluginJar : add dma
2026-02-10 21:44:56,389 [INFO] IPUIPlugin:80 - create IPUIPlugin
2026-02-10 21:44:56,389 [INFO] PluginManager:220 - loadIPPluginJar : add dma3
2026-02-10 21:44:56,435 [INFO] IPUIPlugin:80 - create IPUIPlugin
2026-02-10 21:44:56,435 [INFO] PluginManager:220 - loadIPPluginJar : add extmemmanager
2026-02-10 21:44:56,460 [INFO] IPUIPlugin:80 - create IPUIPlugin
2026-02-10 21:44:56,460 [INFO] PluginManager:220 - loadIPPluginJar : add fatfs
2026-02-10 21:44:56,510 [INFO] IPUIPlugin:80 - create IPUIPlugin
2026-02-10 21:44:56,510 [INFO] PluginManager:220 - loadIPPluginJar : add fmc
2026-02-10 21:44:56,528 [INFO] IPUIPlugin:80 - create IPUIPlugin
2026-02-10 21:44:56,528 [INFO] PluginManager:220 - loadIPPluginJar : add freertos
2026-02-10 21:44:56,553 [INFO] IPUIPlugin:80 - create IPUIPlugin
2026-02-10 21:44:56,553 [INFO] PluginManager:220 - loadIPPluginJar : add genericplugin
2026-02-10 21:44:56,651 [INFO] IPUIPlugin:80 - create IPUIPlugin
2026-02-10 21:44:56,651 [INFO] PluginManager:220 - loadIPPluginJar : add gfxmmu
2026-02-10 21:44:56,777 [INFO] IPUIPlugin:80 - create IPUIPlugin
2026-02-10 21:44:56,778 [INFO] PluginManager:220 - loadIPPluginJar : add gic
2026-02-10 21:44:56,792 [INFO] IPUIPlugin:80 - create IPUIPlugin
2026-02-10 21:44:56,792 [INFO] PluginManager:220 - loadIPPluginJar : add gpio
2026-02-10 21:44:56,885 [INFO] IPUIPlugin:80 - create IPUIPlugin
2026-02-10 21:44:56,885 [INFO] PluginManager:220 - loadIPPluginJar : add gtzc
2026-02-10 21:44:56,921 [INFO] IPUIPlugin:80 - create IPUIPlugin
2026-02-10 21:44:56,921 [INFO] PluginManager:220 - loadIPPluginJar : add hash
2026-02-10 21:44:56,975 [INFO] IPUIPlugin:80 - create IPUIPlugin
2026-02-10 21:44:56,975 [INFO] PluginManager:220 - loadIPPluginJar : add i2c
2026-02-10 21:44:57,017 [INFO] IPUIPlugin:80 - create IPUIPlugin
2026-02-10 21:44:57,017 [INFO] PluginManager:220 - loadIPPluginJar : add i2s
2026-02-10 21:44:57,060 [INFO] IPUIPlugin:80 - create IPUIPlugin
2026-02-10 21:44:57,060 [INFO] PluginManager:220 - loadIPPluginJar : add i3c
2026-02-10 21:44:57,164 [INFO] IPUIPlugin:80 - create IPUIPlugin
2026-02-10 21:44:57,164 [INFO] PluginManager:220 - loadIPPluginJar : add ipddr
2026-02-10 21:44:57,257 [INFO] IPUIPlugin:80 - create IPUIPlugin
2026-02-10 21:44:57,257 [INFO] PluginManager:220 - loadIPPluginJar : add linkedlist
2026-02-10 21:44:57,298 [INFO] IPUIPlugin:80 - create IPUIPlugin
2026-02-10 21:44:57,298 [INFO] PluginManager:220 - loadIPPluginJar : add lorawan
2026-02-10 21:44:57,338 [INFO] IPUIPlugin:80 - create IPUIPlugin
2026-02-10 21:44:57,338 [INFO] PluginManager:220 - loadIPPluginJar : add ltdc
2026-02-10 21:44:57,354 [INFO] IPUIPlugin:80 - create IPUIPlugin
2026-02-10 21:44:57,354 [INFO] PluginManager:220 - loadIPPluginJar : add mdma
2026-02-10 21:44:57,368 [INFO] IPUIPlugin:80 - create IPUIPlugin
2026-02-10 21:44:57,368 [INFO] PluginManager:220 - loadIPPluginJar : add nvic
2026-02-10 21:44:57,412 [INFO] IPUIPlugin:80 - create IPUIPlugin
2026-02-10 21:44:57,412 [INFO] PluginManager:220 - loadIPPluginJar : add opamp
2026-02-10 21:44:57,477 [INFO] IPUIPlugin:80 - create IPUIPlugin
2026-02-10 21:44:57,478 [INFO] PluginManager:220 - loadIPPluginJar : add openamp
2026-02-10 21:44:57,523 [INFO] IPUIPlugin:80 - create IPUIPlugin
2026-02-10 21:44:57,523 [INFO] PluginManager:220 - loadIPPluginJar : add pdm2pcm
2026-02-10 21:44:57,540 [INFO] IPUIPlugin:80 - create IPUIPlugin
2026-02-10 21:44:57,542 [INFO] PluginManager:220 - loadIPPluginJar : add plateformsettings
2026-02-10 21:44:57,574 [INFO] IPUIPlugin:80 - create IPUIPlugin
2026-02-10 21:44:57,574 [INFO] PluginManager:220 - loadIPPluginJar : add quadspi
2026-02-10 21:44:57,606 [INFO] IPUIPlugin:80 - create IPUIPlugin
2026-02-10 21:44:57,606 [INFO] PluginManager:220 - loadIPPluginJar : add radio
2026-02-10 21:44:57,623 [INFO] IPUIPlugin:80 - create IPUIPlugin
2026-02-10 21:44:57,623 [INFO] PluginManager:220 - loadIPPluginJar : add resmgrutility
2026-02-10 21:44:57,672 [INFO] IPUIPlugin:80 - create IPUIPlugin
2026-02-10 21:44:57,672 [INFO] PluginManager:220 - loadIPPluginJar : add sai
2026-02-10 21:44:57,713 [INFO] IPUIPlugin:80 - create IPUIPlugin
2026-02-10 21:44:57,713 [INFO] PluginManager:220 - loadIPPluginJar : add spi
2026-02-10 21:44:57,792 [INFO] IPUIPlugin:80 - create IPUIPlugin
2026-02-10 21:44:57,792 [INFO] PluginManager:220 - loadIPPluginJar : add stm32_wpan
2026-02-10 21:44:57,821 [INFO] IPUIPlugin:80 - create IPUIPlugin
2026-02-10 21:44:57,821 [INFO] PluginManager:220 - loadIPPluginJar : add tim
2026-02-10 21:44:57,884 [INFO] IPUIPlugin:80 - create IPUIPlugin
2026-02-10 21:44:57,885 [INFO] PluginManager:220 - loadIPPluginJar : add touchsensing
2026-02-10 21:44:57,914 [INFO] IPUIPlugin:80 - create IPUIPlugin
2026-02-10 21:44:57,914 [INFO] PluginManager:220 - loadIPPluginJar : add tracer_emb
2026-02-10 21:44:57,943 [INFO] IPUIPlugin:80 - create IPUIPlugin
2026-02-10 21:44:57,943 [INFO] PluginManager:220 - loadIPPluginJar : add ts
2026-02-10 21:44:57,976 [INFO] IPUIPlugin:80 - create IPUIPlugin
2026-02-10 21:44:57,976 [INFO] PluginManager:220 - loadIPPluginJar : add tsc
2026-02-10 21:44:58,003 [INFO] IPUIPlugin:80 - create IPUIPlugin
2026-02-10 21:44:58,004 [INFO] PluginManager:220 - loadIPPluginJar : add ucpd
2026-02-10 21:44:58,051 [INFO] IPUIPlugin:80 - create IPUIPlugin
2026-02-10 21:44:58,051 [INFO] PluginManager:220 - loadIPPluginJar : add usart
2026-02-10 21:44:58,103 [INFO] IPUIPlugin:80 - create IPUIPlugin
2026-02-10 21:44:58,103 [INFO] PluginManager:220 - loadIPPluginJar : add usbx
2026-02-10 21:44:58,225 [FATAL] Updater:351 - Updater called before beeing initialized
2026-02-10 21:44:58,249 [INFO] RulesReader:64 - Compatibility file has been processed (317 Rules)
2026-02-10 21:44:58,258 [INFO] RulesReader:64 - Compatibility file has been processed (317 Rules)
2026-02-10 21:44:58,265 [INFO] CADModel:165 - CPN selected for project level
2026-02-10 21:44:58,265 [INFO] CADModel:114 - Register for checkConnection events
2026-02-10 21:44:58,265 [FATAL] Updater:351 - Updater called before beeing initialized
2026-02-10 21:44:58,265 [ERROR] CADModel:125 - Updater not yet initialized, retry later 
2026-02-10 21:44:58,411 [FATAL] Updater:351 - Updater called before beeing initialized
2026-02-10 21:44:58,414 [INFO] CADModel:165 - CPN selected for project level
2026-02-10 21:44:58,414 [INFO] CADModel:114 - Register for checkConnection events
2026-02-10 21:44:58,414 [FATAL] Updater:351 - Updater called before beeing initialized
2026-02-10 21:44:58,414 [ERROR] CADModel:125 - Updater not yet initialized, retry later 
2026-02-10 21:44:58,417 [FATAL] Updater:351 - Updater called before beeing initialized
2026-02-10 21:44:58,517 [FATAL] Updater:351 - Updater called before beeing initialized
2026-02-10 21:44:58,530 [INFO] DbMcusAds:53 - JSON generation date=Thu Jan 08 21:27:51 IST 2026 (1767887871456)
2026-02-10 21:44:58,530 [FATAL] Updater:351 - Updater called before beeing initialized
2026-02-10 21:44:58,564 [WARN] DetailPanel:346 - Failed to get advertising image, set to default
2026-02-10 21:44:58,566 [INFO] ThirdPartyUpdaterWithRetryManager:70 - Updater plugin not ready yet. [2/15]
2026-02-10 21:44:58,633 [FATAL] Updater:351 - Updater called before beeing initialized
2026-02-10 21:44:58,635 [FATAL] Updater:351 - Updater called before beeing initialized
2026-02-10 21:44:58,635 [FATAL] Updater:351 - Updater called before beeing initialized
2026-02-10 21:44:58,635 [WARN] DetailPanel:346 - Failed to get advertising image, set to default
2026-02-10 21:44:58,636 [FATAL] Updater:351 - Updater called before beeing initialized
2026-02-10 21:44:58,695 [ERROR] Updater:1198 - MainUpdater not yet initialized. External WinMGr cannot be set.
2026-02-10 21:44:58,707 [INFO] Updater:1134 - Updater Version found : 6.15.0
2026-02-10 21:44:58,723 [INFO] ApplicationProperties:184 - Using Application install path: C:\ST\STM32CubeIDE_1.19.0\STM32CubeIDE\plugins\com.st.stm32cube.common.mx_6.15.0.202507011659
2026-02-10 21:44:59,013 [INFO] MainUpdater:2872 - connection check result : 10
2026-02-10 21:44:59,014 [INFO] MainUpdater:289 - Updater Check For Update Now.
2026-02-10 21:44:59,014 [INFO] MicroXplorer:498 - Change Database Version : DB.6.0.150
2026-02-10 21:44:59,034 [INFO] McuFinderGlobals:63 - Set McuFinder mode to 2 (CubeIDE integrated)
2026-02-10 21:44:59,034 [INFO] UserAuth:171 - activating auth plugin
2026-02-10 21:44:59,037 [INFO] UserAuth:487 - Internet connection configuration mode: 1
2026-02-10 21:44:59,079 [INFO] JxBrowserEngine:152 - Initiate JxBrowser Engine with user profile folder
2026-02-10 21:44:59,228 [INFO] CheckServerUpdateThread:120 - End of CheckServer Thread
2026-02-10 21:45:00,447 [INFO] WebApp:169 - Instantiating new browser for Auth
2026-02-10 21:45:01,182 [INFO] WebApp:463 - Apply proxy settings
2026-02-10 21:45:01,182 [INFO] WebApp:548 - Chromium requires no authentication
2026-02-10 21:45:01,193 [INFO] WebApp:491 - Direct internet connection detected
2026-02-10 21:45:01,220 [INFO] WebApp:900 - Register for checkConnection events
2026-02-10 21:45:01,221 [INFO] WebApp:463 - Apply proxy settings
2026-02-10 21:45:01,221 [INFO] WebApp:548 - Chromium requires no authentication
2026-02-10 21:45:01,221 [INFO] WebApp:491 - Direct internet connection detected
2026-02-10 21:45:01,427 [INFO] WebApp:191 - Connection restablished
2026-02-10 21:45:01,460 [INFO] WebApp:225 - Starting web application
2026-02-10 21:45:01,460 [INFO] WebApp:593 - Web application path used C:\ST\STM32CubeIDE_1.19.0\STM32CubeIDE\plugins\com.st.stm32cube.common.mx_6.15.0.202507011659\db\plugins\mcufinder\reactClient1\index.html
2026-02-10 21:45:01,901 [WARN] PackLoader:240 - Cannot read IP mode file for STMicroelectronics.FP-SNS-MOTENVWB1.1.4.0
2026-02-10 21:45:01,935 [WARN] PackLoader:240 - Cannot read IP mode file for STMicroelectronics.FP-ATR-ASTRA1.2.0.2
2026-02-10 21:45:01,964 [WARN] PackLoader:240 - Cannot read IP mode file for STMicroelectronics.X-CUBE-SMBUS.2.1.0
2026-02-10 21:45:02,018 [WARN] PackLoader:240 - Cannot read IP mode file for STMicroelectronics.X-CUBE-AZRTOS-F7.1.1.0
2026-02-10 21:45:02,050 [WARN] PackLoader:240 - Cannot read IP mode file for STMicroelectronics.X-CUBE-DISPLAY.3.0.0
2026-02-10 21:45:02,091 [WARN] PackLoader:240 - Cannot read IP mode file for STMicroelectronics.X-CUBE-NFC10.1.0.0
2026-02-10 21:45:02,124 [WARN] PackLoader:240 - Cannot read IP mode file for STMicroelectronics.FP-SNS-SMARTAG2.1.2.0
2026-02-10 21:45:02,149 [WARN] PackLoader:240 - Cannot read IP mode file for STMicroelectronics.FP-SNS-FLIGHT1.5.1.0
2026-02-10 21:45:02,180 [INFO] LogOutputStream:77 - [STDOUT_REDIRECT] 1 : Invalid condition id : UX_CORESTACK_Condition cause : null
2026-02-10 21:45:02,181 [INFO] LogOutputStream:77 - [STDOUT_REDIRECT] 1 : Invalid condition id : UX_CORESTACK_Condition cause : null
2026-02-10 21:45:02,183 [INFO] LogOutputStream:77 - [STDOUT_REDIRECT] 1 : Invalid condition id : UX_CORESTACK_Condition cause : null
2026-02-10 21:45:02,184 [INFO] LogOutputStream:77 - [STDOUT_REDIRECT] 1 : Invalid condition id : UX_CORESTACK_Condition cause : null
2026-02-10 21:45:02,185 [INFO] LogOutputStream:77 - [STDOUT_REDIRECT] 1 : Invalid condition id : UX_CORESTACK_Condition cause : null
2026-02-10 21:45:02,189 [WARN] PackLoader:240 - Cannot read IP mode file for STMicroelectronics.X-CUBE-AZRTOS-WL.2.0.0
2026-02-10 21:45:02,214 [WARN] PackLoader:240 - Cannot read IP mode file for STMicroelectronics.X-CUBE-BLE2.3.3.0
2026-02-10 21:45:02,276 [WARN] PackLoader:240 - Cannot read IP mode file for STMicroelectronics.X-CUBE-NFC9.1.0.0
2026-02-10 21:45:02,297 [WARN] PackLoader:240 - Cannot read IP mode file for STMicroelectronics.X-CUBE-BLE1.7.1.0
2026-02-10 21:45:02,318 [WARN] PackLoader:240 - Cannot read IP mode file for Cesanta.I-CUBE-Mongoose.7.20.0
2026-02-10 21:45:02,355 [WARN] PackLoader:240 - Cannot read IP mode file for STMicroelectronics.X-CUBE-AZRTOS-G0.1.1.0
2026-02-10 21:45:02,385 [WARN] PackLoader:240 - Cannot read IP mode file for STMicroelectronics.X-CUBE-NFC4.3.0.0
2026-02-10 21:45:02,415 [WARN] PackLoader:240 - Cannot read IP mode file for EmbeddedOffice.I-CUBE-FS-RTOS.1.0.1
2026-02-10 21:45:02,437 [WARN] PackLoader:240 - Cannot read IP mode file for STMicroelectronics.X-CUBE-WB05N.2.0.0
2026-02-10 21:45:02,456 [WARN] PackLoader:240 - Cannot read IP mode file for STMicroelectronics.X-CUBE-TCPP.4.2.0
2026-02-10 21:45:02,476 [WARN] PackLoader:240 - Cannot read IP mode file for RealThread.X-CUBE-RT-Thread_Nano.4.1.1
2026-02-10 21:45:02,497 [WARN] PackLoader:240 - Cannot read IP mode file for STMicroelectronics.FP-ATR-SIGFOX1.3.2.0
2026-02-10 21:45:02,519 [WARN] PackLoader:240 - Cannot read IP mode file for STMicroelectronics.X-CUBE-NFC6.3.2.0
2026-02-10 21:45:02,580 [WARN] PackLoader:240 - Cannot read IP mode file for SEGGER.I-CUBE-embOS.1.3.1
2026-02-10 21:45:02,642 [WARN] PackLoader:240 - Cannot read IP mode file for STMicroelectronics.X-CUBE-ALGOBUILD.1.4.0
2026-02-10 21:45:02,663 [WARN] PackLoader:240 - Cannot read IP mode file for STMicroelectronics.X-CUBE-PM33A1.1.0.0
2026-02-10 21:45:02,697 [WARN] PackLoader:240 - Cannot read IP mode file for STMicroelectronics.X-CUBE-AZRTOS-F4.1.1.0
2026-02-10 21:45:02,721 [WARN] PackLoader:240 - Cannot read IP mode file for STMicroelectronics.X-CUBE-ISPU.2.1.0
2026-02-10 21:45:02,760 [WARN] PackLoader:240 - Cannot read IP mode file for STMicroelectronics.X-CUBE-AZRTOS-L5.2.0.0
2026-02-10 21:45:02,784 [WARN] PackLoader:240 - Cannot read IP mode file for STMicroelectronics.X-CUBE-NFC6.3.1.0
2026-02-10 21:45:02,808 [WARN] PackLoader:240 - Cannot read IP mode file for STMicroelectronics.X-CUBE-DPower.1.3.0
2026-02-10 21:45:02,843 [WARN] ConditionMgr:438 - getConditionDescription Invalid condition id : LAN8742 Phy interface Condition cause : null
2026-02-10 21:45:02,844 [WARN] PackLoader:240 - Cannot read IP mode file for STMicroelectronics.X-CUBE-AZRTOS-L4.2.0.0
2026-02-10 21:45:02,845 [WARN] ConditionMgr:1044 - genDependencies : Invalid condition id : LAN8742 Phy interface Condition cause : null
2026-02-10 21:45:02,846 [WARN] ConditionMgr:1044 - genDependencies : Invalid condition id : LAN8742 Phy interface Condition cause : null
2026-02-10 21:45:02,846 [WARN] ConditionMgr:1044 - genDependencies : Invalid condition id : LAN8742 Phy interface Condition cause : null
2026-02-10 21:45:02,869 [WARN] PackLoader:240 - Cannot read IP mode file for STMicroelectronics.X-CUBE-SFXS2LP1.4.0.0
2026-02-10 21:45:02,901 [WARN] ConditionMgr:438 - getConditionDescription Invalid condition id : UX DEVICE CLASS RTOS Condition cause : null
2026-02-10 21:45:02,901 [WARN] ConditionMgr:438 - getConditionDescription Invalid condition id : UX DEVICE CLASS RTOS Condition cause : null
2026-02-10 21:45:02,903 [WARN] PackLoader:240 - Cannot read IP mode file for STMicroelectronics.X-CUBE-AZRTOS-WB.2.0.0
2026-02-10 21:45:02,903 [WARN] ConditionMgr:1044 - genDependencies : Invalid condition id : UX DEVICE CLASS RTOS Condition cause : null
2026-02-10 21:45:02,903 [WARN] ConditionMgr:1044 - genDependencies : Invalid condition id : UX DEVICE CLASS RTOS Condition cause : null
2026-02-10 21:45:02,904 [WARN] ConditionMgr:1044 - genDependencies : Invalid condition id : UX DEVICE CLASS RTOS Condition cause : null
2026-02-10 21:45:02,904 [WARN] ConditionMgr:1044 - genDependencies : Invalid condition id : UX DEVICE CLASS RTOS Condition cause : null
2026-02-10 21:45:02,904 [WARN] ConditionMgr:1044 - genDependencies : Invalid condition id : UX DEVICE CLASS RTOS Condition cause : null
2026-02-10 21:45:02,923 [WARN] ConditionMgr:438 - getConditionDescription Invalid condition id : Cortex-A Device cause : null
2026-02-10 21:45:02,948 [WARN] ConditionMgr:1044 - genDependencies : Invalid condition id : Cortex-A Device cause : null
2026-02-10 21:45:02,949 [WARN] ConditionMgr:1044 - genDependencies : Invalid condition id : Cortex-A Device cause : null
2026-02-10 21:45:02,949 [WARN] ConditionMgr:1044 - genDependencies : Invalid condition id : Cortex-A Device cause : null
2026-02-10 21:45:02,970 [WARN] PackLoader:240 - Cannot read IP mode file for STMicroelectronics.X-CUBE-STSE01.2.0.0
2026-02-10 21:45:02,998 [WARN] PackLoader:240 - Cannot read IP mode file for STMicroelectronics.X-CUBE-SUBG2.5.0.0
2026-02-10 21:45:03,035 [WARN] PackLoader:240 - Cannot read IP mode file for STMicroelectronics.X-CUBE-AZRTOS-G4.2.0.0
2026-02-10 21:45:03,055 [WARN] PackLoader:240 - Cannot read IP mode file for STMicroelectronics.X-CUBE-NFC7.2.0.0
2026-02-10 21:45:03,075 [WARN] PackLoader:240 - Cannot read IP mode file for STMicroelectronics.X-CUBE-ALS.1.0.2
2026-02-10 21:45:03,099 [WARN] PackLoader:240 - Cannot read IP mode file for STMicroelectronics.X-CUBE-STSE01.1.0.0
2026-02-10 21:45:03,129 [WARN] PackLoader:240 - Cannot read IP mode file for STMicroelectronics.X-CUBE-TOF1.3.4.3
2026-02-10 21:45:03,142 [INFO] ThirdParty:978 - Integrity check success = true
2026-02-10 21:45:03,143 [INFO] IntegrityCheckThread:100 - exiting critical section [integrity check]
2026-02-10 21:45:03,143 [INFO] IntegrityCheckThread:103 - End integrity checks thread
2026-02-10 22:55:38,413 [ERROR] LogOutputStream:75 - [STDERR_REDIRECT] 
