2026-01-29 19:50:39,659 [INFO] Activator:176 - 


2026-01-29 19:50:39,669 [INFO] Activator:177 - !SESSION log4j initialized
2026-01-29 19:50:47,149 [INFO] LogOutputStream:77 - [STDOUT_REDIRECT] 
2026-01-29 19:50:48,761 [INFO] ApplicationProperties:184 - Using Application install path: C:\ST\STM32CubeIDE_1.19.0\STM32CubeIDE\plugins\com.st.stm32cube.common.mx_6.15.0.202507011659
2026-01-29 19:50:48,785 [INFO] DbMcusXml:78 - Set database path to: C:\ST\STM32CubeIDE_1.19.0\STM32CubeIDE\plugins\com.st.stm32cube.common.mx_6.15.0.202507011659\\db\/mcu/
2026-01-29 19:50:48,786 [INFO] ApiDb:274 - Set plugin database path to: C:\ST\STM32CubeIDE_1.19.0\STM32CubeIDE\plugins\com.st.stm32cube.common.mx_6.15.0.202507011659\\db\/plugins/boardmanager/
2026-01-29 19:50:48,786 [WARN] ApiDb:259 - Overriding images path with different value:  => C:\ST\STM32CubeIDE_1.19.0\STM32CubeIDE\plugins\com.st.stm32cube.common.mx_6.15.0.202507011659\\db\/plugins/mcufinder/images/
2026-01-29 19:50:48,792 [INFO] ApiDb:250 - Set database path to: C:\Users\user\.stmcufinder\plugins\mcufinder//mcu/
2026-01-29 19:50:48,793 [INFO] DbMcusAds:125 - Set database path to: C:\Users\user\.stmcufinder\plugins\mcufinder//mcu/
2026-01-29 19:50:48,796 [INFO] CrossReferenceDbSqlite:203 - Set database path to: C:\Users\user\.stmcufinder\plugins\mcufinder//mcu/cs/
2026-01-29 19:50:48,926 [INFO] RulesReader:64 - Compatibility file has been processed (317 Rules)
2026-01-29 19:50:49,018 [INFO] DbMcusXml:78 - Set database path to: C:\ST\STM32CubeIDE_1.19.0\STM32CubeIDE\plugins\com.st.stm32cube.common.mx_6.15.0.202507011659\\db\/mcu/
2026-01-29 19:50:49,018 [INFO] ApiDb:274 - Set plugin database path to: C:\ST\STM32CubeIDE_1.19.0\STM32CubeIDE\plugins\com.st.stm32cube.common.mx_6.15.0.202507011659\\db\/plugins/boardmanager/
2026-01-29 19:50:49,018 [INFO] ApiDb:261 - Set plugin images path to: C:\ST\STM32CubeIDE_1.19.0\STM32CubeIDE\plugins\com.st.stm32cube.common.mx_6.15.0.202507011659\\db\/plugins/mcufinder/images/
2026-01-29 19:50:49,018 [WARN] DbFile:41 - Overriding database path with different value: C:\Users\user\.stmcufinder\plugins\mcufinder/ => C:\Users\user\.stmcufinder\plugins\mcufinder
2026-01-29 19:50:49,018 [INFO] ApiDb:250 - Set database path to: C:\Users\user\.stmcufinder\plugins\mcufinder//mcu/
2026-01-29 19:50:49,019 [WARN] DbFile:41 - Overriding database path with different value: C:\Users\user\.stmcufinder\plugins\mcufinder/ => C:\Users\user\.stmcufinder\plugins\mcufinder
2026-01-29 19:50:49,019 [INFO] DbMcusAds:125 - Set database path to: C:\Users\user\.stmcufinder\plugins\mcufinder//mcu/
2026-01-29 19:50:49,019 [WARN] DbFile:41 - Overriding database path with different value: C:\Users\user\.stmcufinder\plugins\mcufinder/ => C:\Users\user\.stmcufinder\plugins\mcufinder
2026-01-29 19:50:49,019 [WARN] DbFile:41 - Overriding database path with different value: C:\Users\user\.stmcufinder\plugins\mcufinder/ => C:\Users\user\.stmcufinder\plugins\mcufinder
2026-01-29 19:50:49,019 [INFO] CrossReferenceDbSqlite:203 - Set database path to: C:\Users\user\.stmcufinder\plugins\mcufinder//mcu/cs/
2026-01-29 19:50:49,105 [INFO] MainPanel:274 - HeapMemory: 268435456
2026-01-29 19:50:49,223 [INFO] DbMcusXml:78 - Set database path to: C:\ST\STM32CubeIDE_1.19.0\STM32CubeIDE\plugins\com.st.stm32cube.common.mx_6.15.0.202507011659\\db\/mcu/
2026-01-29 19:50:49,223 [INFO] ApiDb:274 - Set plugin database path to: C:\ST\STM32CubeIDE_1.19.0\STM32CubeIDE\plugins\com.st.stm32cube.common.mx_6.15.0.202507011659\\db\/plugins/boardmanager/
2026-01-29 19:50:49,223 [INFO] ApiDb:261 - Set plugin images path to: C:\ST\STM32CubeIDE_1.19.0\STM32CubeIDE\plugins\com.st.stm32cube.common.mx_6.15.0.202507011659\\db\/plugins/mcufinder/images/
2026-01-29 19:50:49,223 [WARN] DbFile:41 - Overriding database path with different value: C:\Users\user\.stmcufinder\plugins\mcufinder/ => C:\Users\user\.stmcufinder\plugins\mcufinder
2026-01-29 19:50:49,223 [INFO] ApiDb:250 - Set database path to: C:\Users\user\.stmcufinder\plugins\mcufinder//mcu/
2026-01-29 19:50:49,223 [WARN] DbFile:41 - Overriding database path with different value: C:\Users\user\.stmcufinder\plugins\mcufinder/ => C:\Users\user\.stmcufinder\plugins\mcufinder
2026-01-29 19:50:49,224 [INFO] DbMcusAds:125 - Set database path to: C:\Users\user\.stmcufinder\plugins\mcufinder//mcu/
2026-01-29 19:50:49,224 [WARN] DbFile:41 - Overriding database path with different value: C:\Users\user\.stmcufinder\plugins\mcufinder/ => C:\Users\user\.stmcufinder\plugins\mcufinder
2026-01-29 19:50:49,224 [WARN] DbFile:41 - Overriding database path with different value: C:\Users\user\.stmcufinder\plugins\mcufinder/ => C:\Users\user\.stmcufinder\plugins\mcufinder
2026-01-29 19:50:49,224 [INFO] CrossReferenceDbSqlite:203 - Set database path to: C:\Users\user\.stmcufinder\plugins\mcufinder//mcu/cs/
2026-01-29 19:50:49,246 [INFO] ApplicationProperties:184 - Using Application install path: C:\ST\STM32CubeIDE_1.19.0\STM32CubeIDE\plugins\com.st.stm32cube.common.mx_6.15.0.202507011659
2026-01-29 19:50:49,247 [INFO] PluginManage:196 - Search for loadable plugins [exclusion list=, ]
2026-01-29 19:50:49,248 [INFO] PluginManage:310 - Check plugin analytics
2026-01-29 19:50:49,465 [INFO] AnalyticsPlugin:253 - Accepted Software Licenses: 
2026-01-29 19:50:49,465 [INFO] AnalyticsPlugin:255 - Accepted CMSIS Pack Licenses: 
2026-01-29 19:50:49,465 [INFO] AnalyticsPlugin:257 - Accepted Firmware Licenses: 
2026-01-29 19:50:49,468 [INFO] PluginManage:359 - Loaded plugin analytics (category:tool,tabindex:-1)
2026-01-29 19:50:49,469 [INFO] PluginManage:310 - Check plugin cadmodel
2026-01-29 19:50:49,493 [INFO] CADModel:105 - Init CAD model plugin
2026-01-29 19:50:49,493 [INFO] PluginManage:359 - Loaded plugin cadmodel (category:power,tabindex:5)
2026-01-29 19:50:49,493 [INFO] PluginManage:310 - Check plugin clock
2026-01-29 19:50:49,524 [INFO] PluginManage:359 - Loaded plugin clock (category:base,tabindex:2)
2026-01-29 19:50:49,525 [INFO] PluginManage:310 - Check plugin ddr
2026-01-29 19:50:49,528 [INFO] PluginManage:359 - Loaded plugin ddr (category:tool,tabindex:6)
2026-01-29 19:50:49,528 [INFO] PluginManage:310 - Check plugin filemanager
2026-01-29 19:50:49,686 [INFO] PluginManage:359 - Loaded plugin filemanager (category:base,tabindex:10)
2026-01-29 19:50:49,686 [INFO] PluginManage:310 - Check plugin ipmanager
2026-01-29 19:50:49,693 [INFO] PluginManage:359 - Loaded plugin ipmanager (category:base,tabindex:5)
2026-01-29 19:50:49,693 [INFO] PluginManage:310 - Check plugin lpbam
2026-01-29 19:50:49,717 [INFO] PluginManage:359 - Loaded plugin lpbam (category:base,tabindex:0)
2026-01-29 19:50:49,717 [INFO] PluginManage:310 - Check plugin memorymap
2026-01-29 19:50:49,753 [INFO] PluginManage:359 - Loaded plugin memorymap (category:base,tabindex:4)
2026-01-29 19:50:49,753 [INFO] PluginManage:310 - Check plugin pinoutandconfiguration
2026-01-29 19:50:49,781 [INFO] PluginManage:359 - Loaded plugin pinoutandconfiguration (category:base,tabindex:1)
2026-01-29 19:50:49,781 [INFO] PluginManage:310 - Check plugin pinoutconfig
2026-01-29 19:50:49,880 [WARN] SupportedApi:132 - Cannot load RTOS API schema: s4s-elt-must-match.1: The content of 'definitions' must match (annotation?, (simpleType | complexType)?, (unique | key | keyref)*)). A problem was found starting at: attribute.
2026-01-29 19:50:50,001 [INFO] PluginManage:359 - Loaded plugin pinoutconfig (category:base,tabindex:0)
2026-01-29 19:50:50,001 [INFO] PluginManage:310 - Check plugin power
2026-01-29 19:50:50,027 [INFO] PluginManage:359 - Loaded plugin power (category:power,tabindex:4)
2026-01-29 19:50:50,027 [INFO] PluginManage:310 - Check plugin projectmanager
2026-01-29 19:50:50,040 [INFO] PluginManage:359 - Loaded plugin projectmanager (category:projectmanager,tabindex:4)
2026-01-29 19:50:50,041 [INFO] PluginManage:310 - Check plugin rif
2026-01-29 19:50:50,068 [INFO] PluginManage:359 - Loaded plugin rif (category:base,tabindex:3)
2026-01-29 19:50:50,069 [INFO] PluginManage:310 - Check plugin thirdparty
2026-01-29 19:50:50,379 [INFO] PluginManage:359 - Loaded plugin thirdparty (category:base,tabindex:-1)
2026-01-29 19:50:50,379 [WARN] IntegrityCheckThread:84 - waiting for thirdparty lock release [integrity check]
2026-01-29 19:50:50,379 [INFO] PluginManage:310 - Check plugin tools
2026-01-29 19:50:50,379 [INFO] IntegrityCheckThread:86 - entering critical section [integrity check]
2026-01-29 19:50:50,380 [INFO] ThirdPartyUpdaterWithRetryManager:70 - Updater plugin not ready yet. [1/15]
2026-01-29 19:50:50,447 [INFO] PluginManage:359 - Loaded plugin tools (category:base,tabindex:7)
2026-01-29 19:50:50,447 [INFO] PluginManage:310 - Check plugin tutovideos
2026-01-29 19:50:50,672 [INFO] PluginManage:359 - Loaded plugin tutovideos (category:base,tabindex:-1)
2026-01-29 19:50:50,672 [INFO] PluginManage:310 - Check plugin updater
2026-01-29 19:50:50,694 [INFO] PluginManage:359 - Loaded plugin updater (category:base,tabindex:12)
2026-01-29 19:50:50,695 [INFO] PluginManage:310 - Check plugin userauth
2026-01-29 19:50:50,699 [INFO] UserAuth:118 - Init User Auth plugin
2026-01-29 19:50:50,700 [INFO] PluginManage:359 - Loaded plugin userauth (category:base,tabindex:14)
2026-01-29 19:50:50,701 [INFO] PluginManage:283 - PluginManage : Loaded plugins [18]
2026-01-29 19:50:50,912 [INFO] PinOutPanel:1589 - setPackage(No Configuration,No Configuration)
2026-01-29 19:50:50,994 [INFO] CADModel:165 - CPN selected for project level
2026-01-29 19:50:50,994 [INFO] CADModel:114 - Register for checkConnection events
2026-01-29 19:50:51,030 [INFO] IPUIPlugin:80 - create IPUIPlugin
2026-01-29 19:50:51,031 [INFO] PluginManager:220 - loadIPPluginJar : add adc
2026-01-29 19:50:51,098 [INFO] IPUIPlugin:80 - create IPUIPlugin
2026-01-29 19:50:51,098 [INFO] PluginManager:220 - loadIPPluginJar : add aes
2026-01-29 19:50:51,179 [INFO] IPUIPlugin:80 - create IPUIPlugin
2026-01-29 19:50:51,179 [INFO] PluginManager:220 - loadIPPluginJar : add can
2026-01-29 19:50:51,210 [INFO] IPUIPlugin:80 - create IPUIPlugin
2026-01-29 19:50:51,210 [INFO] PluginManager:220 - loadIPPluginJar : add comp
2026-01-29 19:50:51,248 [INFO] IPUIPlugin:80 - create IPUIPlugin
2026-01-29 19:50:51,249 [INFO] PluginManager:220 - loadIPPluginJar : add cryp
2026-01-29 19:50:51,267 [INFO] IPUIPlugin:80 - create IPUIPlugin
2026-01-29 19:50:51,267 [INFO] PluginManager:220 - loadIPPluginJar : add ddr_ctrl_phy
2026-01-29 19:50:51,312 [INFO] IPUIPlugin:80 - create IPUIPlugin
2026-01-29 19:50:51,312 [INFO] PluginManager:220 - loadIPPluginJar : add dfsdm
2026-01-29 19:50:51,331 [INFO] IPUIPlugin:80 - create IPUIPlugin
2026-01-29 19:50:51,332 [INFO] PluginManager:220 - loadIPPluginJar : add dma
2026-01-29 19:50:51,394 [INFO] IPUIPlugin:80 - create IPUIPlugin
2026-01-29 19:50:51,394 [INFO] PluginManager:220 - loadIPPluginJar : add dma3
2026-01-29 19:50:51,474 [INFO] IPUIPlugin:80 - create IPUIPlugin
2026-01-29 19:50:51,474 [INFO] PluginManager:220 - loadIPPluginJar : add extmemmanager
2026-01-29 19:50:51,477 [INFO] IPUIPlugin:80 - create IPUIPlugin
2026-01-29 19:50:51,477 [INFO] PluginManager:220 - loadIPPluginJar : add fatfs
2026-01-29 19:50:51,562 [INFO] IPUIPlugin:80 - create IPUIPlugin
2026-01-29 19:50:51,564 [INFO] PluginManager:220 - loadIPPluginJar : add fmc
2026-01-29 19:50:51,588 [INFO] IPUIPlugin:80 - create IPUIPlugin
2026-01-29 19:50:51,588 [INFO] PluginManager:220 - loadIPPluginJar : add freertos
2026-01-29 19:50:51,592 [INFO] IPUIPlugin:80 - create IPUIPlugin
2026-01-29 19:50:51,593 [INFO] PluginManager:220 - loadIPPluginJar : add genericplugin
2026-01-29 19:50:51,710 [INFO] IPUIPlugin:80 - create IPUIPlugin
2026-01-29 19:50:51,711 [INFO] PluginManager:220 - loadIPPluginJar : add gfxmmu
2026-01-29 19:50:51,834 [INFO] IPUIPlugin:80 - create IPUIPlugin
2026-01-29 19:50:51,835 [INFO] PluginManager:220 - loadIPPluginJar : add gic
2026-01-29 19:50:51,849 [INFO] IPUIPlugin:80 - create IPUIPlugin
2026-01-29 19:50:51,849 [INFO] PluginManager:220 - loadIPPluginJar : add gpio
2026-01-29 19:50:51,962 [INFO] IPUIPlugin:80 - create IPUIPlugin
2026-01-29 19:50:51,962 [INFO] PluginManager:220 - loadIPPluginJar : add gtzc
2026-01-29 19:50:51,995 [INFO] IPUIPlugin:80 - create IPUIPlugin
2026-01-29 19:50:51,995 [INFO] PluginManager:220 - loadIPPluginJar : add hash
2026-01-29 19:50:52,048 [INFO] IPUIPlugin:80 - create IPUIPlugin
2026-01-29 19:50:52,048 [INFO] PluginManager:220 - loadIPPluginJar : add i2c
2026-01-29 19:50:52,091 [INFO] IPUIPlugin:80 - create IPUIPlugin
2026-01-29 19:50:52,091 [INFO] PluginManager:220 - loadIPPluginJar : add i2s
2026-01-29 19:50:52,139 [INFO] IPUIPlugin:80 - create IPUIPlugin
2026-01-29 19:50:52,140 [INFO] PluginManager:220 - loadIPPluginJar : add i3c
2026-01-29 19:50:52,239 [INFO] IPUIPlugin:80 - create IPUIPlugin
2026-01-29 19:50:52,240 [INFO] PluginManager:220 - loadIPPluginJar : add ipddr
2026-01-29 19:50:52,325 [INFO] IPUIPlugin:80 - create IPUIPlugin
2026-01-29 19:50:52,325 [INFO] PluginManager:220 - loadIPPluginJar : add linkedlist
2026-01-29 19:50:52,364 [INFO] IPUIPlugin:80 - create IPUIPlugin
2026-01-29 19:50:52,364 [INFO] PluginManager:220 - loadIPPluginJar : add lorawan
2026-01-29 19:50:52,400 [INFO] IPUIPlugin:80 - create IPUIPlugin
2026-01-29 19:50:52,400 [INFO] PluginManager:220 - loadIPPluginJar : add ltdc
2026-01-29 19:50:52,416 [INFO] IPUIPlugin:80 - create IPUIPlugin
2026-01-29 19:50:52,416 [INFO] PluginManager:220 - loadIPPluginJar : add mdma
2026-01-29 19:50:52,431 [INFO] IPUIPlugin:80 - create IPUIPlugin
2026-01-29 19:50:52,431 [INFO] PluginManager:220 - loadIPPluginJar : add nvic
2026-01-29 19:50:52,473 [INFO] IPUIPlugin:80 - create IPUIPlugin
2026-01-29 19:50:52,473 [INFO] PluginManager:220 - loadIPPluginJar : add opamp
2026-01-29 19:50:52,536 [INFO] IPUIPlugin:80 - create IPUIPlugin
2026-01-29 19:50:52,536 [INFO] PluginManager:220 - loadIPPluginJar : add openamp
2026-01-29 19:50:52,584 [INFO] IPUIPlugin:80 - create IPUIPlugin
2026-01-29 19:50:52,584 [INFO] PluginManager:220 - loadIPPluginJar : add pdm2pcm
2026-01-29 19:50:52,600 [INFO] IPUIPlugin:80 - create IPUIPlugin
2026-01-29 19:50:52,602 [INFO] PluginManager:220 - loadIPPluginJar : add plateformsettings
2026-01-29 19:50:52,630 [INFO] IPUIPlugin:80 - create IPUIPlugin
2026-01-29 19:50:52,630 [INFO] PluginManager:220 - loadIPPluginJar : add quadspi
2026-01-29 19:50:52,659 [INFO] IPUIPlugin:80 - create IPUIPlugin
2026-01-29 19:50:52,659 [INFO] PluginManager:220 - loadIPPluginJar : add radio
2026-01-29 19:50:52,674 [INFO] IPUIPlugin:80 - create IPUIPlugin
2026-01-29 19:50:52,675 [INFO] PluginManager:220 - loadIPPluginJar : add resmgrutility
2026-01-29 19:50:52,722 [INFO] IPUIPlugin:80 - create IPUIPlugin
2026-01-29 19:50:52,723 [INFO] PluginManager:220 - loadIPPluginJar : add sai
2026-01-29 19:50:52,762 [INFO] IPUIPlugin:80 - create IPUIPlugin
2026-01-29 19:50:52,762 [INFO] PluginManager:220 - loadIPPluginJar : add spi
2026-01-29 19:50:52,838 [INFO] IPUIPlugin:80 - create IPUIPlugin
2026-01-29 19:50:52,838 [INFO] PluginManager:220 - loadIPPluginJar : add stm32_wpan
2026-01-29 19:50:52,868 [INFO] IPUIPlugin:80 - create IPUIPlugin
2026-01-29 19:50:52,868 [INFO] PluginManager:220 - loadIPPluginJar : add tim
2026-01-29 19:50:52,928 [INFO] IPUIPlugin:80 - create IPUIPlugin
2026-01-29 19:50:52,928 [INFO] PluginManager:220 - loadIPPluginJar : add touchsensing
2026-01-29 19:50:52,931 [INFO] IPUIPlugin:80 - create IPUIPlugin
2026-01-29 19:50:52,931 [INFO] PluginManager:220 - loadIPPluginJar : add tracer_emb
2026-01-29 19:50:52,959 [INFO] IPUIPlugin:80 - create IPUIPlugin
2026-01-29 19:50:52,960 [INFO] PluginManager:220 - loadIPPluginJar : add ts
2026-01-29 19:50:52,962 [INFO] IPUIPlugin:80 - create IPUIPlugin
2026-01-29 19:50:52,962 [INFO] PluginManager:220 - loadIPPluginJar : add tsc
2026-01-29 19:50:52,992 [INFO] IPUIPlugin:80 - create IPUIPlugin
2026-01-29 19:50:52,992 [INFO] PluginManager:220 - loadIPPluginJar : add ucpd
2026-01-29 19:50:53,039 [INFO] IPUIPlugin:80 - create IPUIPlugin
2026-01-29 19:50:53,039 [INFO] PluginManager:220 - loadIPPluginJar : add usart
2026-01-29 19:50:53,087 [INFO] IPUIPlugin:80 - create IPUIPlugin
2026-01-29 19:50:53,087 [INFO] PluginManager:220 - loadIPPluginJar : add usbx
2026-01-29 19:50:53,206 [FATAL] Updater:351 - Updater called before beeing initialized
2026-01-29 19:50:53,230 [INFO] RulesReader:64 - Compatibility file has been processed (317 Rules)
2026-01-29 19:50:53,239 [INFO] RulesReader:64 - Compatibility file has been processed (317 Rules)
2026-01-29 19:50:53,247 [INFO] CADModel:165 - CPN selected for project level
2026-01-29 19:50:53,247 [INFO] CADModel:114 - Register for checkConnection events
2026-01-29 19:50:53,247 [FATAL] Updater:351 - Updater called before beeing initialized
2026-01-29 19:50:53,247 [ERROR] CADModel:125 - Updater not yet initialized, retry later 
2026-01-29 19:50:53,381 [INFO] ThirdPartyUpdaterWithRetryManager:70 - Updater plugin not ready yet. [2/15]
2026-01-29 19:50:53,392 [FATAL] Updater:351 - Updater called before beeing initialized
2026-01-29 19:50:53,394 [INFO] CADModel:165 - CPN selected for project level
2026-01-29 19:50:53,394 [INFO] CADModel:114 - Register for checkConnection events
2026-01-29 19:50:53,394 [FATAL] Updater:351 - Updater called before beeing initialized
2026-01-29 19:50:53,394 [ERROR] CADModel:125 - Updater not yet initialized, retry later 
2026-01-29 19:50:53,396 [FATAL] Updater:351 - Updater called before beeing initialized
2026-01-29 19:50:53,484 [FATAL] Updater:351 - Updater called before beeing initialized
2026-01-29 19:50:53,497 [INFO] DbMcusAds:53 - JSON generation date=Thu Jan 08 21:27:51 IST 2026 (1767887871456)
2026-01-29 19:50:53,497 [FATAL] Updater:351 - Updater called before beeing initialized
2026-01-29 19:50:53,531 [WARN] DetailPanel:346 - Failed to get advertising image, set to default
2026-01-29 19:50:53,598 [FATAL] Updater:351 - Updater called before beeing initialized
2026-01-29 19:50:53,599 [FATAL] Updater:351 - Updater called before beeing initialized
2026-01-29 19:50:53,600 [FATAL] Updater:351 - Updater called before beeing initialized
2026-01-29 19:50:53,600 [WARN] DetailPanel:346 - Failed to get advertising image, set to default
2026-01-29 19:50:53,600 [FATAL] Updater:351 - Updater called before beeing initialized
2026-01-29 19:50:53,649 [ERROR] Updater:1198 - MainUpdater not yet initialized. External WinMGr cannot be set.
2026-01-29 19:50:53,651 [INFO] Updater:1134 - Updater Version found : 6.15.0
2026-01-29 19:50:53,668 [INFO] ApplicationProperties:184 - Using Application install path: C:\ST\STM32CubeIDE_1.19.0\STM32CubeIDE\plugins\com.st.stm32cube.common.mx_6.15.0.202507011659
2026-01-29 19:50:54,048 [INFO] MainUpdater:2872 - connection check result : 10
2026-01-29 19:50:54,049 [INFO] MainUpdater:289 - Updater Check For Update Now.
2026-01-29 19:50:54,049 [INFO] MicroXplorer:498 - Change Database Version : DB.6.0.150
2026-01-29 19:50:54,069 [INFO] McuFinderGlobals:63 - Set McuFinder mode to 2 (CubeIDE integrated)
2026-01-29 19:50:54,069 [INFO] UserAuth:171 - activating auth plugin
2026-01-29 19:50:54,072 [INFO] UserAuth:487 - Internet connection configuration mode: 1
2026-01-29 19:50:54,097 [INFO] JxBrowserEngine:152 - Initiate JxBrowser Engine with user profile folder
2026-01-29 19:50:54,271 [INFO] CheckServerUpdateThread:120 - End of CheckServer Thread
2026-01-29 19:50:55,417 [INFO] WebApp:169 - Instantiating new browser for Auth
2026-01-29 19:50:56,106 [INFO] WebApp:463 - Apply proxy settings
2026-01-29 19:50:56,106 [INFO] WebApp:548 - Chromium requires no authentication
2026-01-29 19:50:56,117 [INFO] WebApp:491 - Direct internet connection detected
2026-01-29 19:50:56,147 [INFO] WebApp:900 - Register for checkConnection events
2026-01-29 19:50:56,147 [INFO] WebApp:463 - Apply proxy settings
2026-01-29 19:50:56,147 [INFO] WebApp:548 - Chromium requires no authentication
2026-01-29 19:50:56,147 [INFO] WebApp:491 - Direct internet connection detected
2026-01-29 19:50:56,351 [INFO] WebApp:225 - Starting web application
2026-01-29 19:50:56,351 [INFO] WebApp:593 - Web application path used C:\ST\STM32CubeIDE_1.19.0\STM32CubeIDE\plugins\com.st.stm32cube.common.mx_6.15.0.202507011659\db\plugins\mcufinder\reactClient1\index.html
2026-01-29 19:50:56,509 [INFO] WebApp:191 - Connection restablished
2026-01-29 19:50:56,715 [WARN] PackLoader:240 - Cannot read IP mode file for STMicroelectronics.FP-SNS-MOTENVWB1.1.4.0
2026-01-29 19:50:56,902 [WARN] PackLoader:240 - Cannot read IP mode file for STMicroelectronics.FP-ATR-ASTRA1.2.0.2
2026-01-29 19:50:56,935 [WARN] PackLoader:240 - Cannot read IP mode file for STMicroelectronics.X-CUBE-SMBUS.2.1.0
2026-01-29 19:50:57,002 [WARN] PackLoader:240 - Cannot read IP mode file for STMicroelectronics.X-CUBE-AZRTOS-F7.1.1.0
2026-01-29 19:50:57,045 [WARN] PackLoader:240 - Cannot read IP mode file for STMicroelectronics.X-CUBE-DISPLAY.3.0.0
2026-01-29 19:50:57,085 [WARN] PackLoader:240 - Cannot read IP mode file for STMicroelectronics.X-CUBE-NFC10.1.0.0
2026-01-29 19:50:57,123 [WARN] PackLoader:240 - Cannot read IP mode file for STMicroelectronics.FP-SNS-SMARTAG2.1.2.0
2026-01-29 19:50:57,131 [WARN] PackLoader:240 - Cannot read IP mode file for STMicroelectronics.FP-SNS-FLIGHT1.5.1.0
2026-01-29 19:50:57,159 [INFO] LogOutputStream:77 - [STDOUT_REDIRECT] 1 : Invalid condition id : UX_CORESTACK_Condition cause : null
2026-01-29 19:50:57,160 [INFO] LogOutputStream:77 - [STDOUT_REDIRECT] 1 : Invalid condition id : UX_CORESTACK_Condition cause : null
2026-01-29 19:50:57,162 [INFO] LogOutputStream:77 - [STDOUT_REDIRECT] 1 : Invalid condition id : UX_CORESTACK_Condition cause : null
2026-01-29 19:50:57,163 [INFO] LogOutputStream:77 - [STDOUT_REDIRECT] 1 : Invalid condition id : UX_CORESTACK_Condition cause : null
2026-01-29 19:50:57,164 [INFO] LogOutputStream:77 - [STDOUT_REDIRECT] 1 : Invalid condition id : UX_CORESTACK_Condition cause : null
2026-01-29 19:50:57,167 [WARN] PackLoader:240 - Cannot read IP mode file for STMicroelectronics.X-CUBE-AZRTOS-WL.2.0.0
2026-01-29 19:50:57,200 [WARN] PackLoader:240 - Cannot read IP mode file for STMicroelectronics.X-CUBE-BLE2.3.3.0
2026-01-29 19:50:57,277 [WARN] PackLoader:240 - Cannot read IP mode file for STMicroelectronics.X-CUBE-NFC9.1.0.0
2026-01-29 19:50:57,307 [WARN] PackLoader:240 - Cannot read IP mode file for STMicroelectronics.X-CUBE-BLE1.7.1.0
2026-01-29 19:50:57,328 [WARN] PackLoader:240 - Cannot read IP mode file for Cesanta.I-CUBE-Mongoose.7.20.0
2026-01-29 19:50:57,360 [WARN] PackLoader:240 - Cannot read IP mode file for STMicroelectronics.X-CUBE-AZRTOS-G0.1.1.0
2026-01-29 19:50:57,381 [WARN] PackLoader:240 - Cannot read IP mode file for STMicroelectronics.X-CUBE-NFC4.3.0.0
2026-01-29 19:50:57,412 [WARN] PackLoader:240 - Cannot read IP mode file for EmbeddedOffice.I-CUBE-FS-RTOS.1.0.1
2026-01-29 19:50:57,433 [WARN] PackLoader:240 - Cannot read IP mode file for STMicroelectronics.X-CUBE-WB05N.2.0.0
2026-01-29 19:50:57,450 [WARN] PackLoader:240 - Cannot read IP mode file for STMicroelectronics.X-CUBE-TCPP.4.2.0
2026-01-29 19:50:57,469 [WARN] PackLoader:240 - Cannot read IP mode file for RealThread.X-CUBE-RT-Thread_Nano.4.1.1
2026-01-29 19:50:57,484 [WARN] PackLoader:240 - Cannot read IP mode file for STMicroelectronics.FP-ATR-SIGFOX1.3.2.0
2026-01-29 19:50:57,502 [WARN] PackLoader:240 - Cannot read IP mode file for STMicroelectronics.X-CUBE-NFC6.3.2.0
2026-01-29 19:50:57,543 [WARN] PackLoader:240 - Cannot read IP mode file for SEGGER.I-CUBE-embOS.1.3.1
2026-01-29 19:50:57,597 [WARN] PackLoader:240 - Cannot read IP mode file for STMicroelectronics.X-CUBE-ALGOBUILD.1.4.0
2026-01-29 19:50:57,618 [WARN] PackLoader:240 - Cannot read IP mode file for STMicroelectronics.X-CUBE-PM33A1.1.0.0
2026-01-29 19:50:57,656 [WARN] PackLoader:240 - Cannot read IP mode file for STMicroelectronics.X-CUBE-AZRTOS-F4.1.1.0
2026-01-29 19:50:57,679 [WARN] PackLoader:240 - Cannot read IP mode file for STMicroelectronics.X-CUBE-ISPU.2.1.0
2026-01-29 19:50:57,727 [WARN] PackLoader:240 - Cannot read IP mode file for STMicroelectronics.X-CUBE-AZRTOS-L5.2.0.0
2026-01-29 19:50:57,759 [WARN] PackLoader:240 - Cannot read IP mode file for STMicroelectronics.X-CUBE-NFC6.3.1.0
2026-01-29 19:50:57,793 [WARN] PackLoader:240 - Cannot read IP mode file for STMicroelectronics.X-CUBE-DPower.1.3.0
2026-01-29 19:50:57,836 [WARN] ConditionMgr:438 - getConditionDescription Invalid condition id : LAN8742 Phy interface Condition cause : null
2026-01-29 19:50:57,837 [WARN] PackLoader:240 - Cannot read IP mode file for STMicroelectronics.X-CUBE-AZRTOS-L4.2.0.0
2026-01-29 19:50:57,839 [WARN] ConditionMgr:1044 - genDependencies : Invalid condition id : LAN8742 Phy interface Condition cause : null
2026-01-29 19:50:57,839 [WARN] ConditionMgr:1044 - genDependencies : Invalid condition id : LAN8742 Phy interface Condition cause : null
2026-01-29 19:50:57,840 [WARN] ConditionMgr:1044 - genDependencies : Invalid condition id : LAN8742 Phy interface Condition cause : null
2026-01-29 19:50:57,868 [WARN] PackLoader:240 - Cannot read IP mode file for STMicroelectronics.X-CUBE-SFXS2LP1.4.0.0
2026-01-29 19:50:57,903 [WARN] ConditionMgr:438 - getConditionDescription Invalid condition id : UX DEVICE CLASS RTOS Condition cause : null
2026-01-29 19:50:57,903 [WARN] ConditionMgr:438 - getConditionDescription Invalid condition id : UX DEVICE CLASS RTOS Condition cause : null
2026-01-29 19:50:57,904 [WARN] PackLoader:240 - Cannot read IP mode file for STMicroelectronics.X-CUBE-AZRTOS-WB.2.0.0
2026-01-29 19:50:57,905 [WARN] ConditionMgr:1044 - genDependencies : Invalid condition id : UX DEVICE CLASS RTOS Condition cause : null
2026-01-29 19:50:57,905 [WARN] ConditionMgr:1044 - genDependencies : Invalid condition id : UX DEVICE CLASS RTOS Condition cause : null
2026-01-29 19:50:57,905 [WARN] ConditionMgr:1044 - genDependencies : Invalid condition id : UX DEVICE CLASS RTOS Condition cause : null
2026-01-29 19:50:57,905 [WARN] ConditionMgr:1044 - genDependencies : Invalid condition id : UX DEVICE CLASS RTOS Condition cause : null
2026-01-29 19:50:57,906 [WARN] ConditionMgr:1044 - genDependencies : Invalid condition id : UX DEVICE CLASS RTOS Condition cause : null
2026-01-29 19:50:57,913 [WARN] ConditionMgr:438 - getConditionDescription Invalid condition id : Cortex-A Device cause : null
2026-01-29 19:50:57,922 [WARN] ConditionMgr:1044 - genDependencies : Invalid condition id : Cortex-A Device cause : null
2026-01-29 19:50:57,923 [WARN] ConditionMgr:1044 - genDependencies : Invalid condition id : Cortex-A Device cause : null
2026-01-29 19:50:57,923 [WARN] ConditionMgr:1044 - genDependencies : Invalid condition id : Cortex-A Device cause : null
2026-01-29 19:50:57,951 [WARN] PackLoader:240 - Cannot read IP mode file for STMicroelectronics.X-CUBE-STSE01.2.0.0
2026-01-29 19:50:57,976 [WARN] PackLoader:240 - Cannot read IP mode file for STMicroelectronics.X-CUBE-SUBG2.5.0.0
2026-01-29 19:50:58,010 [WARN] PackLoader:240 - Cannot read IP mode file for STMicroelectronics.X-CUBE-AZRTOS-G4.2.0.0
2026-01-29 19:50:58,032 [WARN] PackLoader:240 - Cannot read IP mode file for STMicroelectronics.X-CUBE-NFC7.2.0.0
2026-01-29 19:50:58,053 [WARN] PackLoader:240 - Cannot read IP mode file for STMicroelectronics.X-CUBE-ALS.1.0.2
2026-01-29 19:50:58,073 [WARN] PackLoader:240 - Cannot read IP mode file for STMicroelectronics.X-CUBE-STSE01.1.0.0
2026-01-29 19:50:58,101 [WARN] PackLoader:240 - Cannot read IP mode file for STMicroelectronics.X-CUBE-TOF1.3.4.3
2026-01-29 19:50:58,109 [INFO] ThirdParty:978 - Integrity check success = true
2026-01-29 19:50:58,109 [INFO] IntegrityCheckThread:100 - exiting critical section [integrity check]
2026-01-29 19:50:58,109 [INFO] IntegrityCheckThread:103 - End integrity checks thread
2026-01-29 20:01:50,008 [INFO] WebApp:194 - Connection lost
2026-01-29 20:01:50,234 [INFO] WebApp:191 - Connection restablished
2026-01-29 20:02:02,483 [INFO] WebApp:194 - Connection lost
2026-01-29 20:02:02,680 [INFO] WebApp:191 - Connection restablished
2026-01-29 20:04:37,761 [INFO] WebApp:194 - Connection lost
2026-01-29 20:04:37,997 [INFO] WebApp:191 - Connection restablished
2026-01-29 20:04:51,005 [INFO] WebApp:194 - Connection lost
2026-01-29 20:04:51,212 [INFO] WebApp:191 - Connection restablished
2026-01-29 20:06:34,763 [INFO] WebApp:194 - Connection lost
2026-01-29 20:06:34,993 [INFO] WebApp:191 - Connection restablished
2026-01-29 20:06:43,992 [INFO] WebApp:194 - Connection lost
2026-01-29 20:06:44,201 [INFO] WebApp:191 - Connection restablished
2026-01-29 20:09:27,704 [INFO] WebApp:194 - Connection lost
2026-01-29 20:09:27,938 [INFO] WebApp:191 - Connection restablished
2026-01-29 20:09:44,992 [INFO] WebApp:194 - Connection lost
2026-01-29 20:09:45,211 [INFO] WebApp:191 - Connection restablished
2026-01-29 21:33:02,650 [ERROR] LogOutputStream:75 - [STDERR_REDIRECT] 
