2026-02-05 20:11:34,934 [INFO] Activator:176 - 


2026-02-05 20:11:34,939 [INFO] Activator:177 - !SESSION log4j initialized
2026-02-05 20:11:40,919 [INFO] LogOutputStream:77 - [STDOUT_REDIRECT] 
2026-02-05 20:11:42,179 [INFO] ApplicationProperties:184 - Using Application install path: C:\ST\STM32CubeIDE_1.19.0\STM32CubeIDE\plugins\com.st.stm32cube.common.mx_6.15.0.202507011659
2026-02-05 20:11:42,196 [INFO] DbMcusXml:78 - Set database path to: C:\ST\STM32CubeIDE_1.19.0\STM32CubeIDE\plugins\com.st.stm32cube.common.mx_6.15.0.202507011659\\db\/mcu/
2026-02-05 20:11:42,196 [INFO] ApiDb:274 - Set plugin database path to: C:\ST\STM32CubeIDE_1.19.0\STM32CubeIDE\plugins\com.st.stm32cube.common.mx_6.15.0.202507011659\\db\/plugins/boardmanager/
2026-02-05 20:11:42,196 [WARN] ApiDb:259 - Overriding images path with different value:  => C:\ST\STM32CubeIDE_1.19.0\STM32CubeIDE\plugins\com.st.stm32cube.common.mx_6.15.0.202507011659\\db\/plugins/mcufinder/images/
2026-02-05 20:11:42,202 [INFO] ApiDb:250 - Set database path to: C:\Users\user\.stmcufinder\plugins\mcufinder//mcu/
2026-02-05 20:11:42,203 [INFO] DbMcusAds:125 - Set database path to: C:\Users\user\.stmcufinder\plugins\mcufinder//mcu/
2026-02-05 20:11:42,205 [INFO] CrossReferenceDbSqlite:203 - Set database path to: C:\Users\user\.stmcufinder\plugins\mcufinder//mcu/cs/
2026-02-05 20:11:42,324 [INFO] RulesReader:64 - Compatibility file has been processed (317 Rules)
2026-02-05 20:11:42,420 [INFO] DbMcusXml:78 - Set database path to: C:\ST\STM32CubeIDE_1.19.0\STM32CubeIDE\plugins\com.st.stm32cube.common.mx_6.15.0.202507011659\\db\/mcu/
2026-02-05 20:11:42,420 [INFO] ApiDb:274 - Set plugin database path to: C:\ST\STM32CubeIDE_1.19.0\STM32CubeIDE\plugins\com.st.stm32cube.common.mx_6.15.0.202507011659\\db\/plugins/boardmanager/
2026-02-05 20:11:42,420 [INFO] ApiDb:261 - Set plugin images path to: C:\ST\STM32CubeIDE_1.19.0\STM32CubeIDE\plugins\com.st.stm32cube.common.mx_6.15.0.202507011659\\db\/plugins/mcufinder/images/
2026-02-05 20:11:42,420 [WARN] DbFile:41 - Overriding database path with different value: C:\Users\user\.stmcufinder\plugins\mcufinder/ => C:\Users\user\.stmcufinder\plugins\mcufinder
2026-02-05 20:11:42,420 [INFO] ApiDb:250 - Set database path to: C:\Users\user\.stmcufinder\plugins\mcufinder//mcu/
2026-02-05 20:11:42,420 [WARN] DbFile:41 - Overriding database path with different value: C:\Users\user\.stmcufinder\plugins\mcufinder/ => C:\Users\user\.stmcufinder\plugins\mcufinder
2026-02-05 20:11:42,420 [INFO] DbMcusAds:125 - Set database path to: C:\Users\user\.stmcufinder\plugins\mcufinder//mcu/
2026-02-05 20:11:42,420 [WARN] DbFile:41 - Overriding database path with different value: C:\Users\user\.stmcufinder\plugins\mcufinder/ => C:\Users\user\.stmcufinder\plugins\mcufinder
2026-02-05 20:11:42,420 [WARN] DbFile:41 - Overriding database path with different value: C:\Users\user\.stmcufinder\plugins\mcufinder/ => C:\Users\user\.stmcufinder\plugins\mcufinder
2026-02-05 20:11:42,421 [INFO] CrossReferenceDbSqlite:203 - Set database path to: C:\Users\user\.stmcufinder\plugins\mcufinder//mcu/cs/
2026-02-05 20:11:42,499 [INFO] MainPanel:274 - HeapMemory: 268435456
2026-02-05 20:11:42,616 [INFO] DbMcusXml:78 - Set database path to: C:\ST\STM32CubeIDE_1.19.0\STM32CubeIDE\plugins\com.st.stm32cube.common.mx_6.15.0.202507011659\\db\/mcu/
2026-02-05 20:11:42,616 [INFO] ApiDb:274 - Set plugin database path to: C:\ST\STM32CubeIDE_1.19.0\STM32CubeIDE\plugins\com.st.stm32cube.common.mx_6.15.0.202507011659\\db\/plugins/boardmanager/
2026-02-05 20:11:42,616 [INFO] ApiDb:261 - Set plugin images path to: C:\ST\STM32CubeIDE_1.19.0\STM32CubeIDE\plugins\com.st.stm32cube.common.mx_6.15.0.202507011659\\db\/plugins/mcufinder/images/
2026-02-05 20:11:42,616 [WARN] DbFile:41 - Overriding database path with different value: C:\Users\user\.stmcufinder\plugins\mcufinder/ => C:\Users\user\.stmcufinder\plugins\mcufinder
2026-02-05 20:11:42,617 [INFO] ApiDb:250 - Set database path to: C:\Users\user\.stmcufinder\plugins\mcufinder//mcu/
2026-02-05 20:11:42,617 [WARN] DbFile:41 - Overriding database path with different value: C:\Users\user\.stmcufinder\plugins\mcufinder/ => C:\Users\user\.stmcufinder\plugins\mcufinder
2026-02-05 20:11:42,617 [INFO] DbMcusAds:125 - Set database path to: C:\Users\user\.stmcufinder\plugins\mcufinder//mcu/
2026-02-05 20:11:42,617 [WARN] DbFile:41 - Overriding database path with different value: C:\Users\user\.stmcufinder\plugins\mcufinder/ => C:\Users\user\.stmcufinder\plugins\mcufinder
2026-02-05 20:11:42,617 [WARN] DbFile:41 - Overriding database path with different value: C:\Users\user\.stmcufinder\plugins\mcufinder/ => C:\Users\user\.stmcufinder\plugins\mcufinder
2026-02-05 20:11:42,617 [INFO] CrossReferenceDbSqlite:203 - Set database path to: C:\Users\user\.stmcufinder\plugins\mcufinder//mcu/cs/
2026-02-05 20:11:42,635 [INFO] ApplicationProperties:184 - Using Application install path: C:\ST\STM32CubeIDE_1.19.0\STM32CubeIDE\plugins\com.st.stm32cube.common.mx_6.15.0.202507011659
2026-02-05 20:11:42,636 [INFO] PluginManage:196 - Search for loadable plugins [exclusion list=, ]
2026-02-05 20:11:42,637 [INFO] PluginManage:310 - Check plugin analytics
2026-02-05 20:11:42,809 [INFO] AnalyticsPlugin:253 - Accepted Software Licenses: 
2026-02-05 20:11:42,809 [INFO] AnalyticsPlugin:255 - Accepted CMSIS Pack Licenses: 
2026-02-05 20:11:42,809 [INFO] AnalyticsPlugin:257 - Accepted Firmware Licenses: 
2026-02-05 20:11:42,811 [INFO] PluginManage:359 - Loaded plugin analytics (category:tool,tabindex:-1)
2026-02-05 20:11:42,811 [INFO] PluginManage:310 - Check plugin cadmodel
2026-02-05 20:11:42,831 [INFO] CADModel:105 - Init CAD model plugin
2026-02-05 20:11:42,831 [INFO] PluginManage:359 - Loaded plugin cadmodel (category:power,tabindex:5)
2026-02-05 20:11:42,831 [INFO] PluginManage:310 - Check plugin clock
2026-02-05 20:11:42,856 [INFO] PluginManage:359 - Loaded plugin clock (category:base,tabindex:2)
2026-02-05 20:11:42,856 [INFO] PluginManage:310 - Check plugin ddr
2026-02-05 20:11:42,860 [INFO] PluginManage:359 - Loaded plugin ddr (category:tool,tabindex:6)
2026-02-05 20:11:42,860 [INFO] PluginManage:310 - Check plugin filemanager
2026-02-05 20:11:42,997 [INFO] PluginManage:359 - Loaded plugin filemanager (category:base,tabindex:10)
2026-02-05 20:11:42,997 [INFO] PluginManage:310 - Check plugin ipmanager
2026-02-05 20:11:43,004 [INFO] PluginManage:359 - Loaded plugin ipmanager (category:base,tabindex:5)
2026-02-05 20:11:43,004 [INFO] PluginManage:310 - Check plugin lpbam
2026-02-05 20:11:43,026 [INFO] PluginManage:359 - Loaded plugin lpbam (category:base,tabindex:0)
2026-02-05 20:11:43,026 [INFO] PluginManage:310 - Check plugin memorymap
2026-02-05 20:11:43,053 [INFO] PluginManage:359 - Loaded plugin memorymap (category:base,tabindex:4)
2026-02-05 20:11:43,054 [INFO] PluginManage:310 - Check plugin pinoutandconfiguration
2026-02-05 20:11:43,074 [INFO] PluginManage:359 - Loaded plugin pinoutandconfiguration (category:base,tabindex:1)
2026-02-05 20:11:43,075 [INFO] PluginManage:310 - Check plugin pinoutconfig
2026-02-05 20:11:43,162 [WARN] SupportedApi:132 - Cannot load RTOS API schema: s4s-elt-must-match.1: The content of 'definitions' must match (annotation?, (simpleType | complexType)?, (unique | key | keyref)*)). A problem was found starting at: attribute.
2026-02-05 20:11:43,283 [INFO] PluginManage:359 - Loaded plugin pinoutconfig (category:base,tabindex:0)
2026-02-05 20:11:43,283 [INFO] PluginManage:310 - Check plugin power
2026-02-05 20:11:43,306 [INFO] PluginManage:359 - Loaded plugin power (category:power,tabindex:4)
2026-02-05 20:11:43,308 [INFO] PluginManage:310 - Check plugin projectmanager
2026-02-05 20:11:43,323 [INFO] PluginManage:359 - Loaded plugin projectmanager (category:projectmanager,tabindex:4)
2026-02-05 20:11:43,323 [INFO] PluginManage:310 - Check plugin rif
2026-02-05 20:11:43,347 [INFO] PluginManage:359 - Loaded plugin rif (category:base,tabindex:3)
2026-02-05 20:11:43,348 [INFO] PluginManage:310 - Check plugin thirdparty
2026-02-05 20:11:43,667 [INFO] PluginManage:359 - Loaded plugin thirdparty (category:base,tabindex:-1)
2026-02-05 20:11:43,667 [WARN] IntegrityCheckThread:84 - waiting for thirdparty lock release [integrity check]
2026-02-05 20:11:43,667 [INFO] PluginManage:310 - Check plugin tools
2026-02-05 20:11:43,667 [INFO] IntegrityCheckThread:86 - entering critical section [integrity check]
2026-02-05 20:11:43,668 [INFO] ThirdPartyUpdaterWithRetryManager:70 - Updater plugin not ready yet. [1/15]
2026-02-05 20:11:43,708 [INFO] PluginManage:359 - Loaded plugin tools (category:base,tabindex:7)
2026-02-05 20:11:43,708 [INFO] PluginManage:310 - Check plugin tutovideos
2026-02-05 20:11:43,947 [INFO] PluginManage:359 - Loaded plugin tutovideos (category:base,tabindex:-1)
2026-02-05 20:11:43,948 [INFO] PluginManage:310 - Check plugin updater
2026-02-05 20:11:43,969 [INFO] PluginManage:359 - Loaded plugin updater (category:base,tabindex:12)
2026-02-05 20:11:43,969 [INFO] PluginManage:310 - Check plugin userauth
2026-02-05 20:11:43,973 [INFO] UserAuth:118 - Init User Auth plugin
2026-02-05 20:11:43,974 [INFO] PluginManage:359 - Loaded plugin userauth (category:base,tabindex:14)
2026-02-05 20:11:43,974 [INFO] PluginManage:283 - PluginManage : Loaded plugins [18]
2026-02-05 20:11:44,182 [INFO] PinOutPanel:1589 - setPackage(No Configuration,No Configuration)
2026-02-05 20:11:44,285 [INFO] CADModel:165 - CPN selected for project level
2026-02-05 20:11:44,285 [INFO] CADModel:114 - Register for checkConnection events
2026-02-05 20:11:44,316 [INFO] IPUIPlugin:80 - create IPUIPlugin
2026-02-05 20:11:44,317 [INFO] PluginManager:220 - loadIPPluginJar : add adc
2026-02-05 20:11:44,374 [INFO] IPUIPlugin:80 - create IPUIPlugin
2026-02-05 20:11:44,374 [INFO] PluginManager:220 - loadIPPluginJar : add aes
2026-02-05 20:11:44,431 [INFO] IPUIPlugin:80 - create IPUIPlugin
2026-02-05 20:11:44,431 [INFO] PluginManager:220 - loadIPPluginJar : add can
2026-02-05 20:11:44,460 [INFO] IPUIPlugin:80 - create IPUIPlugin
2026-02-05 20:11:44,460 [INFO] PluginManager:220 - loadIPPluginJar : add comp
2026-02-05 20:11:44,501 [INFO] IPUIPlugin:80 - create IPUIPlugin
2026-02-05 20:11:44,502 [INFO] PluginManager:220 - loadIPPluginJar : add cryp
2026-02-05 20:11:44,517 [INFO] IPUIPlugin:80 - create IPUIPlugin
2026-02-05 20:11:44,518 [INFO] PluginManager:220 - loadIPPluginJar : add ddr_ctrl_phy
2026-02-05 20:11:44,551 [INFO] IPUIPlugin:80 - create IPUIPlugin
2026-02-05 20:11:44,552 [INFO] PluginManager:220 - loadIPPluginJar : add dfsdm
2026-02-05 20:11:44,567 [INFO] IPUIPlugin:80 - create IPUIPlugin
2026-02-05 20:11:44,567 [INFO] PluginManager:220 - loadIPPluginJar : add dma
2026-02-05 20:11:44,608 [INFO] IPUIPlugin:80 - create IPUIPlugin
2026-02-05 20:11:44,608 [INFO] PluginManager:220 - loadIPPluginJar : add dma3
2026-02-05 20:11:44,652 [INFO] IPUIPlugin:80 - create IPUIPlugin
2026-02-05 20:11:44,652 [INFO] PluginManager:220 - loadIPPluginJar : add extmemmanager
2026-02-05 20:11:44,673 [INFO] IPUIPlugin:80 - create IPUIPlugin
2026-02-05 20:11:44,674 [INFO] PluginManager:220 - loadIPPluginJar : add fatfs
2026-02-05 20:11:44,719 [INFO] IPUIPlugin:80 - create IPUIPlugin
2026-02-05 20:11:44,719 [INFO] PluginManager:220 - loadIPPluginJar : add fmc
2026-02-05 20:11:44,736 [INFO] IPUIPlugin:80 - create IPUIPlugin
2026-02-05 20:11:44,736 [INFO] PluginManager:220 - loadIPPluginJar : add freertos
2026-02-05 20:11:44,763 [INFO] IPUIPlugin:80 - create IPUIPlugin
2026-02-05 20:11:44,763 [INFO] PluginManager:220 - loadIPPluginJar : add genericplugin
2026-02-05 20:11:44,868 [INFO] IPUIPlugin:80 - create IPUIPlugin
2026-02-05 20:11:44,868 [INFO] PluginManager:220 - loadIPPluginJar : add gfxmmu
2026-02-05 20:11:45,025 [INFO] IPUIPlugin:80 - create IPUIPlugin
2026-02-05 20:11:45,026 [INFO] PluginManager:220 - loadIPPluginJar : add gic
2026-02-05 20:11:45,042 [INFO] IPUIPlugin:80 - create IPUIPlugin
2026-02-05 20:11:45,042 [INFO] PluginManager:220 - loadIPPluginJar : add gpio
2026-02-05 20:11:45,152 [INFO] IPUIPlugin:80 - create IPUIPlugin
2026-02-05 20:11:45,152 [INFO] PluginManager:220 - loadIPPluginJar : add gtzc
2026-02-05 20:11:45,190 [INFO] IPUIPlugin:80 - create IPUIPlugin
2026-02-05 20:11:45,190 [INFO] PluginManager:220 - loadIPPluginJar : add hash
2026-02-05 20:11:45,240 [INFO] IPUIPlugin:80 - create IPUIPlugin
2026-02-05 20:11:45,240 [INFO] PluginManager:220 - loadIPPluginJar : add i2c
2026-02-05 20:11:45,281 [INFO] IPUIPlugin:80 - create IPUIPlugin
2026-02-05 20:11:45,281 [INFO] PluginManager:220 - loadIPPluginJar : add i2s
2026-02-05 20:11:45,323 [INFO] IPUIPlugin:80 - create IPUIPlugin
2026-02-05 20:11:45,323 [INFO] PluginManager:220 - loadIPPluginJar : add i3c
2026-02-05 20:11:45,418 [INFO] IPUIPlugin:80 - create IPUIPlugin
2026-02-05 20:11:45,418 [INFO] PluginManager:220 - loadIPPluginJar : add ipddr
2026-02-05 20:11:45,504 [INFO] IPUIPlugin:80 - create IPUIPlugin
2026-02-05 20:11:45,505 [INFO] PluginManager:220 - loadIPPluginJar : add linkedlist
2026-02-05 20:11:45,542 [INFO] IPUIPlugin:80 - create IPUIPlugin
2026-02-05 20:11:45,542 [INFO] PluginManager:220 - loadIPPluginJar : add lorawan
2026-02-05 20:11:45,584 [INFO] IPUIPlugin:80 - create IPUIPlugin
2026-02-05 20:11:45,584 [INFO] PluginManager:220 - loadIPPluginJar : add ltdc
2026-02-05 20:11:45,601 [INFO] IPUIPlugin:80 - create IPUIPlugin
2026-02-05 20:11:45,601 [INFO] PluginManager:220 - loadIPPluginJar : add mdma
2026-02-05 20:11:45,618 [INFO] IPUIPlugin:80 - create IPUIPlugin
2026-02-05 20:11:45,618 [INFO] PluginManager:220 - loadIPPluginJar : add nvic
2026-02-05 20:11:45,672 [INFO] IPUIPlugin:80 - create IPUIPlugin
2026-02-05 20:11:45,673 [INFO] PluginManager:220 - loadIPPluginJar : add opamp
2026-02-05 20:11:45,747 [INFO] IPUIPlugin:80 - create IPUIPlugin
2026-02-05 20:11:45,747 [INFO] PluginManager:220 - loadIPPluginJar : add openamp
2026-02-05 20:11:45,791 [INFO] IPUIPlugin:80 - create IPUIPlugin
2026-02-05 20:11:45,791 [INFO] PluginManager:220 - loadIPPluginJar : add pdm2pcm
2026-02-05 20:11:45,807 [INFO] IPUIPlugin:80 - create IPUIPlugin
2026-02-05 20:11:45,809 [INFO] PluginManager:220 - loadIPPluginJar : add plateformsettings
2026-02-05 20:11:45,834 [INFO] IPUIPlugin:80 - create IPUIPlugin
2026-02-05 20:11:45,834 [INFO] PluginManager:220 - loadIPPluginJar : add quadspi
2026-02-05 20:11:45,867 [INFO] IPUIPlugin:80 - create IPUIPlugin
2026-02-05 20:11:45,867 [INFO] PluginManager:220 - loadIPPluginJar : add radio
2026-02-05 20:11:45,882 [INFO] IPUIPlugin:80 - create IPUIPlugin
2026-02-05 20:11:45,883 [INFO] PluginManager:220 - loadIPPluginJar : add resmgrutility
2026-02-05 20:11:45,940 [INFO] IPUIPlugin:80 - create IPUIPlugin
2026-02-05 20:11:45,940 [INFO] PluginManager:220 - loadIPPluginJar : add sai
2026-02-05 20:11:45,989 [INFO] IPUIPlugin:80 - create IPUIPlugin
2026-02-05 20:11:45,989 [INFO] PluginManager:220 - loadIPPluginJar : add spi
2026-02-05 20:11:46,084 [INFO] IPUIPlugin:80 - create IPUIPlugin
2026-02-05 20:11:46,084 [INFO] PluginManager:220 - loadIPPluginJar : add stm32_wpan
2026-02-05 20:11:46,114 [INFO] IPUIPlugin:80 - create IPUIPlugin
2026-02-05 20:11:46,114 [INFO] PluginManager:220 - loadIPPluginJar : add tim
2026-02-05 20:11:46,183 [INFO] IPUIPlugin:80 - create IPUIPlugin
2026-02-05 20:11:46,184 [INFO] PluginManager:220 - loadIPPluginJar : add touchsensing
2026-02-05 20:11:46,209 [INFO] IPUIPlugin:80 - create IPUIPlugin
2026-02-05 20:11:46,209 [INFO] PluginManager:220 - loadIPPluginJar : add tracer_emb
2026-02-05 20:11:46,235 [INFO] IPUIPlugin:80 - create IPUIPlugin
2026-02-05 20:11:46,236 [INFO] PluginManager:220 - loadIPPluginJar : add ts
2026-02-05 20:11:46,260 [INFO] IPUIPlugin:80 - create IPUIPlugin
2026-02-05 20:11:46,260 [INFO] PluginManager:220 - loadIPPluginJar : add tsc
2026-02-05 20:11:46,285 [INFO] IPUIPlugin:80 - create IPUIPlugin
2026-02-05 20:11:46,285 [INFO] PluginManager:220 - loadIPPluginJar : add ucpd
2026-02-05 20:11:46,326 [INFO] IPUIPlugin:80 - create IPUIPlugin
2026-02-05 20:11:46,326 [INFO] PluginManager:220 - loadIPPluginJar : add usart
2026-02-05 20:11:46,372 [INFO] IPUIPlugin:80 - create IPUIPlugin
2026-02-05 20:11:46,372 [INFO] PluginManager:220 - loadIPPluginJar : add usbx
2026-02-05 20:11:46,495 [FATAL] Updater:351 - Updater called before beeing initialized
2026-02-05 20:11:46,519 [INFO] RulesReader:64 - Compatibility file has been processed (317 Rules)
2026-02-05 20:11:46,530 [INFO] RulesReader:64 - Compatibility file has been processed (317 Rules)
2026-02-05 20:11:46,537 [INFO] CADModel:165 - CPN selected for project level
2026-02-05 20:11:46,537 [INFO] CADModel:114 - Register for checkConnection events
2026-02-05 20:11:46,537 [FATAL] Updater:351 - Updater called before beeing initialized
2026-02-05 20:11:46,537 [ERROR] CADModel:125 - Updater not yet initialized, retry later 
2026-02-05 20:11:46,669 [INFO] ThirdPartyUpdaterWithRetryManager:70 - Updater plugin not ready yet. [2/15]
2026-02-05 20:11:46,687 [FATAL] Updater:351 - Updater called before beeing initialized
2026-02-05 20:11:46,689 [INFO] CADModel:165 - CPN selected for project level
2026-02-05 20:11:46,689 [INFO] CADModel:114 - Register for checkConnection events
2026-02-05 20:11:46,689 [FATAL] Updater:351 - Updater called before beeing initialized
2026-02-05 20:11:46,689 [ERROR] CADModel:125 - Updater not yet initialized, retry later 
2026-02-05 20:11:46,692 [FATAL] Updater:351 - Updater called before beeing initialized
2026-02-05 20:11:46,784 [FATAL] Updater:351 - Updater called before beeing initialized
2026-02-05 20:11:46,797 [INFO] DbMcusAds:53 - JSON generation date=Thu Jan 08 21:27:51 IST 2026 (1767887871456)
2026-02-05 20:11:46,797 [FATAL] Updater:351 - Updater called before beeing initialized
2026-02-05 20:11:46,831 [WARN] DetailPanel:346 - Failed to get advertising image, set to default
2026-02-05 20:11:46,900 [FATAL] Updater:351 - Updater called before beeing initialized
2026-02-05 20:11:46,901 [FATAL] Updater:351 - Updater called before beeing initialized
2026-02-05 20:11:46,901 [FATAL] Updater:351 - Updater called before beeing initialized
2026-02-05 20:11:46,902 [WARN] DetailPanel:346 - Failed to get advertising image, set to default
2026-02-05 20:11:46,902 [FATAL] Updater:351 - Updater called before beeing initialized
2026-02-05 20:11:46,961 [ERROR] Updater:1198 - MainUpdater not yet initialized. External WinMGr cannot be set.
2026-02-05 20:11:46,972 [INFO] Updater:1134 - Updater Version found : 6.15.0
2026-02-05 20:11:46,988 [INFO] ApplicationProperties:184 - Using Application install path: C:\ST\STM32CubeIDE_1.19.0\STM32CubeIDE\plugins\com.st.stm32cube.common.mx_6.15.0.202507011659
2026-02-05 20:11:47,421 [INFO] MainUpdater:2872 - connection check result : 10
2026-02-05 20:11:47,422 [INFO] MainUpdater:289 - Updater Check For Update Now.
2026-02-05 20:11:47,422 [INFO] MicroXplorer:498 - Change Database Version : DB.6.0.150
2026-02-05 20:11:47,446 [INFO] McuFinderGlobals:63 - Set McuFinder mode to 2 (CubeIDE integrated)
2026-02-05 20:11:47,446 [INFO] UserAuth:171 - activating auth plugin
2026-02-05 20:11:47,449 [INFO] UserAuth:487 - Internet connection configuration mode: 1
2026-02-05 20:11:47,487 [INFO] JxBrowserEngine:152 - Initiate JxBrowser Engine with user profile folder
2026-02-05 20:11:47,640 [INFO] CheckServerUpdateThread:120 - End of CheckServer Thread
2026-02-05 20:11:48,923 [INFO] WebApp:169 - Instantiating new browser for Auth
2026-02-05 20:11:49,648 [INFO] WebApp:463 - Apply proxy settings
2026-02-05 20:11:49,648 [INFO] WebApp:548 - Chromium requires no authentication
2026-02-05 20:11:49,657 [INFO] WebApp:491 - Direct internet connection detected
2026-02-05 20:11:49,689 [INFO] WebApp:900 - Register for checkConnection events
2026-02-05 20:11:49,689 [INFO] WebApp:463 - Apply proxy settings
2026-02-05 20:11:49,689 [INFO] WebApp:548 - Chromium requires no authentication
2026-02-05 20:11:49,690 [INFO] WebApp:491 - Direct internet connection detected
2026-02-05 20:11:49,906 [INFO] WebApp:191 - Connection restablished
2026-02-05 20:11:49,980 [INFO] WebApp:225 - Starting web application
2026-02-05 20:11:49,980 [INFO] WebApp:593 - Web application path used C:\ST\STM32CubeIDE_1.19.0\STM32CubeIDE\plugins\com.st.stm32cube.common.mx_6.15.0.202507011659\db\plugins\mcufinder\reactClient1\index.html
2026-02-05 20:11:49,994 [WARN] PackLoader:240 - Cannot read IP mode file for STMicroelectronics.FP-SNS-MOTENVWB1.1.4.0
2026-02-05 20:11:50,026 [WARN] PackLoader:240 - Cannot read IP mode file for STMicroelectronics.FP-ATR-ASTRA1.2.0.2
2026-02-05 20:11:50,056 [WARN] PackLoader:240 - Cannot read IP mode file for STMicroelectronics.X-CUBE-SMBUS.2.1.0
2026-02-05 20:11:50,110 [WARN] PackLoader:240 - Cannot read IP mode file for STMicroelectronics.X-CUBE-AZRTOS-F7.1.1.0
2026-02-05 20:11:50,141 [WARN] PackLoader:240 - Cannot read IP mode file for STMicroelectronics.X-CUBE-DISPLAY.3.0.0
2026-02-05 20:11:50,173 [WARN] PackLoader:240 - Cannot read IP mode file for STMicroelectronics.X-CUBE-NFC10.1.0.0
2026-02-05 20:11:50,208 [WARN] PackLoader:240 - Cannot read IP mode file for STMicroelectronics.FP-SNS-SMARTAG2.1.2.0
2026-02-05 20:11:50,239 [WARN] PackLoader:240 - Cannot read IP mode file for STMicroelectronics.FP-SNS-FLIGHT1.5.1.0
2026-02-05 20:11:50,280 [INFO] LogOutputStream:77 - [STDOUT_REDIRECT] 1 : Invalid condition id : UX_CORESTACK_Condition cause : null
2026-02-05 20:11:50,281 [INFO] LogOutputStream:77 - [STDOUT_REDIRECT] 1 : Invalid condition id : UX_CORESTACK_Condition cause : null
2026-02-05 20:11:50,283 [INFO] LogOutputStream:77 - [STDOUT_REDIRECT] 1 : Invalid condition id : UX_CORESTACK_Condition cause : null
2026-02-05 20:11:50,285 [INFO] LogOutputStream:77 - [STDOUT_REDIRECT] 1 : Invalid condition id : UX_CORESTACK_Condition cause : null
2026-02-05 20:11:50,286 [INFO] LogOutputStream:77 - [STDOUT_REDIRECT] 1 : Invalid condition id : UX_CORESTACK_Condition cause : null
2026-02-05 20:11:50,292 [WARN] PackLoader:240 - Cannot read IP mode file for STMicroelectronics.X-CUBE-AZRTOS-WL.2.0.0
2026-02-05 20:11:50,328 [WARN] PackLoader:240 - Cannot read IP mode file for STMicroelectronics.X-CUBE-BLE2.3.3.0
2026-02-05 20:11:50,424 [WARN] PackLoader:240 - Cannot read IP mode file for STMicroelectronics.X-CUBE-NFC9.1.0.0
2026-02-05 20:11:50,443 [WARN] PackLoader:240 - Cannot read IP mode file for STMicroelectronics.X-CUBE-BLE1.7.1.0
2026-02-05 20:11:50,462 [WARN] PackLoader:240 - Cannot read IP mode file for Cesanta.I-CUBE-Mongoose.7.20.0
2026-02-05 20:11:50,503 [WARN] PackLoader:240 - Cannot read IP mode file for STMicroelectronics.X-CUBE-AZRTOS-G0.1.1.0
2026-02-05 20:11:50,534 [WARN] PackLoader:240 - Cannot read IP mode file for STMicroelectronics.X-CUBE-NFC4.3.0.0
2026-02-05 20:11:50,567 [WARN] PackLoader:240 - Cannot read IP mode file for EmbeddedOffice.I-CUBE-FS-RTOS.1.0.1
2026-02-05 20:11:50,594 [WARN] PackLoader:240 - Cannot read IP mode file for STMicroelectronics.X-CUBE-WB05N.2.0.0
2026-02-05 20:11:50,632 [WARN] PackLoader:240 - Cannot read IP mode file for STMicroelectronics.X-CUBE-TCPP.4.2.0
2026-02-05 20:11:50,678 [WARN] PackLoader:240 - Cannot read IP mode file for RealThread.X-CUBE-RT-Thread_Nano.4.1.1
2026-02-05 20:11:50,730 [WARN] PackLoader:240 - Cannot read IP mode file for STMicroelectronics.FP-ATR-SIGFOX1.3.2.0
2026-02-05 20:11:50,763 [WARN] PackLoader:240 - Cannot read IP mode file for STMicroelectronics.X-CUBE-NFC6.3.2.0
2026-02-05 20:11:50,822 [WARN] PackLoader:240 - Cannot read IP mode file for SEGGER.I-CUBE-embOS.1.3.1
2026-02-05 20:11:50,884 [WARN] PackLoader:240 - Cannot read IP mode file for STMicroelectronics.X-CUBE-ALGOBUILD.1.4.0
2026-02-05 20:11:50,907 [WARN] PackLoader:240 - Cannot read IP mode file for STMicroelectronics.X-CUBE-PM33A1.1.0.0
2026-02-05 20:11:50,947 [WARN] PackLoader:240 - Cannot read IP mode file for STMicroelectronics.X-CUBE-AZRTOS-F4.1.1.0
2026-02-05 20:11:50,970 [WARN] PackLoader:240 - Cannot read IP mode file for STMicroelectronics.X-CUBE-ISPU.2.1.0
2026-02-05 20:11:51,009 [WARN] PackLoader:240 - Cannot read IP mode file for STMicroelectronics.X-CUBE-AZRTOS-L5.2.0.0
2026-02-05 20:11:51,030 [WARN] PackLoader:240 - Cannot read IP mode file for STMicroelectronics.X-CUBE-NFC6.3.1.0
2026-02-05 20:11:51,055 [WARN] PackLoader:240 - Cannot read IP mode file for STMicroelectronics.X-CUBE-DPower.1.3.0
2026-02-05 20:11:51,094 [WARN] ConditionMgr:438 - getConditionDescription Invalid condition id : LAN8742 Phy interface Condition cause : null
2026-02-05 20:11:51,094 [WARN] PackLoader:240 - Cannot read IP mode file for STMicroelectronics.X-CUBE-AZRTOS-L4.2.0.0
2026-02-05 20:11:51,096 [WARN] ConditionMgr:1044 - genDependencies : Invalid condition id : LAN8742 Phy interface Condition cause : null
2026-02-05 20:11:51,096 [WARN] ConditionMgr:1044 - genDependencies : Invalid condition id : LAN8742 Phy interface Condition cause : null
2026-02-05 20:11:51,097 [WARN] ConditionMgr:1044 - genDependencies : Invalid condition id : LAN8742 Phy interface Condition cause : null
2026-02-05 20:11:51,123 [WARN] PackLoader:240 - Cannot read IP mode file for STMicroelectronics.X-CUBE-SFXS2LP1.4.0.0
2026-02-05 20:11:51,169 [WARN] ConditionMgr:438 - getConditionDescription Invalid condition id : UX DEVICE CLASS RTOS Condition cause : null
2026-02-05 20:11:51,169 [WARN] ConditionMgr:438 - getConditionDescription Invalid condition id : UX DEVICE CLASS RTOS Condition cause : null
2026-02-05 20:11:51,170 [WARN] PackLoader:240 - Cannot read IP mode file for STMicroelectronics.X-CUBE-AZRTOS-WB.2.0.0
2026-02-05 20:11:51,171 [WARN] ConditionMgr:1044 - genDependencies : Invalid condition id : UX DEVICE CLASS RTOS Condition cause : null
2026-02-05 20:11:51,171 [WARN] ConditionMgr:1044 - genDependencies : Invalid condition id : UX DEVICE CLASS RTOS Condition cause : null
2026-02-05 20:11:51,171 [WARN] ConditionMgr:1044 - genDependencies : Invalid condition id : UX DEVICE CLASS RTOS Condition cause : null
2026-02-05 20:11:51,171 [WARN] ConditionMgr:1044 - genDependencies : Invalid condition id : UX DEVICE CLASS RTOS Condition cause : null
2026-02-05 20:11:51,171 [WARN] ConditionMgr:1044 - genDependencies : Invalid condition id : UX DEVICE CLASS RTOS Condition cause : null
2026-02-05 20:11:51,193 [WARN] ConditionMgr:438 - getConditionDescription Invalid condition id : Cortex-A Device cause : null
2026-02-05 20:11:51,217 [WARN] ConditionMgr:1044 - genDependencies : Invalid condition id : Cortex-A Device cause : null
2026-02-05 20:11:51,217 [WARN] ConditionMgr:1044 - genDependencies : Invalid condition id : Cortex-A Device cause : null
2026-02-05 20:11:51,217 [WARN] ConditionMgr:1044 - genDependencies : Invalid condition id : Cortex-A Device cause : null
2026-02-05 20:11:51,241 [WARN] PackLoader:240 - Cannot read IP mode file for STMicroelectronics.X-CUBE-STSE01.2.0.0
2026-02-05 20:11:51,268 [WARN] PackLoader:240 - Cannot read IP mode file for STMicroelectronics.X-CUBE-SUBG2.5.0.0
2026-02-05 20:11:51,302 [WARN] PackLoader:240 - Cannot read IP mode file for STMicroelectronics.X-CUBE-AZRTOS-G4.2.0.0
2026-02-05 20:11:51,331 [WARN] PackLoader:240 - Cannot read IP mode file for STMicroelectronics.X-CUBE-NFC7.2.0.0
2026-02-05 20:11:51,359 [WARN] PackLoader:240 - Cannot read IP mode file for STMicroelectronics.X-CUBE-ALS.1.0.2
2026-02-05 20:11:51,379 [WARN] PackLoader:240 - Cannot read IP mode file for STMicroelectronics.X-CUBE-STSE01.1.0.0
2026-02-05 20:11:51,411 [WARN] PackLoader:240 - Cannot read IP mode file for STMicroelectronics.X-CUBE-TOF1.3.4.3
2026-02-05 20:11:51,419 [INFO] ThirdParty:978 - Integrity check success = true
2026-02-05 20:11:51,419 [INFO] IntegrityCheckThread:100 - exiting critical section [integrity check]
2026-02-05 20:11:51,420 [INFO] IntegrityCheckThread:103 - End integrity checks thread
2026-02-05 21:16:14,046 [ERROR] LogOutputStream:75 - [STDERR_REDIRECT] 
2026-02-05 21:16:43,822 [INFO] Activator:176 - 


2026-02-05 21:16:43,825 [INFO] Activator:177 - !SESSION log4j initialized
2026-02-05 21:16:49,055 [INFO] LogOutputStream:77 - [STDOUT_REDIRECT] 
2026-02-05 21:16:49,920 [INFO] ApplicationProperties:184 - Using Application install path: C:\ST\STM32CubeIDE_1.19.0\STM32CubeIDE\plugins\com.st.stm32cube.common.mx_6.15.0.202507011659
2026-02-05 21:16:49,935 [INFO] DbMcusXml:78 - Set database path to: C:\ST\STM32CubeIDE_1.19.0\STM32CubeIDE\plugins\com.st.stm32cube.common.mx_6.15.0.202507011659\\db\/mcu/
2026-02-05 21:16:49,935 [INFO] ApiDb:274 - Set plugin database path to: C:\ST\STM32CubeIDE_1.19.0\STM32CubeIDE\plugins\com.st.stm32cube.common.mx_6.15.0.202507011659\\db\/plugins/boardmanager/
2026-02-05 21:16:49,935 [WARN] ApiDb:259 - Overriding images path with different value:  => C:\ST\STM32CubeIDE_1.19.0\STM32CubeIDE\plugins\com.st.stm32cube.common.mx_6.15.0.202507011659\\db\/plugins/mcufinder/images/
2026-02-05 21:16:49,940 [INFO] ApiDb:250 - Set database path to: C:\Users\user\.stmcufinder\plugins\mcufinder//mcu/
2026-02-05 21:16:49,941 [INFO] DbMcusAds:125 - Set database path to: C:\Users\user\.stmcufinder\plugins\mcufinder//mcu/
2026-02-05 21:16:49,942 [INFO] CrossReferenceDbSqlite:203 - Set database path to: C:\Users\user\.stmcufinder\plugins\mcufinder//mcu/cs/
2026-02-05 21:16:50,055 [INFO] RulesReader:64 - Compatibility file has been processed (317 Rules)
2026-02-05 21:16:50,141 [INFO] DbMcusXml:78 - Set database path to: C:\ST\STM32CubeIDE_1.19.0\STM32CubeIDE\plugins\com.st.stm32cube.common.mx_6.15.0.202507011659\\db\/mcu/
2026-02-05 21:16:50,141 [INFO] ApiDb:274 - Set plugin database path to: C:\ST\STM32CubeIDE_1.19.0\STM32CubeIDE\plugins\com.st.stm32cube.common.mx_6.15.0.202507011659\\db\/plugins/boardmanager/
2026-02-05 21:16:50,141 [INFO] ApiDb:261 - Set plugin images path to: C:\ST\STM32CubeIDE_1.19.0\STM32CubeIDE\plugins\com.st.stm32cube.common.mx_6.15.0.202507011659\\db\/plugins/mcufinder/images/
2026-02-05 21:16:50,142 [WARN] DbFile:41 - Overriding database path with different value: C:\Users\user\.stmcufinder\plugins\mcufinder/ => C:\Users\user\.stmcufinder\plugins\mcufinder
2026-02-05 21:16:50,142 [INFO] ApiDb:250 - Set database path to: C:\Users\user\.stmcufinder\plugins\mcufinder//mcu/
2026-02-05 21:16:50,142 [WARN] DbFile:41 - Overriding database path with different value: C:\Users\user\.stmcufinder\plugins\mcufinder/ => C:\Users\user\.stmcufinder\plugins\mcufinder
2026-02-05 21:16:50,142 [INFO] DbMcusAds:125 - Set database path to: C:\Users\user\.stmcufinder\plugins\mcufinder//mcu/
2026-02-05 21:16:50,142 [WARN] DbFile:41 - Overriding database path with different value: C:\Users\user\.stmcufinder\plugins\mcufinder/ => C:\Users\user\.stmcufinder\plugins\mcufinder
2026-02-05 21:16:50,142 [WARN] DbFile:41 - Overriding database path with different value: C:\Users\user\.stmcufinder\plugins\mcufinder/ => C:\Users\user\.stmcufinder\plugins\mcufinder
2026-02-05 21:16:50,142 [INFO] CrossReferenceDbSqlite:203 - Set database path to: C:\Users\user\.stmcufinder\plugins\mcufinder//mcu/cs/
2026-02-05 21:16:50,202 [INFO] MainPanel:274 - HeapMemory: 268435456
2026-02-05 21:16:50,272 [INFO] DbMcusXml:78 - Set database path to: C:\ST\STM32CubeIDE_1.19.0\STM32CubeIDE\plugins\com.st.stm32cube.common.mx_6.15.0.202507011659\\db\/mcu/
2026-02-05 21:16:50,272 [INFO] ApiDb:274 - Set plugin database path to: C:\ST\STM32CubeIDE_1.19.0\STM32CubeIDE\plugins\com.st.stm32cube.common.mx_6.15.0.202507011659\\db\/plugins/boardmanager/
2026-02-05 21:16:50,272 [INFO] ApiDb:261 - Set plugin images path to: C:\ST\STM32CubeIDE_1.19.0\STM32CubeIDE\plugins\com.st.stm32cube.common.mx_6.15.0.202507011659\\db\/plugins/mcufinder/images/
2026-02-05 21:16:50,273 [WARN] DbFile:41 - Overriding database path with different value: C:\Users\user\.stmcufinder\plugins\mcufinder/ => C:\Users\user\.stmcufinder\plugins\mcufinder
2026-02-05 21:16:50,273 [INFO] ApiDb:250 - Set database path to: C:\Users\user\.stmcufinder\plugins\mcufinder//mcu/
2026-02-05 21:16:50,273 [WARN] DbFile:41 - Overriding database path with different value: C:\Users\user\.stmcufinder\plugins\mcufinder/ => C:\Users\user\.stmcufinder\plugins\mcufinder
2026-02-05 21:16:50,273 [INFO] DbMcusAds:125 - Set database path to: C:\Users\user\.stmcufinder\plugins\mcufinder//mcu/
2026-02-05 21:16:50,273 [WARN] DbFile:41 - Overriding database path with different value: C:\Users\user\.stmcufinder\plugins\mcufinder/ => C:\Users\user\.stmcufinder\plugins\mcufinder
2026-02-05 21:16:50,273 [WARN] DbFile:41 - Overriding database path with different value: C:\Users\user\.stmcufinder\plugins\mcufinder/ => C:\Users\user\.stmcufinder\plugins\mcufinder
2026-02-05 21:16:50,273 [INFO] CrossReferenceDbSqlite:203 - Set database path to: C:\Users\user\.stmcufinder\plugins\mcufinder//mcu/cs/
2026-02-05 21:16:50,289 [INFO] ApplicationProperties:184 - Using Application install path: C:\ST\STM32CubeIDE_1.19.0\STM32CubeIDE\plugins\com.st.stm32cube.common.mx_6.15.0.202507011659
2026-02-05 21:16:50,291 [INFO] PluginManage:196 - Search for loadable plugins [exclusion list=, ]
2026-02-05 21:16:50,291 [INFO] PluginManage:310 - Check plugin analytics
2026-02-05 21:16:50,460 [INFO] AnalyticsPlugin:253 - Accepted Software Licenses: 
2026-02-05 21:16:50,461 [INFO] AnalyticsPlugin:255 - Accepted CMSIS Pack Licenses: 
2026-02-05 21:16:50,461 [INFO] AnalyticsPlugin:257 - Accepted Firmware Licenses: 
2026-02-05 21:16:50,463 [INFO] PluginManage:359 - Loaded plugin analytics (category:tool,tabindex:-1)
2026-02-05 21:16:50,463 [INFO] PluginManage:310 - Check plugin cadmodel
2026-02-05 21:16:50,479 [INFO] CADModel:105 - Init CAD model plugin
2026-02-05 21:16:50,480 [INFO] PluginManage:359 - Loaded plugin cadmodel (category:power,tabindex:5)
2026-02-05 21:16:50,480 [INFO] PluginManage:310 - Check plugin clock
2026-02-05 21:16:50,504 [INFO] PluginManage:359 - Loaded plugin clock (category:base,tabindex:2)
2026-02-05 21:16:50,505 [INFO] PluginManage:310 - Check plugin ddr
2026-02-05 21:16:50,507 [INFO] PluginManage:359 - Loaded plugin ddr (category:tool,tabindex:6)
2026-02-05 21:16:50,507 [INFO] PluginManage:310 - Check plugin filemanager
2026-02-05 21:16:50,623 [INFO] PluginManage:359 - Loaded plugin filemanager (category:base,tabindex:10)
2026-02-05 21:16:50,623 [INFO] PluginManage:310 - Check plugin ipmanager
2026-02-05 21:16:50,629 [INFO] PluginManage:359 - Loaded plugin ipmanager (category:base,tabindex:5)
2026-02-05 21:16:50,629 [INFO] PluginManage:310 - Check plugin lpbam
2026-02-05 21:16:50,647 [INFO] PluginManage:359 - Loaded plugin lpbam (category:base,tabindex:0)
2026-02-05 21:16:50,648 [INFO] PluginManage:310 - Check plugin memorymap
2026-02-05 21:16:50,670 [INFO] PluginManage:359 - Loaded plugin memorymap (category:base,tabindex:4)
2026-02-05 21:16:50,670 [INFO] PluginManage:310 - Check plugin pinoutandconfiguration
2026-02-05 21:16:50,688 [INFO] PluginManage:359 - Loaded plugin pinoutandconfiguration (category:base,tabindex:1)
2026-02-05 21:16:50,688 [INFO] PluginManage:310 - Check plugin pinoutconfig
2026-02-05 21:16:50,777 [WARN] SupportedApi:132 - Cannot load RTOS API schema: s4s-elt-must-match.1: The content of 'definitions' must match (annotation?, (simpleType | complexType)?, (unique | key | keyref)*)). A problem was found starting at: attribute.
2026-02-05 21:16:50,892 [INFO] PluginManage:359 - Loaded plugin pinoutconfig (category:base,tabindex:0)
2026-02-05 21:16:50,892 [INFO] PluginManage:310 - Check plugin power
2026-02-05 21:16:50,916 [INFO] PluginManage:359 - Loaded plugin power (category:power,tabindex:4)
2026-02-05 21:16:50,916 [INFO] PluginManage:310 - Check plugin projectmanager
2026-02-05 21:16:50,929 [INFO] PluginManage:359 - Loaded plugin projectmanager (category:projectmanager,tabindex:4)
2026-02-05 21:16:50,929 [INFO] PluginManage:310 - Check plugin rif
2026-02-05 21:16:50,951 [INFO] PluginManage:359 - Loaded plugin rif (category:base,tabindex:3)
2026-02-05 21:16:50,952 [INFO] PluginManage:310 - Check plugin thirdparty
2026-02-05 21:16:51,134 [INFO] PluginManage:359 - Loaded plugin thirdparty (category:base,tabindex:-1)
2026-02-05 21:16:51,134 [WARN] IntegrityCheckThread:84 - waiting for thirdparty lock release [integrity check]
2026-02-05 21:16:51,135 [INFO] PluginManage:310 - Check plugin tools
2026-02-05 21:16:51,135 [INFO] IntegrityCheckThread:86 - entering critical section [integrity check]
2026-02-05 21:16:51,135 [INFO] ThirdPartyUpdaterWithRetryManager:70 - Updater plugin not ready yet. [1/15]
2026-02-05 21:16:51,138 [INFO] PluginManage:359 - Loaded plugin tools (category:base,tabindex:7)
2026-02-05 21:16:51,138 [INFO] PluginManage:310 - Check plugin tutovideos
2026-02-05 21:16:51,305 [INFO] PluginManage:359 - Loaded plugin tutovideos (category:base,tabindex:-1)
2026-02-05 21:16:51,305 [INFO] PluginManage:310 - Check plugin updater
2026-02-05 21:16:51,322 [INFO] PluginManage:359 - Loaded plugin updater (category:base,tabindex:12)
2026-02-05 21:16:51,322 [INFO] PluginManage:310 - Check plugin userauth
2026-02-05 21:16:51,325 [INFO] UserAuth:118 - Init User Auth plugin
2026-02-05 21:16:51,326 [INFO] PluginManage:359 - Loaded plugin userauth (category:base,tabindex:14)
2026-02-05 21:16:51,327 [INFO] PluginManage:283 - PluginManage : Loaded plugins [18]
2026-02-05 21:16:51,501 [INFO] PinOutPanel:1589 - setPackage(No Configuration,No Configuration)
2026-02-05 21:16:51,571 [INFO] CADModel:165 - CPN selected for project level
2026-02-05 21:16:51,571 [INFO] CADModel:114 - Register for checkConnection events
2026-02-05 21:16:51,603 [INFO] IPUIPlugin:80 - create IPUIPlugin
2026-02-05 21:16:51,603 [INFO] PluginManager:220 - loadIPPluginJar : add adc
2026-02-05 21:16:51,651 [INFO] IPUIPlugin:80 - create IPUIPlugin
2026-02-05 21:16:51,651 [INFO] PluginManager:220 - loadIPPluginJar : add aes
2026-02-05 21:16:51,709 [INFO] IPUIPlugin:80 - create IPUIPlugin
2026-02-05 21:16:51,709 [INFO] PluginManager:220 - loadIPPluginJar : add can
2026-02-05 21:16:51,711 [INFO] IPUIPlugin:80 - create IPUIPlugin
2026-02-05 21:16:51,711 [INFO] PluginManager:220 - loadIPPluginJar : add comp
2026-02-05 21:16:51,757 [INFO] IPUIPlugin:80 - create IPUIPlugin
2026-02-05 21:16:51,757 [INFO] PluginManager:220 - loadIPPluginJar : add cryp
2026-02-05 21:16:51,774 [INFO] IPUIPlugin:80 - create IPUIPlugin
2026-02-05 21:16:51,775 [INFO] PluginManager:220 - loadIPPluginJar : add ddr_ctrl_phy
2026-02-05 21:16:51,778 [INFO] IPUIPlugin:80 - create IPUIPlugin
2026-02-05 21:16:51,778 [INFO] PluginManager:220 - loadIPPluginJar : add dfsdm
2026-02-05 21:16:51,800 [INFO] IPUIPlugin:80 - create IPUIPlugin
2026-02-05 21:16:51,801 [INFO] PluginManager:220 - loadIPPluginJar : add dma
2026-02-05 21:16:51,871 [INFO] IPUIPlugin:80 - create IPUIPlugin
2026-02-05 21:16:51,871 [INFO] PluginManager:220 - loadIPPluginJar : add dma3
2026-02-05 21:16:51,980 [INFO] IPUIPlugin:80 - create IPUIPlugin
2026-02-05 21:16:51,980 [INFO] PluginManager:220 - loadIPPluginJar : add extmemmanager
2026-02-05 21:16:52,033 [INFO] IPUIPlugin:80 - create IPUIPlugin
2026-02-05 21:16:52,034 [INFO] PluginManager:220 - loadIPPluginJar : add fatfs
2026-02-05 21:16:52,112 [INFO] IPUIPlugin:80 - create IPUIPlugin
2026-02-05 21:16:52,112 [INFO] PluginManager:220 - loadIPPluginJar : add fmc
2026-02-05 21:16:52,148 [INFO] IPUIPlugin:80 - create IPUIPlugin
2026-02-05 21:16:52,148 [INFO] PluginManager:220 - loadIPPluginJar : add freertos
2026-02-05 21:16:52,150 [INFO] IPUIPlugin:80 - create IPUIPlugin
2026-02-05 21:16:52,151 [INFO] PluginManager:220 - loadIPPluginJar : add genericplugin
2026-02-05 21:16:52,295 [INFO] IPUIPlugin:80 - create IPUIPlugin
2026-02-05 21:16:52,295 [INFO] PluginManager:220 - loadIPPluginJar : add gfxmmu
2026-02-05 21:16:52,492 [INFO] IPUIPlugin:80 - create IPUIPlugin
2026-02-05 21:16:52,492 [INFO] PluginManager:220 - loadIPPluginJar : add gic
2026-02-05 21:16:52,510 [INFO] IPUIPlugin:80 - create IPUIPlugin
2026-02-05 21:16:52,510 [INFO] PluginManager:220 - loadIPPluginJar : add gpio
2026-02-05 21:16:52,637 [INFO] IPUIPlugin:80 - create IPUIPlugin
2026-02-05 21:16:52,637 [INFO] PluginManager:220 - loadIPPluginJar : add gtzc
2026-02-05 21:16:52,641 [INFO] IPUIPlugin:80 - create IPUIPlugin
2026-02-05 21:16:52,641 [INFO] PluginManager:220 - loadIPPluginJar : add hash
2026-02-05 21:16:52,715 [INFO] IPUIPlugin:80 - create IPUIPlugin
2026-02-05 21:16:52,715 [INFO] PluginManager:220 - loadIPPluginJar : add i2c
2026-02-05 21:16:52,781 [INFO] IPUIPlugin:80 - create IPUIPlugin
2026-02-05 21:16:52,781 [INFO] PluginManager:220 - loadIPPluginJar : add i2s
2026-02-05 21:16:52,829 [INFO] IPUIPlugin:80 - create IPUIPlugin
2026-02-05 21:16:52,829 [INFO] PluginManager:220 - loadIPPluginJar : add i3c
2026-02-05 21:16:52,943 [INFO] IPUIPlugin:80 - create IPUIPlugin
2026-02-05 21:16:52,943 [INFO] PluginManager:220 - loadIPPluginJar : add ipddr
2026-02-05 21:16:53,047 [INFO] IPUIPlugin:80 - create IPUIPlugin
2026-02-05 21:16:53,047 [INFO] PluginManager:220 - loadIPPluginJar : add linkedlist
2026-02-05 21:16:53,088 [INFO] IPUIPlugin:80 - create IPUIPlugin
2026-02-05 21:16:53,090 [INFO] PluginManager:220 - loadIPPluginJar : add lorawan
2026-02-05 21:16:53,127 [INFO] IPUIPlugin:80 - create IPUIPlugin
2026-02-05 21:16:53,127 [INFO] PluginManager:220 - loadIPPluginJar : add ltdc
2026-02-05 21:16:53,144 [INFO] IPUIPlugin:80 - create IPUIPlugin
2026-02-05 21:16:53,144 [INFO] PluginManager:220 - loadIPPluginJar : add mdma
2026-02-05 21:16:53,158 [INFO] IPUIPlugin:80 - create IPUIPlugin
2026-02-05 21:16:53,158 [INFO] PluginManager:220 - loadIPPluginJar : add nvic
2026-02-05 21:16:53,205 [INFO] IPUIPlugin:80 - create IPUIPlugin
2026-02-05 21:16:53,205 [INFO] PluginManager:220 - loadIPPluginJar : add opamp
2026-02-05 21:16:53,275 [INFO] IPUIPlugin:80 - create IPUIPlugin
2026-02-05 21:16:53,275 [INFO] PluginManager:220 - loadIPPluginJar : add openamp
2026-02-05 21:16:53,326 [INFO] IPUIPlugin:80 - create IPUIPlugin
2026-02-05 21:16:53,326 [INFO] PluginManager:220 - loadIPPluginJar : add pdm2pcm
2026-02-05 21:16:53,342 [INFO] IPUIPlugin:80 - create IPUIPlugin
2026-02-05 21:16:53,344 [INFO] PluginManager:220 - loadIPPluginJar : add plateformsettings
2026-02-05 21:16:53,346 [INFO] IPUIPlugin:80 - create IPUIPlugin
2026-02-05 21:16:53,346 [INFO] PluginManager:220 - loadIPPluginJar : add quadspi
2026-02-05 21:16:53,349 [INFO] IPUIPlugin:80 - create IPUIPlugin
2026-02-05 21:16:53,350 [INFO] PluginManager:220 - loadIPPluginJar : add radio
2026-02-05 21:16:53,365 [INFO] IPUIPlugin:80 - create IPUIPlugin
2026-02-05 21:16:53,365 [INFO] PluginManager:220 - loadIPPluginJar : add resmgrutility
2026-02-05 21:16:53,418 [INFO] IPUIPlugin:80 - create IPUIPlugin
2026-02-05 21:16:53,418 [INFO] PluginManager:220 - loadIPPluginJar : add sai
2026-02-05 21:16:53,461 [INFO] IPUIPlugin:80 - create IPUIPlugin
2026-02-05 21:16:53,461 [INFO] PluginManager:220 - loadIPPluginJar : add spi
2026-02-05 21:16:53,546 [INFO] IPUIPlugin:80 - create IPUIPlugin
2026-02-05 21:16:53,546 [INFO] PluginManager:220 - loadIPPluginJar : add stm32_wpan
2026-02-05 21:16:53,549 [INFO] IPUIPlugin:80 - create IPUIPlugin
2026-02-05 21:16:53,549 [INFO] PluginManager:220 - loadIPPluginJar : add tim
2026-02-05 21:16:53,622 [INFO] IPUIPlugin:80 - create IPUIPlugin
2026-02-05 21:16:53,622 [INFO] PluginManager:220 - loadIPPluginJar : add touchsensing
2026-02-05 21:16:53,649 [INFO] IPUIPlugin:80 - create IPUIPlugin
2026-02-05 21:16:53,649 [INFO] PluginManager:220 - loadIPPluginJar : add tracer_emb
2026-02-05 21:16:53,652 [INFO] IPUIPlugin:80 - create IPUIPlugin
2026-02-05 21:16:53,652 [INFO] PluginManager:220 - loadIPPluginJar : add ts
2026-02-05 21:16:53,654 [INFO] IPUIPlugin:80 - create IPUIPlugin
2026-02-05 21:16:53,654 [INFO] PluginManager:220 - loadIPPluginJar : add tsc
2026-02-05 21:16:53,656 [INFO] IPUIPlugin:80 - create IPUIPlugin
2026-02-05 21:16:53,656 [INFO] PluginManager:220 - loadIPPluginJar : add ucpd
2026-02-05 21:16:53,709 [INFO] IPUIPlugin:80 - create IPUIPlugin
2026-02-05 21:16:53,709 [INFO] PluginManager:220 - loadIPPluginJar : add usart
2026-02-05 21:16:53,763 [INFO] IPUIPlugin:80 - create IPUIPlugin
2026-02-05 21:16:53,763 [INFO] PluginManager:220 - loadIPPluginJar : add usbx
2026-02-05 21:16:53,878 [FATAL] Updater:351 - Updater called before beeing initialized
2026-02-05 21:16:53,900 [INFO] RulesReader:64 - Compatibility file has been processed (317 Rules)
2026-02-05 21:16:53,909 [INFO] RulesReader:64 - Compatibility file has been processed (317 Rules)
2026-02-05 21:16:53,915 [INFO] CADModel:165 - CPN selected for project level
2026-02-05 21:16:53,915 [INFO] CADModel:114 - Register for checkConnection events
2026-02-05 21:16:53,916 [FATAL] Updater:351 - Updater called before beeing initialized
2026-02-05 21:16:53,916 [ERROR] CADModel:125 - Updater not yet initialized, retry later 
2026-02-05 21:16:54,056 [FATAL] Updater:351 - Updater called before beeing initialized
2026-02-05 21:16:54,058 [INFO] CADModel:165 - CPN selected for project level
2026-02-05 21:16:54,058 [INFO] CADModel:114 - Register for checkConnection events
2026-02-05 21:16:54,058 [FATAL] Updater:351 - Updater called before beeing initialized
2026-02-05 21:16:54,058 [ERROR] CADModel:125 - Updater not yet initialized, retry later 
2026-02-05 21:16:54,061 [FATAL] Updater:351 - Updater called before beeing initialized
2026-02-05 21:16:54,135 [INFO] ThirdPartyUpdaterWithRetryManager:70 - Updater plugin not ready yet. [2/15]
2026-02-05 21:16:54,153 [FATAL] Updater:351 - Updater called before beeing initialized
2026-02-05 21:16:54,157 [INFO] DbMcusAds:53 - JSON generation date=Thu Jan 08 21:27:51 IST 2026 (1767887871456)
2026-02-05 21:16:54,157 [FATAL] Updater:351 - Updater called before beeing initialized
2026-02-05 21:16:54,183 [WARN] DetailPanel:346 - Failed to get advertising image, set to default
2026-02-05 21:16:54,250 [FATAL] Updater:351 - Updater called before beeing initialized
2026-02-05 21:16:54,251 [FATAL] Updater:351 - Updater called before beeing initialized
2026-02-05 21:16:54,252 [FATAL] Updater:351 - Updater called before beeing initialized
2026-02-05 21:16:54,252 [WARN] DetailPanel:346 - Failed to get advertising image, set to default
2026-02-05 21:16:54,252 [FATAL] Updater:351 - Updater called before beeing initialized
2026-02-05 21:16:54,290 [ERROR] Updater:1198 - MainUpdater not yet initialized. External WinMGr cannot be set.
2026-02-05 21:16:54,292 [INFO] Updater:1134 - Updater Version found : 6.15.0
2026-02-05 21:16:54,306 [INFO] ApplicationProperties:184 - Using Application install path: C:\ST\STM32CubeIDE_1.19.0\STM32CubeIDE\plugins\com.st.stm32cube.common.mx_6.15.0.202507011659
2026-02-05 21:16:54,615 [INFO] MainUpdater:2872 - connection check result : 10
2026-02-05 21:16:54,616 [INFO] MainUpdater:289 - Updater Check For Update Now.
2026-02-05 21:16:54,616 [INFO] MicroXplorer:498 - Change Database Version : DB.6.0.150
2026-02-05 21:16:54,634 [INFO] McuFinderGlobals:63 - Set McuFinder mode to 2 (CubeIDE integrated)
2026-02-05 21:16:54,634 [INFO] UserAuth:171 - activating auth plugin
2026-02-05 21:16:54,637 [INFO] UserAuth:487 - Internet connection configuration mode: 1
2026-02-05 21:16:54,670 [INFO] JxBrowserEngine:152 - Initiate JxBrowser Engine with user profile folder
2026-02-05 21:16:54,842 [INFO] CheckServerUpdateThread:120 - End of CheckServer Thread
2026-02-05 21:16:55,878 [INFO] WebApp:169 - Instantiating new browser for Auth
2026-02-05 21:16:56,612 [INFO] WebApp:463 - Apply proxy settings
2026-02-05 21:16:56,613 [INFO] WebApp:548 - Chromium requires no authentication
2026-02-05 21:16:56,622 [INFO] WebApp:491 - Direct internet connection detected
2026-02-05 21:16:56,664 [INFO] WebApp:900 - Register for checkConnection events
2026-02-05 21:16:56,664 [INFO] WebApp:463 - Apply proxy settings
2026-02-05 21:16:56,664 [INFO] WebApp:548 - Chromium requires no authentication
2026-02-05 21:16:56,665 [INFO] WebApp:491 - Direct internet connection detected
2026-02-05 21:16:56,877 [INFO] WebApp:191 - Connection restablished
2026-02-05 21:16:56,954 [INFO] WebApp:225 - Starting web application
2026-02-05 21:16:56,954 [INFO] WebApp:593 - Web application path used C:\ST\STM32CubeIDE_1.19.0\STM32CubeIDE\plugins\com.st.stm32cube.common.mx_6.15.0.202507011659\db\plugins\mcufinder\reactClient1\index.html
2026-02-05 21:16:57,685 [WARN] PackLoader:240 - Cannot read IP mode file for STMicroelectronics.FP-SNS-MOTENVWB1.1.4.0
2026-02-05 21:16:57,712 [WARN] PackLoader:240 - Cannot read IP mode file for STMicroelectronics.FP-ATR-ASTRA1.2.0.2
2026-02-05 21:16:57,744 [WARN] PackLoader:240 - Cannot read IP mode file for STMicroelectronics.X-CUBE-SMBUS.2.1.0
2026-02-05 21:16:57,799 [WARN] PackLoader:240 - Cannot read IP mode file for STMicroelectronics.X-CUBE-AZRTOS-F7.1.1.0
2026-02-05 21:16:57,833 [WARN] PackLoader:240 - Cannot read IP mode file for STMicroelectronics.X-CUBE-DISPLAY.3.0.0
2026-02-05 21:16:57,862 [WARN] PackLoader:240 - Cannot read IP mode file for STMicroelectronics.X-CUBE-NFC10.1.0.0
2026-02-05 21:16:57,886 [WARN] PackLoader:240 - Cannot read IP mode file for STMicroelectronics.FP-SNS-SMARTAG2.1.2.0
2026-02-05 21:16:57,906 [WARN] PackLoader:240 - Cannot read IP mode file for STMicroelectronics.FP-SNS-FLIGHT1.5.1.0
2026-02-05 21:16:57,932 [INFO] LogOutputStream:77 - [STDOUT_REDIRECT] 1 : Invalid condition id : UX_CORESTACK_Condition cause : null
2026-02-05 21:16:57,933 [INFO] LogOutputStream:77 - [STDOUT_REDIRECT] 1 : Invalid condition id : UX_CORESTACK_Condition cause : null
2026-02-05 21:16:57,933 [INFO] LogOutputStream:77 - [STDOUT_REDIRECT] 1 : Invalid condition id : UX_CORESTACK_Condition cause : null
2026-02-05 21:16:57,935 [INFO] LogOutputStream:77 - [STDOUT_REDIRECT] 1 : Invalid condition id : UX_CORESTACK_Condition cause : null
2026-02-05 21:16:57,937 [INFO] LogOutputStream:77 - [STDOUT_REDIRECT] 1 : Invalid condition id : UX_CORESTACK_Condition cause : null
2026-02-05 21:16:57,941 [WARN] PackLoader:240 - Cannot read IP mode file for STMicroelectronics.X-CUBE-AZRTOS-WL.2.0.0
2026-02-05 21:16:57,964 [WARN] PackLoader:240 - Cannot read IP mode file for STMicroelectronics.X-CUBE-BLE2.3.3.0
2026-02-05 21:16:58,048 [WARN] PackLoader:240 - Cannot read IP mode file for STMicroelectronics.X-CUBE-NFC9.1.0.0
2026-02-05 21:16:58,067 [WARN] PackLoader:240 - Cannot read IP mode file for STMicroelectronics.X-CUBE-BLE1.7.1.0
2026-02-05 21:16:58,073 [WARN] PackLoader:240 - Cannot read IP mode file for Cesanta.I-CUBE-Mongoose.7.20.0
2026-02-05 21:16:58,103 [WARN] PackLoader:240 - Cannot read IP mode file for STMicroelectronics.X-CUBE-AZRTOS-G0.1.1.0
2026-02-05 21:16:58,122 [WARN] PackLoader:240 - Cannot read IP mode file for STMicroelectronics.X-CUBE-NFC4.3.0.0
2026-02-05 21:16:58,144 [WARN] PackLoader:240 - Cannot read IP mode file for EmbeddedOffice.I-CUBE-FS-RTOS.1.0.1
2026-02-05 21:16:58,163 [WARN] PackLoader:240 - Cannot read IP mode file for STMicroelectronics.X-CUBE-WB05N.2.0.0
2026-02-05 21:16:58,182 [WARN] PackLoader:240 - Cannot read IP mode file for STMicroelectronics.X-CUBE-TCPP.4.2.0
2026-02-05 21:16:58,206 [WARN] PackLoader:240 - Cannot read IP mode file for RealThread.X-CUBE-RT-Thread_Nano.4.1.1
2026-02-05 21:16:58,213 [WARN] PackLoader:240 - Cannot read IP mode file for STMicroelectronics.FP-ATR-SIGFOX1.3.2.0
2026-02-05 21:16:58,238 [WARN] PackLoader:240 - Cannot read IP mode file for STMicroelectronics.X-CUBE-NFC6.3.2.0
2026-02-05 21:16:58,292 [WARN] PackLoader:240 - Cannot read IP mode file for SEGGER.I-CUBE-embOS.1.3.1
2026-02-05 21:16:58,369 [WARN] PackLoader:240 - Cannot read IP mode file for STMicroelectronics.X-CUBE-ALGOBUILD.1.4.0
2026-02-05 21:16:58,390 [WARN] PackLoader:240 - Cannot read IP mode file for STMicroelectronics.X-CUBE-PM33A1.1.0.0
2026-02-05 21:16:58,425 [WARN] PackLoader:240 - Cannot read IP mode file for STMicroelectronics.X-CUBE-AZRTOS-F4.1.1.0
2026-02-05 21:16:58,448 [WARN] PackLoader:240 - Cannot read IP mode file for STMicroelectronics.X-CUBE-ISPU.2.1.0
2026-02-05 21:16:58,481 [WARN] PackLoader:240 - Cannot read IP mode file for STMicroelectronics.X-CUBE-AZRTOS-L5.2.0.0
2026-02-05 21:16:58,504 [WARN] PackLoader:240 - Cannot read IP mode file for STMicroelectronics.X-CUBE-NFC6.3.1.0
2026-02-05 21:16:58,527 [WARN] PackLoader:240 - Cannot read IP mode file for STMicroelectronics.X-CUBE-DPower.1.3.0
2026-02-05 21:16:58,565 [WARN] ConditionMgr:438 - getConditionDescription Invalid condition id : LAN8742 Phy interface Condition cause : null
2026-02-05 21:16:58,565 [WARN] PackLoader:240 - Cannot read IP mode file for STMicroelectronics.X-CUBE-AZRTOS-L4.2.0.0
2026-02-05 21:16:58,566 [WARN] ConditionMgr:1044 - genDependencies : Invalid condition id : LAN8742 Phy interface Condition cause : null
2026-02-05 21:16:58,566 [WARN] ConditionMgr:1044 - genDependencies : Invalid condition id : LAN8742 Phy interface Condition cause : null
2026-02-05 21:16:58,567 [WARN] ConditionMgr:1044 - genDependencies : Invalid condition id : LAN8742 Phy interface Condition cause : null
2026-02-05 21:16:58,590 [WARN] PackLoader:240 - Cannot read IP mode file for STMicroelectronics.X-CUBE-SFXS2LP1.4.0.0
2026-02-05 21:16:58,621 [WARN] ConditionMgr:438 - getConditionDescription Invalid condition id : UX DEVICE CLASS RTOS Condition cause : null
2026-02-05 21:16:58,621 [WARN] ConditionMgr:438 - getConditionDescription Invalid condition id : UX DEVICE CLASS RTOS Condition cause : null
2026-02-05 21:16:58,624 [WARN] PackLoader:240 - Cannot read IP mode file for STMicroelectronics.X-CUBE-AZRTOS-WB.2.0.0
2026-02-05 21:16:58,625 [WARN] ConditionMgr:1044 - genDependencies : Invalid condition id : UX DEVICE CLASS RTOS Condition cause : null
2026-02-05 21:16:58,625 [WARN] ConditionMgr:1044 - genDependencies : Invalid condition id : UX DEVICE CLASS RTOS Condition cause : null
2026-02-05 21:16:58,626 [WARN] ConditionMgr:1044 - genDependencies : Invalid condition id : UX DEVICE CLASS RTOS Condition cause : null
2026-02-05 21:16:58,626 [WARN] ConditionMgr:1044 - genDependencies : Invalid condition id : UX DEVICE CLASS RTOS Condition cause : null
2026-02-05 21:16:58,626 [WARN] ConditionMgr:1044 - genDependencies : Invalid condition id : UX DEVICE CLASS RTOS Condition cause : null
2026-02-05 21:16:58,634 [WARN] ConditionMgr:438 - getConditionDescription Invalid condition id : Cortex-A Device cause : null
2026-02-05 21:16:58,644 [WARN] ConditionMgr:1044 - genDependencies : Invalid condition id : Cortex-A Device cause : null
2026-02-05 21:16:58,644 [WARN] ConditionMgr:1044 - genDependencies : Invalid condition id : Cortex-A Device cause : null
2026-02-05 21:16:58,644 [WARN] ConditionMgr:1044 - genDependencies : Invalid condition id : Cortex-A Device cause : null
2026-02-05 21:16:58,669 [WARN] PackLoader:240 - Cannot read IP mode file for STMicroelectronics.X-CUBE-STSE01.2.0.0
2026-02-05 21:16:58,700 [WARN] PackLoader:240 - Cannot read IP mode file for STMicroelectronics.X-CUBE-SUBG2.5.0.0
2026-02-05 21:16:58,738 [WARN] PackLoader:240 - Cannot read IP mode file for STMicroelectronics.X-CUBE-AZRTOS-G4.2.0.0
2026-02-05 21:16:58,764 [WARN] PackLoader:240 - Cannot read IP mode file for STMicroelectronics.X-CUBE-NFC7.2.0.0
2026-02-05 21:16:58,787 [WARN] PackLoader:240 - Cannot read IP mode file for STMicroelectronics.X-CUBE-ALS.1.0.2
2026-02-05 21:16:58,811 [WARN] PackLoader:240 - Cannot read IP mode file for STMicroelectronics.X-CUBE-STSE01.1.0.0
2026-02-05 21:16:58,843 [WARN] PackLoader:240 - Cannot read IP mode file for STMicroelectronics.X-CUBE-TOF1.3.4.3
2026-02-05 21:16:58,851 [INFO] ThirdParty:978 - Integrity check success = true
2026-02-05 21:16:58,851 [INFO] IntegrityCheckThread:100 - exiting critical section [integrity check]
2026-02-05 21:16:58,851 [INFO] IntegrityCheckThread:103 - End integrity checks thread
2026-02-05 23:11:00,734 [ERROR] LogOutputStream:75 - [STDERR_REDIRECT] 
